Added Component: Designator=U39(N020)
Add component (AddParameter): Name = "ComponentLink1Description"; Value = "Manufacturer Link"; VariantName = "[No Variations]"
Add component (AddParameter): Name = "ComponentLink1URL"; Value = "http://www.ti.com/"; VariantName = "[No Variations]"
Add component (AddParameter): Name = "ComponentLink2Description"; Value = "Datasheet"; VariantName = "[No Variations]"
Add component (AddParameter): Name = "ComponentLink2URL"; Value = "http://www-s.ti.com/sc/ds/sn74ls245.pdf"; VariantName = "[No Variations]"
Add component (AddParameter): Name = "DatasheetVersion"; Value = "Mar-1988"; VariantName = "[No Variations]"
Add component (AddParameter): Name = "LatestRevisionDate"; Value = "04-Mar-2005"; VariantName = "[No Variations]"
Add component (AddParameter): Name = "LatestRevisionNote"; Value = "Stylized 3D Model Added."; VariantName = "[No Variations]"
Add component (AddParameter): Name = "PackageDescription"; Value = "DIP; 20 Leads; Row Spacing 7.62 mm; Pitch 2.54 mm"; VariantName = "[No Variations]"
Add component (AddParameter): Name = "PackageReference"; Value = "N020"; VariantName = "[No Variations]"
Add component (AddParameter): Name = "PackageVersion"; Value = "Oct-1995"; VariantName = "[No Variations]"
Add component (AddParameter): Name = "Published"; Value = "8-Jun-2000"; VariantName = "[No Variations]"
Add component (AddParameter): Name = "Publisher"; Value = "Altium Limited"; VariantName = "[No Variations]"
Added Component: Designator=U40(N020)
Add component (AddParameter): Name = "ComponentLink1Description"; Value = "Manufacturer Link"; VariantName = "[No Variations]"
Add component (AddParameter): Name = "ComponentLink1URL"; Value = "http://www.ti.com/"; VariantName = "[No Variations]"
Add component (AddParameter): Name = "ComponentLink2Description"; Value = "Datasheet"; VariantName = "[No Variations]"
Add component (AddParameter): Name = "ComponentLink2URL"; Value = "http://www-s.ti.com/sc/ds/sn74ls245.pdf"; VariantName = "[No Variations]"
Add component (AddParameter): Name = "DatasheetVersion"; Value = "Mar-1988"; VariantName = "[No Variations]"
Add component (AddParameter): Name = "LatestRevisionDate"; Value = "04-Mar-2005"; VariantName = "[No Variations]"
Add component (AddParameter): Name = "LatestRevisionNote"; Value = "Stylized 3D Model Added."; VariantName = "[No Variations]"
Add component (AddParameter): Name = "PackageDescription"; Value = "DIP; 20 Leads; Row Spacing 7.62 mm; Pitch 2.54 mm"; VariantName = "[No Variations]"
Add component (AddParameter): Name = "PackageReference"; Value = "N020"; VariantName = "[No Variations]"
Add component (AddParameter): Name = "PackageVersion"; Value = "Oct-1995"; VariantName = "[No Variations]"
Add component (AddParameter): Name = "Published"; Value = "8-Jun-2000"; VariantName = "[No Variations]"
Add component (AddParameter): Name = "Publisher"; Value = "Altium Limited"; VariantName = "[No Variations]"
Added Component: Designator=U41(N014)
Add component (AddParameter): Name = "ComponentLink1Description"; Value = "Manufacturer Link"; VariantName = "[No Variations]"
Add component (AddParameter): Name = "ComponentLink1URL"; Value = "http://www.ti.com/"; VariantName = "[No Variations]"
Add component (AddParameter): Name = "ComponentLink2Description"; Value = "Datasheet"; VariantName = "[No Variations]"
Add component (AddParameter): Name = "ComponentLink2URL"; Value = "http://www-s.ti.com/sc/ds/sn74ls32.pdf"; VariantName = "[No Variations]"
Add component (AddParameter): Name = "DatasheetVersion"; Value = "Mar-1988"; VariantName = "[No Variations]"
Add component (AddParameter): Name = "LatestRevisionDate"; Value = "04-Mar-2005"; VariantName = "[No Variations]"
Add component (AddParameter): Name = "LatestRevisionNote"; Value = "Stylized 3D Model Added."; VariantName = "[No Variations]"
Add component (AddParameter): Name = "PackageDescription"; Value = "DIP; 14 Leads; Row Spacing 7.62 mm; Pitch 2.54 mm"; VariantName = "[No Variations]"
Add component (AddParameter): Name = "PackageReference"; Value = "N014"; VariantName = "[No Variations]"
Add component (AddParameter): Name = "PackageVersion"; Value = "Oct-1995"; VariantName = "[No Variations]"
Add component (AddParameter): Name = "Published"; Value = "8-Jun-2000"; VariantName = "[No Variations]"
Add component (AddParameter): Name = "Publisher"; Value = "Altium Limited"; VariantName = "[No Variations]"
Added Component: Designator=U42(N014)
Add component (AddParameter): Name = "ComponentLink1Description"; Value = "Manufacturer Link"; VariantName = "[No Variations]"
Add component (AddParameter): Name = "ComponentLink1URL"; Value = "http://www.ti.com/"; VariantName = "[No Variations]"
Add component (AddParameter): Name = "ComponentLink2Description"; Value = "Datasheet"; VariantName = "[No Variations]"
Add component (AddParameter): Name = "ComponentLink2URL"; Value = "http://www-s.ti.com/sc/ds/sn74ls32.pdf"; VariantName = "[No Variations]"
Add component (AddParameter): Name = "DatasheetVersion"; Value = "Mar-1988"; VariantName = "[No Variations]"
Add component (AddParameter): Name = "LatestRevisionDate"; Value = "04-Mar-2005"; VariantName = "[No Variations]"
Add component (AddParameter): Name = "LatestRevisionNote"; Value = "Stylized 3D Model Added."; VariantName = "[No Variations]"
Add component (AddParameter): Name = "PackageDescription"; Value = "DIP; 14 Leads; Row Spacing 7.62 mm; Pitch 2.54 mm"; VariantName = "[No Variations]"
Add component (AddParameter): Name = "PackageReference"; Value = "N014"; VariantName = "[No Variations]"
Add component (AddParameter): Name = "PackageVersion"; Value = "Oct-1995"; VariantName = "[No Variations]"
Add component (AddParameter): Name = "Published"; Value = "8-Jun-2000"; VariantName = "[No Variations]"
Add component (AddParameter): Name = "Publisher"; Value = "Altium Limited"; VariantName = "[No Variations]"
Added Component: Designator=U43(N014)
Add component (AddParameter): Name = "ComponentLink1Description"; Value = "Manufacturer Link"; VariantName = "[No Variations]"
Add component (AddParameter): Name = "ComponentLink1URL"; Value = "http://www.ti.com/"; VariantName = "[No Variations]"
Add component (AddParameter): Name = "ComponentLink2Description"; Value = "Datasheet"; VariantName = "[No Variations]"
Add component (AddParameter): Name = "ComponentLink2URL"; Value = "http://www-s.ti.com/sc/ds/sn74ls32.pdf"; VariantName = "[No Variations]"
Add component (AddParameter): Name = "DatasheetVersion"; Value = "Mar-1988"; VariantName = "[No Variations]"
Add component (AddParameter): Name = "LatestRevisionDate"; Value = "04-Mar-2005"; VariantName = "[No Variations]"
Add component (AddParameter): Name = "LatestRevisionNote"; Value = "Stylized 3D Model Added."; VariantName = "[No Variations]"
Add component (AddParameter): Name = "PackageDescription"; Value = "DIP; 14 Leads; Row Spacing 7.62 mm; Pitch 2.54 mm"; VariantName = "[No Variations]"
Add component (AddParameter): Name = "PackageReference"; Value = "N014"; VariantName = "[No Variations]"
Add component (AddParameter): Name = "PackageVersion"; Value = "Oct-1995"; VariantName = "[No Variations]"
Add component (AddParameter): Name = "Published"; Value = "8-Jun-2000"; VariantName = "[No Variations]"
Add component (AddParameter): Name = "Publisher"; Value = "Altium Limited"; VariantName = "[No Variations]"
Added Component: Designator=U44(N014)
Add component (AddParameter): Name = "ComponentLink1Description"; Value = "Manufacturer Link"; VariantName = "[No Variations]"
Add component (AddParameter): Name = "ComponentLink1URL"; Value = "http://www.ti.com/"; VariantName = "[No Variations]"
Add component (AddParameter): Name = "ComponentLink2Description"; Value = "Datasheet"; VariantName = "[No Variations]"
Add component (AddParameter): Name = "ComponentLink2URL"; Value = "http://www-s.ti.com/sc/ds/sn74ls32.pdf"; VariantName = "[No Variations]"
Add component (AddParameter): Name = "DatasheetVersion"; Value = "Mar-1988"; VariantName = "[No Variations]"
Add component (AddParameter): Name = "LatestRevisionDate"; Value = "04-Mar-2005"; VariantName = "[No Variations]"
Add component (AddParameter): Name = "LatestRevisionNote"; Value = "Stylized 3D Model Added."; VariantName = "[No Variations]"
Add component (AddParameter): Name = "PackageDescription"; Value = "DIP; 14 Leads; Row Spacing 7.62 mm; Pitch 2.54 mm"; VariantName = "[No Variations]"
Add component (AddParameter): Name = "PackageReference"; Value = "N014"; VariantName = "[No Variations]"
Add component (AddParameter): Name = "PackageVersion"; Value = "Oct-1995"; VariantName = "[No Variations]"
Add component (AddParameter): Name = "Published"; Value = "8-Jun-2000"; VariantName = "[No Variations]"
Add component (AddParameter): Name = "Publisher"; Value = "Altium Limited"; VariantName = "[No Variations]"
Added Pin To Net: NetName=VCC Pin=U39-1
Added Pin To Net: NetName=GND Pin=U39-10
Added Pin To Net: NetName=OUT_7 Pin=U39-11
Added Pin To Net: NetName=OUT_6 Pin=U39-12
Added Pin To Net: NetName=OUT_5 Pin=U39-13
Added Pin To Net: NetName=OUT_4 Pin=U39-14
Added Pin To Net: NetName=OUT_3 Pin=U39-15
Added Pin To Net: NetName=OUT_2 Pin=U39-16
Added Pin To Net: NetName=OUT_1 Pin=U39-17
Added Pin To Net: NetName=OUT_0 Pin=U39-18
Added Pin To Net: NetName=O\R\_\O\U\T\ Pin=U39-19
Added Pin To Net: NetName=VCC Pin=U39-20
Added Pin To Net: NetName=VCC Pin=U40-1
Added Pin To Net: NetName=GND Pin=U40-10
Added Pin To Net: NetName=OUT_15 Pin=U40-11
Added Pin To Net: NetName=OUT_14 Pin=U40-12
Added Pin To Net: NetName=OUT_13 Pin=U40-13
Added Pin To Net: NetName=OUT_12 Pin=U40-14
Added Pin To Net: NetName=OUT_11 Pin=U40-15
Added Pin To Net: NetName=OUT_10 Pin=U40-16
Added Pin To Net: NetName=OUT_9 Pin=U40-17
Added Pin To Net: NetName=OUT_8 Pin=U40-18
Added Pin To Net: NetName=O\R\_\O\U\T\ Pin=U40-19
Added Pin To Net: NetName=VCC Pin=U40-20
Added Pin To Net: NetName=A_0 Pin=U41-1
Added Pin To Net: NetName=B_0 Pin=U41-2
Added Pin To Net: NetName=A_1 Pin=U41-4
Added Pin To Net: NetName=B_1 Pin=U41-5
Added Pin To Net: NetName=GND Pin=U41-7
Added Pin To Net: NetName=A_2 Pin=U41-9
Added Pin To Net: NetName=B_2 Pin=U41-10
Added Pin To Net: NetName=A_3 Pin=U41-12
Added Pin To Net: NetName=B_3 Pin=U41-13
Added Pin To Net: NetName=VCC Pin=U41-14
Added Pin To Net: NetName=A_4 Pin=U42-1
Added Pin To Net: NetName=B_4 Pin=U42-2
Added Pin To Net: NetName=A_5 Pin=U42-4
Added Pin To Net: NetName=B_5 Pin=U42-5
Added Pin To Net: NetName=GND Pin=U42-7
Added Pin To Net: NetName=A_6 Pin=U42-9
Added Pin To Net: NetName=B_6 Pin=U42-10
Added Pin To Net: NetName=A_7 Pin=U42-12
Added Pin To Net: NetName=B_7 Pin=U42-13
Added Pin To Net: NetName=VCC Pin=U42-14
Added Pin To Net: NetName=A_8 Pin=U43-1
Added Pin To Net: NetName=B_8 Pin=U43-2
Added Pin To Net: NetName=A_9 Pin=U43-4
Added Pin To Net: NetName=B_9 Pin=U43-5
Added Pin To Net: NetName=GND Pin=U43-7
Added Pin To Net: NetName=A_10 Pin=U43-9
Added Pin To Net: NetName=B_10 Pin=U43-10
Added Pin To Net: NetName=A_11 Pin=U43-12
Added Pin To Net: NetName=B_11 Pin=U43-13
Added Pin To Net: NetName=VCC Pin=U43-14
Added Pin To Net: NetName=A_12 Pin=U44-1
Added Pin To Net: NetName=B_12 Pin=U44-2
Added Pin To Net: NetName=A_13 Pin=U44-4
Added Pin To Net: NetName=B_13 Pin=U44-5
Added Pin To Net: NetName=GND Pin=U44-7
Added Pin To Net: NetName=A_14 Pin=U44-9
Added Pin To Net: NetName=B_14 Pin=U44-10
Added Pin To Net: NetName=A_15 Pin=U44-12
Added Pin To Net: NetName=B_15 Pin=U44-13
Added Pin To Net: NetName=VCC Pin=U44-14
Added Class: Name=ALU_OR
