Removed Pin From Net: NetName=RST Pin=J1-14
Added Component: Designator=J1(HDR2X18)
Add component (AddParameter): Name = "LatestRevisionDate"; Value = "17-Jul-2002"; VariantName = "[No Variations]"
Add component (AddParameter): Name = "LatestRevisionNote"; Value = "Re-released for DXP Platform."; VariantName = "[No Variations]"
Add component (AddParameter): Name = "Publisher"; Value = "Altium Limited"; VariantName = "[No Variations]"
Added Pin To Net: NetName=VCC Pin=J1-1
Added Pin To Net: NetName=VCC Pin=J1-2
Added Pin To Net: NetName=GND Pin=J1-3
Added Pin To Net: NetName=GND Pin=J1-4
Added Pin To Net: NetName=BUS_0 Pin=J1-5
Added Pin To Net: NetName=BUS_1 Pin=J1-7
Added Pin To Net: NetName=BUS_2 Pin=J1-9
Added Pin To Net: NetName=BUS_3 Pin=J1-11
Added Pin To Net: NetName=BUS_4 Pin=J1-13
Added Pin To Net: NetName=BUS_5 Pin=J1-15
Added Pin To Net: NetName=BUS_6 Pin=J1-17
Added Pin To Net: NetName=BUS_7 Pin=J1-19
Added Pin To Net: NetName=RST Pin=J1-19
Added Pin To Net: NetName=LSB_MSB Pin=J1-27
Added Pin To Net: NetName=RST Pin=J1-33
Added Pin To Net: NetName=CLK Pin=J1-35
Added Pin To Net: NetName=A_0 Pin=J1-6
Added Net: Name=A_0
Added Pin To Net: NetName=A_1 Pin=J1-8
Added Net: Name=A_1
Added Pin To Net: NetName=A_2 Pin=J1-10
Added Net: Name=A_2
Added Pin To Net: NetName=A_3 Pin=J1-12
Added Net: Name=A_3
Added Pin To Net: NetName=A_4 Pin=J1-14
Added Net: Name=A_4
Added Pin To Net: NetName=A_5 Pin=J1-16
Added Net: Name=A_5
Added Pin To Net: NetName=A_6 Pin=J1-18
Added Net: Name=A_6
Added Pin To Net: NetName=A_7 Pin=J1-20
Added Net: Name=A_7
Added Pin To Net: NetName=A_8 Pin=J1-22
Added Net: Name=A_8
Added Pin To Net: NetName=A_9 Pin=J1-24
Added Net: Name=A_9
Added Pin To Net: NetName=A_10 Pin=J1-26
Added Net: Name=A_10
Added Pin To Net: NetName=A_11 Pin=J1-28
Added Net: Name=A_11
Added Pin To Net: NetName=A_12 Pin=J1-30
Added Net: Name=A_12
Added Pin To Net: NetName=A_13 Pin=J1-32
Added Net: Name=A_13
Added Pin To Net: NetName=A_14 Pin=J1-34
Added Net: Name=A_14
Added Pin To Net: NetName=A_15 Pin=J1-36
Added Net: Name=A_15
Added Pin To Net: NetName=L\O\A\D\ Pin=J1-31
Added Net: Name=L\O\A\D\
Added Class: Name=REG_A
Added Class: Name=A_[15..0]
