Added Component: Designator=J1_MEM1(HDR2X20)
Add component (AddParameter): Name = "LatestRevisionDate"; Value = "17-Jul-2002"; VariantName = "[No Variations]"
Add component (AddParameter): Name = "LatestRevisionNote"; Value = "Re-released for DXP Platform."; VariantName = "[No Variations]"
Add component (AddParameter): Name = "Publisher"; Value = "Altium Limited"; VariantName = "[No Variations]"
Added Component: Designator=J1_MEM2(HDR2X20)
Add component (AddParameter): Name = "LatestRevisionDate"; Value = "17-Jul-2002"; VariantName = "[No Variations]"
Add component (AddParameter): Name = "LatestRevisionNote"; Value = "Re-released for DXP Platform."; VariantName = "[No Variations]"
Add component (AddParameter): Name = "Publisher"; Value = "Altium Limited"; VariantName = "[No Variations]"
Added Component: Designator=J1_MEM3(HDR2X20)
Add component (AddParameter): Name = "LatestRevisionDate"; Value = "17-Jul-2002"; VariantName = "[No Variations]"
Add component (AddParameter): Name = "LatestRevisionNote"; Value = "Re-released for DXP Platform."; VariantName = "[No Variations]"
Add component (AddParameter): Name = "Publisher"; Value = "Altium Limited"; VariantName = "[No Variations]"
Added Component: Designator=J1_MEM4(HDR2X20)
Add component (AddParameter): Name = "LatestRevisionDate"; Value = "17-Jul-2002"; VariantName = "[No Variations]"
Add component (AddParameter): Name = "LatestRevisionNote"; Value = "Re-released for DXP Platform."; VariantName = "[No Variations]"
Add component (AddParameter): Name = "Publisher"; Value = "Altium Limited"; VariantName = "[No Variations]"
Added Component: Designator=J1_MEM5(HDR2X20)
Add component (AddParameter): Name = "LatestRevisionDate"; Value = "17-Jul-2002"; VariantName = "[No Variations]"
Add component (AddParameter): Name = "LatestRevisionNote"; Value = "Re-released for DXP Platform."; VariantName = "[No Variations]"
Add component (AddParameter): Name = "Publisher"; Value = "Altium Limited"; VariantName = "[No Variations]"
Added Component: Designator=J1_MEM6(HDR2X20)
Add component (AddParameter): Name = "LatestRevisionDate"; Value = "17-Jul-2002"; VariantName = "[No Variations]"
Add component (AddParameter): Name = "LatestRevisionNote"; Value = "Re-released for DXP Platform."; VariantName = "[No Variations]"
Add component (AddParameter): Name = "Publisher"; Value = "Altium Limited"; VariantName = "[No Variations]"
Added Component: Designator=J1_MEM7(HDR2X20)
Add component (AddParameter): Name = "LatestRevisionDate"; Value = "17-Jul-2002"; VariantName = "[No Variations]"
Add component (AddParameter): Name = "LatestRevisionNote"; Value = "Re-released for DXP Platform."; VariantName = "[No Variations]"
Add component (AddParameter): Name = "Publisher"; Value = "Altium Limited"; VariantName = "[No Variations]"
Added Component: Designator=J1_MEM8(HDR2X20)
Add component (AddParameter): Name = "LatestRevisionDate"; Value = "17-Jul-2002"; VariantName = "[No Variations]"
Add component (AddParameter): Name = "LatestRevisionNote"; Value = "Re-released for DXP Platform."; VariantName = "[No Variations]"
Add component (AddParameter): Name = "Publisher"; Value = "Altium Limited"; VariantName = "[No Variations]"
Added Component: Designator=J1_MEM9(HDR2X20)
Add component (AddParameter): Name = "LatestRevisionDate"; Value = "17-Jul-2002"; VariantName = "[No Variations]"
Add component (AddParameter): Name = "LatestRevisionNote"; Value = "Re-released for DXP Platform."; VariantName = "[No Variations]"
Add component (AddParameter): Name = "Publisher"; Value = "Altium Limited"; VariantName = "[No Variations]"
Added Component: Designator=J1_MEM10(HDR2X20)
Add component (AddParameter): Name = "LatestRevisionDate"; Value = "17-Jul-2002"; VariantName = "[No Variations]"
Add component (AddParameter): Name = "LatestRevisionNote"; Value = "Re-released for DXP Platform."; VariantName = "[No Variations]"
Add component (AddParameter): Name = "Publisher"; Value = "Altium Limited"; VariantName = "[No Variations]"
Added Component: Designator=J1_MEM11(HDR2X20)
Add component (AddParameter): Name = "LatestRevisionDate"; Value = "17-Jul-2002"; VariantName = "[No Variations]"
Add component (AddParameter): Name = "LatestRevisionNote"; Value = "Re-released for DXP Platform."; VariantName = "[No Variations]"
Add component (AddParameter): Name = "Publisher"; Value = "Altium Limited"; VariantName = "[No Variations]"
Added Component: Designator=J1_MEM12(HDR2X20)
Add component (AddParameter): Name = "LatestRevisionDate"; Value = "17-Jul-2002"; VariantName = "[No Variations]"
Add component (AddParameter): Name = "LatestRevisionNote"; Value = "Re-released for DXP Platform."; VariantName = "[No Variations]"
Add component (AddParameter): Name = "Publisher"; Value = "Altium Limited"; VariantName = "[No Variations]"
Added Component: Designator=J1_MEM13(HDR2X20)
Add component (AddParameter): Name = "LatestRevisionDate"; Value = "17-Jul-2002"; VariantName = "[No Variations]"
Add component (AddParameter): Name = "LatestRevisionNote"; Value = "Re-released for DXP Platform."; VariantName = "[No Variations]"
Add component (AddParameter): Name = "Publisher"; Value = "Altium Limited"; VariantName = "[No Variations]"
Added Component: Designator=J1_MEM14(HDR2X20)
Add component (AddParameter): Name = "LatestRevisionDate"; Value = "17-Jul-2002"; VariantName = "[No Variations]"
Add component (AddParameter): Name = "LatestRevisionNote"; Value = "Re-released for DXP Platform."; VariantName = "[No Variations]"
Add component (AddParameter): Name = "Publisher"; Value = "Altium Limited"; VariantName = "[No Variations]"
Added Component: Designator=J1_MEM15(HDR2X20)
Add component (AddParameter): Name = "LatestRevisionDate"; Value = "17-Jul-2002"; VariantName = "[No Variations]"
Add component (AddParameter): Name = "LatestRevisionNote"; Value = "Re-released for DXP Platform."; VariantName = "[No Variations]"
Add component (AddParameter): Name = "Publisher"; Value = "Altium Limited"; VariantName = "[No Variations]"
Added Component: Designator=J1_MEM16(HDR2X20)
Add component (AddParameter): Name = "LatestRevisionDate"; Value = "17-Jul-2002"; VariantName = "[No Variations]"
Add component (AddParameter): Name = "LatestRevisionNote"; Value = "Re-released for DXP Platform."; VariantName = "[No Variations]"
Add component (AddParameter): Name = "Publisher"; Value = "Altium Limited"; VariantName = "[No Variations]"
Added Pin To Net: NetName=ADDR_0_MEM1 Pin=J1_MEM1-6
Added Net: Name=ADDR_0_MEM1
Added Pin To Net: NetName=ADDR_0_MEM2 Pin=J1_MEM2-6
Added Net: Name=ADDR_0_MEM2
Added Pin To Net: NetName=ADDR_0_MEM3 Pin=J1_MEM3-6
Added Net: Name=ADDR_0_MEM3
Added Pin To Net: NetName=ADDR_0_MEM4 Pin=J1_MEM4-6
Added Net: Name=ADDR_0_MEM4
Added Pin To Net: NetName=ADDR_0_MEM5 Pin=J1_MEM5-6
Added Net: Name=ADDR_0_MEM5
Added Pin To Net: NetName=ADDR_0_MEM6 Pin=J1_MEM6-6
Added Net: Name=ADDR_0_MEM6
Added Pin To Net: NetName=ADDR_0_MEM7 Pin=J1_MEM7-6
Added Net: Name=ADDR_0_MEM7
Added Pin To Net: NetName=ADDR_0_MEM8 Pin=J1_MEM8-6
Added Net: Name=ADDR_0_MEM8
Added Pin To Net: NetName=ADDR_0_MEM9 Pin=J1_MEM9-6
Added Net: Name=ADDR_0_MEM9
Added Pin To Net: NetName=ADDR_0_MEM10 Pin=J1_MEM10-6
Added Net: Name=ADDR_0_MEM10
Added Pin To Net: NetName=ADDR_0_MEM11 Pin=J1_MEM11-6
Added Net: Name=ADDR_0_MEM11
Added Pin To Net: NetName=ADDR_0_MEM12 Pin=J1_MEM12-6
Added Net: Name=ADDR_0_MEM12
Added Pin To Net: NetName=ADDR_0_MEM13 Pin=J1_MEM13-6
Added Net: Name=ADDR_0_MEM13
Added Pin To Net: NetName=ADDR_0_MEM14 Pin=J1_MEM14-6
Added Net: Name=ADDR_0_MEM14
Added Pin To Net: NetName=ADDR_0_MEM15 Pin=J1_MEM15-6
Added Net: Name=ADDR_0_MEM15
Added Pin To Net: NetName=ADDR_0_MEM16 Pin=J1_MEM16-6
Added Net: Name=ADDR_0_MEM16
Added Pin To Net: NetName=ADDR_1_MEM1 Pin=J1_MEM1-8
Added Net: Name=ADDR_1_MEM1
Added Pin To Net: NetName=ADDR_1_MEM2 Pin=J1_MEM2-8
Added Net: Name=ADDR_1_MEM2
Added Pin To Net: NetName=ADDR_1_MEM3 Pin=J1_MEM3-8
Added Net: Name=ADDR_1_MEM3
Added Pin To Net: NetName=ADDR_1_MEM4 Pin=J1_MEM4-8
Added Net: Name=ADDR_1_MEM4
Added Pin To Net: NetName=ADDR_1_MEM5 Pin=J1_MEM5-8
Added Net: Name=ADDR_1_MEM5
Added Pin To Net: NetName=ADDR_1_MEM6 Pin=J1_MEM6-8
Added Net: Name=ADDR_1_MEM6
Added Pin To Net: NetName=ADDR_1_MEM7 Pin=J1_MEM7-8
Added Net: Name=ADDR_1_MEM7
Added Pin To Net: NetName=ADDR_1_MEM8 Pin=J1_MEM8-8
Added Net: Name=ADDR_1_MEM8
Added Pin To Net: NetName=ADDR_1_MEM9 Pin=J1_MEM9-8
Added Net: Name=ADDR_1_MEM9
Added Pin To Net: NetName=ADDR_1_MEM10 Pin=J1_MEM10-8
Added Net: Name=ADDR_1_MEM10
Added Pin To Net: NetName=ADDR_1_MEM11 Pin=J1_MEM11-8
Added Net: Name=ADDR_1_MEM11
Added Pin To Net: NetName=ADDR_1_MEM12 Pin=J1_MEM12-8
Added Net: Name=ADDR_1_MEM12
Added Pin To Net: NetName=ADDR_1_MEM13 Pin=J1_MEM13-8
Added Net: Name=ADDR_1_MEM13
Added Pin To Net: NetName=ADDR_1_MEM14 Pin=J1_MEM14-8
Added Net: Name=ADDR_1_MEM14
Added Pin To Net: NetName=ADDR_1_MEM15 Pin=J1_MEM15-8
Added Net: Name=ADDR_1_MEM15
Added Pin To Net: NetName=ADDR_1_MEM16 Pin=J1_MEM16-8
Added Net: Name=ADDR_1_MEM16
Added Pin To Net: NetName=ADDR_2_MEM1 Pin=J1_MEM1-10
Added Net: Name=ADDR_2_MEM1
Added Pin To Net: NetName=ADDR_2_MEM2 Pin=J1_MEM2-10
Added Net: Name=ADDR_2_MEM2
Added Pin To Net: NetName=ADDR_2_MEM3 Pin=J1_MEM3-10
Added Net: Name=ADDR_2_MEM3
Added Pin To Net: NetName=ADDR_2_MEM4 Pin=J1_MEM4-10
Added Net: Name=ADDR_2_MEM4
Added Pin To Net: NetName=ADDR_2_MEM5 Pin=J1_MEM5-10
Added Net: Name=ADDR_2_MEM5
Added Pin To Net: NetName=ADDR_2_MEM6 Pin=J1_MEM6-10
Added Net: Name=ADDR_2_MEM6
Added Pin To Net: NetName=ADDR_2_MEM7 Pin=J1_MEM7-10
Added Net: Name=ADDR_2_MEM7
Added Pin To Net: NetName=ADDR_2_MEM8 Pin=J1_MEM8-10
Added Net: Name=ADDR_2_MEM8
Added Pin To Net: NetName=ADDR_2_MEM9 Pin=J1_MEM9-10
Added Net: Name=ADDR_2_MEM9
Added Pin To Net: NetName=ADDR_2_MEM10 Pin=J1_MEM10-10
Added Net: Name=ADDR_2_MEM10
Added Pin To Net: NetName=ADDR_2_MEM11 Pin=J1_MEM11-10
Added Net: Name=ADDR_2_MEM11
Added Pin To Net: NetName=ADDR_2_MEM12 Pin=J1_MEM12-10
Added Net: Name=ADDR_2_MEM12
Added Pin To Net: NetName=ADDR_2_MEM13 Pin=J1_MEM13-10
Added Net: Name=ADDR_2_MEM13
Added Pin To Net: NetName=ADDR_2_MEM14 Pin=J1_MEM14-10
Added Net: Name=ADDR_2_MEM14
Added Pin To Net: NetName=ADDR_2_MEM15 Pin=J1_MEM15-10
Added Net: Name=ADDR_2_MEM15
Added Pin To Net: NetName=ADDR_2_MEM16 Pin=J1_MEM16-10
Added Net: Name=ADDR_2_MEM16
Added Pin To Net: NetName=ADDR_3_MEM1 Pin=J1_MEM1-12
Added Net: Name=ADDR_3_MEM1
Added Pin To Net: NetName=ADDR_3_MEM2 Pin=J1_MEM2-12
Added Net: Name=ADDR_3_MEM2
Added Pin To Net: NetName=ADDR_3_MEM3 Pin=J1_MEM3-12
Added Net: Name=ADDR_3_MEM3
Added Pin To Net: NetName=ADDR_3_MEM4 Pin=J1_MEM4-12
Added Net: Name=ADDR_3_MEM4
Added Pin To Net: NetName=ADDR_3_MEM5 Pin=J1_MEM5-12
Added Net: Name=ADDR_3_MEM5
Added Pin To Net: NetName=ADDR_3_MEM6 Pin=J1_MEM6-12
Added Net: Name=ADDR_3_MEM6
Added Pin To Net: NetName=ADDR_3_MEM7 Pin=J1_MEM7-12
Added Net: Name=ADDR_3_MEM7
Added Pin To Net: NetName=ADDR_3_MEM8 Pin=J1_MEM8-12
Added Net: Name=ADDR_3_MEM8
Added Pin To Net: NetName=ADDR_3_MEM9 Pin=J1_MEM9-12
Added Net: Name=ADDR_3_MEM9
Added Pin To Net: NetName=ADDR_3_MEM10 Pin=J1_MEM10-12
Added Net: Name=ADDR_3_MEM10
Added Pin To Net: NetName=ADDR_3_MEM11 Pin=J1_MEM11-12
Added Net: Name=ADDR_3_MEM11
Added Pin To Net: NetName=ADDR_3_MEM12 Pin=J1_MEM12-12
Added Net: Name=ADDR_3_MEM12
Added Pin To Net: NetName=ADDR_3_MEM13 Pin=J1_MEM13-12
Added Net: Name=ADDR_3_MEM13
Added Pin To Net: NetName=ADDR_3_MEM14 Pin=J1_MEM14-12
Added Net: Name=ADDR_3_MEM14
Added Pin To Net: NetName=ADDR_3_MEM15 Pin=J1_MEM15-12
Added Net: Name=ADDR_3_MEM15
Added Pin To Net: NetName=ADDR_3_MEM16 Pin=J1_MEM16-12
Added Net: Name=ADDR_3_MEM16
Added Pin To Net: NetName=ADDR_4_MEM1 Pin=J1_MEM1-14
Added Net: Name=ADDR_4_MEM1
Added Pin To Net: NetName=ADDR_4_MEM2 Pin=J1_MEM2-14
Added Net: Name=ADDR_4_MEM2
Added Pin To Net: NetName=ADDR_4_MEM3 Pin=J1_MEM3-14
Added Net: Name=ADDR_4_MEM3
Added Pin To Net: NetName=ADDR_4_MEM4 Pin=J1_MEM4-14
Added Net: Name=ADDR_4_MEM4
Added Pin To Net: NetName=ADDR_4_MEM5 Pin=J1_MEM5-14
Added Net: Name=ADDR_4_MEM5
Added Pin To Net: NetName=ADDR_4_MEM6 Pin=J1_MEM6-14
Added Net: Name=ADDR_4_MEM6
Added Pin To Net: NetName=ADDR_4_MEM7 Pin=J1_MEM7-14
Added Net: Name=ADDR_4_MEM7
Added Pin To Net: NetName=ADDR_4_MEM8 Pin=J1_MEM8-14
Added Net: Name=ADDR_4_MEM8
Added Pin To Net: NetName=ADDR_4_MEM9 Pin=J1_MEM9-14
Added Net: Name=ADDR_4_MEM9
Added Pin To Net: NetName=ADDR_4_MEM10 Pin=J1_MEM10-14
Added Net: Name=ADDR_4_MEM10
Added Pin To Net: NetName=ADDR_4_MEM11 Pin=J1_MEM11-14
Added Net: Name=ADDR_4_MEM11
Added Pin To Net: NetName=ADDR_4_MEM12 Pin=J1_MEM12-14
Added Net: Name=ADDR_4_MEM12
Added Pin To Net: NetName=ADDR_4_MEM13 Pin=J1_MEM13-14
Added Net: Name=ADDR_4_MEM13
Added Pin To Net: NetName=ADDR_4_MEM14 Pin=J1_MEM14-14
Added Net: Name=ADDR_4_MEM14
Added Pin To Net: NetName=ADDR_4_MEM15 Pin=J1_MEM15-14
Added Net: Name=ADDR_4_MEM15
Added Pin To Net: NetName=ADDR_4_MEM16 Pin=J1_MEM16-14
Added Net: Name=ADDR_4_MEM16
Added Pin To Net: NetName=ADDR_5_MEM1 Pin=J1_MEM1-16
Added Net: Name=ADDR_5_MEM1
Added Pin To Net: NetName=ADDR_5_MEM2 Pin=J1_MEM2-16
Added Net: Name=ADDR_5_MEM2
Added Pin To Net: NetName=ADDR_5_MEM3 Pin=J1_MEM3-16
Added Net: Name=ADDR_5_MEM3
Added Pin To Net: NetName=ADDR_5_MEM4 Pin=J1_MEM4-16
Added Net: Name=ADDR_5_MEM4
Added Pin To Net: NetName=ADDR_5_MEM5 Pin=J1_MEM5-16
Added Net: Name=ADDR_5_MEM5
Added Pin To Net: NetName=ADDR_5_MEM6 Pin=J1_MEM6-16
Added Net: Name=ADDR_5_MEM6
Added Pin To Net: NetName=ADDR_5_MEM7 Pin=J1_MEM7-16
Added Net: Name=ADDR_5_MEM7
Added Pin To Net: NetName=ADDR_5_MEM8 Pin=J1_MEM8-16
Added Net: Name=ADDR_5_MEM8
Added Pin To Net: NetName=ADDR_5_MEM9 Pin=J1_MEM9-16
Added Net: Name=ADDR_5_MEM9
Added Pin To Net: NetName=ADDR_5_MEM10 Pin=J1_MEM10-16
Added Net: Name=ADDR_5_MEM10
Added Pin To Net: NetName=ADDR_5_MEM11 Pin=J1_MEM11-16
Added Net: Name=ADDR_5_MEM11
Added Pin To Net: NetName=ADDR_5_MEM12 Pin=J1_MEM12-16
Added Net: Name=ADDR_5_MEM12
Added Pin To Net: NetName=ADDR_5_MEM13 Pin=J1_MEM13-16
Added Net: Name=ADDR_5_MEM13
Added Pin To Net: NetName=ADDR_5_MEM14 Pin=J1_MEM14-16
Added Net: Name=ADDR_5_MEM14
Added Pin To Net: NetName=ADDR_5_MEM15 Pin=J1_MEM15-16
Added Net: Name=ADDR_5_MEM15
Added Pin To Net: NetName=ADDR_5_MEM16 Pin=J1_MEM16-16
Added Net: Name=ADDR_5_MEM16
Added Pin To Net: NetName=ADDR_6_MEM1 Pin=J1_MEM1-18
Added Net: Name=ADDR_6_MEM1
Added Pin To Net: NetName=ADDR_6_MEM2 Pin=J1_MEM2-18
Added Net: Name=ADDR_6_MEM2
Added Pin To Net: NetName=ADDR_6_MEM3 Pin=J1_MEM3-18
Added Net: Name=ADDR_6_MEM3
Added Pin To Net: NetName=ADDR_6_MEM4 Pin=J1_MEM4-18
Added Net: Name=ADDR_6_MEM4
Added Pin To Net: NetName=ADDR_6_MEM5 Pin=J1_MEM5-18
Added Net: Name=ADDR_6_MEM5
Added Pin To Net: NetName=ADDR_6_MEM6 Pin=J1_MEM6-18
Added Net: Name=ADDR_6_MEM6
Added Pin To Net: NetName=ADDR_6_MEM7 Pin=J1_MEM7-18
Added Net: Name=ADDR_6_MEM7
Added Pin To Net: NetName=ADDR_6_MEM8 Pin=J1_MEM8-18
Added Net: Name=ADDR_6_MEM8
Added Pin To Net: NetName=ADDR_6_MEM9 Pin=J1_MEM9-18
Added Net: Name=ADDR_6_MEM9
Added Pin To Net: NetName=ADDR_6_MEM10 Pin=J1_MEM10-18
Added Net: Name=ADDR_6_MEM10
Added Pin To Net: NetName=ADDR_6_MEM11 Pin=J1_MEM11-18
Added Net: Name=ADDR_6_MEM11
Added Pin To Net: NetName=ADDR_6_MEM12 Pin=J1_MEM12-18
Added Net: Name=ADDR_6_MEM12
Added Pin To Net: NetName=ADDR_6_MEM13 Pin=J1_MEM13-18
Added Net: Name=ADDR_6_MEM13
Added Pin To Net: NetName=ADDR_6_MEM14 Pin=J1_MEM14-18
Added Net: Name=ADDR_6_MEM14
Added Pin To Net: NetName=ADDR_6_MEM15 Pin=J1_MEM15-18
Added Net: Name=ADDR_6_MEM15
Added Pin To Net: NetName=ADDR_6_MEM16 Pin=J1_MEM16-18
Added Net: Name=ADDR_6_MEM16
Added Pin To Net: NetName=ADDR_7_MEM1 Pin=J1_MEM1-20
Added Net: Name=ADDR_7_MEM1
Added Pin To Net: NetName=ADDR_7_MEM2 Pin=J1_MEM2-20
Added Net: Name=ADDR_7_MEM2
Added Pin To Net: NetName=ADDR_7_MEM3 Pin=J1_MEM3-20
Added Net: Name=ADDR_7_MEM3
Added Pin To Net: NetName=ADDR_7_MEM4 Pin=J1_MEM4-20
Added Net: Name=ADDR_7_MEM4
Added Pin To Net: NetName=ADDR_7_MEM5 Pin=J1_MEM5-20
Added Net: Name=ADDR_7_MEM5
Added Pin To Net: NetName=ADDR_7_MEM6 Pin=J1_MEM6-20
Added Net: Name=ADDR_7_MEM6
Added Pin To Net: NetName=ADDR_7_MEM7 Pin=J1_MEM7-20
Added Net: Name=ADDR_7_MEM7
Added Pin To Net: NetName=ADDR_7_MEM8 Pin=J1_MEM8-20
Added Net: Name=ADDR_7_MEM8
Added Pin To Net: NetName=ADDR_7_MEM9 Pin=J1_MEM9-20
Added Net: Name=ADDR_7_MEM9
Added Pin To Net: NetName=ADDR_7_MEM10 Pin=J1_MEM10-20
Added Net: Name=ADDR_7_MEM10
Added Pin To Net: NetName=ADDR_7_MEM11 Pin=J1_MEM11-20
Added Net: Name=ADDR_7_MEM11
Added Pin To Net: NetName=ADDR_7_MEM12 Pin=J1_MEM12-20
Added Net: Name=ADDR_7_MEM12
Added Pin To Net: NetName=ADDR_7_MEM13 Pin=J1_MEM13-20
Added Net: Name=ADDR_7_MEM13
Added Pin To Net: NetName=ADDR_7_MEM14 Pin=J1_MEM14-20
Added Net: Name=ADDR_7_MEM14
Added Pin To Net: NetName=ADDR_7_MEM15 Pin=J1_MEM15-20
Added Net: Name=ADDR_7_MEM15
Added Pin To Net: NetName=ADDR_7_MEM16 Pin=J1_MEM16-20
Added Net: Name=ADDR_7_MEM16
Added Pin To Net: NetName=ADDR_8_MEM1 Pin=J1_MEM1-22
Added Net: Name=ADDR_8_MEM1
Added Pin To Net: NetName=ADDR_8_MEM2 Pin=J1_MEM2-22
Added Net: Name=ADDR_8_MEM2
Added Pin To Net: NetName=ADDR_8_MEM3 Pin=J1_MEM3-22
Added Net: Name=ADDR_8_MEM3
Added Pin To Net: NetName=ADDR_8_MEM4 Pin=J1_MEM4-22
Added Net: Name=ADDR_8_MEM4
Added Pin To Net: NetName=ADDR_8_MEM5 Pin=J1_MEM5-22
Added Net: Name=ADDR_8_MEM5
Added Pin To Net: NetName=ADDR_8_MEM6 Pin=J1_MEM6-22
Added Net: Name=ADDR_8_MEM6
Added Pin To Net: NetName=ADDR_8_MEM7 Pin=J1_MEM7-22
Added Net: Name=ADDR_8_MEM7
Added Pin To Net: NetName=ADDR_8_MEM8 Pin=J1_MEM8-22
Added Net: Name=ADDR_8_MEM8
Added Pin To Net: NetName=ADDR_8_MEM9 Pin=J1_MEM9-22
Added Net: Name=ADDR_8_MEM9
Added Pin To Net: NetName=ADDR_8_MEM10 Pin=J1_MEM10-22
Added Net: Name=ADDR_8_MEM10
Added Pin To Net: NetName=ADDR_8_MEM11 Pin=J1_MEM11-22
Added Net: Name=ADDR_8_MEM11
Added Pin To Net: NetName=ADDR_8_MEM12 Pin=J1_MEM12-22
Added Net: Name=ADDR_8_MEM12
Added Pin To Net: NetName=ADDR_8_MEM13 Pin=J1_MEM13-22
Added Net: Name=ADDR_8_MEM13
Added Pin To Net: NetName=ADDR_8_MEM14 Pin=J1_MEM14-22
Added Net: Name=ADDR_8_MEM14
Added Pin To Net: NetName=ADDR_8_MEM15 Pin=J1_MEM15-22
Added Net: Name=ADDR_8_MEM15
Added Pin To Net: NetName=ADDR_8_MEM16 Pin=J1_MEM16-22
Added Net: Name=ADDR_8_MEM16
Added Pin To Net: NetName=ADDR_9_MEM1 Pin=J1_MEM1-24
Added Net: Name=ADDR_9_MEM1
Added Pin To Net: NetName=ADDR_9_MEM2 Pin=J1_MEM2-24
Added Net: Name=ADDR_9_MEM2
Added Pin To Net: NetName=ADDR_9_MEM3 Pin=J1_MEM3-24
Added Net: Name=ADDR_9_MEM3
Added Pin To Net: NetName=ADDR_9_MEM4 Pin=J1_MEM4-24
Added Net: Name=ADDR_9_MEM4
Added Pin To Net: NetName=ADDR_9_MEM5 Pin=J1_MEM5-24
Added Net: Name=ADDR_9_MEM5
Added Pin To Net: NetName=ADDR_9_MEM6 Pin=J1_MEM6-24
Added Net: Name=ADDR_9_MEM6
Added Pin To Net: NetName=ADDR_9_MEM7 Pin=J1_MEM7-24
Added Net: Name=ADDR_9_MEM7
Added Pin To Net: NetName=ADDR_9_MEM8 Pin=J1_MEM8-24
Added Net: Name=ADDR_9_MEM8
Added Pin To Net: NetName=ADDR_9_MEM9 Pin=J1_MEM9-24
Added Net: Name=ADDR_9_MEM9
Added Pin To Net: NetName=ADDR_9_MEM10 Pin=J1_MEM10-24
Added Net: Name=ADDR_9_MEM10
Added Pin To Net: NetName=ADDR_9_MEM11 Pin=J1_MEM11-24
Added Net: Name=ADDR_9_MEM11
Added Pin To Net: NetName=ADDR_9_MEM12 Pin=J1_MEM12-24
Added Net: Name=ADDR_9_MEM12
Added Pin To Net: NetName=ADDR_9_MEM13 Pin=J1_MEM13-24
Added Net: Name=ADDR_9_MEM13
Added Pin To Net: NetName=ADDR_9_MEM14 Pin=J1_MEM14-24
Added Net: Name=ADDR_9_MEM14
Added Pin To Net: NetName=ADDR_9_MEM15 Pin=J1_MEM15-24
Added Net: Name=ADDR_9_MEM15
Added Pin To Net: NetName=ADDR_9_MEM16 Pin=J1_MEM16-24
Added Net: Name=ADDR_9_MEM16
Added Pin To Net: NetName=ADDR_10_MEM1 Pin=J1_MEM1-26
Added Net: Name=ADDR_10_MEM1
Added Pin To Net: NetName=ADDR_10_MEM2 Pin=J1_MEM2-26
Added Net: Name=ADDR_10_MEM2
Added Pin To Net: NetName=ADDR_10_MEM3 Pin=J1_MEM3-26
Added Net: Name=ADDR_10_MEM3
Added Pin To Net: NetName=ADDR_10_MEM4 Pin=J1_MEM4-26
Added Net: Name=ADDR_10_MEM4
Added Pin To Net: NetName=ADDR_10_MEM5 Pin=J1_MEM5-26
Added Net: Name=ADDR_10_MEM5
Added Pin To Net: NetName=ADDR_10_MEM6 Pin=J1_MEM6-26
Added Net: Name=ADDR_10_MEM6
Added Pin To Net: NetName=ADDR_10_MEM7 Pin=J1_MEM7-26
Added Net: Name=ADDR_10_MEM7
Added Pin To Net: NetName=ADDR_10_MEM8 Pin=J1_MEM8-26
Added Net: Name=ADDR_10_MEM8
Added Pin To Net: NetName=ADDR_10_MEM9 Pin=J1_MEM9-26
Added Net: Name=ADDR_10_MEM9
Added Pin To Net: NetName=ADDR_10_MEM10 Pin=J1_MEM10-26
Added Net: Name=ADDR_10_MEM10
Added Pin To Net: NetName=ADDR_10_MEM11 Pin=J1_MEM11-26
Added Net: Name=ADDR_10_MEM11
Added Pin To Net: NetName=ADDR_10_MEM12 Pin=J1_MEM12-26
Added Net: Name=ADDR_10_MEM12
Added Pin To Net: NetName=ADDR_10_MEM13 Pin=J1_MEM13-26
Added Net: Name=ADDR_10_MEM13
Added Pin To Net: NetName=ADDR_10_MEM14 Pin=J1_MEM14-26
Added Net: Name=ADDR_10_MEM14
Added Pin To Net: NetName=ADDR_10_MEM15 Pin=J1_MEM15-26
Added Net: Name=ADDR_10_MEM15
Added Pin To Net: NetName=ADDR_10_MEM16 Pin=J1_MEM16-26
Added Net: Name=ADDR_10_MEM16
Added Pin To Net: NetName=ADDR_11_MEM1 Pin=J1_MEM1-28
Added Net: Name=ADDR_11_MEM1
Added Pin To Net: NetName=ADDR_11_MEM2 Pin=J1_MEM2-28
Added Net: Name=ADDR_11_MEM2
Added Pin To Net: NetName=ADDR_11_MEM3 Pin=J1_MEM3-28
Added Net: Name=ADDR_11_MEM3
Added Pin To Net: NetName=ADDR_11_MEM4 Pin=J1_MEM4-28
Added Net: Name=ADDR_11_MEM4
Added Pin To Net: NetName=ADDR_11_MEM5 Pin=J1_MEM5-28
Added Net: Name=ADDR_11_MEM5
Added Pin To Net: NetName=ADDR_11_MEM6 Pin=J1_MEM6-28
Added Net: Name=ADDR_11_MEM6
Added Pin To Net: NetName=ADDR_11_MEM7 Pin=J1_MEM7-28
Added Net: Name=ADDR_11_MEM7
Added Pin To Net: NetName=ADDR_11_MEM8 Pin=J1_MEM8-28
Added Net: Name=ADDR_11_MEM8
Added Pin To Net: NetName=ADDR_11_MEM9 Pin=J1_MEM9-28
Added Net: Name=ADDR_11_MEM9
Added Pin To Net: NetName=ADDR_11_MEM10 Pin=J1_MEM10-28
Added Net: Name=ADDR_11_MEM10
Added Pin To Net: NetName=ADDR_11_MEM11 Pin=J1_MEM11-28
Added Net: Name=ADDR_11_MEM11
Added Pin To Net: NetName=ADDR_11_MEM12 Pin=J1_MEM12-28
Added Net: Name=ADDR_11_MEM12
Added Pin To Net: NetName=ADDR_11_MEM13 Pin=J1_MEM13-28
Added Net: Name=ADDR_11_MEM13
Added Pin To Net: NetName=ADDR_11_MEM14 Pin=J1_MEM14-28
Added Net: Name=ADDR_11_MEM14
Added Pin To Net: NetName=ADDR_11_MEM15 Pin=J1_MEM15-28
Added Net: Name=ADDR_11_MEM15
Added Pin To Net: NetName=ADDR_11_MEM16 Pin=J1_MEM16-28
Added Net: Name=ADDR_11_MEM16
Added Pin To Net: NetName=ADDR_12_MEM1 Pin=J1_MEM1-30
Added Net: Name=ADDR_12_MEM1
Added Pin To Net: NetName=ADDR_12_MEM2 Pin=J1_MEM2-30
Added Net: Name=ADDR_12_MEM2
Added Pin To Net: NetName=ADDR_12_MEM3 Pin=J1_MEM3-30
Added Net: Name=ADDR_12_MEM3
Added Pin To Net: NetName=ADDR_12_MEM4 Pin=J1_MEM4-30
Added Net: Name=ADDR_12_MEM4
Added Pin To Net: NetName=ADDR_12_MEM5 Pin=J1_MEM5-30
Added Net: Name=ADDR_12_MEM5
Added Pin To Net: NetName=ADDR_12_MEM6 Pin=J1_MEM6-30
Added Net: Name=ADDR_12_MEM6
Added Pin To Net: NetName=ADDR_12_MEM7 Pin=J1_MEM7-30
Added Net: Name=ADDR_12_MEM7
Added Pin To Net: NetName=ADDR_12_MEM8 Pin=J1_MEM8-30
Added Net: Name=ADDR_12_MEM8
Added Pin To Net: NetName=ADDR_12_MEM9 Pin=J1_MEM9-30
Added Net: Name=ADDR_12_MEM9
Added Pin To Net: NetName=ADDR_12_MEM10 Pin=J1_MEM10-30
Added Net: Name=ADDR_12_MEM10
Added Pin To Net: NetName=ADDR_12_MEM11 Pin=J1_MEM11-30
Added Net: Name=ADDR_12_MEM11
Added Pin To Net: NetName=ADDR_12_MEM12 Pin=J1_MEM12-30
Added Net: Name=ADDR_12_MEM12
Added Pin To Net: NetName=ADDR_12_MEM13 Pin=J1_MEM13-30
Added Net: Name=ADDR_12_MEM13
Added Pin To Net: NetName=ADDR_12_MEM14 Pin=J1_MEM14-30
Added Net: Name=ADDR_12_MEM14
Added Pin To Net: NetName=ADDR_12_MEM15 Pin=J1_MEM15-30
Added Net: Name=ADDR_12_MEM15
Added Pin To Net: NetName=ADDR_12_MEM16 Pin=J1_MEM16-30
Added Net: Name=ADDR_12_MEM16
Added Pin To Net: NetName=ADDR_13_MEM1 Pin=J1_MEM1-32
Added Net: Name=ADDR_13_MEM1
Added Pin To Net: NetName=ADDR_13_MEM2 Pin=J1_MEM2-32
Added Net: Name=ADDR_13_MEM2
Added Pin To Net: NetName=ADDR_13_MEM3 Pin=J1_MEM3-32
Added Net: Name=ADDR_13_MEM3
Added Pin To Net: NetName=ADDR_13_MEM4 Pin=J1_MEM4-32
Added Net: Name=ADDR_13_MEM4
Added Pin To Net: NetName=ADDR_13_MEM5 Pin=J1_MEM5-32
Added Net: Name=ADDR_13_MEM5
Added Pin To Net: NetName=ADDR_13_MEM6 Pin=J1_MEM6-32
Added Net: Name=ADDR_13_MEM6
Added Pin To Net: NetName=ADDR_13_MEM7 Pin=J1_MEM7-32
Added Net: Name=ADDR_13_MEM7
Added Pin To Net: NetName=ADDR_13_MEM8 Pin=J1_MEM8-32
Added Net: Name=ADDR_13_MEM8
Added Pin To Net: NetName=ADDR_13_MEM9 Pin=J1_MEM9-32
Added Net: Name=ADDR_13_MEM9
Added Pin To Net: NetName=ADDR_13_MEM10 Pin=J1_MEM10-32
Added Net: Name=ADDR_13_MEM10
Added Pin To Net: NetName=ADDR_13_MEM11 Pin=J1_MEM11-32
Added Net: Name=ADDR_13_MEM11
Added Pin To Net: NetName=ADDR_13_MEM12 Pin=J1_MEM12-32
Added Net: Name=ADDR_13_MEM12
Added Pin To Net: NetName=ADDR_13_MEM13 Pin=J1_MEM13-32
Added Net: Name=ADDR_13_MEM13
Added Pin To Net: NetName=ADDR_13_MEM14 Pin=J1_MEM14-32
Added Net: Name=ADDR_13_MEM14
Added Pin To Net: NetName=ADDR_13_MEM15 Pin=J1_MEM15-32
Added Net: Name=ADDR_13_MEM15
Added Pin To Net: NetName=ADDR_13_MEM16 Pin=J1_MEM16-32
Added Net: Name=ADDR_13_MEM16
Added Pin To Net: NetName=ADDR_14_MEM1 Pin=J1_MEM1-34
Added Net: Name=ADDR_14_MEM1
Added Pin To Net: NetName=ADDR_14_MEM2 Pin=J1_MEM2-34
Added Net: Name=ADDR_14_MEM2
Added Pin To Net: NetName=ADDR_14_MEM3 Pin=J1_MEM3-34
Added Net: Name=ADDR_14_MEM3
Added Pin To Net: NetName=ADDR_14_MEM4 Pin=J1_MEM4-34
Added Net: Name=ADDR_14_MEM4
Added Pin To Net: NetName=ADDR_14_MEM5 Pin=J1_MEM5-34
Added Net: Name=ADDR_14_MEM5
Added Pin To Net: NetName=ADDR_14_MEM6 Pin=J1_MEM6-34
Added Net: Name=ADDR_14_MEM6
Added Pin To Net: NetName=ADDR_14_MEM7 Pin=J1_MEM7-34
Added Net: Name=ADDR_14_MEM7
Added Pin To Net: NetName=ADDR_14_MEM8 Pin=J1_MEM8-34
Added Net: Name=ADDR_14_MEM8
Added Pin To Net: NetName=ADDR_14_MEM9 Pin=J1_MEM9-34
Added Net: Name=ADDR_14_MEM9
Added Pin To Net: NetName=ADDR_14_MEM10 Pin=J1_MEM10-34
Added Net: Name=ADDR_14_MEM10
Added Pin To Net: NetName=ADDR_14_MEM11 Pin=J1_MEM11-34
Added Net: Name=ADDR_14_MEM11
Added Pin To Net: NetName=ADDR_14_MEM12 Pin=J1_MEM12-34
Added Net: Name=ADDR_14_MEM12
Added Pin To Net: NetName=ADDR_14_MEM13 Pin=J1_MEM13-34
Added Net: Name=ADDR_14_MEM13
Added Pin To Net: NetName=ADDR_14_MEM14 Pin=J1_MEM14-34
Added Net: Name=ADDR_14_MEM14
Added Pin To Net: NetName=ADDR_14_MEM15 Pin=J1_MEM15-34
Added Net: Name=ADDR_14_MEM15
Added Pin To Net: NetName=ADDR_14_MEM16 Pin=J1_MEM16-34
Added Net: Name=ADDR_14_MEM16
Added Pin To Net: NetName=ADDR_15_MEM1 Pin=J1_MEM1-36
Added Net: Name=ADDR_15_MEM1
Added Pin To Net: NetName=ADDR_15_MEM2 Pin=J1_MEM2-36
Added Net: Name=ADDR_15_MEM2
Added Pin To Net: NetName=ADDR_15_MEM3 Pin=J1_MEM3-36
Added Net: Name=ADDR_15_MEM3
Added Pin To Net: NetName=ADDR_15_MEM4 Pin=J1_MEM4-36
Added Net: Name=ADDR_15_MEM4
Added Pin To Net: NetName=ADDR_15_MEM5 Pin=J1_MEM5-36
Added Net: Name=ADDR_15_MEM5
Added Pin To Net: NetName=ADDR_15_MEM6 Pin=J1_MEM6-36
Added Net: Name=ADDR_15_MEM6
Added Pin To Net: NetName=ADDR_15_MEM7 Pin=J1_MEM7-36
Added Net: Name=ADDR_15_MEM7
Added Pin To Net: NetName=ADDR_15_MEM8 Pin=J1_MEM8-36
Added Net: Name=ADDR_15_MEM8
Added Pin To Net: NetName=ADDR_15_MEM9 Pin=J1_MEM9-36
Added Net: Name=ADDR_15_MEM9
Added Pin To Net: NetName=ADDR_15_MEM10 Pin=J1_MEM10-36
Added Net: Name=ADDR_15_MEM10
Added Pin To Net: NetName=ADDR_15_MEM11 Pin=J1_MEM11-36
Added Net: Name=ADDR_15_MEM11
Added Pin To Net: NetName=ADDR_15_MEM12 Pin=J1_MEM12-36
Added Net: Name=ADDR_15_MEM12
Added Pin To Net: NetName=ADDR_15_MEM13 Pin=J1_MEM13-36
Added Net: Name=ADDR_15_MEM13
Added Pin To Net: NetName=ADDR_15_MEM14 Pin=J1_MEM14-36
Added Net: Name=ADDR_15_MEM14
Added Pin To Net: NetName=ADDR_15_MEM15 Pin=J1_MEM15-36
Added Net: Name=ADDR_15_MEM15
Added Pin To Net: NetName=ADDR_15_MEM16 Pin=J1_MEM16-36
Added Net: Name=ADDR_15_MEM16
Added Pin To Net: NetName=BUS_0_MEM1 Pin=J1_MEM1-5
Added Net: Name=BUS_0_MEM1
Added Pin To Net: NetName=BUS_0_MEM2 Pin=J1_MEM2-5
Added Net: Name=BUS_0_MEM2
Added Pin To Net: NetName=BUS_0_MEM3 Pin=J1_MEM3-5
Added Net: Name=BUS_0_MEM3
Added Pin To Net: NetName=BUS_0_MEM4 Pin=J1_MEM4-5
Added Net: Name=BUS_0_MEM4
Added Pin To Net: NetName=BUS_0_MEM5 Pin=J1_MEM5-5
Added Net: Name=BUS_0_MEM5
Added Pin To Net: NetName=BUS_0_MEM6 Pin=J1_MEM6-5
Added Net: Name=BUS_0_MEM6
Added Pin To Net: NetName=BUS_0_MEM7 Pin=J1_MEM7-5
Added Net: Name=BUS_0_MEM7
Added Pin To Net: NetName=BUS_0_MEM8 Pin=J1_MEM8-5
Added Net: Name=BUS_0_MEM8
Added Pin To Net: NetName=BUS_0_MEM9 Pin=J1_MEM9-5
Added Net: Name=BUS_0_MEM9
Added Pin To Net: NetName=BUS_0_MEM10 Pin=J1_MEM10-5
Added Net: Name=BUS_0_MEM10
Added Pin To Net: NetName=BUS_0_MEM11 Pin=J1_MEM11-5
Added Net: Name=BUS_0_MEM11
Added Pin To Net: NetName=BUS_0_MEM12 Pin=J1_MEM12-5
Added Net: Name=BUS_0_MEM12
Added Pin To Net: NetName=BUS_0_MEM13 Pin=J1_MEM13-5
Added Net: Name=BUS_0_MEM13
Added Pin To Net: NetName=BUS_0_MEM14 Pin=J1_MEM14-5
Added Net: Name=BUS_0_MEM14
Added Pin To Net: NetName=BUS_0_MEM15 Pin=J1_MEM15-5
Added Net: Name=BUS_0_MEM15
Added Pin To Net: NetName=BUS_0_MEM16 Pin=J1_MEM16-5
Added Net: Name=BUS_0_MEM16
Added Pin To Net: NetName=BUS_1_MEM1 Pin=J1_MEM1-7
Added Net: Name=BUS_1_MEM1
Added Pin To Net: NetName=BUS_1_MEM2 Pin=J1_MEM2-7
Added Net: Name=BUS_1_MEM2
Added Pin To Net: NetName=BUS_1_MEM3 Pin=J1_MEM3-7
Added Net: Name=BUS_1_MEM3
Added Pin To Net: NetName=BUS_1_MEM4 Pin=J1_MEM4-7
Added Net: Name=BUS_1_MEM4
Added Pin To Net: NetName=BUS_1_MEM5 Pin=J1_MEM5-7
Added Net: Name=BUS_1_MEM5
Added Pin To Net: NetName=BUS_1_MEM6 Pin=J1_MEM6-7
Added Net: Name=BUS_1_MEM6
Added Pin To Net: NetName=BUS_1_MEM7 Pin=J1_MEM7-7
Added Net: Name=BUS_1_MEM7
Added Pin To Net: NetName=BUS_1_MEM8 Pin=J1_MEM8-7
Added Net: Name=BUS_1_MEM8
Added Pin To Net: NetName=BUS_1_MEM9 Pin=J1_MEM9-7
Added Net: Name=BUS_1_MEM9
Added Pin To Net: NetName=BUS_1_MEM10 Pin=J1_MEM10-7
Added Net: Name=BUS_1_MEM10
Added Pin To Net: NetName=BUS_1_MEM11 Pin=J1_MEM11-7
Added Net: Name=BUS_1_MEM11
Added Pin To Net: NetName=BUS_1_MEM12 Pin=J1_MEM12-7
Added Net: Name=BUS_1_MEM12
Added Pin To Net: NetName=BUS_1_MEM13 Pin=J1_MEM13-7
Added Net: Name=BUS_1_MEM13
Added Pin To Net: NetName=BUS_1_MEM14 Pin=J1_MEM14-7
Added Net: Name=BUS_1_MEM14
Added Pin To Net: NetName=BUS_1_MEM15 Pin=J1_MEM15-7
Added Net: Name=BUS_1_MEM15
Added Pin To Net: NetName=BUS_1_MEM16 Pin=J1_MEM16-7
Added Net: Name=BUS_1_MEM16
Added Pin To Net: NetName=BUS_2_MEM1 Pin=J1_MEM1-9
Added Net: Name=BUS_2_MEM1
Added Pin To Net: NetName=BUS_2_MEM2 Pin=J1_MEM2-9
Added Net: Name=BUS_2_MEM2
Added Pin To Net: NetName=BUS_2_MEM3 Pin=J1_MEM3-9
Added Net: Name=BUS_2_MEM3
Added Pin To Net: NetName=BUS_2_MEM4 Pin=J1_MEM4-9
Added Net: Name=BUS_2_MEM4
Added Pin To Net: NetName=BUS_2_MEM5 Pin=J1_MEM5-9
Added Net: Name=BUS_2_MEM5
Added Pin To Net: NetName=BUS_2_MEM6 Pin=J1_MEM6-9
Added Net: Name=BUS_2_MEM6
Added Pin To Net: NetName=BUS_2_MEM7 Pin=J1_MEM7-9
Added Net: Name=BUS_2_MEM7
Added Pin To Net: NetName=BUS_2_MEM8 Pin=J1_MEM8-9
Added Net: Name=BUS_2_MEM8
Added Pin To Net: NetName=BUS_2_MEM9 Pin=J1_MEM9-9
Added Net: Name=BUS_2_MEM9
Added Pin To Net: NetName=BUS_2_MEM10 Pin=J1_MEM10-9
Added Net: Name=BUS_2_MEM10
Added Pin To Net: NetName=BUS_2_MEM11 Pin=J1_MEM11-9
Added Net: Name=BUS_2_MEM11
Added Pin To Net: NetName=BUS_2_MEM12 Pin=J1_MEM12-9
Added Net: Name=BUS_2_MEM12
Added Pin To Net: NetName=BUS_2_MEM13 Pin=J1_MEM13-9
Added Net: Name=BUS_2_MEM13
Added Pin To Net: NetName=BUS_2_MEM14 Pin=J1_MEM14-9
Added Net: Name=BUS_2_MEM14
Added Pin To Net: NetName=BUS_2_MEM15 Pin=J1_MEM15-9
Added Net: Name=BUS_2_MEM15
Added Pin To Net: NetName=BUS_2_MEM16 Pin=J1_MEM16-9
Added Net: Name=BUS_2_MEM16
Added Pin To Net: NetName=BUS_3_MEM1 Pin=J1_MEM1-11
Added Net: Name=BUS_3_MEM1
Added Pin To Net: NetName=BUS_3_MEM2 Pin=J1_MEM2-11
Added Net: Name=BUS_3_MEM2
Added Pin To Net: NetName=BUS_3_MEM3 Pin=J1_MEM3-11
Added Net: Name=BUS_3_MEM3
Added Pin To Net: NetName=BUS_3_MEM4 Pin=J1_MEM4-11
Added Net: Name=BUS_3_MEM4
Added Pin To Net: NetName=BUS_3_MEM5 Pin=J1_MEM5-11
Added Net: Name=BUS_3_MEM5
Added Pin To Net: NetName=BUS_3_MEM6 Pin=J1_MEM6-11
Added Net: Name=BUS_3_MEM6
Added Pin To Net: NetName=BUS_3_MEM7 Pin=J1_MEM7-11
Added Net: Name=BUS_3_MEM7
Added Pin To Net: NetName=BUS_3_MEM8 Pin=J1_MEM8-11
Added Net: Name=BUS_3_MEM8
Added Pin To Net: NetName=BUS_3_MEM9 Pin=J1_MEM9-11
Added Net: Name=BUS_3_MEM9
Added Pin To Net: NetName=BUS_3_MEM10 Pin=J1_MEM10-11
Added Net: Name=BUS_3_MEM10
Added Pin To Net: NetName=BUS_3_MEM11 Pin=J1_MEM11-11
Added Net: Name=BUS_3_MEM11
Added Pin To Net: NetName=BUS_3_MEM12 Pin=J1_MEM12-11
Added Net: Name=BUS_3_MEM12
Added Pin To Net: NetName=BUS_3_MEM13 Pin=J1_MEM13-11
Added Net: Name=BUS_3_MEM13
Added Pin To Net: NetName=BUS_3_MEM14 Pin=J1_MEM14-11
Added Net: Name=BUS_3_MEM14
Added Pin To Net: NetName=BUS_3_MEM15 Pin=J1_MEM15-11
Added Net: Name=BUS_3_MEM15
Added Pin To Net: NetName=BUS_3_MEM16 Pin=J1_MEM16-11
Added Net: Name=BUS_3_MEM16
Added Pin To Net: NetName=BUS_4_MEM1 Pin=J1_MEM1-13
Added Net: Name=BUS_4_MEM1
Added Pin To Net: NetName=BUS_4_MEM2 Pin=J1_MEM2-13
Added Net: Name=BUS_4_MEM2
Added Pin To Net: NetName=BUS_4_MEM3 Pin=J1_MEM3-13
Added Net: Name=BUS_4_MEM3
Added Pin To Net: NetName=BUS_4_MEM4 Pin=J1_MEM4-13
Added Net: Name=BUS_4_MEM4
Added Pin To Net: NetName=BUS_4_MEM5 Pin=J1_MEM5-13
Added Net: Name=BUS_4_MEM5
Added Pin To Net: NetName=BUS_4_MEM6 Pin=J1_MEM6-13
Added Net: Name=BUS_4_MEM6
Added Pin To Net: NetName=BUS_4_MEM7 Pin=J1_MEM7-13
Added Net: Name=BUS_4_MEM7
Added Pin To Net: NetName=BUS_4_MEM8 Pin=J1_MEM8-13
Added Net: Name=BUS_4_MEM8
Added Pin To Net: NetName=BUS_4_MEM9 Pin=J1_MEM9-13
Added Net: Name=BUS_4_MEM9
Added Pin To Net: NetName=BUS_4_MEM10 Pin=J1_MEM10-13
Added Net: Name=BUS_4_MEM10
Added Pin To Net: NetName=BUS_4_MEM11 Pin=J1_MEM11-13
Added Net: Name=BUS_4_MEM11
Added Pin To Net: NetName=BUS_4_MEM12 Pin=J1_MEM12-13
Added Net: Name=BUS_4_MEM12
Added Pin To Net: NetName=BUS_4_MEM13 Pin=J1_MEM13-13
Added Net: Name=BUS_4_MEM13
Added Pin To Net: NetName=BUS_4_MEM14 Pin=J1_MEM14-13
Added Net: Name=BUS_4_MEM14
Added Pin To Net: NetName=BUS_4_MEM15 Pin=J1_MEM15-13
Added Net: Name=BUS_4_MEM15
Added Pin To Net: NetName=BUS_4_MEM16 Pin=J1_MEM16-13
Added Net: Name=BUS_4_MEM16
Added Pin To Net: NetName=BUS_5_MEM1 Pin=J1_MEM1-15
Added Net: Name=BUS_5_MEM1
Added Pin To Net: NetName=BUS_5_MEM2 Pin=J1_MEM2-15
Added Net: Name=BUS_5_MEM2
Added Pin To Net: NetName=BUS_5_MEM3 Pin=J1_MEM3-15
Added Net: Name=BUS_5_MEM3
Added Pin To Net: NetName=BUS_5_MEM4 Pin=J1_MEM4-15
Added Net: Name=BUS_5_MEM4
Added Pin To Net: NetName=BUS_5_MEM5 Pin=J1_MEM5-15
Added Net: Name=BUS_5_MEM5
Added Pin To Net: NetName=BUS_5_MEM6 Pin=J1_MEM6-15
Added Net: Name=BUS_5_MEM6
Added Pin To Net: NetName=BUS_5_MEM7 Pin=J1_MEM7-15
Added Net: Name=BUS_5_MEM7
Added Pin To Net: NetName=BUS_5_MEM8 Pin=J1_MEM8-15
Added Net: Name=BUS_5_MEM8
Added Pin To Net: NetName=BUS_5_MEM9 Pin=J1_MEM9-15
Added Net: Name=BUS_5_MEM9
Added Pin To Net: NetName=BUS_5_MEM10 Pin=J1_MEM10-15
Added Net: Name=BUS_5_MEM10
Added Pin To Net: NetName=BUS_5_MEM11 Pin=J1_MEM11-15
Added Net: Name=BUS_5_MEM11
Added Pin To Net: NetName=BUS_5_MEM12 Pin=J1_MEM12-15
Added Net: Name=BUS_5_MEM12
Added Pin To Net: NetName=BUS_5_MEM13 Pin=J1_MEM13-15
Added Net: Name=BUS_5_MEM13
Added Pin To Net: NetName=BUS_5_MEM14 Pin=J1_MEM14-15
Added Net: Name=BUS_5_MEM14
Added Pin To Net: NetName=BUS_5_MEM15 Pin=J1_MEM15-15
Added Net: Name=BUS_5_MEM15
Added Pin To Net: NetName=BUS_5_MEM16 Pin=J1_MEM16-15
Added Net: Name=BUS_5_MEM16
Added Pin To Net: NetName=BUS_6_MEM1 Pin=J1_MEM1-17
Added Net: Name=BUS_6_MEM1
Added Pin To Net: NetName=BUS_6_MEM2 Pin=J1_MEM2-17
Added Net: Name=BUS_6_MEM2
Added Pin To Net: NetName=BUS_6_MEM3 Pin=J1_MEM3-17
Added Net: Name=BUS_6_MEM3
Added Pin To Net: NetName=BUS_6_MEM4 Pin=J1_MEM4-17
Added Net: Name=BUS_6_MEM4
Added Pin To Net: NetName=BUS_6_MEM5 Pin=J1_MEM5-17
Added Net: Name=BUS_6_MEM5
Added Pin To Net: NetName=BUS_6_MEM6 Pin=J1_MEM6-17
Added Net: Name=BUS_6_MEM6
Added Pin To Net: NetName=BUS_6_MEM7 Pin=J1_MEM7-17
Added Net: Name=BUS_6_MEM7
Added Pin To Net: NetName=BUS_6_MEM8 Pin=J1_MEM8-17
Added Net: Name=BUS_6_MEM8
Added Pin To Net: NetName=BUS_6_MEM9 Pin=J1_MEM9-17
Added Net: Name=BUS_6_MEM9
Added Pin To Net: NetName=BUS_6_MEM10 Pin=J1_MEM10-17
Added Net: Name=BUS_6_MEM10
Added Pin To Net: NetName=BUS_6_MEM11 Pin=J1_MEM11-17
Added Net: Name=BUS_6_MEM11
Added Pin To Net: NetName=BUS_6_MEM12 Pin=J1_MEM12-17
Added Net: Name=BUS_6_MEM12
Added Pin To Net: NetName=BUS_6_MEM13 Pin=J1_MEM13-17
Added Net: Name=BUS_6_MEM13
Added Pin To Net: NetName=BUS_6_MEM14 Pin=J1_MEM14-17
Added Net: Name=BUS_6_MEM14
Added Pin To Net: NetName=BUS_6_MEM15 Pin=J1_MEM15-17
Added Net: Name=BUS_6_MEM15
Added Pin To Net: NetName=BUS_6_MEM16 Pin=J1_MEM16-17
Added Net: Name=BUS_6_MEM16
Added Pin To Net: NetName=BUS_7_MEM1 Pin=J1_MEM1-19
Added Net: Name=BUS_7_MEM1
Added Pin To Net: NetName=BUS_7_MEM2 Pin=J1_MEM2-19
Added Net: Name=BUS_7_MEM2
Added Pin To Net: NetName=BUS_7_MEM3 Pin=J1_MEM3-19
Added Net: Name=BUS_7_MEM3
Added Pin To Net: NetName=BUS_7_MEM4 Pin=J1_MEM4-19
Added Net: Name=BUS_7_MEM4
Added Pin To Net: NetName=BUS_7_MEM5 Pin=J1_MEM5-19
Added Net: Name=BUS_7_MEM5
Added Pin To Net: NetName=BUS_7_MEM6 Pin=J1_MEM6-19
Added Net: Name=BUS_7_MEM6
Added Pin To Net: NetName=BUS_7_MEM7 Pin=J1_MEM7-19
Added Net: Name=BUS_7_MEM7
Added Pin To Net: NetName=BUS_7_MEM8 Pin=J1_MEM8-19
Added Net: Name=BUS_7_MEM8
Added Pin To Net: NetName=BUS_7_MEM9 Pin=J1_MEM9-19
Added Net: Name=BUS_7_MEM9
Added Pin To Net: NetName=BUS_7_MEM10 Pin=J1_MEM10-19
Added Net: Name=BUS_7_MEM10
Added Pin To Net: NetName=BUS_7_MEM11 Pin=J1_MEM11-19
Added Net: Name=BUS_7_MEM11
Added Pin To Net: NetName=BUS_7_MEM12 Pin=J1_MEM12-19
Added Net: Name=BUS_7_MEM12
Added Pin To Net: NetName=BUS_7_MEM13 Pin=J1_MEM13-19
Added Net: Name=BUS_7_MEM13
Added Pin To Net: NetName=BUS_7_MEM14 Pin=J1_MEM14-19
Added Net: Name=BUS_7_MEM14
Added Pin To Net: NetName=BUS_7_MEM15 Pin=J1_MEM15-19
Added Net: Name=BUS_7_MEM15
Added Pin To Net: NetName=BUS_7_MEM16 Pin=J1_MEM16-19
Added Net: Name=BUS_7_MEM16
Added Pin To Net: NetName=CLK_MEM1 Pin=J1_MEM1-33
Added Pin To Net: NetName=CLK_MEM1 Pin=J1_MEM2-33
Added Pin To Net: NetName=CLK_MEM1 Pin=J1_MEM3-33
Added Pin To Net: NetName=CLK_MEM1 Pin=J1_MEM4-33
Added Pin To Net: NetName=CLK_MEM1 Pin=J1_MEM5-33
Added Pin To Net: NetName=CLK_MEM1 Pin=J1_MEM6-33
Added Pin To Net: NetName=CLK_MEM1 Pin=J1_MEM7-33
Added Pin To Net: NetName=CLK_MEM1 Pin=J1_MEM8-33
Added Pin To Net: NetName=CLK_MEM1 Pin=J1_MEM9-33
Added Pin To Net: NetName=CLK_MEM1 Pin=J1_MEM10-33
Added Pin To Net: NetName=CLK_MEM1 Pin=J1_MEM11-33
Added Pin To Net: NetName=CLK_MEM1 Pin=J1_MEM12-33
Added Pin To Net: NetName=CLK_MEM1 Pin=J1_MEM13-33
Added Pin To Net: NetName=CLK_MEM1 Pin=J1_MEM14-33
Added Pin To Net: NetName=CLK_MEM1 Pin=J1_MEM15-33
Added Pin To Net: NetName=CLK_MEM1 Pin=J1_MEM16-33
Added Net: Name=CLK_MEM1
Added Pin To Net: NetName=EN_MEM1 Pin=J1_MEM1-35
Added Net: Name=EN_MEM1
Added Pin To Net: NetName=EN_MEM2 Pin=J1_MEM2-35
Added Net: Name=EN_MEM2
Added Pin To Net: NetName=EN_MEM3 Pin=J1_MEM3-35
Added Net: Name=EN_MEM3
Added Pin To Net: NetName=EN_MEM4 Pin=J1_MEM4-35
Added Net: Name=EN_MEM4
Added Pin To Net: NetName=EN_MEM5 Pin=J1_MEM5-35
Added Net: Name=EN_MEM5
Added Pin To Net: NetName=EN_MEM6 Pin=J1_MEM6-35
Added Net: Name=EN_MEM6
Added Pin To Net: NetName=EN_MEM7 Pin=J1_MEM7-35
Added Net: Name=EN_MEM7
Added Pin To Net: NetName=EN_MEM8 Pin=J1_MEM8-35
Added Net: Name=EN_MEM8
Added Pin To Net: NetName=EN_MEM9 Pin=J1_MEM9-35
Added Net: Name=EN_MEM9
Added Pin To Net: NetName=EN_MEM10 Pin=J1_MEM10-35
Added Net: Name=EN_MEM10
Added Pin To Net: NetName=EN_MEM11 Pin=J1_MEM11-35
Added Net: Name=EN_MEM11
Added Pin To Net: NetName=EN_MEM12 Pin=J1_MEM12-35
Added Net: Name=EN_MEM12
Added Pin To Net: NetName=EN_MEM13 Pin=J1_MEM13-35
Added Net: Name=EN_MEM13
Added Pin To Net: NetName=EN_MEM14 Pin=J1_MEM14-35
Added Net: Name=EN_MEM14
Added Pin To Net: NetName=EN_MEM15 Pin=J1_MEM15-35
Added Net: Name=EN_MEM15
Added Pin To Net: NetName=EN_MEM16 Pin=J1_MEM16-35
Added Net: Name=EN_MEM16
Added Pin To Net: NetName=GND Pin=J1_MEM1-37
Added Pin To Net: NetName=GND Pin=J1_MEM1-38
Added Pin To Net: NetName=GND Pin=J1_MEM1-39
Added Pin To Net: NetName=GND Pin=J1_MEM1-40
Added Pin To Net: NetName=GND Pin=J1_MEM2-37
Added Pin To Net: NetName=GND Pin=J1_MEM2-38
Added Pin To Net: NetName=GND Pin=J1_MEM2-39
Added Pin To Net: NetName=GND Pin=J1_MEM2-40
Added Pin To Net: NetName=GND Pin=J1_MEM3-37
Added Pin To Net: NetName=GND Pin=J1_MEM3-38
Added Pin To Net: NetName=GND Pin=J1_MEM3-39
Added Pin To Net: NetName=GND Pin=J1_MEM3-40
Added Pin To Net: NetName=GND Pin=J1_MEM4-37
Added Pin To Net: NetName=GND Pin=J1_MEM4-38
Added Pin To Net: NetName=GND Pin=J1_MEM4-39
Added Pin To Net: NetName=GND Pin=J1_MEM4-40
Added Pin To Net: NetName=GND Pin=J1_MEM5-37
Added Pin To Net: NetName=GND Pin=J1_MEM5-38
Added Pin To Net: NetName=GND Pin=J1_MEM5-39
Added Pin To Net: NetName=GND Pin=J1_MEM5-40
Added Pin To Net: NetName=GND Pin=J1_MEM6-37
Added Pin To Net: NetName=GND Pin=J1_MEM6-38
Added Pin To Net: NetName=GND Pin=J1_MEM6-39
Added Pin To Net: NetName=GND Pin=J1_MEM6-40
Added Pin To Net: NetName=GND Pin=J1_MEM7-37
Added Pin To Net: NetName=GND Pin=J1_MEM7-38
Added Pin To Net: NetName=GND Pin=J1_MEM7-39
Added Pin To Net: NetName=GND Pin=J1_MEM7-40
Added Pin To Net: NetName=GND Pin=J1_MEM8-37
Added Pin To Net: NetName=GND Pin=J1_MEM8-38
Added Pin To Net: NetName=GND Pin=J1_MEM8-39
Added Pin To Net: NetName=GND Pin=J1_MEM8-40
Added Pin To Net: NetName=GND Pin=J1_MEM9-37
Added Pin To Net: NetName=GND Pin=J1_MEM9-38
Added Pin To Net: NetName=GND Pin=J1_MEM9-39
Added Pin To Net: NetName=GND Pin=J1_MEM9-40
Added Pin To Net: NetName=GND Pin=J1_MEM10-37
Added Pin To Net: NetName=GND Pin=J1_MEM10-38
Added Pin To Net: NetName=GND Pin=J1_MEM10-39
Added Pin To Net: NetName=GND Pin=J1_MEM10-40
Added Pin To Net: NetName=GND Pin=J1_MEM11-37
Added Pin To Net: NetName=GND Pin=J1_MEM11-38
Added Pin To Net: NetName=GND Pin=J1_MEM11-39
Added Pin To Net: NetName=GND Pin=J1_MEM11-40
Added Pin To Net: NetName=GND Pin=J1_MEM12-37
Added Pin To Net: NetName=GND Pin=J1_MEM12-38
Added Pin To Net: NetName=GND Pin=J1_MEM12-39
Added Pin To Net: NetName=GND Pin=J1_MEM12-40
Added Pin To Net: NetName=GND Pin=J1_MEM13-37
Added Pin To Net: NetName=GND Pin=J1_MEM13-38
Added Pin To Net: NetName=GND Pin=J1_MEM13-39
Added Pin To Net: NetName=GND Pin=J1_MEM13-40
Added Pin To Net: NetName=GND Pin=J1_MEM14-37
Added Pin To Net: NetName=GND Pin=J1_MEM14-38
Added Pin To Net: NetName=GND Pin=J1_MEM14-39
Added Pin To Net: NetName=GND Pin=J1_MEM14-40
Added Pin To Net: NetName=GND Pin=J1_MEM15-37
Added Pin To Net: NetName=GND Pin=J1_MEM15-38
Added Pin To Net: NetName=GND Pin=J1_MEM15-39
Added Pin To Net: NetName=GND Pin=J1_MEM15-40
Added Pin To Net: NetName=GND Pin=J1_MEM16-37
Added Pin To Net: NetName=GND Pin=J1_MEM16-38
Added Pin To Net: NetName=GND Pin=J1_MEM16-39
Added Pin To Net: NetName=GND Pin=J1_MEM16-40
Added Net: Name=GND
Added Pin To Net: NetName=LOAD_MEM1 Pin=J1_MEM1-29
Added Pin To Net: NetName=LOAD_MEM1 Pin=J1_MEM2-29
Added Pin To Net: NetName=LOAD_MEM1 Pin=J1_MEM3-29
Added Pin To Net: NetName=LOAD_MEM1 Pin=J1_MEM4-29
Added Pin To Net: NetName=LOAD_MEM1 Pin=J1_MEM5-29
Added Pin To Net: NetName=LOAD_MEM1 Pin=J1_MEM6-29
Added Pin To Net: NetName=LOAD_MEM1 Pin=J1_MEM7-29
Added Pin To Net: NetName=LOAD_MEM1 Pin=J1_MEM8-29
Added Pin To Net: NetName=LOAD_MEM1 Pin=J1_MEM9-29
Added Pin To Net: NetName=LOAD_MEM1 Pin=J1_MEM10-29
Added Pin To Net: NetName=LOAD_MEM1 Pin=J1_MEM11-29
Added Pin To Net: NetName=LOAD_MEM1 Pin=J1_MEM12-29
Added Pin To Net: NetName=LOAD_MEM1 Pin=J1_MEM13-29
Added Pin To Net: NetName=LOAD_MEM1 Pin=J1_MEM14-29
Added Pin To Net: NetName=LOAD_MEM1 Pin=J1_MEM15-29
Added Pin To Net: NetName=LOAD_MEM1 Pin=J1_MEM16-29
Added Net: Name=LOAD_MEM1
Added Pin To Net: NetName=LSB_MSB_MEM1 Pin=J1_MEM1-25
Added Pin To Net: NetName=LSB_MSB_MEM1 Pin=J1_MEM2-25
Added Pin To Net: NetName=LSB_MSB_MEM1 Pin=J1_MEM3-25
Added Pin To Net: NetName=LSB_MSB_MEM1 Pin=J1_MEM4-25
Added Pin To Net: NetName=LSB_MSB_MEM1 Pin=J1_MEM5-25
Added Pin To Net: NetName=LSB_MSB_MEM1 Pin=J1_MEM6-25
Added Pin To Net: NetName=LSB_MSB_MEM1 Pin=J1_MEM7-25
Added Pin To Net: NetName=LSB_MSB_MEM1 Pin=J1_MEM8-25
Added Pin To Net: NetName=LSB_MSB_MEM1 Pin=J1_MEM9-25
Added Pin To Net: NetName=LSB_MSB_MEM1 Pin=J1_MEM10-25
Added Pin To Net: NetName=LSB_MSB_MEM1 Pin=J1_MEM11-25
Added Pin To Net: NetName=LSB_MSB_MEM1 Pin=J1_MEM12-25
Added Pin To Net: NetName=LSB_MSB_MEM1 Pin=J1_MEM13-25
Added Pin To Net: NetName=LSB_MSB_MEM1 Pin=J1_MEM14-25
Added Pin To Net: NetName=LSB_MSB_MEM1 Pin=J1_MEM15-25
Added Pin To Net: NetName=LSB_MSB_MEM1 Pin=J1_MEM16-25
Added Net: Name=LSB_MSB_MEM1
Added Pin To Net: NetName=O\U\T\_MEM1 Pin=J1_MEM1-27
Added Pin To Net: NetName=O\U\T\_MEM1 Pin=J1_MEM2-27
Added Pin To Net: NetName=O\U\T\_MEM1 Pin=J1_MEM3-27
Added Pin To Net: NetName=O\U\T\_MEM1 Pin=J1_MEM4-27
Added Pin To Net: NetName=O\U\T\_MEM1 Pin=J1_MEM5-27
Added Pin To Net: NetName=O\U\T\_MEM1 Pin=J1_MEM6-27
Added Pin To Net: NetName=O\U\T\_MEM1 Pin=J1_MEM7-27
Added Pin To Net: NetName=O\U\T\_MEM1 Pin=J1_MEM8-27
Added Pin To Net: NetName=O\U\T\_MEM1 Pin=J1_MEM9-27
Added Pin To Net: NetName=O\U\T\_MEM1 Pin=J1_MEM10-27
Added Pin To Net: NetName=O\U\T\_MEM1 Pin=J1_MEM11-27
Added Pin To Net: NetName=O\U\T\_MEM1 Pin=J1_MEM12-27
Added Pin To Net: NetName=O\U\T\_MEM1 Pin=J1_MEM13-27
Added Pin To Net: NetName=O\U\T\_MEM1 Pin=J1_MEM14-27
Added Pin To Net: NetName=O\U\T\_MEM1 Pin=J1_MEM15-27
Added Pin To Net: NetName=O\U\T\_MEM1 Pin=J1_MEM16-27
Added Net: Name=O\U\T\_MEM1
Added Pin To Net: NetName=RST_MEM1 Pin=J1_MEM1-31
Added Pin To Net: NetName=RST_MEM1 Pin=J1_MEM2-31
Added Pin To Net: NetName=RST_MEM1 Pin=J1_MEM3-31
Added Pin To Net: NetName=RST_MEM1 Pin=J1_MEM4-31
Added Pin To Net: NetName=RST_MEM1 Pin=J1_MEM5-31
Added Pin To Net: NetName=RST_MEM1 Pin=J1_MEM6-31
Added Pin To Net: NetName=RST_MEM1 Pin=J1_MEM7-31
Added Pin To Net: NetName=RST_MEM1 Pin=J1_MEM8-31
Added Pin To Net: NetName=RST_MEM1 Pin=J1_MEM9-31
Added Pin To Net: NetName=RST_MEM1 Pin=J1_MEM10-31
Added Pin To Net: NetName=RST_MEM1 Pin=J1_MEM11-31
Added Pin To Net: NetName=RST_MEM1 Pin=J1_MEM12-31
Added Pin To Net: NetName=RST_MEM1 Pin=J1_MEM13-31
Added Pin To Net: NetName=RST_MEM1 Pin=J1_MEM14-31
Added Pin To Net: NetName=RST_MEM1 Pin=J1_MEM15-31
Added Pin To Net: NetName=RST_MEM1 Pin=J1_MEM16-31
Added Net: Name=RST_MEM1
Added Pin To Net: NetName=VCC Pin=J1_MEM1-1
Added Pin To Net: NetName=VCC Pin=J1_MEM1-2
Added Pin To Net: NetName=VCC Pin=J1_MEM1-3
Added Pin To Net: NetName=VCC Pin=J1_MEM1-4
Added Pin To Net: NetName=VCC Pin=J1_MEM2-1
Added Pin To Net: NetName=VCC Pin=J1_MEM2-2
Added Pin To Net: NetName=VCC Pin=J1_MEM2-3
Added Pin To Net: NetName=VCC Pin=J1_MEM2-4
Added Pin To Net: NetName=VCC Pin=J1_MEM3-1
Added Pin To Net: NetName=VCC Pin=J1_MEM3-2
Added Pin To Net: NetName=VCC Pin=J1_MEM3-3
Added Pin To Net: NetName=VCC Pin=J1_MEM3-4
Added Pin To Net: NetName=VCC Pin=J1_MEM4-1
Added Pin To Net: NetName=VCC Pin=J1_MEM4-2
Added Pin To Net: NetName=VCC Pin=J1_MEM4-3
Added Pin To Net: NetName=VCC Pin=J1_MEM4-4
Added Pin To Net: NetName=VCC Pin=J1_MEM5-1
Added Pin To Net: NetName=VCC Pin=J1_MEM5-2
Added Pin To Net: NetName=VCC Pin=J1_MEM5-3
Added Pin To Net: NetName=VCC Pin=J1_MEM5-4
Added Pin To Net: NetName=VCC Pin=J1_MEM6-1
Added Pin To Net: NetName=VCC Pin=J1_MEM6-2
Added Pin To Net: NetName=VCC Pin=J1_MEM6-3
Added Pin To Net: NetName=VCC Pin=J1_MEM6-4
Added Pin To Net: NetName=VCC Pin=J1_MEM7-1
Added Pin To Net: NetName=VCC Pin=J1_MEM7-2
Added Pin To Net: NetName=VCC Pin=J1_MEM7-3
Added Pin To Net: NetName=VCC Pin=J1_MEM7-4
Added Pin To Net: NetName=VCC Pin=J1_MEM8-1
Added Pin To Net: NetName=VCC Pin=J1_MEM8-2
Added Pin To Net: NetName=VCC Pin=J1_MEM8-3
Added Pin To Net: NetName=VCC Pin=J1_MEM8-4
Added Pin To Net: NetName=VCC Pin=J1_MEM9-1
Added Pin To Net: NetName=VCC Pin=J1_MEM9-2
Added Pin To Net: NetName=VCC Pin=J1_MEM9-3
Added Pin To Net: NetName=VCC Pin=J1_MEM9-4
Added Pin To Net: NetName=VCC Pin=J1_MEM10-1
Added Pin To Net: NetName=VCC Pin=J1_MEM10-2
Added Pin To Net: NetName=VCC Pin=J1_MEM10-3
Added Pin To Net: NetName=VCC Pin=J1_MEM10-4
Added Pin To Net: NetName=VCC Pin=J1_MEM11-1
Added Pin To Net: NetName=VCC Pin=J1_MEM11-2
Added Pin To Net: NetName=VCC Pin=J1_MEM11-3
Added Pin To Net: NetName=VCC Pin=J1_MEM11-4
Added Pin To Net: NetName=VCC Pin=J1_MEM12-1
Added Pin To Net: NetName=VCC Pin=J1_MEM12-2
Added Pin To Net: NetName=VCC Pin=J1_MEM12-3
Added Pin To Net: NetName=VCC Pin=J1_MEM12-4
Added Pin To Net: NetName=VCC Pin=J1_MEM13-1
Added Pin To Net: NetName=VCC Pin=J1_MEM13-2
Added Pin To Net: NetName=VCC Pin=J1_MEM13-3
Added Pin To Net: NetName=VCC Pin=J1_MEM13-4
Added Pin To Net: NetName=VCC Pin=J1_MEM14-1
Added Pin To Net: NetName=VCC Pin=J1_MEM14-2
Added Pin To Net: NetName=VCC Pin=J1_MEM14-3
Added Pin To Net: NetName=VCC Pin=J1_MEM14-4
Added Pin To Net: NetName=VCC Pin=J1_MEM15-1
Added Pin To Net: NetName=VCC Pin=J1_MEM15-2
Added Pin To Net: NetName=VCC Pin=J1_MEM15-3
Added Pin To Net: NetName=VCC Pin=J1_MEM15-4
Added Pin To Net: NetName=VCC Pin=J1_MEM16-1
Added Pin To Net: NetName=VCC Pin=J1_MEM16-2
Added Pin To Net: NetName=VCC Pin=J1_MEM16-3
Added Pin To Net: NetName=VCC Pin=J1_MEM16-4
Added Net: Name=VCC
Added Class: Name=MEM1
Added Class: Name=MEM2
Added Class: Name=MEM3
Added Class: Name=MEM4
Added Class: Name=MEM5
Added Class: Name=MEM6
Added Class: Name=MEM7
Added Class: Name=MEM8
Added Class: Name=MEM9
Added Class: Name=MEM10
Added Class: Name=MEM11
Added Class: Name=MEM12
Added Class: Name=MEM13
Added Class: Name=MEM14
Added Class: Name=MEM15
Added Class: Name=MEM16
Added Class: Name=ADDR_[15..0]
Added Class: Name=BUS_[15..0]
Added Class: Name=Memory Address Decoder
Added Class: Name=Memory Connector
Added Room: Name=MEM1
Added Room: Name=MEM2
Added Room: Name=MEM3
Added Room: Name=MEM4
Added Room: Name=MEM5
Added Room: Name=MEM6
Added Room: Name=MEM7
Added Room: Name=MEM8
Added Room: Name=MEM9
Added Room: Name=MEM10
Added Room: Name=MEM11
Added Room: Name=MEM12
Added Room: Name=MEM13
Added Room: Name=MEM14
Added Room: Name=MEM15
Added Room: Name=MEM16
