Removed Pin From Net: NetName=VCC Pin=J1_MEM1-1
Removed Pin From Net: NetName=VCC Pin=J1_MEM1-2
Removed Pin From Net: NetName=VCC Pin=J1_MEM1-3
Removed Pin From Net: NetName=VCC Pin=J1_MEM1-4
Removed Pin From Net: NetName=BUS_0 Pin=J1_MEM1-5
Removed Pin From Net: NetName=ADDR_0 Pin=J1_MEM1-6
Removed Pin From Net: NetName=BUS_1 Pin=J1_MEM1-7
Removed Pin From Net: NetName=ADDR_1 Pin=J1_MEM1-8
Removed Pin From Net: NetName=BUS_2 Pin=J1_MEM1-9
Removed Pin From Net: NetName=ADDR_2 Pin=J1_MEM1-10
Removed Pin From Net: NetName=BUS_3 Pin=J1_MEM1-11
Removed Pin From Net: NetName=ADDR_3 Pin=J1_MEM1-12
Removed Pin From Net: NetName=BUS_4 Pin=J1_MEM1-13
Removed Pin From Net: NetName=ADDR_4 Pin=J1_MEM1-14
Removed Pin From Net: NetName=BUS_5 Pin=J1_MEM1-15
Removed Pin From Net: NetName=ADDR_5 Pin=J1_MEM1-16
Removed Pin From Net: NetName=BUS_6 Pin=J1_MEM1-17
Removed Pin From Net: NetName=ADDR_6 Pin=J1_MEM1-18
Removed Pin From Net: NetName=BUS_7 Pin=J1_MEM1-19
Removed Pin From Net: NetName=ADDR_7 Pin=J1_MEM1-20
Removed Pin From Net: NetName=ADDR_8 Pin=J1_MEM1-22
Removed Pin From Net: NetName=ADDR_9 Pin=J1_MEM1-24
Removed Pin From Net: NetName=CLK Pin=J1_MEM1-25
Removed Pin From Net: NetName=ADDR_10 Pin=J1_MEM1-26
Removed Pin From Net: NetName=MO Pin=J1_MEM1-27
Removed Pin From Net: NetName=ADDR_11 Pin=J1_MEM1-28
Removed Pin From Net: NetName=ADDR_12 Pin=J1_MEM1-30
Removed Pin From Net: NetName=RST Pin=J1_MEM1-31
Removed Pin From Net: NetName=ADDR_13 Pin=J1_MEM1-32
Removed Pin From Net: NetName=CLK Pin=J1_MEM1-33
Removed Pin From Net: NetName=ADDR_14 Pin=J1_MEM1-34
Removed Pin From Net: NetName=ADDR_15 Pin=J1_MEM1-36
Removed Pin From Net: NetName=GND Pin=J1_MEM1-37
Removed Pin From Net: NetName=GND Pin=J1_MEM1-38
Removed Pin From Net: NetName=GND Pin=J1_MEM1-39
Removed Pin From Net: NetName=GND Pin=J1_MEM1-40
Removed Pin From Net: NetName=VCC Pin=J1_MEM2-1
Removed Pin From Net: NetName=VCC Pin=J1_MEM2-2
Removed Pin From Net: NetName=VCC Pin=J1_MEM2-3
Removed Pin From Net: NetName=VCC Pin=J1_MEM2-4
Removed Pin From Net: NetName=BUS_0 Pin=J1_MEM2-5
Removed Pin From Net: NetName=ADDR_0 Pin=J1_MEM2-6
Removed Pin From Net: NetName=BUS_1 Pin=J1_MEM2-7
Removed Pin From Net: NetName=ADDR_1 Pin=J1_MEM2-8
Removed Pin From Net: NetName=BUS_2 Pin=J1_MEM2-9
Removed Pin From Net: NetName=ADDR_2 Pin=J1_MEM2-10
Removed Pin From Net: NetName=BUS_3 Pin=J1_MEM2-11
Removed Pin From Net: NetName=ADDR_3 Pin=J1_MEM2-12
Removed Pin From Net: NetName=BUS_4 Pin=J1_MEM2-13
Removed Pin From Net: NetName=ADDR_4 Pin=J1_MEM2-14
Removed Pin From Net: NetName=BUS_5 Pin=J1_MEM2-15
Removed Pin From Net: NetName=ADDR_5 Pin=J1_MEM2-16
Removed Pin From Net: NetName=BUS_6 Pin=J1_MEM2-17
Removed Pin From Net: NetName=ADDR_6 Pin=J1_MEM2-18
Removed Pin From Net: NetName=BUS_7 Pin=J1_MEM2-19
Removed Pin From Net: NetName=ADDR_7 Pin=J1_MEM2-20
Removed Pin From Net: NetName=ADDR_8 Pin=J1_MEM2-22
Removed Pin From Net: NetName=ADDR_9 Pin=J1_MEM2-24
Removed Pin From Net: NetName=CLK Pin=J1_MEM2-25
Removed Pin From Net: NetName=ADDR_10 Pin=J1_MEM2-26
Removed Pin From Net: NetName=MO Pin=J1_MEM2-27
Removed Pin From Net: NetName=ADDR_11 Pin=J1_MEM2-28
Removed Pin From Net: NetName=ADDR_12 Pin=J1_MEM2-30
Removed Pin From Net: NetName=RST Pin=J1_MEM2-31
Removed Pin From Net: NetName=ADDR_13 Pin=J1_MEM2-32
Removed Pin From Net: NetName=CLK Pin=J1_MEM2-33
Removed Pin From Net: NetName=ADDR_14 Pin=J1_MEM2-34
Removed Pin From Net: NetName=ADDR_15 Pin=J1_MEM2-36
Removed Pin From Net: NetName=GND Pin=J1_MEM2-37
Removed Pin From Net: NetName=GND Pin=J1_MEM2-38
Removed Pin From Net: NetName=GND Pin=J1_MEM2-39
Removed Pin From Net: NetName=GND Pin=J1_MEM2-40
Removed Pin From Net: NetName=VCC Pin=J1_MEM3-1
Removed Pin From Net: NetName=VCC Pin=J1_MEM3-2
Removed Pin From Net: NetName=VCC Pin=J1_MEM3-3
Removed Pin From Net: NetName=VCC Pin=J1_MEM3-4
Removed Pin From Net: NetName=BUS_0 Pin=J1_MEM3-5
Removed Pin From Net: NetName=ADDR_0 Pin=J1_MEM3-6
Removed Pin From Net: NetName=BUS_1 Pin=J1_MEM3-7
Removed Pin From Net: NetName=ADDR_1 Pin=J1_MEM3-8
Removed Pin From Net: NetName=BUS_2 Pin=J1_MEM3-9
Removed Pin From Net: NetName=ADDR_2 Pin=J1_MEM3-10
Removed Pin From Net: NetName=BUS_3 Pin=J1_MEM3-11
Removed Pin From Net: NetName=ADDR_3 Pin=J1_MEM3-12
Removed Pin From Net: NetName=BUS_4 Pin=J1_MEM3-13
Removed Pin From Net: NetName=ADDR_4 Pin=J1_MEM3-14
Removed Pin From Net: NetName=BUS_5 Pin=J1_MEM3-15
Removed Pin From Net: NetName=ADDR_5 Pin=J1_MEM3-16
Removed Pin From Net: NetName=BUS_6 Pin=J1_MEM3-17
Removed Pin From Net: NetName=ADDR_6 Pin=J1_MEM3-18
Removed Pin From Net: NetName=BUS_7 Pin=J1_MEM3-19
Removed Pin From Net: NetName=ADDR_7 Pin=J1_MEM3-20
Removed Pin From Net: NetName=ADDR_8 Pin=J1_MEM3-22
Removed Pin From Net: NetName=ADDR_9 Pin=J1_MEM3-24
Removed Pin From Net: NetName=CLK Pin=J1_MEM3-25
Removed Pin From Net: NetName=ADDR_10 Pin=J1_MEM3-26
Removed Pin From Net: NetName=MO Pin=J1_MEM3-27
Removed Pin From Net: NetName=ADDR_11 Pin=J1_MEM3-28
Removed Pin From Net: NetName=ADDR_12 Pin=J1_MEM3-30
Removed Pin From Net: NetName=RST Pin=J1_MEM3-31
Removed Pin From Net: NetName=ADDR_13 Pin=J1_MEM3-32
Removed Pin From Net: NetName=CLK Pin=J1_MEM3-33
Removed Pin From Net: NetName=ADDR_14 Pin=J1_MEM3-34
Removed Pin From Net: NetName=ADDR_15 Pin=J1_MEM3-36
Removed Pin From Net: NetName=GND Pin=J1_MEM3-37
Removed Pin From Net: NetName=GND Pin=J1_MEM3-38
Removed Pin From Net: NetName=GND Pin=J1_MEM3-39
Removed Pin From Net: NetName=GND Pin=J1_MEM3-40
Removed Pin From Net: NetName=VCC Pin=J1_MEM4-1
Removed Pin From Net: NetName=VCC Pin=J1_MEM4-2
Removed Pin From Net: NetName=VCC Pin=J1_MEM4-3
Removed Pin From Net: NetName=VCC Pin=J1_MEM4-4
Removed Pin From Net: NetName=BUS_0 Pin=J1_MEM4-5
Removed Pin From Net: NetName=ADDR_0 Pin=J1_MEM4-6
Removed Pin From Net: NetName=BUS_1 Pin=J1_MEM4-7
Removed Pin From Net: NetName=ADDR_1 Pin=J1_MEM4-8
Removed Pin From Net: NetName=BUS_2 Pin=J1_MEM4-9
Removed Pin From Net: NetName=ADDR_2 Pin=J1_MEM4-10
Removed Pin From Net: NetName=BUS_3 Pin=J1_MEM4-11
Removed Pin From Net: NetName=ADDR_3 Pin=J1_MEM4-12
Removed Pin From Net: NetName=BUS_4 Pin=J1_MEM4-13
Removed Pin From Net: NetName=ADDR_4 Pin=J1_MEM4-14
Removed Pin From Net: NetName=BUS_5 Pin=J1_MEM4-15
Removed Pin From Net: NetName=ADDR_5 Pin=J1_MEM4-16
Removed Pin From Net: NetName=BUS_6 Pin=J1_MEM4-17
Removed Pin From Net: NetName=ADDR_6 Pin=J1_MEM4-18
Removed Pin From Net: NetName=BUS_7 Pin=J1_MEM4-19
Removed Pin From Net: NetName=ADDR_7 Pin=J1_MEM4-20
Removed Pin From Net: NetName=ADDR_8 Pin=J1_MEM4-22
Removed Pin From Net: NetName=ADDR_9 Pin=J1_MEM4-24
Removed Pin From Net: NetName=CLK Pin=J1_MEM4-25
Removed Pin From Net: NetName=ADDR_10 Pin=J1_MEM4-26
Removed Pin From Net: NetName=MO Pin=J1_MEM4-27
Removed Pin From Net: NetName=ADDR_11 Pin=J1_MEM4-28
Removed Pin From Net: NetName=ADDR_12 Pin=J1_MEM4-30
Removed Pin From Net: NetName=RST Pin=J1_MEM4-31
Removed Pin From Net: NetName=ADDR_13 Pin=J1_MEM4-32
Removed Pin From Net: NetName=CLK Pin=J1_MEM4-33
Removed Pin From Net: NetName=ADDR_14 Pin=J1_MEM4-34
Removed Pin From Net: NetName=ADDR_15 Pin=J1_MEM4-36
Removed Pin From Net: NetName=GND Pin=J1_MEM4-37
Removed Pin From Net: NetName=GND Pin=J1_MEM4-38
Removed Pin From Net: NetName=GND Pin=J1_MEM4-39
Removed Pin From Net: NetName=GND Pin=J1_MEM4-40
Removed Pin From Net: NetName=VCC Pin=J1_MEM5-1
Removed Pin From Net: NetName=VCC Pin=J1_MEM5-2
Removed Pin From Net: NetName=VCC Pin=J1_MEM5-3
Removed Pin From Net: NetName=VCC Pin=J1_MEM5-4
Removed Pin From Net: NetName=BUS_0 Pin=J1_MEM5-5
Removed Pin From Net: NetName=ADDR_0 Pin=J1_MEM5-6
Removed Pin From Net: NetName=BUS_1 Pin=J1_MEM5-7
Removed Pin From Net: NetName=ADDR_1 Pin=J1_MEM5-8
Removed Pin From Net: NetName=BUS_2 Pin=J1_MEM5-9
Removed Pin From Net: NetName=ADDR_2 Pin=J1_MEM5-10
Removed Pin From Net: NetName=BUS_3 Pin=J1_MEM5-11
Removed Pin From Net: NetName=ADDR_3 Pin=J1_MEM5-12
Removed Pin From Net: NetName=BUS_4 Pin=J1_MEM5-13
Removed Pin From Net: NetName=ADDR_4 Pin=J1_MEM5-14
Removed Pin From Net: NetName=BUS_5 Pin=J1_MEM5-15
Removed Pin From Net: NetName=ADDR_5 Pin=J1_MEM5-16
Removed Pin From Net: NetName=BUS_6 Pin=J1_MEM5-17
Removed Pin From Net: NetName=ADDR_6 Pin=J1_MEM5-18
Removed Pin From Net: NetName=BUS_7 Pin=J1_MEM5-19
Removed Pin From Net: NetName=ADDR_7 Pin=J1_MEM5-20
Removed Pin From Net: NetName=ADDR_8 Pin=J1_MEM5-22
Removed Pin From Net: NetName=ADDR_9 Pin=J1_MEM5-24
Removed Pin From Net: NetName=CLK Pin=J1_MEM5-25
Removed Pin From Net: NetName=ADDR_10 Pin=J1_MEM5-26
Removed Pin From Net: NetName=MO Pin=J1_MEM5-27
Removed Pin From Net: NetName=ADDR_11 Pin=J1_MEM5-28
Removed Pin From Net: NetName=ADDR_12 Pin=J1_MEM5-30
Removed Pin From Net: NetName=RST Pin=J1_MEM5-31
Removed Pin From Net: NetName=ADDR_13 Pin=J1_MEM5-32
Removed Pin From Net: NetName=CLK Pin=J1_MEM5-33
Removed Pin From Net: NetName=ADDR_14 Pin=J1_MEM5-34
Removed Pin From Net: NetName=ADDR_15 Pin=J1_MEM5-36
Removed Pin From Net: NetName=GND Pin=J1_MEM5-37
Removed Pin From Net: NetName=GND Pin=J1_MEM5-38
Removed Pin From Net: NetName=GND Pin=J1_MEM5-39
Removed Pin From Net: NetName=GND Pin=J1_MEM5-40
Removed Pin From Net: NetName=VCC Pin=J1_MEM6-1
Removed Pin From Net: NetName=VCC Pin=J1_MEM6-2
Removed Pin From Net: NetName=VCC Pin=J1_MEM6-3
Removed Pin From Net: NetName=VCC Pin=J1_MEM6-4
Removed Pin From Net: NetName=BUS_0 Pin=J1_MEM6-5
Removed Pin From Net: NetName=ADDR_0 Pin=J1_MEM6-6
Removed Pin From Net: NetName=BUS_1 Pin=J1_MEM6-7
Removed Pin From Net: NetName=ADDR_1 Pin=J1_MEM6-8
Removed Pin From Net: NetName=BUS_2 Pin=J1_MEM6-9
Removed Pin From Net: NetName=ADDR_2 Pin=J1_MEM6-10
Removed Pin From Net: NetName=BUS_3 Pin=J1_MEM6-11
Removed Pin From Net: NetName=ADDR_3 Pin=J1_MEM6-12
Removed Pin From Net: NetName=BUS_4 Pin=J1_MEM6-13
Removed Pin From Net: NetName=ADDR_4 Pin=J1_MEM6-14
Removed Pin From Net: NetName=BUS_5 Pin=J1_MEM6-15
Removed Pin From Net: NetName=ADDR_5 Pin=J1_MEM6-16
Removed Pin From Net: NetName=BUS_6 Pin=J1_MEM6-17
Removed Pin From Net: NetName=ADDR_6 Pin=J1_MEM6-18
Removed Pin From Net: NetName=BUS_7 Pin=J1_MEM6-19
Removed Pin From Net: NetName=ADDR_7 Pin=J1_MEM6-20
Removed Pin From Net: NetName=ADDR_8 Pin=J1_MEM6-22
Removed Pin From Net: NetName=ADDR_9 Pin=J1_MEM6-24
Removed Pin From Net: NetName=CLK Pin=J1_MEM6-25
Removed Pin From Net: NetName=ADDR_10 Pin=J1_MEM6-26
Removed Pin From Net: NetName=MO Pin=J1_MEM6-27
Removed Pin From Net: NetName=ADDR_11 Pin=J1_MEM6-28
Removed Pin From Net: NetName=ADDR_12 Pin=J1_MEM6-30
Removed Pin From Net: NetName=RST Pin=J1_MEM6-31
Removed Pin From Net: NetName=ADDR_13 Pin=J1_MEM6-32
Removed Pin From Net: NetName=CLK Pin=J1_MEM6-33
Removed Pin From Net: NetName=ADDR_14 Pin=J1_MEM6-34
Removed Pin From Net: NetName=ADDR_15 Pin=J1_MEM6-36
Removed Pin From Net: NetName=GND Pin=J1_MEM6-37
Removed Pin From Net: NetName=GND Pin=J1_MEM6-38
Removed Pin From Net: NetName=GND Pin=J1_MEM6-39
Removed Pin From Net: NetName=GND Pin=J1_MEM6-40
Removed Pin From Net: NetName=VCC Pin=J1_MEM7-1
Removed Pin From Net: NetName=VCC Pin=J1_MEM7-2
Removed Pin From Net: NetName=VCC Pin=J1_MEM7-3
Removed Pin From Net: NetName=VCC Pin=J1_MEM7-4
Removed Pin From Net: NetName=BUS_0 Pin=J1_MEM7-5
Removed Pin From Net: NetName=ADDR_0 Pin=J1_MEM7-6
Removed Pin From Net: NetName=BUS_1 Pin=J1_MEM7-7
Removed Pin From Net: NetName=ADDR_1 Pin=J1_MEM7-8
Removed Pin From Net: NetName=BUS_2 Pin=J1_MEM7-9
Removed Pin From Net: NetName=ADDR_2 Pin=J1_MEM7-10
Removed Pin From Net: NetName=BUS_3 Pin=J1_MEM7-11
Removed Pin From Net: NetName=ADDR_3 Pin=J1_MEM7-12
Removed Pin From Net: NetName=BUS_4 Pin=J1_MEM7-13
Removed Pin From Net: NetName=ADDR_4 Pin=J1_MEM7-14
Removed Pin From Net: NetName=BUS_5 Pin=J1_MEM7-15
Removed Pin From Net: NetName=ADDR_5 Pin=J1_MEM7-16
Removed Pin From Net: NetName=BUS_6 Pin=J1_MEM7-17
Removed Pin From Net: NetName=ADDR_6 Pin=J1_MEM7-18
Removed Pin From Net: NetName=BUS_7 Pin=J1_MEM7-19
Removed Pin From Net: NetName=ADDR_7 Pin=J1_MEM7-20
Removed Pin From Net: NetName=ADDR_8 Pin=J1_MEM7-22
Removed Pin From Net: NetName=ADDR_9 Pin=J1_MEM7-24
Removed Pin From Net: NetName=CLK Pin=J1_MEM7-25
Removed Pin From Net: NetName=ADDR_10 Pin=J1_MEM7-26
Removed Pin From Net: NetName=MO Pin=J1_MEM7-27
Removed Pin From Net: NetName=ADDR_11 Pin=J1_MEM7-28
Removed Pin From Net: NetName=ADDR_12 Pin=J1_MEM7-30
Removed Pin From Net: NetName=RST Pin=J1_MEM7-31
Removed Pin From Net: NetName=ADDR_13 Pin=J1_MEM7-32
Removed Pin From Net: NetName=CLK Pin=J1_MEM7-33
Removed Pin From Net: NetName=ADDR_14 Pin=J1_MEM7-34
Removed Pin From Net: NetName=ADDR_15 Pin=J1_MEM7-36
Removed Pin From Net: NetName=GND Pin=J1_MEM7-37
Removed Pin From Net: NetName=GND Pin=J1_MEM7-38
Removed Pin From Net: NetName=GND Pin=J1_MEM7-39
Removed Pin From Net: NetName=GND Pin=J1_MEM7-40
Removed Pin From Net: NetName=VCC Pin=J1_MEM8-1
Removed Pin From Net: NetName=VCC Pin=J1_MEM8-2
Removed Pin From Net: NetName=VCC Pin=J1_MEM8-3
Removed Pin From Net: NetName=VCC Pin=J1_MEM8-4
Removed Pin From Net: NetName=BUS_0 Pin=J1_MEM8-5
Removed Pin From Net: NetName=ADDR_0 Pin=J1_MEM8-6
Removed Pin From Net: NetName=BUS_1 Pin=J1_MEM8-7
Removed Pin From Net: NetName=ADDR_1 Pin=J1_MEM8-8
Removed Pin From Net: NetName=BUS_2 Pin=J1_MEM8-9
Removed Pin From Net: NetName=ADDR_2 Pin=J1_MEM8-10
Removed Pin From Net: NetName=BUS_3 Pin=J1_MEM8-11
Removed Pin From Net: NetName=ADDR_3 Pin=J1_MEM8-12
Removed Pin From Net: NetName=BUS_4 Pin=J1_MEM8-13
Removed Pin From Net: NetName=ADDR_4 Pin=J1_MEM8-14
Removed Pin From Net: NetName=BUS_5 Pin=J1_MEM8-15
Removed Pin From Net: NetName=ADDR_5 Pin=J1_MEM8-16
Removed Pin From Net: NetName=BUS_6 Pin=J1_MEM8-17
Removed Pin From Net: NetName=ADDR_6 Pin=J1_MEM8-18
Removed Pin From Net: NetName=BUS_7 Pin=J1_MEM8-19
Removed Pin From Net: NetName=ADDR_7 Pin=J1_MEM8-20
Removed Pin From Net: NetName=ADDR_8 Pin=J1_MEM8-22
Removed Pin From Net: NetName=ADDR_9 Pin=J1_MEM8-24
Removed Pin From Net: NetName=CLK Pin=J1_MEM8-25
Removed Pin From Net: NetName=ADDR_10 Pin=J1_MEM8-26
Removed Pin From Net: NetName=MO Pin=J1_MEM8-27
Removed Pin From Net: NetName=ADDR_11 Pin=J1_MEM8-28
Removed Pin From Net: NetName=ADDR_12 Pin=J1_MEM8-30
Removed Pin From Net: NetName=RST Pin=J1_MEM8-31
Removed Pin From Net: NetName=ADDR_13 Pin=J1_MEM8-32
Removed Pin From Net: NetName=CLK Pin=J1_MEM8-33
Removed Pin From Net: NetName=ADDR_14 Pin=J1_MEM8-34
Removed Pin From Net: NetName=ADDR_15 Pin=J1_MEM8-36
Removed Pin From Net: NetName=GND Pin=J1_MEM8-37
Removed Pin From Net: NetName=GND Pin=J1_MEM8-38
Removed Pin From Net: NetName=GND Pin=J1_MEM8-39
Removed Pin From Net: NetName=GND Pin=J1_MEM8-40
Removed Pin From Net: NetName=VCC Pin=J1_MEM9-1
Removed Pin From Net: NetName=VCC Pin=J1_MEM9-2
Removed Pin From Net: NetName=VCC Pin=J1_MEM9-3
Removed Pin From Net: NetName=VCC Pin=J1_MEM9-4
Removed Pin From Net: NetName=BUS_0 Pin=J1_MEM9-5
Removed Pin From Net: NetName=ADDR_0 Pin=J1_MEM9-6
Removed Pin From Net: NetName=BUS_1 Pin=J1_MEM9-7
Removed Pin From Net: NetName=ADDR_1 Pin=J1_MEM9-8
Removed Pin From Net: NetName=BUS_2 Pin=J1_MEM9-9
Removed Pin From Net: NetName=ADDR_2 Pin=J1_MEM9-10
Removed Pin From Net: NetName=BUS_3 Pin=J1_MEM9-11
Removed Pin From Net: NetName=ADDR_3 Pin=J1_MEM9-12
Removed Pin From Net: NetName=BUS_4 Pin=J1_MEM9-13
Removed Pin From Net: NetName=ADDR_4 Pin=J1_MEM9-14
Removed Pin From Net: NetName=BUS_5 Pin=J1_MEM9-15
Removed Pin From Net: NetName=ADDR_5 Pin=J1_MEM9-16
Removed Pin From Net: NetName=BUS_6 Pin=J1_MEM9-17
Removed Pin From Net: NetName=ADDR_6 Pin=J1_MEM9-18
Removed Pin From Net: NetName=BUS_7 Pin=J1_MEM9-19
Removed Pin From Net: NetName=ADDR_7 Pin=J1_MEM9-20
Removed Pin From Net: NetName=ADDR_8 Pin=J1_MEM9-22
Removed Pin From Net: NetName=ADDR_9 Pin=J1_MEM9-24
Removed Pin From Net: NetName=CLK Pin=J1_MEM9-25
Removed Pin From Net: NetName=ADDR_10 Pin=J1_MEM9-26
Removed Pin From Net: NetName=MO Pin=J1_MEM9-27
Removed Pin From Net: NetName=ADDR_11 Pin=J1_MEM9-28
Removed Pin From Net: NetName=ADDR_12 Pin=J1_MEM9-30
Removed Pin From Net: NetName=RST Pin=J1_MEM9-31
Removed Pin From Net: NetName=ADDR_13 Pin=J1_MEM9-32
Removed Pin From Net: NetName=CLK Pin=J1_MEM9-33
Removed Pin From Net: NetName=ADDR_14 Pin=J1_MEM9-34
Removed Pin From Net: NetName=ADDR_15 Pin=J1_MEM9-36
Removed Pin From Net: NetName=GND Pin=J1_MEM9-37
Removed Pin From Net: NetName=GND Pin=J1_MEM9-38
Removed Pin From Net: NetName=GND Pin=J1_MEM9-39
Removed Pin From Net: NetName=GND Pin=J1_MEM9-40
Removed Pin From Net: NetName=VCC Pin=J1_MEM10-1
Removed Pin From Net: NetName=VCC Pin=J1_MEM10-2
Removed Pin From Net: NetName=VCC Pin=J1_MEM10-3
Removed Pin From Net: NetName=VCC Pin=J1_MEM10-4
Removed Pin From Net: NetName=BUS_0 Pin=J1_MEM10-5
Removed Pin From Net: NetName=ADDR_0 Pin=J1_MEM10-6
Removed Pin From Net: NetName=BUS_1 Pin=J1_MEM10-7
Removed Pin From Net: NetName=ADDR_1 Pin=J1_MEM10-8
Removed Pin From Net: NetName=BUS_2 Pin=J1_MEM10-9
Removed Pin From Net: NetName=ADDR_2 Pin=J1_MEM10-10
Removed Pin From Net: NetName=BUS_3 Pin=J1_MEM10-11
Removed Pin From Net: NetName=ADDR_3 Pin=J1_MEM10-12
Removed Pin From Net: NetName=BUS_4 Pin=J1_MEM10-13
Removed Pin From Net: NetName=ADDR_4 Pin=J1_MEM10-14
Removed Pin From Net: NetName=BUS_5 Pin=J1_MEM10-15
Removed Pin From Net: NetName=ADDR_5 Pin=J1_MEM10-16
Removed Pin From Net: NetName=BUS_6 Pin=J1_MEM10-17
Removed Pin From Net: NetName=ADDR_6 Pin=J1_MEM10-18
Removed Pin From Net: NetName=BUS_7 Pin=J1_MEM10-19
Removed Pin From Net: NetName=ADDR_7 Pin=J1_MEM10-20
Removed Pin From Net: NetName=ADDR_8 Pin=J1_MEM10-22
Removed Pin From Net: NetName=ADDR_9 Pin=J1_MEM10-24
Removed Pin From Net: NetName=CLK Pin=J1_MEM10-25
Removed Pin From Net: NetName=ADDR_10 Pin=J1_MEM10-26
Removed Pin From Net: NetName=MO Pin=J1_MEM10-27
Removed Pin From Net: NetName=ADDR_11 Pin=J1_MEM10-28
Removed Pin From Net: NetName=ADDR_12 Pin=J1_MEM10-30
Removed Pin From Net: NetName=RST Pin=J1_MEM10-31
Removed Pin From Net: NetName=ADDR_13 Pin=J1_MEM10-32
Removed Pin From Net: NetName=CLK Pin=J1_MEM10-33
Removed Pin From Net: NetName=ADDR_14 Pin=J1_MEM10-34
Removed Pin From Net: NetName=ADDR_15 Pin=J1_MEM10-36
Removed Pin From Net: NetName=GND Pin=J1_MEM10-37
Removed Pin From Net: NetName=GND Pin=J1_MEM10-38
Removed Pin From Net: NetName=GND Pin=J1_MEM10-39
Removed Pin From Net: NetName=GND Pin=J1_MEM10-40
Removed Pin From Net: NetName=VCC Pin=J1_MEM11-1
Removed Pin From Net: NetName=VCC Pin=J1_MEM11-2
Removed Pin From Net: NetName=VCC Pin=J1_MEM11-3
Removed Pin From Net: NetName=VCC Pin=J1_MEM11-4
Removed Pin From Net: NetName=BUS_0 Pin=J1_MEM11-5
Removed Pin From Net: NetName=ADDR_0 Pin=J1_MEM11-6
Removed Pin From Net: NetName=BUS_1 Pin=J1_MEM11-7
Removed Pin From Net: NetName=ADDR_1 Pin=J1_MEM11-8
Removed Pin From Net: NetName=BUS_2 Pin=J1_MEM11-9
Removed Pin From Net: NetName=ADDR_2 Pin=J1_MEM11-10
Removed Pin From Net: NetName=BUS_3 Pin=J1_MEM11-11
Removed Pin From Net: NetName=ADDR_3 Pin=J1_MEM11-12
Removed Pin From Net: NetName=BUS_4 Pin=J1_MEM11-13
Removed Pin From Net: NetName=ADDR_4 Pin=J1_MEM11-14
Removed Pin From Net: NetName=BUS_5 Pin=J1_MEM11-15
Removed Pin From Net: NetName=ADDR_5 Pin=J1_MEM11-16
Removed Pin From Net: NetName=BUS_6 Pin=J1_MEM11-17
Removed Pin From Net: NetName=ADDR_6 Pin=J1_MEM11-18
Removed Pin From Net: NetName=BUS_7 Pin=J1_MEM11-19
Removed Pin From Net: NetName=ADDR_7 Pin=J1_MEM11-20
Removed Pin From Net: NetName=ADDR_8 Pin=J1_MEM11-22
Removed Pin From Net: NetName=ADDR_9 Pin=J1_MEM11-24
Removed Pin From Net: NetName=CLK Pin=J1_MEM11-25
Removed Pin From Net: NetName=ADDR_10 Pin=J1_MEM11-26
Removed Pin From Net: NetName=MO Pin=J1_MEM11-27
Removed Pin From Net: NetName=ADDR_11 Pin=J1_MEM11-28
Removed Pin From Net: NetName=ADDR_12 Pin=J1_MEM11-30
Removed Pin From Net: NetName=RST Pin=J1_MEM11-31
Removed Pin From Net: NetName=ADDR_13 Pin=J1_MEM11-32
Removed Pin From Net: NetName=CLK Pin=J1_MEM11-33
Removed Pin From Net: NetName=ADDR_14 Pin=J1_MEM11-34
Removed Pin From Net: NetName=ADDR_15 Pin=J1_MEM11-36
Removed Pin From Net: NetName=GND Pin=J1_MEM11-37
Removed Pin From Net: NetName=GND Pin=J1_MEM11-38
Removed Pin From Net: NetName=GND Pin=J1_MEM11-39
Removed Pin From Net: NetName=GND Pin=J1_MEM11-40
Removed Pin From Net: NetName=VCC Pin=J1_MEM12-1
Removed Pin From Net: NetName=VCC Pin=J1_MEM12-2
Removed Pin From Net: NetName=VCC Pin=J1_MEM12-3
Removed Pin From Net: NetName=VCC Pin=J1_MEM12-4
Removed Pin From Net: NetName=BUS_0 Pin=J1_MEM12-5
Removed Pin From Net: NetName=ADDR_0 Pin=J1_MEM12-6
Removed Pin From Net: NetName=BUS_1 Pin=J1_MEM12-7
Removed Pin From Net: NetName=ADDR_1 Pin=J1_MEM12-8
Removed Pin From Net: NetName=BUS_2 Pin=J1_MEM12-9
Removed Pin From Net: NetName=ADDR_2 Pin=J1_MEM12-10
Removed Pin From Net: NetName=BUS_3 Pin=J1_MEM12-11
Removed Pin From Net: NetName=ADDR_3 Pin=J1_MEM12-12
Removed Pin From Net: NetName=BUS_4 Pin=J1_MEM12-13
Removed Pin From Net: NetName=ADDR_4 Pin=J1_MEM12-14
Removed Pin From Net: NetName=BUS_5 Pin=J1_MEM12-15
Removed Pin From Net: NetName=ADDR_5 Pin=J1_MEM12-16
Removed Pin From Net: NetName=BUS_6 Pin=J1_MEM12-17
Removed Pin From Net: NetName=ADDR_6 Pin=J1_MEM12-18
Removed Pin From Net: NetName=BUS_7 Pin=J1_MEM12-19
Removed Pin From Net: NetName=ADDR_7 Pin=J1_MEM12-20
Removed Pin From Net: NetName=ADDR_8 Pin=J1_MEM12-22
Removed Pin From Net: NetName=ADDR_9 Pin=J1_MEM12-24
Removed Pin From Net: NetName=CLK Pin=J1_MEM12-25
Removed Pin From Net: NetName=ADDR_10 Pin=J1_MEM12-26
Removed Pin From Net: NetName=MO Pin=J1_MEM12-27
Removed Pin From Net: NetName=ADDR_11 Pin=J1_MEM12-28
Removed Pin From Net: NetName=ADDR_12 Pin=J1_MEM12-30
Removed Pin From Net: NetName=RST Pin=J1_MEM12-31
Removed Pin From Net: NetName=ADDR_13 Pin=J1_MEM12-32
Removed Pin From Net: NetName=CLK Pin=J1_MEM12-33
Removed Pin From Net: NetName=ADDR_14 Pin=J1_MEM12-34
Removed Pin From Net: NetName=ADDR_15 Pin=J1_MEM12-36
Removed Pin From Net: NetName=GND Pin=J1_MEM12-37
Removed Pin From Net: NetName=GND Pin=J1_MEM12-38
Removed Pin From Net: NetName=GND Pin=J1_MEM12-39
Removed Pin From Net: NetName=GND Pin=J1_MEM12-40
Removed Pin From Net: NetName=VCC Pin=J1_MEM13-1
Removed Pin From Net: NetName=VCC Pin=J1_MEM13-2
Removed Pin From Net: NetName=VCC Pin=J1_MEM13-3
Removed Pin From Net: NetName=VCC Pin=J1_MEM13-4
Removed Pin From Net: NetName=BUS_0 Pin=J1_MEM13-5
Removed Pin From Net: NetName=ADDR_0 Pin=J1_MEM13-6
Removed Pin From Net: NetName=BUS_1 Pin=J1_MEM13-7
Removed Pin From Net: NetName=ADDR_1 Pin=J1_MEM13-8
Removed Pin From Net: NetName=BUS_2 Pin=J1_MEM13-9
Removed Pin From Net: NetName=ADDR_2 Pin=J1_MEM13-10
Removed Pin From Net: NetName=BUS_3 Pin=J1_MEM13-11
Removed Pin From Net: NetName=ADDR_3 Pin=J1_MEM13-12
Removed Pin From Net: NetName=BUS_4 Pin=J1_MEM13-13
Removed Pin From Net: NetName=ADDR_4 Pin=J1_MEM13-14
Removed Pin From Net: NetName=BUS_5 Pin=J1_MEM13-15
Removed Pin From Net: NetName=ADDR_5 Pin=J1_MEM13-16
Removed Pin From Net: NetName=BUS_6 Pin=J1_MEM13-17
Removed Pin From Net: NetName=ADDR_6 Pin=J1_MEM13-18
Removed Pin From Net: NetName=BUS_7 Pin=J1_MEM13-19
Removed Pin From Net: NetName=ADDR_7 Pin=J1_MEM13-20
Removed Pin From Net: NetName=ADDR_8 Pin=J1_MEM13-22
Removed Pin From Net: NetName=ADDR_9 Pin=J1_MEM13-24
Removed Pin From Net: NetName=CLK Pin=J1_MEM13-25
Removed Pin From Net: NetName=ADDR_10 Pin=J1_MEM13-26
Removed Pin From Net: NetName=MO Pin=J1_MEM13-27
Removed Pin From Net: NetName=ADDR_11 Pin=J1_MEM13-28
Removed Pin From Net: NetName=ADDR_12 Pin=J1_MEM13-30
Removed Pin From Net: NetName=RST Pin=J1_MEM13-31
Removed Pin From Net: NetName=ADDR_13 Pin=J1_MEM13-32
Removed Pin From Net: NetName=CLK Pin=J1_MEM13-33
Removed Pin From Net: NetName=ADDR_14 Pin=J1_MEM13-34
Removed Pin From Net: NetName=ADDR_15 Pin=J1_MEM13-36
Removed Pin From Net: NetName=GND Pin=J1_MEM13-37
Removed Pin From Net: NetName=GND Pin=J1_MEM13-38
Removed Pin From Net: NetName=GND Pin=J1_MEM13-39
Removed Pin From Net: NetName=GND Pin=J1_MEM13-40
Removed Pin From Net: NetName=VCC Pin=J1_MEM14-1
Removed Pin From Net: NetName=VCC Pin=J1_MEM14-2
Removed Pin From Net: NetName=VCC Pin=J1_MEM14-3
Removed Pin From Net: NetName=VCC Pin=J1_MEM14-4
Removed Pin From Net: NetName=BUS_0 Pin=J1_MEM14-5
Removed Pin From Net: NetName=ADDR_0 Pin=J1_MEM14-6
Removed Pin From Net: NetName=BUS_1 Pin=J1_MEM14-7
Removed Pin From Net: NetName=ADDR_1 Pin=J1_MEM14-8
Removed Pin From Net: NetName=BUS_2 Pin=J1_MEM14-9
Removed Pin From Net: NetName=ADDR_2 Pin=J1_MEM14-10
Removed Pin From Net: NetName=BUS_3 Pin=J1_MEM14-11
Removed Pin From Net: NetName=ADDR_3 Pin=J1_MEM14-12
Removed Pin From Net: NetName=BUS_4 Pin=J1_MEM14-13
Removed Pin From Net: NetName=ADDR_4 Pin=J1_MEM14-14
Removed Pin From Net: NetName=BUS_5 Pin=J1_MEM14-15
Removed Pin From Net: NetName=ADDR_5 Pin=J1_MEM14-16
Removed Pin From Net: NetName=BUS_6 Pin=J1_MEM14-17
Removed Pin From Net: NetName=ADDR_6 Pin=J1_MEM14-18
Removed Pin From Net: NetName=BUS_7 Pin=J1_MEM14-19
Removed Pin From Net: NetName=ADDR_7 Pin=J1_MEM14-20
Removed Pin From Net: NetName=ADDR_8 Pin=J1_MEM14-22
Removed Pin From Net: NetName=ADDR_9 Pin=J1_MEM14-24
Removed Pin From Net: NetName=CLK Pin=J1_MEM14-25
Removed Pin From Net: NetName=ADDR_10 Pin=J1_MEM14-26
Removed Pin From Net: NetName=MO Pin=J1_MEM14-27
Removed Pin From Net: NetName=ADDR_11 Pin=J1_MEM14-28
Removed Pin From Net: NetName=ADDR_12 Pin=J1_MEM14-30
Removed Pin From Net: NetName=RST Pin=J1_MEM14-31
Removed Pin From Net: NetName=ADDR_13 Pin=J1_MEM14-32
Removed Pin From Net: NetName=CLK Pin=J1_MEM14-33
Removed Pin From Net: NetName=ADDR_14 Pin=J1_MEM14-34
Removed Pin From Net: NetName=ADDR_15 Pin=J1_MEM14-36
Removed Pin From Net: NetName=GND Pin=J1_MEM14-37
Removed Pin From Net: NetName=GND Pin=J1_MEM14-38
Removed Pin From Net: NetName=GND Pin=J1_MEM14-39
Removed Pin From Net: NetName=GND Pin=J1_MEM14-40
Removed Pin From Net: NetName=VCC Pin=J1_MEM15-1
Removed Pin From Net: NetName=VCC Pin=J1_MEM15-2
Removed Pin From Net: NetName=VCC Pin=J1_MEM15-3
Removed Pin From Net: NetName=VCC Pin=J1_MEM15-4
Removed Pin From Net: NetName=BUS_0 Pin=J1_MEM15-5
Removed Pin From Net: NetName=ADDR_0 Pin=J1_MEM15-6
Removed Pin From Net: NetName=BUS_1 Pin=J1_MEM15-7
Removed Pin From Net: NetName=ADDR_1 Pin=J1_MEM15-8
Removed Pin From Net: NetName=BUS_2 Pin=J1_MEM15-9
Removed Pin From Net: NetName=ADDR_2 Pin=J1_MEM15-10
Removed Pin From Net: NetName=BUS_3 Pin=J1_MEM15-11
Removed Pin From Net: NetName=ADDR_3 Pin=J1_MEM15-12
Removed Pin From Net: NetName=BUS_4 Pin=J1_MEM15-13
Removed Pin From Net: NetName=ADDR_4 Pin=J1_MEM15-14
Removed Pin From Net: NetName=BUS_5 Pin=J1_MEM15-15
Removed Pin From Net: NetName=ADDR_5 Pin=J1_MEM15-16
Removed Pin From Net: NetName=BUS_6 Pin=J1_MEM15-17
Removed Pin From Net: NetName=ADDR_6 Pin=J1_MEM15-18
Removed Pin From Net: NetName=BUS_7 Pin=J1_MEM15-19
Removed Pin From Net: NetName=ADDR_7 Pin=J1_MEM15-20
Removed Pin From Net: NetName=ADDR_8 Pin=J1_MEM15-22
Removed Pin From Net: NetName=ADDR_9 Pin=J1_MEM15-24
Removed Pin From Net: NetName=CLK Pin=J1_MEM15-25
Removed Pin From Net: NetName=ADDR_10 Pin=J1_MEM15-26
Removed Pin From Net: NetName=MO Pin=J1_MEM15-27
Removed Pin From Net: NetName=ADDR_11 Pin=J1_MEM15-28
Removed Pin From Net: NetName=ADDR_12 Pin=J1_MEM15-30
Removed Pin From Net: NetName=RST Pin=J1_MEM15-31
Removed Pin From Net: NetName=ADDR_13 Pin=J1_MEM15-32
Removed Pin From Net: NetName=CLK Pin=J1_MEM15-33
Removed Pin From Net: NetName=ADDR_14 Pin=J1_MEM15-34
Removed Pin From Net: NetName=ADDR_15 Pin=J1_MEM15-36
Removed Pin From Net: NetName=GND Pin=J1_MEM15-37
Removed Pin From Net: NetName=GND Pin=J1_MEM15-38
Removed Pin From Net: NetName=GND Pin=J1_MEM15-39
Removed Pin From Net: NetName=GND Pin=J1_MEM15-40
Removed Pin From Net: NetName=VCC Pin=J1_MEM16-1
Removed Pin From Net: NetName=VCC Pin=J1_MEM16-2
Removed Pin From Net: NetName=VCC Pin=J1_MEM16-3
Removed Pin From Net: NetName=VCC Pin=J1_MEM16-4
Removed Pin From Net: NetName=BUS_0 Pin=J1_MEM16-5
Removed Pin From Net: NetName=ADDR_0 Pin=J1_MEM16-6
Removed Pin From Net: NetName=BUS_1 Pin=J1_MEM16-7
Removed Pin From Net: NetName=ADDR_1 Pin=J1_MEM16-8
Removed Pin From Net: NetName=BUS_2 Pin=J1_MEM16-9
Removed Pin From Net: NetName=ADDR_2 Pin=J1_MEM16-10
Removed Pin From Net: NetName=BUS_3 Pin=J1_MEM16-11
Removed Pin From Net: NetName=ADDR_3 Pin=J1_MEM16-12
Removed Pin From Net: NetName=BUS_4 Pin=J1_MEM16-13
Removed Pin From Net: NetName=ADDR_4 Pin=J1_MEM16-14
Removed Pin From Net: NetName=BUS_5 Pin=J1_MEM16-15
Removed Pin From Net: NetName=ADDR_5 Pin=J1_MEM16-16
Removed Pin From Net: NetName=BUS_6 Pin=J1_MEM16-17
Removed Pin From Net: NetName=ADDR_6 Pin=J1_MEM16-18
Removed Pin From Net: NetName=BUS_7 Pin=J1_MEM16-19
Removed Pin From Net: NetName=ADDR_7 Pin=J1_MEM16-20
Removed Pin From Net: NetName=ADDR_8 Pin=J1_MEM16-22
Removed Pin From Net: NetName=ADDR_9 Pin=J1_MEM16-24
Removed Pin From Net: NetName=CLK Pin=J1_MEM16-25
Removed Pin From Net: NetName=ADDR_10 Pin=J1_MEM16-26
Removed Pin From Net: NetName=MO Pin=J1_MEM16-27
Removed Pin From Net: NetName=ADDR_11 Pin=J1_MEM16-28
Removed Pin From Net: NetName=ADDR_12 Pin=J1_MEM16-30
Removed Pin From Net: NetName=RST Pin=J1_MEM16-31
Removed Pin From Net: NetName=ADDR_13 Pin=J1_MEM16-32
Removed Pin From Net: NetName=CLK Pin=J1_MEM16-33
Removed Pin From Net: NetName=ADDR_14 Pin=J1_MEM16-34
Removed Pin From Net: NetName=ADDR_15 Pin=J1_MEM16-36
Removed Pin From Net: NetName=GND Pin=J1_MEM16-37
Removed Pin From Net: NetName=GND Pin=J1_MEM16-38
Removed Pin From Net: NetName=GND Pin=J1_MEM16-39
Removed Pin From Net: NetName=GND Pin=J1_MEM16-40
Added Component: Designator=J1_M1(HDR2X20)
Add component (AddParameter): Name = "LatestRevisionDate"; Value = "17-Jul-2002"; VariantName = "[No Variations]"
Add component (AddParameter): Name = "LatestRevisionNote"; Value = "Re-released for DXP Platform."; VariantName = "[No Variations]"
Add component (AddParameter): Name = "Publisher"; Value = "Altium Limited"; VariantName = "[No Variations]"
Added Component: Designator=J1_M2(HDR2X20)
Add component (AddParameter): Name = "LatestRevisionDate"; Value = "17-Jul-2002"; VariantName = "[No Variations]"
Add component (AddParameter): Name = "LatestRevisionNote"; Value = "Re-released for DXP Platform."; VariantName = "[No Variations]"
Add component (AddParameter): Name = "Publisher"; Value = "Altium Limited"; VariantName = "[No Variations]"
Added Component: Designator=J1_M3(HDR2X20)
Add component (AddParameter): Name = "LatestRevisionDate"; Value = "17-Jul-2002"; VariantName = "[No Variations]"
Add component (AddParameter): Name = "LatestRevisionNote"; Value = "Re-released for DXP Platform."; VariantName = "[No Variations]"
Add component (AddParameter): Name = "Publisher"; Value = "Altium Limited"; VariantName = "[No Variations]"
Added Component: Designator=J1_M4(HDR2X20)
Add component (AddParameter): Name = "LatestRevisionDate"; Value = "17-Jul-2002"; VariantName = "[No Variations]"
Add component (AddParameter): Name = "LatestRevisionNote"; Value = "Re-released for DXP Platform."; VariantName = "[No Variations]"
Add component (AddParameter): Name = "Publisher"; Value = "Altium Limited"; VariantName = "[No Variations]"
Added Component: Designator=J1_M5(HDR2X20)
Add component (AddParameter): Name = "LatestRevisionDate"; Value = "17-Jul-2002"; VariantName = "[No Variations]"
Add component (AddParameter): Name = "LatestRevisionNote"; Value = "Re-released for DXP Platform."; VariantName = "[No Variations]"
Add component (AddParameter): Name = "Publisher"; Value = "Altium Limited"; VariantName = "[No Variations]"
Added Component: Designator=J1_M6(HDR2X20)
Add component (AddParameter): Name = "LatestRevisionDate"; Value = "17-Jul-2002"; VariantName = "[No Variations]"
Add component (AddParameter): Name = "LatestRevisionNote"; Value = "Re-released for DXP Platform."; VariantName = "[No Variations]"
Add component (AddParameter): Name = "Publisher"; Value = "Altium Limited"; VariantName = "[No Variations]"
Added Component: Designator=J1_M7(HDR2X20)
Add component (AddParameter): Name = "LatestRevisionDate"; Value = "17-Jul-2002"; VariantName = "[No Variations]"
Add component (AddParameter): Name = "LatestRevisionNote"; Value = "Re-released for DXP Platform."; VariantName = "[No Variations]"
Add component (AddParameter): Name = "Publisher"; Value = "Altium Limited"; VariantName = "[No Variations]"
Added Component: Designator=J1_M8(HDR2X20)
Add component (AddParameter): Name = "LatestRevisionDate"; Value = "17-Jul-2002"; VariantName = "[No Variations]"
Add component (AddParameter): Name = "LatestRevisionNote"; Value = "Re-released for DXP Platform."; VariantName = "[No Variations]"
Add component (AddParameter): Name = "Publisher"; Value = "Altium Limited"; VariantName = "[No Variations]"
Added Component: Designator=J1_M9(HDR2X20)
Add component (AddParameter): Name = "LatestRevisionDate"; Value = "17-Jul-2002"; VariantName = "[No Variations]"
Add component (AddParameter): Name = "LatestRevisionNote"; Value = "Re-released for DXP Platform."; VariantName = "[No Variations]"
Add component (AddParameter): Name = "Publisher"; Value = "Altium Limited"; VariantName = "[No Variations]"
Added Component: Designator=J1_M10(HDR2X20)
Add component (AddParameter): Name = "LatestRevisionDate"; Value = "17-Jul-2002"; VariantName = "[No Variations]"
Add component (AddParameter): Name = "LatestRevisionNote"; Value = "Re-released for DXP Platform."; VariantName = "[No Variations]"
Add component (AddParameter): Name = "Publisher"; Value = "Altium Limited"; VariantName = "[No Variations]"
Added Component: Designator=J1_M11(HDR2X20)
Add component (AddParameter): Name = "LatestRevisionDate"; Value = "17-Jul-2002"; VariantName = "[No Variations]"
Add component (AddParameter): Name = "LatestRevisionNote"; Value = "Re-released for DXP Platform."; VariantName = "[No Variations]"
Add component (AddParameter): Name = "Publisher"; Value = "Altium Limited"; VariantName = "[No Variations]"
Added Component: Designator=J1_M12(HDR2X20)
Add component (AddParameter): Name = "LatestRevisionDate"; Value = "17-Jul-2002"; VariantName = "[No Variations]"
Add component (AddParameter): Name = "LatestRevisionNote"; Value = "Re-released for DXP Platform."; VariantName = "[No Variations]"
Add component (AddParameter): Name = "Publisher"; Value = "Altium Limited"; VariantName = "[No Variations]"
Added Pin To Net: NetName=VCC Pin=J1_M1-1
Added Pin To Net: NetName=VCC Pin=J1_M1-2
Added Pin To Net: NetName=VCC Pin=J1_M1-3
Added Pin To Net: NetName=VCC Pin=J1_M1-4
Added Pin To Net: NetName=BUS_0 Pin=J1_M1-5
Added Pin To Net: NetName=ADDR_0 Pin=J1_M1-6
Added Pin To Net: NetName=BUS_1 Pin=J1_M1-7
Added Pin To Net: NetName=ADDR_1 Pin=J1_M1-8
Added Pin To Net: NetName=BUS_2 Pin=J1_M1-9
Added Pin To Net: NetName=ADDR_2 Pin=J1_M1-10
Added Pin To Net: NetName=BUS_3 Pin=J1_M1-11
Added Pin To Net: NetName=ADDR_3 Pin=J1_M1-12
Added Pin To Net: NetName=BUS_4 Pin=J1_M1-13
Added Pin To Net: NetName=ADDR_4 Pin=J1_M1-14
Added Pin To Net: NetName=BUS_5 Pin=J1_M1-15
Added Pin To Net: NetName=ADDR_5 Pin=J1_M1-16
Added Pin To Net: NetName=BUS_6 Pin=J1_M1-17
Added Pin To Net: NetName=ADDR_6 Pin=J1_M1-18
Added Pin To Net: NetName=BUS_7 Pin=J1_M1-19
Added Pin To Net: NetName=ADDR_7 Pin=J1_M1-20
Added Pin To Net: NetName=ADDR_8 Pin=J1_M1-22
Added Pin To Net: NetName=ADDR_9 Pin=J1_M1-24
Added Pin To Net: NetName=CLK Pin=J1_M1-25
Added Pin To Net: NetName=ADDR_10 Pin=J1_M1-26
Added Pin To Net: NetName=MO Pin=J1_M1-27
Added Pin To Net: NetName=ADDR_11 Pin=J1_M1-28
Added Pin To Net: NetName=ADDR_12 Pin=J1_M1-30
Added Pin To Net: NetName=RST Pin=J1_M1-31
Added Pin To Net: NetName=ADDR_13 Pin=J1_M1-32
Added Pin To Net: NetName=CLK Pin=J1_M1-33
Added Pin To Net: NetName=ADDR_14 Pin=J1_M1-34
Added Pin To Net: NetName=ADDR_15 Pin=J1_M1-36
Added Pin To Net: NetName=GND Pin=J1_M1-37
Added Pin To Net: NetName=GND Pin=J1_M1-38
Added Pin To Net: NetName=GND Pin=J1_M1-39
Added Pin To Net: NetName=GND Pin=J1_M1-40
Added Pin To Net: NetName=VCC Pin=J1_M2-1
Added Pin To Net: NetName=VCC Pin=J1_M2-2
Added Pin To Net: NetName=VCC Pin=J1_M2-3
Added Pin To Net: NetName=VCC Pin=J1_M2-4
Added Pin To Net: NetName=BUS_0 Pin=J1_M2-5
Added Pin To Net: NetName=ADDR_0 Pin=J1_M2-6
Added Pin To Net: NetName=BUS_1 Pin=J1_M2-7
Added Pin To Net: NetName=ADDR_1 Pin=J1_M2-8
Added Pin To Net: NetName=BUS_2 Pin=J1_M2-9
Added Pin To Net: NetName=ADDR_2 Pin=J1_M2-10
Added Pin To Net: NetName=BUS_3 Pin=J1_M2-11
Added Pin To Net: NetName=ADDR_3 Pin=J1_M2-12
Added Pin To Net: NetName=BUS_4 Pin=J1_M2-13
Added Pin To Net: NetName=ADDR_4 Pin=J1_M2-14
Added Pin To Net: NetName=BUS_5 Pin=J1_M2-15
Added Pin To Net: NetName=ADDR_5 Pin=J1_M2-16
Added Pin To Net: NetName=BUS_6 Pin=J1_M2-17
Added Pin To Net: NetName=ADDR_6 Pin=J1_M2-18
Added Pin To Net: NetName=BUS_7 Pin=J1_M2-19
Added Pin To Net: NetName=ADDR_7 Pin=J1_M2-20
Added Pin To Net: NetName=ADDR_8 Pin=J1_M2-22
Added Pin To Net: NetName=ADDR_9 Pin=J1_M2-24
Added Pin To Net: NetName=CLK Pin=J1_M2-25
Added Pin To Net: NetName=ADDR_10 Pin=J1_M2-26
Added Pin To Net: NetName=MO Pin=J1_M2-27
Added Pin To Net: NetName=ADDR_11 Pin=J1_M2-28
Added Pin To Net: NetName=ADDR_12 Pin=J1_M2-30
Added Pin To Net: NetName=RST Pin=J1_M2-31
Added Pin To Net: NetName=ADDR_13 Pin=J1_M2-32
Added Pin To Net: NetName=CLK Pin=J1_M2-33
Added Pin To Net: NetName=ADDR_14 Pin=J1_M2-34
Added Pin To Net: NetName=ADDR_15 Pin=J1_M2-36
Added Pin To Net: NetName=GND Pin=J1_M2-37
Added Pin To Net: NetName=GND Pin=J1_M2-38
Added Pin To Net: NetName=GND Pin=J1_M2-39
Added Pin To Net: NetName=GND Pin=J1_M2-40
Added Pin To Net: NetName=VCC Pin=J1_M3-1
Added Pin To Net: NetName=VCC Pin=J1_M3-2
Added Pin To Net: NetName=VCC Pin=J1_M3-3
Added Pin To Net: NetName=VCC Pin=J1_M3-4
Added Pin To Net: NetName=BUS_0 Pin=J1_M3-5
Added Pin To Net: NetName=ADDR_0 Pin=J1_M3-6
Added Pin To Net: NetName=BUS_1 Pin=J1_M3-7
Added Pin To Net: NetName=ADDR_1 Pin=J1_M3-8
Added Pin To Net: NetName=BUS_2 Pin=J1_M3-9
Added Pin To Net: NetName=ADDR_2 Pin=J1_M3-10
Added Pin To Net: NetName=BUS_3 Pin=J1_M3-11
Added Pin To Net: NetName=ADDR_3 Pin=J1_M3-12
Added Pin To Net: NetName=BUS_4 Pin=J1_M3-13
Added Pin To Net: NetName=ADDR_4 Pin=J1_M3-14
Added Pin To Net: NetName=BUS_5 Pin=J1_M3-15
Added Pin To Net: NetName=ADDR_5 Pin=J1_M3-16
Added Pin To Net: NetName=BUS_6 Pin=J1_M3-17
Added Pin To Net: NetName=ADDR_6 Pin=J1_M3-18
Added Pin To Net: NetName=BUS_7 Pin=J1_M3-19
Added Pin To Net: NetName=ADDR_7 Pin=J1_M3-20
Added Pin To Net: NetName=ADDR_8 Pin=J1_M3-22
Added Pin To Net: NetName=ADDR_9 Pin=J1_M3-24
Added Pin To Net: NetName=CLK Pin=J1_M3-25
Added Pin To Net: NetName=ADDR_10 Pin=J1_M3-26
Added Pin To Net: NetName=MO Pin=J1_M3-27
Added Pin To Net: NetName=ADDR_11 Pin=J1_M3-28
Added Pin To Net: NetName=ADDR_12 Pin=J1_M3-30
Added Pin To Net: NetName=RST Pin=J1_M3-31
Added Pin To Net: NetName=ADDR_13 Pin=J1_M3-32
Added Pin To Net: NetName=CLK Pin=J1_M3-33
Added Pin To Net: NetName=ADDR_14 Pin=J1_M3-34
Added Pin To Net: NetName=ADDR_15 Pin=J1_M3-36
Added Pin To Net: NetName=GND Pin=J1_M3-37
Added Pin To Net: NetName=GND Pin=J1_M3-38
Added Pin To Net: NetName=GND Pin=J1_M3-39
Added Pin To Net: NetName=GND Pin=J1_M3-40
Added Pin To Net: NetName=VCC Pin=J1_M4-1
Added Pin To Net: NetName=VCC Pin=J1_M4-2
Added Pin To Net: NetName=VCC Pin=J1_M4-3
Added Pin To Net: NetName=VCC Pin=J1_M4-4
Added Pin To Net: NetName=BUS_0 Pin=J1_M4-5
Added Pin To Net: NetName=ADDR_0 Pin=J1_M4-6
Added Pin To Net: NetName=BUS_1 Pin=J1_M4-7
Added Pin To Net: NetName=ADDR_1 Pin=J1_M4-8
Added Pin To Net: NetName=BUS_2 Pin=J1_M4-9
Added Pin To Net: NetName=ADDR_2 Pin=J1_M4-10
Added Pin To Net: NetName=BUS_3 Pin=J1_M4-11
Added Pin To Net: NetName=ADDR_3 Pin=J1_M4-12
Added Pin To Net: NetName=BUS_4 Pin=J1_M4-13
Added Pin To Net: NetName=ADDR_4 Pin=J1_M4-14
Added Pin To Net: NetName=BUS_5 Pin=J1_M4-15
Added Pin To Net: NetName=ADDR_5 Pin=J1_M4-16
Added Pin To Net: NetName=BUS_6 Pin=J1_M4-17
Added Pin To Net: NetName=ADDR_6 Pin=J1_M4-18
Added Pin To Net: NetName=BUS_7 Pin=J1_M4-19
Added Pin To Net: NetName=ADDR_7 Pin=J1_M4-20
Added Pin To Net: NetName=ADDR_8 Pin=J1_M4-22
Added Pin To Net: NetName=ADDR_9 Pin=J1_M4-24
Added Pin To Net: NetName=CLK Pin=J1_M4-25
Added Pin To Net: NetName=ADDR_10 Pin=J1_M4-26
Added Pin To Net: NetName=MO Pin=J1_M4-27
Added Pin To Net: NetName=ADDR_11 Pin=J1_M4-28
Added Pin To Net: NetName=ADDR_12 Pin=J1_M4-30
Added Pin To Net: NetName=RST Pin=J1_M4-31
Added Pin To Net: NetName=ADDR_13 Pin=J1_M4-32
Added Pin To Net: NetName=CLK Pin=J1_M4-33
Added Pin To Net: NetName=ADDR_14 Pin=J1_M4-34
Added Pin To Net: NetName=ADDR_15 Pin=J1_M4-36
Added Pin To Net: NetName=GND Pin=J1_M4-37
Added Pin To Net: NetName=GND Pin=J1_M4-38
Added Pin To Net: NetName=GND Pin=J1_M4-39
Added Pin To Net: NetName=GND Pin=J1_M4-40
Added Pin To Net: NetName=VCC Pin=J1_M5-1
Added Pin To Net: NetName=VCC Pin=J1_M5-2
Added Pin To Net: NetName=VCC Pin=J1_M5-3
Added Pin To Net: NetName=VCC Pin=J1_M5-4
Added Pin To Net: NetName=BUS_0 Pin=J1_M5-5
Added Pin To Net: NetName=ADDR_0 Pin=J1_M5-6
Added Pin To Net: NetName=BUS_1 Pin=J1_M5-7
Added Pin To Net: NetName=ADDR_1 Pin=J1_M5-8
Added Pin To Net: NetName=BUS_2 Pin=J1_M5-9
Added Pin To Net: NetName=ADDR_2 Pin=J1_M5-10
Added Pin To Net: NetName=BUS_3 Pin=J1_M5-11
Added Pin To Net: NetName=ADDR_3 Pin=J1_M5-12
Added Pin To Net: NetName=BUS_4 Pin=J1_M5-13
Added Pin To Net: NetName=ADDR_4 Pin=J1_M5-14
Added Pin To Net: NetName=BUS_5 Pin=J1_M5-15
Added Pin To Net: NetName=ADDR_5 Pin=J1_M5-16
Added Pin To Net: NetName=BUS_6 Pin=J1_M5-17
Added Pin To Net: NetName=ADDR_6 Pin=J1_M5-18
Added Pin To Net: NetName=BUS_7 Pin=J1_M5-19
Added Pin To Net: NetName=ADDR_7 Pin=J1_M5-20
Added Pin To Net: NetName=ADDR_8 Pin=J1_M5-22
Added Pin To Net: NetName=ADDR_9 Pin=J1_M5-24
Added Pin To Net: NetName=CLK Pin=J1_M5-25
Added Pin To Net: NetName=ADDR_10 Pin=J1_M5-26
Added Pin To Net: NetName=MO Pin=J1_M5-27
Added Pin To Net: NetName=ADDR_11 Pin=J1_M5-28
Added Pin To Net: NetName=ADDR_12 Pin=J1_M5-30
Added Pin To Net: NetName=RST Pin=J1_M5-31
Added Pin To Net: NetName=ADDR_13 Pin=J1_M5-32
Added Pin To Net: NetName=CLK Pin=J1_M5-33
Added Pin To Net: NetName=ADDR_14 Pin=J1_M5-34
Added Pin To Net: NetName=ADDR_15 Pin=J1_M5-36
Added Pin To Net: NetName=GND Pin=J1_M5-37
Added Pin To Net: NetName=GND Pin=J1_M5-38
Added Pin To Net: NetName=GND Pin=J1_M5-39
Added Pin To Net: NetName=GND Pin=J1_M5-40
Added Pin To Net: NetName=VCC Pin=J1_M6-1
Added Pin To Net: NetName=VCC Pin=J1_M6-2
Added Pin To Net: NetName=VCC Pin=J1_M6-3
Added Pin To Net: NetName=VCC Pin=J1_M6-4
Added Pin To Net: NetName=BUS_0 Pin=J1_M6-5
Added Pin To Net: NetName=ADDR_0 Pin=J1_M6-6
Added Pin To Net: NetName=BUS_1 Pin=J1_M6-7
Added Pin To Net: NetName=ADDR_1 Pin=J1_M6-8
Added Pin To Net: NetName=BUS_2 Pin=J1_M6-9
Added Pin To Net: NetName=ADDR_2 Pin=J1_M6-10
Added Pin To Net: NetName=BUS_3 Pin=J1_M6-11
Added Pin To Net: NetName=ADDR_3 Pin=J1_M6-12
Added Pin To Net: NetName=BUS_4 Pin=J1_M6-13
Added Pin To Net: NetName=ADDR_4 Pin=J1_M6-14
Added Pin To Net: NetName=BUS_5 Pin=J1_M6-15
Added Pin To Net: NetName=ADDR_5 Pin=J1_M6-16
Added Pin To Net: NetName=BUS_6 Pin=J1_M6-17
Added Pin To Net: NetName=ADDR_6 Pin=J1_M6-18
Added Pin To Net: NetName=BUS_7 Pin=J1_M6-19
Added Pin To Net: NetName=ADDR_7 Pin=J1_M6-20
Added Pin To Net: NetName=ADDR_8 Pin=J1_M6-22
Added Pin To Net: NetName=ADDR_9 Pin=J1_M6-24
Added Pin To Net: NetName=CLK Pin=J1_M6-25
Added Pin To Net: NetName=ADDR_10 Pin=J1_M6-26
Added Pin To Net: NetName=MO Pin=J1_M6-27
Added Pin To Net: NetName=ADDR_11 Pin=J1_M6-28
Added Pin To Net: NetName=ADDR_12 Pin=J1_M6-30
Added Pin To Net: NetName=RST Pin=J1_M6-31
Added Pin To Net: NetName=ADDR_13 Pin=J1_M6-32
Added Pin To Net: NetName=CLK Pin=J1_M6-33
Added Pin To Net: NetName=ADDR_14 Pin=J1_M6-34
Added Pin To Net: NetName=ADDR_15 Pin=J1_M6-36
Added Pin To Net: NetName=GND Pin=J1_M6-37
Added Pin To Net: NetName=GND Pin=J1_M6-38
Added Pin To Net: NetName=GND Pin=J1_M6-39
Added Pin To Net: NetName=GND Pin=J1_M6-40
Added Pin To Net: NetName=VCC Pin=J1_M7-1
Added Pin To Net: NetName=VCC Pin=J1_M7-2
Added Pin To Net: NetName=VCC Pin=J1_M7-3
Added Pin To Net: NetName=VCC Pin=J1_M7-4
Added Pin To Net: NetName=BUS_0 Pin=J1_M7-5
Added Pin To Net: NetName=ADDR_0 Pin=J1_M7-6
Added Pin To Net: NetName=BUS_1 Pin=J1_M7-7
Added Pin To Net: NetName=ADDR_1 Pin=J1_M7-8
Added Pin To Net: NetName=BUS_2 Pin=J1_M7-9
Added Pin To Net: NetName=ADDR_2 Pin=J1_M7-10
Added Pin To Net: NetName=BUS_3 Pin=J1_M7-11
Added Pin To Net: NetName=ADDR_3 Pin=J1_M7-12
Added Pin To Net: NetName=BUS_4 Pin=J1_M7-13
Added Pin To Net: NetName=ADDR_4 Pin=J1_M7-14
Added Pin To Net: NetName=BUS_5 Pin=J1_M7-15
Added Pin To Net: NetName=ADDR_5 Pin=J1_M7-16
Added Pin To Net: NetName=BUS_6 Pin=J1_M7-17
Added Pin To Net: NetName=ADDR_6 Pin=J1_M7-18
Added Pin To Net: NetName=BUS_7 Pin=J1_M7-19
Added Pin To Net: NetName=ADDR_7 Pin=J1_M7-20
Added Pin To Net: NetName=ADDR_8 Pin=J1_M7-22
Added Pin To Net: NetName=ADDR_9 Pin=J1_M7-24
Added Pin To Net: NetName=CLK Pin=J1_M7-25
Added Pin To Net: NetName=ADDR_10 Pin=J1_M7-26
Added Pin To Net: NetName=MO Pin=J1_M7-27
Added Pin To Net: NetName=ADDR_11 Pin=J1_M7-28
Added Pin To Net: NetName=ADDR_12 Pin=J1_M7-30
Added Pin To Net: NetName=RST Pin=J1_M7-31
Added Pin To Net: NetName=ADDR_13 Pin=J1_M7-32
Added Pin To Net: NetName=CLK Pin=J1_M7-33
Added Pin To Net: NetName=ADDR_14 Pin=J1_M7-34
Added Pin To Net: NetName=ADDR_15 Pin=J1_M7-36
Added Pin To Net: NetName=GND Pin=J1_M7-37
Added Pin To Net: NetName=GND Pin=J1_M7-38
Added Pin To Net: NetName=GND Pin=J1_M7-39
Added Pin To Net: NetName=GND Pin=J1_M7-40
Added Pin To Net: NetName=VCC Pin=J1_M8-1
Added Pin To Net: NetName=VCC Pin=J1_M8-2
Added Pin To Net: NetName=VCC Pin=J1_M8-3
Added Pin To Net: NetName=VCC Pin=J1_M8-4
Added Pin To Net: NetName=BUS_0 Pin=J1_M8-5
Added Pin To Net: NetName=ADDR_0 Pin=J1_M8-6
Added Pin To Net: NetName=BUS_1 Pin=J1_M8-7
Added Pin To Net: NetName=ADDR_1 Pin=J1_M8-8
Added Pin To Net: NetName=BUS_2 Pin=J1_M8-9
Added Pin To Net: NetName=ADDR_2 Pin=J1_M8-10
Added Pin To Net: NetName=BUS_3 Pin=J1_M8-11
Added Pin To Net: NetName=ADDR_3 Pin=J1_M8-12
Added Pin To Net: NetName=BUS_4 Pin=J1_M8-13
Added Pin To Net: NetName=ADDR_4 Pin=J1_M8-14
Added Pin To Net: NetName=BUS_5 Pin=J1_M8-15
Added Pin To Net: NetName=ADDR_5 Pin=J1_M8-16
Added Pin To Net: NetName=BUS_6 Pin=J1_M8-17
Added Pin To Net: NetName=ADDR_6 Pin=J1_M8-18
Added Pin To Net: NetName=BUS_7 Pin=J1_M8-19
Added Pin To Net: NetName=ADDR_7 Pin=J1_M8-20
Added Pin To Net: NetName=ADDR_8 Pin=J1_M8-22
Added Pin To Net: NetName=ADDR_9 Pin=J1_M8-24
Added Pin To Net: NetName=CLK Pin=J1_M8-25
Added Pin To Net: NetName=ADDR_10 Pin=J1_M8-26
Added Pin To Net: NetName=MO Pin=J1_M8-27
Added Pin To Net: NetName=ADDR_11 Pin=J1_M8-28
Added Pin To Net: NetName=ADDR_12 Pin=J1_M8-30
Added Pin To Net: NetName=RST Pin=J1_M8-31
Added Pin To Net: NetName=ADDR_13 Pin=J1_M8-32
Added Pin To Net: NetName=CLK Pin=J1_M8-33
Added Pin To Net: NetName=ADDR_14 Pin=J1_M8-34
Added Pin To Net: NetName=ADDR_15 Pin=J1_M8-36
Added Pin To Net: NetName=GND Pin=J1_M8-37
Added Pin To Net: NetName=GND Pin=J1_M8-38
Added Pin To Net: NetName=GND Pin=J1_M8-39
Added Pin To Net: NetName=GND Pin=J1_M8-40
Added Pin To Net: NetName=VCC Pin=J1_M9-1
Added Pin To Net: NetName=VCC Pin=J1_M9-2
Added Pin To Net: NetName=VCC Pin=J1_M9-3
Added Pin To Net: NetName=VCC Pin=J1_M9-4
Added Pin To Net: NetName=BUS_0 Pin=J1_M9-5
Added Pin To Net: NetName=ADDR_0 Pin=J1_M9-6
Added Pin To Net: NetName=BUS_1 Pin=J1_M9-7
Added Pin To Net: NetName=ADDR_1 Pin=J1_M9-8
Added Pin To Net: NetName=BUS_2 Pin=J1_M9-9
Added Pin To Net: NetName=ADDR_2 Pin=J1_M9-10
Added Pin To Net: NetName=BUS_3 Pin=J1_M9-11
Added Pin To Net: NetName=ADDR_3 Pin=J1_M9-12
Added Pin To Net: NetName=BUS_4 Pin=J1_M9-13
Added Pin To Net: NetName=ADDR_4 Pin=J1_M9-14
Added Pin To Net: NetName=BUS_5 Pin=J1_M9-15
Added Pin To Net: NetName=ADDR_5 Pin=J1_M9-16
Added Pin To Net: NetName=BUS_6 Pin=J1_M9-17
Added Pin To Net: NetName=ADDR_6 Pin=J1_M9-18
Added Pin To Net: NetName=BUS_7 Pin=J1_M9-19
Added Pin To Net: NetName=ADDR_7 Pin=J1_M9-20
Added Pin To Net: NetName=ADDR_8 Pin=J1_M9-22
Added Pin To Net: NetName=ADDR_9 Pin=J1_M9-24
Added Pin To Net: NetName=CLK Pin=J1_M9-25
Added Pin To Net: NetName=ADDR_10 Pin=J1_M9-26
Added Pin To Net: NetName=MO Pin=J1_M9-27
Added Pin To Net: NetName=ADDR_11 Pin=J1_M9-28
Added Pin To Net: NetName=ADDR_12 Pin=J1_M9-30
Added Pin To Net: NetName=RST Pin=J1_M9-31
Added Pin To Net: NetName=ADDR_13 Pin=J1_M9-32
Added Pin To Net: NetName=CLK Pin=J1_M9-33
Added Pin To Net: NetName=ADDR_14 Pin=J1_M9-34
Added Pin To Net: NetName=ADDR_15 Pin=J1_M9-36
Added Pin To Net: NetName=GND Pin=J1_M9-37
Added Pin To Net: NetName=GND Pin=J1_M9-38
Added Pin To Net: NetName=GND Pin=J1_M9-39
Added Pin To Net: NetName=GND Pin=J1_M9-40
Added Pin To Net: NetName=VCC Pin=J1_M10-1
Added Pin To Net: NetName=VCC Pin=J1_M10-2
Added Pin To Net: NetName=VCC Pin=J1_M10-3
Added Pin To Net: NetName=VCC Pin=J1_M10-4
Added Pin To Net: NetName=BUS_0 Pin=J1_M10-5
Added Pin To Net: NetName=ADDR_0 Pin=J1_M10-6
Added Pin To Net: NetName=BUS_1 Pin=J1_M10-7
Added Pin To Net: NetName=ADDR_1 Pin=J1_M10-8
Added Pin To Net: NetName=BUS_2 Pin=J1_M10-9
Added Pin To Net: NetName=ADDR_2 Pin=J1_M10-10
Added Pin To Net: NetName=BUS_3 Pin=J1_M10-11
Added Pin To Net: NetName=ADDR_3 Pin=J1_M10-12
Added Pin To Net: NetName=BUS_4 Pin=J1_M10-13
Added Pin To Net: NetName=ADDR_4 Pin=J1_M10-14
Added Pin To Net: NetName=BUS_5 Pin=J1_M10-15
Added Pin To Net: NetName=ADDR_5 Pin=J1_M10-16
Added Pin To Net: NetName=BUS_6 Pin=J1_M10-17
Added Pin To Net: NetName=ADDR_6 Pin=J1_M10-18
Added Pin To Net: NetName=BUS_7 Pin=J1_M10-19
Added Pin To Net: NetName=ADDR_7 Pin=J1_M10-20
Added Pin To Net: NetName=ADDR_8 Pin=J1_M10-22
Added Pin To Net: NetName=ADDR_9 Pin=J1_M10-24
Added Pin To Net: NetName=CLK Pin=J1_M10-25
Added Pin To Net: NetName=ADDR_10 Pin=J1_M10-26
Added Pin To Net: NetName=MO Pin=J1_M10-27
Added Pin To Net: NetName=ADDR_11 Pin=J1_M10-28
Added Pin To Net: NetName=ADDR_12 Pin=J1_M10-30
Added Pin To Net: NetName=RST Pin=J1_M10-31
Added Pin To Net: NetName=ADDR_13 Pin=J1_M10-32
Added Pin To Net: NetName=CLK Pin=J1_M10-33
Added Pin To Net: NetName=ADDR_14 Pin=J1_M10-34
Added Pin To Net: NetName=ADDR_15 Pin=J1_M10-36
Added Pin To Net: NetName=GND Pin=J1_M10-37
Added Pin To Net: NetName=GND Pin=J1_M10-38
Added Pin To Net: NetName=GND Pin=J1_M10-39
Added Pin To Net: NetName=GND Pin=J1_M10-40
Added Pin To Net: NetName=VCC Pin=J1_M11-1
Added Pin To Net: NetName=VCC Pin=J1_M11-2
Added Pin To Net: NetName=VCC Pin=J1_M11-3
Added Pin To Net: NetName=VCC Pin=J1_M11-4
Added Pin To Net: NetName=BUS_0 Pin=J1_M11-5
Added Pin To Net: NetName=ADDR_0 Pin=J1_M11-6
Added Pin To Net: NetName=BUS_1 Pin=J1_M11-7
Added Pin To Net: NetName=ADDR_1 Pin=J1_M11-8
Added Pin To Net: NetName=BUS_2 Pin=J1_M11-9
Added Pin To Net: NetName=ADDR_2 Pin=J1_M11-10
Added Pin To Net: NetName=BUS_3 Pin=J1_M11-11
Added Pin To Net: NetName=ADDR_3 Pin=J1_M11-12
Added Pin To Net: NetName=BUS_4 Pin=J1_M11-13
Added Pin To Net: NetName=ADDR_4 Pin=J1_M11-14
Added Pin To Net: NetName=BUS_5 Pin=J1_M11-15
Added Pin To Net: NetName=ADDR_5 Pin=J1_M11-16
Added Pin To Net: NetName=BUS_6 Pin=J1_M11-17
Added Pin To Net: NetName=ADDR_6 Pin=J1_M11-18
Added Pin To Net: NetName=BUS_7 Pin=J1_M11-19
Added Pin To Net: NetName=ADDR_7 Pin=J1_M11-20
Added Pin To Net: NetName=ADDR_8 Pin=J1_M11-22
Added Pin To Net: NetName=ADDR_9 Pin=J1_M11-24
Added Pin To Net: NetName=CLK Pin=J1_M11-25
Added Pin To Net: NetName=ADDR_10 Pin=J1_M11-26
Added Pin To Net: NetName=MO Pin=J1_M11-27
Added Pin To Net: NetName=ADDR_11 Pin=J1_M11-28
Added Pin To Net: NetName=ADDR_12 Pin=J1_M11-30
Added Pin To Net: NetName=RST Pin=J1_M11-31
Added Pin To Net: NetName=ADDR_13 Pin=J1_M11-32
Added Pin To Net: NetName=CLK Pin=J1_M11-33
Added Pin To Net: NetName=ADDR_14 Pin=J1_M11-34
Added Pin To Net: NetName=ADDR_15 Pin=J1_M11-36
Added Pin To Net: NetName=GND Pin=J1_M11-37
Added Pin To Net: NetName=GND Pin=J1_M11-38
Added Pin To Net: NetName=GND Pin=J1_M11-39
Added Pin To Net: NetName=GND Pin=J1_M11-40
Added Pin To Net: NetName=VCC Pin=J1_M12-1
Added Pin To Net: NetName=VCC Pin=J1_M12-2
Added Pin To Net: NetName=VCC Pin=J1_M12-3
Added Pin To Net: NetName=VCC Pin=J1_M12-4
Added Pin To Net: NetName=BUS_0 Pin=J1_M12-5
Added Pin To Net: NetName=ADDR_0 Pin=J1_M12-6
Added Pin To Net: NetName=BUS_1 Pin=J1_M12-7
Added Pin To Net: NetName=ADDR_1 Pin=J1_M12-8
Added Pin To Net: NetName=BUS_2 Pin=J1_M12-9
Added Pin To Net: NetName=ADDR_2 Pin=J1_M12-10
Added Pin To Net: NetName=BUS_3 Pin=J1_M12-11
Added Pin To Net: NetName=ADDR_3 Pin=J1_M12-12
Added Pin To Net: NetName=BUS_4 Pin=J1_M12-13
Added Pin To Net: NetName=ADDR_4 Pin=J1_M12-14
Added Pin To Net: NetName=BUS_5 Pin=J1_M12-15
Added Pin To Net: NetName=ADDR_5 Pin=J1_M12-16
Added Pin To Net: NetName=BUS_6 Pin=J1_M12-17
Added Pin To Net: NetName=ADDR_6 Pin=J1_M12-18
Added Pin To Net: NetName=BUS_7 Pin=J1_M12-19
Added Pin To Net: NetName=ADDR_7 Pin=J1_M12-20
Added Pin To Net: NetName=ADDR_8 Pin=J1_M12-22
Added Pin To Net: NetName=ADDR_9 Pin=J1_M12-24
Added Pin To Net: NetName=CLK Pin=J1_M12-25
Added Pin To Net: NetName=ADDR_10 Pin=J1_M12-26
Added Pin To Net: NetName=MO Pin=J1_M12-27
Added Pin To Net: NetName=ADDR_11 Pin=J1_M12-28
Added Pin To Net: NetName=ADDR_12 Pin=J1_M12-30
Added Pin To Net: NetName=RST Pin=J1_M12-31
Added Pin To Net: NetName=ADDR_13 Pin=J1_M12-32
Added Pin To Net: NetName=CLK Pin=J1_M12-33
Added Pin To Net: NetName=ADDR_14 Pin=J1_M12-34
Added Pin To Net: NetName=ADDR_15 Pin=J1_M12-36
Added Pin To Net: NetName=GND Pin=J1_M12-37
Added Pin To Net: NetName=GND Pin=J1_M12-38
Added Pin To Net: NetName=GND Pin=J1_M12-39
Added Pin To Net: NetName=GND Pin=J1_M12-40
Added Pin To Net: NetName=EN_M1 Pin=J1_M1-35
Added Net: Name=EN_M1
Added Pin To Net: NetName=EN_M2 Pin=J1_M2-35
Added Net: Name=EN_M2
Added Pin To Net: NetName=EN_M3 Pin=J1_M3-35
Added Net: Name=EN_M3
Added Pin To Net: NetName=EN_M4 Pin=J1_M4-35
Added Net: Name=EN_M4
Added Pin To Net: NetName=EN_M5 Pin=J1_M5-35
Added Net: Name=EN_M5
Added Pin To Net: NetName=EN_M6 Pin=J1_M6-35
Added Net: Name=EN_M6
Added Pin To Net: NetName=EN_M7 Pin=J1_M7-35
Added Net: Name=EN_M7
Added Pin To Net: NetName=EN_M8 Pin=J1_M8-35
Added Net: Name=EN_M8
Added Pin To Net: NetName=EN_M9 Pin=J1_M9-35
Added Net: Name=EN_M9
Added Pin To Net: NetName=EN_M10 Pin=J1_M10-35
Added Net: Name=EN_M10
Added Pin To Net: NetName=EN_M11 Pin=J1_M11-35
Added Net: Name=EN_M11
Added Pin To Net: NetName=EN_M12 Pin=J1_M12-35
Added Net: Name=EN_M12
Added Pin To Net: NetName=LOAD_M1 Pin=J1_M1-29
Added Pin To Net: NetName=LOAD_M1 Pin=J1_M2-29
Added Pin To Net: NetName=LOAD_M1 Pin=J1_M3-29
Added Pin To Net: NetName=LOAD_M1 Pin=J1_M4-29
Added Pin To Net: NetName=LOAD_M1 Pin=J1_M5-29
Added Pin To Net: NetName=LOAD_M1 Pin=J1_M6-29
Added Pin To Net: NetName=LOAD_M1 Pin=J1_M7-29
Added Pin To Net: NetName=LOAD_M1 Pin=J1_M8-29
Added Pin To Net: NetName=LOAD_M1 Pin=J1_M9-29
Added Pin To Net: NetName=LOAD_M1 Pin=J1_M10-29
Added Pin To Net: NetName=LOAD_M1 Pin=J1_M11-29
Added Pin To Net: NetName=LOAD_M1 Pin=J1_M12-29
Added Net: Name=LOAD_M1
Added Class: Name=M1
Added Class: Name=M2
Added Class: Name=M3
Added Class: Name=M4
Added Class: Name=M5
Added Class: Name=M6
Added Class: Name=M7
Added Class: Name=M8
Added Class: Name=M9
Added Class: Name=M10
Added Class: Name=M11
Added Class: Name=M12
Change Room Name: Old Name=MEM11 New Name=M9
Change Room Scope: Old Scope=InComponentClass('MEM11') New Scope=InComponentClass('M9')
Change Room Name: Old Name=MEM12 New Name=M8
Change Room Scope: Old Scope=InComponentClass('MEM12') New Scope=InComponentClass('M8')
Added Room: Name=M1
Added Room: Name=M2
Added Room: Name=M3
Added Room: Name=M4
Added Room: Name=M5
Added Room: Name=M6
Added Room: Name=M7
Added Room: Name=M10
Added Room: Name=M11
Added Room: Name=M12
