Added Component: Designator=P?_ALU1(HDR1X24H)
Add component (AddParameter): Name = "LatestRevisionDate"; Value = "17-Jul-2002"; VariantName = "[No Variations]"
Add component (AddParameter): Name = "LatestRevisionNote"; Value = "Re-released for DXP Platform."; VariantName = "[No Variations]"
Add component (AddParameter): Name = "Publisher"; Value = "Altium Limited"; VariantName = "[No Variations]"
Added Component: Designator=P?_ALU1(HDR1X24H)
Add component (AddParameter): Name = "LatestRevisionDate"; Value = "17-Jul-2002"; VariantName = "[No Variations]"
Add component (AddParameter): Name = "LatestRevisionNote"; Value = "Re-released for DXP Platform."; VariantName = "[No Variations]"
Add component (AddParameter): Name = "Publisher"; Value = "Altium Limited"; VariantName = "[No Variations]"
Added Component: Designator=P?_ALU1(HDR1X24H)
Add component (AddParameter): Name = "LatestRevisionDate"; Value = "17-Jul-2002"; VariantName = "[No Variations]"
Add component (AddParameter): Name = "LatestRevisionNote"; Value = "Re-released for DXP Platform."; VariantName = "[No Variations]"
Add component (AddParameter): Name = "Publisher"; Value = "Altium Limited"; VariantName = "[No Variations]"
Added Component: Designator=P?_ALU2(HDR1X24H)
Add component (AddParameter): Name = "LatestRevisionDate"; Value = "17-Jul-2002"; VariantName = "[No Variations]"
Add component (AddParameter): Name = "LatestRevisionNote"; Value = "Re-released for DXP Platform."; VariantName = "[No Variations]"
Add component (AddParameter): Name = "Publisher"; Value = "Altium Limited"; VariantName = "[No Variations]"
Added Component: Designator=P?_ALU2(HDR1X24H)
Add component (AddParameter): Name = "LatestRevisionDate"; Value = "17-Jul-2002"; VariantName = "[No Variations]"
Add component (AddParameter): Name = "LatestRevisionNote"; Value = "Re-released for DXP Platform."; VariantName = "[No Variations]"
Add component (AddParameter): Name = "Publisher"; Value = "Altium Limited"; VariantName = "[No Variations]"
Added Component: Designator=P?_ALU2(HDR1X24H)
Add component (AddParameter): Name = "LatestRevisionDate"; Value = "17-Jul-2002"; VariantName = "[No Variations]"
Add component (AddParameter): Name = "LatestRevisionNote"; Value = "Re-released for DXP Platform."; VariantName = "[No Variations]"
Add component (AddParameter): Name = "Publisher"; Value = "Altium Limited"; VariantName = "[No Variations]"
Added Component: Designator=P?_ALU3(HDR1X24H)
Add component (AddParameter): Name = "LatestRevisionDate"; Value = "17-Jul-2002"; VariantName = "[No Variations]"
Add component (AddParameter): Name = "LatestRevisionNote"; Value = "Re-released for DXP Platform."; VariantName = "[No Variations]"
Add component (AddParameter): Name = "Publisher"; Value = "Altium Limited"; VariantName = "[No Variations]"
Added Component: Designator=P?_ALU3(HDR1X24H)
Add component (AddParameter): Name = "LatestRevisionDate"; Value = "17-Jul-2002"; VariantName = "[No Variations]"
Add component (AddParameter): Name = "LatestRevisionNote"; Value = "Re-released for DXP Platform."; VariantName = "[No Variations]"
Add component (AddParameter): Name = "Publisher"; Value = "Altium Limited"; VariantName = "[No Variations]"
Added Component: Designator=P?_ALU3(HDR1X24H)
Add component (AddParameter): Name = "LatestRevisionDate"; Value = "17-Jul-2002"; VariantName = "[No Variations]"
Add component (AddParameter): Name = "LatestRevisionNote"; Value = "Re-released for DXP Platform."; VariantName = "[No Variations]"
Add component (AddParameter): Name = "Publisher"; Value = "Altium Limited"; VariantName = "[No Variations]"
Added Component: Designator=P?_ALU4(HDR1X24H)
Add component (AddParameter): Name = "LatestRevisionDate"; Value = "17-Jul-2002"; VariantName = "[No Variations]"
Add component (AddParameter): Name = "LatestRevisionNote"; Value = "Re-released for DXP Platform."; VariantName = "[No Variations]"
Add component (AddParameter): Name = "Publisher"; Value = "Altium Limited"; VariantName = "[No Variations]"
Added Component: Designator=P?_ALU4(HDR1X24H)
Add component (AddParameter): Name = "LatestRevisionDate"; Value = "17-Jul-2002"; VariantName = "[No Variations]"
Add component (AddParameter): Name = "LatestRevisionNote"; Value = "Re-released for DXP Platform."; VariantName = "[No Variations]"
Add component (AddParameter): Name = "Publisher"; Value = "Altium Limited"; VariantName = "[No Variations]"
Added Component: Designator=P?_ALU4(HDR1X24H)
Add component (AddParameter): Name = "LatestRevisionDate"; Value = "17-Jul-2002"; VariantName = "[No Variations]"
Add component (AddParameter): Name = "LatestRevisionNote"; Value = "Re-released for DXP Platform."; VariantName = "[No Variations]"
Add component (AddParameter): Name = "Publisher"; Value = "Altium Limited"; VariantName = "[No Variations]"
Added Component: Designator=P?_ALU5(HDR1X24H)
Add component (AddParameter): Name = "LatestRevisionDate"; Value = "17-Jul-2002"; VariantName = "[No Variations]"
Add component (AddParameter): Name = "LatestRevisionNote"; Value = "Re-released for DXP Platform."; VariantName = "[No Variations]"
Add component (AddParameter): Name = "Publisher"; Value = "Altium Limited"; VariantName = "[No Variations]"
Added Component: Designator=P?_ALU5(HDR1X24H)
Add component (AddParameter): Name = "LatestRevisionDate"; Value = "17-Jul-2002"; VariantName = "[No Variations]"
Add component (AddParameter): Name = "LatestRevisionNote"; Value = "Re-released for DXP Platform."; VariantName = "[No Variations]"
Add component (AddParameter): Name = "Publisher"; Value = "Altium Limited"; VariantName = "[No Variations]"
Added Component: Designator=P?_ALU5(HDR1X24H)
Add component (AddParameter): Name = "LatestRevisionDate"; Value = "17-Jul-2002"; VariantName = "[No Variations]"
Add component (AddParameter): Name = "LatestRevisionNote"; Value = "Re-released for DXP Platform."; VariantName = "[No Variations]"
Add component (AddParameter): Name = "Publisher"; Value = "Altium Limited"; VariantName = "[No Variations]"
Added Pin To Net: NetName=VCC Pin=P?_ALU1-1
Added Pin To Net: NetName=VCC Pin=P?_ALU1-1
Added Pin To Net: NetName=VCC Pin=P?_ALU1-1
Added Pin To Net: NetName=GND Pin=P?_ALU1-2
Added Pin To Net: NetName=GND Pin=P?_ALU1-2
Added Pin To Net: NetName=GND Pin=P?_ALU1-2
Added Pin To Net: NetName=A_15 Pin=P?_ALU1-9
Added Pin To Net: NetName=A_14 Pin=P?_ALU1-10
Added Pin To Net: NetName=A_13 Pin=P?_ALU1-11
Added Pin To Net: NetName=A_12 Pin=P?_ALU1-12
Added Pin To Net: NetName=A_11 Pin=P?_ALU1-13
Added Pin To Net: NetName=A_10 Pin=P?_ALU1-14
Added Pin To Net: NetName=A_9 Pin=P?_ALU1-15
Added Pin To Net: NetName=A_8 Pin=P?_ALU1-16
Added Pin To Net: NetName=A_7 Pin=P?_ALU1-17
Added Pin To Net: NetName=A_6 Pin=P?_ALU1-18
Added Pin To Net: NetName=A_5 Pin=P?_ALU1-19
Added Pin To Net: NetName=A_4 Pin=P?_ALU1-20
Added Pin To Net: NetName=A_3 Pin=P?_ALU1-21
Added Pin To Net: NetName=A_2 Pin=P?_ALU1-22
Added Pin To Net: NetName=A_1 Pin=P?_ALU1-23
Added Pin To Net: NetName=A_0 Pin=P?_ALU1-24
Added Pin To Net: NetName=VCC Pin=P?_ALU2-1
Added Pin To Net: NetName=VCC Pin=P?_ALU2-1
Added Pin To Net: NetName=VCC Pin=P?_ALU2-1
Added Pin To Net: NetName=GND Pin=P?_ALU2-2
Added Pin To Net: NetName=GND Pin=P?_ALU2-2
Added Pin To Net: NetName=GND Pin=P?_ALU2-2
Added Pin To Net: NetName=A_15 Pin=P?_ALU2-9
Added Pin To Net: NetName=A_14 Pin=P?_ALU2-10
Added Pin To Net: NetName=A_13 Pin=P?_ALU2-11
Added Pin To Net: NetName=A_12 Pin=P?_ALU2-12
Added Pin To Net: NetName=A_11 Pin=P?_ALU2-13
Added Pin To Net: NetName=A_10 Pin=P?_ALU2-14
Added Pin To Net: NetName=A_9 Pin=P?_ALU2-15
Added Pin To Net: NetName=A_8 Pin=P?_ALU2-16
Added Pin To Net: NetName=A_7 Pin=P?_ALU2-17
Added Pin To Net: NetName=A_6 Pin=P?_ALU2-18
Added Pin To Net: NetName=A_5 Pin=P?_ALU2-19
Added Pin To Net: NetName=A_4 Pin=P?_ALU2-20
Added Pin To Net: NetName=A_3 Pin=P?_ALU2-21
Added Pin To Net: NetName=A_2 Pin=P?_ALU2-22
Added Pin To Net: NetName=A_1 Pin=P?_ALU2-23
Added Pin To Net: NetName=A_0 Pin=P?_ALU2-24
Added Pin To Net: NetName=VCC Pin=P?_ALU3-1
Added Pin To Net: NetName=VCC Pin=P?_ALU3-1
Added Pin To Net: NetName=VCC Pin=P?_ALU3-1
Added Pin To Net: NetName=GND Pin=P?_ALU3-2
Added Pin To Net: NetName=GND Pin=P?_ALU3-2
Added Pin To Net: NetName=GND Pin=P?_ALU3-2
Added Pin To Net: NetName=A_15 Pin=P?_ALU3-9
Added Pin To Net: NetName=A_14 Pin=P?_ALU3-10
Added Pin To Net: NetName=A_13 Pin=P?_ALU3-11
Added Pin To Net: NetName=A_12 Pin=P?_ALU3-12
Added Pin To Net: NetName=A_11 Pin=P?_ALU3-13
Added Pin To Net: NetName=A_10 Pin=P?_ALU3-14
Added Pin To Net: NetName=A_9 Pin=P?_ALU3-15
Added Pin To Net: NetName=A_8 Pin=P?_ALU3-16
Added Pin To Net: NetName=A_7 Pin=P?_ALU3-17
Added Pin To Net: NetName=A_6 Pin=P?_ALU3-18
Added Pin To Net: NetName=A_5 Pin=P?_ALU3-19
Added Pin To Net: NetName=A_4 Pin=P?_ALU3-20
Added Pin To Net: NetName=A_3 Pin=P?_ALU3-21
Added Pin To Net: NetName=A_2 Pin=P?_ALU3-22
Added Pin To Net: NetName=A_1 Pin=P?_ALU3-23
Added Pin To Net: NetName=A_0 Pin=P?_ALU3-24
Added Pin To Net: NetName=VCC Pin=P?_ALU4-1
Added Pin To Net: NetName=VCC Pin=P?_ALU4-1
Added Pin To Net: NetName=VCC Pin=P?_ALU4-1
Added Pin To Net: NetName=GND Pin=P?_ALU4-2
Added Pin To Net: NetName=GND Pin=P?_ALU4-2
Added Pin To Net: NetName=GND Pin=P?_ALU4-2
Added Pin To Net: NetName=A_15 Pin=P?_ALU4-9
Added Pin To Net: NetName=A_14 Pin=P?_ALU4-10
Added Pin To Net: NetName=A_13 Pin=P?_ALU4-11
Added Pin To Net: NetName=A_12 Pin=P?_ALU4-12
Added Pin To Net: NetName=A_11 Pin=P?_ALU4-13
Added Pin To Net: NetName=A_10 Pin=P?_ALU4-14
Added Pin To Net: NetName=A_9 Pin=P?_ALU4-15
Added Pin To Net: NetName=A_8 Pin=P?_ALU4-16
Added Pin To Net: NetName=A_7 Pin=P?_ALU4-17
Added Pin To Net: NetName=A_6 Pin=P?_ALU4-18
Added Pin To Net: NetName=A_5 Pin=P?_ALU4-19
Added Pin To Net: NetName=A_4 Pin=P?_ALU4-20
Added Pin To Net: NetName=A_3 Pin=P?_ALU4-21
Added Pin To Net: NetName=A_2 Pin=P?_ALU4-22
Added Pin To Net: NetName=A_1 Pin=P?_ALU4-23
Added Pin To Net: NetName=A_0 Pin=P?_ALU4-24
Added Pin To Net: NetName=VCC Pin=P?_ALU5-1
Added Pin To Net: NetName=VCC Pin=P?_ALU5-1
Added Pin To Net: NetName=VCC Pin=P?_ALU5-1
Added Pin To Net: NetName=GND Pin=P?_ALU5-2
Added Pin To Net: NetName=GND Pin=P?_ALU5-2
Added Pin To Net: NetName=GND Pin=P?_ALU5-2
Added Pin To Net: NetName=A_15 Pin=P?_ALU5-9
Added Pin To Net: NetName=A_14 Pin=P?_ALU5-10
Added Pin To Net: NetName=A_13 Pin=P?_ALU5-11
Added Pin To Net: NetName=A_12 Pin=P?_ALU5-12
Added Pin To Net: NetName=A_11 Pin=P?_ALU5-13
Added Pin To Net: NetName=A_10 Pin=P?_ALU5-14
Added Pin To Net: NetName=A_9 Pin=P?_ALU5-15
Added Pin To Net: NetName=A_8 Pin=P?_ALU5-16
Added Pin To Net: NetName=A_7 Pin=P?_ALU5-17
Added Pin To Net: NetName=A_6 Pin=P?_ALU5-18
Added Pin To Net: NetName=A_5 Pin=P?_ALU5-19
Added Pin To Net: NetName=A_4 Pin=P?_ALU5-20
Added Pin To Net: NetName=A_3 Pin=P?_ALU5-21
Added Pin To Net: NetName=A_2 Pin=P?_ALU5-22
Added Pin To Net: NetName=A_1 Pin=P?_ALU5-23
Added Pin To Net: NetName=A_0 Pin=P?_ALU5-24
Added Pin To Net: NetName=A\D\D\_\O\U\T\_ALU1 Pin=P?_ALU1-3
Added Pin To Net: NetName=A\D\D\_\O\U\T\_ALU1 Pin=P?_ALU2-3
Added Pin To Net: NetName=A\D\D\_\O\U\T\_ALU1 Pin=P?_ALU3-3
Added Pin To Net: NetName=A\D\D\_\O\U\T\_ALU1 Pin=P?_ALU4-3
Added Pin To Net: NetName=A\D\D\_\O\U\T\_ALU1 Pin=P?_ALU5-3
Added Net: Name=A\D\D\_\O\U\T\_ALU1
Added Pin To Net: NetName=A\N\D\_\O\U\T\_ALU1 Pin=P?_ALU1-5
Added Pin To Net: NetName=A\N\D\_\O\U\T\_ALU1 Pin=P?_ALU2-5
Added Pin To Net: NetName=A\N\D\_\O\U\T\_ALU1 Pin=P?_ALU3-5
Added Pin To Net: NetName=A\N\D\_\O\U\T\_ALU1 Pin=P?_ALU4-5
Added Pin To Net: NetName=A\N\D\_\O\U\T\_ALU1 Pin=P?_ALU5-5
Added Net: Name=A\N\D\_\O\U\T\_ALU1
Added Pin To Net: NetName=ALU_0_ALU1 Pin=P?_ALU1-24
Added Pin To Net: NetName=ALU_0_ALU1 Pin=P?_ALU2-24
Added Pin To Net: NetName=ALU_0_ALU1 Pin=P?_ALU3-24
Added Pin To Net: NetName=ALU_0_ALU1 Pin=P?_ALU4-24
Added Pin To Net: NetName=ALU_0_ALU1 Pin=P?_ALU5-24
Added Net: Name=ALU_0_ALU1
Added Pin To Net: NetName=ALU_1_ALU1 Pin=P?_ALU1-23
Added Pin To Net: NetName=ALU_1_ALU1 Pin=P?_ALU2-23
Added Pin To Net: NetName=ALU_1_ALU1 Pin=P?_ALU3-23
Added Pin To Net: NetName=ALU_1_ALU1 Pin=P?_ALU4-23
Added Pin To Net: NetName=ALU_1_ALU1 Pin=P?_ALU5-23
Added Net: Name=ALU_1_ALU1
Added Pin To Net: NetName=ALU_2_ALU1 Pin=P?_ALU1-22
Added Pin To Net: NetName=ALU_2_ALU1 Pin=P?_ALU2-22
Added Pin To Net: NetName=ALU_2_ALU1 Pin=P?_ALU3-22
Added Pin To Net: NetName=ALU_2_ALU1 Pin=P?_ALU4-22
Added Pin To Net: NetName=ALU_2_ALU1 Pin=P?_ALU5-22
Added Net: Name=ALU_2_ALU1
Added Pin To Net: NetName=ALU_3_ALU1 Pin=P?_ALU1-21
Added Pin To Net: NetName=ALU_3_ALU1 Pin=P?_ALU2-21
Added Pin To Net: NetName=ALU_3_ALU1 Pin=P?_ALU3-21
Added Pin To Net: NetName=ALU_3_ALU1 Pin=P?_ALU4-21
Added Pin To Net: NetName=ALU_3_ALU1 Pin=P?_ALU5-21
Added Net: Name=ALU_3_ALU1
Added Pin To Net: NetName=ALU_4_ALU1 Pin=P?_ALU1-20
Added Pin To Net: NetName=ALU_4_ALU1 Pin=P?_ALU2-20
Added Pin To Net: NetName=ALU_4_ALU1 Pin=P?_ALU3-20
Added Pin To Net: NetName=ALU_4_ALU1 Pin=P?_ALU4-20
Added Pin To Net: NetName=ALU_4_ALU1 Pin=P?_ALU5-20
Added Net: Name=ALU_4_ALU1
Added Pin To Net: NetName=ALU_5_ALU1 Pin=P?_ALU1-19
Added Pin To Net: NetName=ALU_5_ALU1 Pin=P?_ALU2-19
Added Pin To Net: NetName=ALU_5_ALU1 Pin=P?_ALU3-19
Added Pin To Net: NetName=ALU_5_ALU1 Pin=P?_ALU4-19
Added Pin To Net: NetName=ALU_5_ALU1 Pin=P?_ALU5-19
Added Net: Name=ALU_5_ALU1
Added Pin To Net: NetName=ALU_6_ALU1 Pin=P?_ALU1-18
Added Pin To Net: NetName=ALU_6_ALU1 Pin=P?_ALU2-18
Added Pin To Net: NetName=ALU_6_ALU1 Pin=P?_ALU3-18
Added Pin To Net: NetName=ALU_6_ALU1 Pin=P?_ALU4-18
Added Pin To Net: NetName=ALU_6_ALU1 Pin=P?_ALU5-18
Added Net: Name=ALU_6_ALU1
Added Pin To Net: NetName=ALU_7_ALU1 Pin=P?_ALU1-17
Added Pin To Net: NetName=ALU_7_ALU1 Pin=P?_ALU2-17
Added Pin To Net: NetName=ALU_7_ALU1 Pin=P?_ALU3-17
Added Pin To Net: NetName=ALU_7_ALU1 Pin=P?_ALU4-17
Added Pin To Net: NetName=ALU_7_ALU1 Pin=P?_ALU5-17
Added Net: Name=ALU_7_ALU1
Added Pin To Net: NetName=ALU_8_ALU1 Pin=P?_ALU1-16
Added Pin To Net: NetName=ALU_8_ALU1 Pin=P?_ALU2-16
Added Pin To Net: NetName=ALU_8_ALU1 Pin=P?_ALU3-16
Added Pin To Net: NetName=ALU_8_ALU1 Pin=P?_ALU4-16
Added Pin To Net: NetName=ALU_8_ALU1 Pin=P?_ALU5-16
Added Net: Name=ALU_8_ALU1
Added Pin To Net: NetName=ALU_9_ALU1 Pin=P?_ALU1-15
Added Pin To Net: NetName=ALU_9_ALU1 Pin=P?_ALU2-15
Added Pin To Net: NetName=ALU_9_ALU1 Pin=P?_ALU3-15
Added Pin To Net: NetName=ALU_9_ALU1 Pin=P?_ALU4-15
Added Pin To Net: NetName=ALU_9_ALU1 Pin=P?_ALU5-15
Added Net: Name=ALU_9_ALU1
Added Pin To Net: NetName=ALU_10_ALU1 Pin=P?_ALU1-14
Added Pin To Net: NetName=ALU_10_ALU1 Pin=P?_ALU2-14
Added Pin To Net: NetName=ALU_10_ALU1 Pin=P?_ALU3-14
Added Pin To Net: NetName=ALU_10_ALU1 Pin=P?_ALU4-14
Added Pin To Net: NetName=ALU_10_ALU1 Pin=P?_ALU5-14
Added Net: Name=ALU_10_ALU1
Added Pin To Net: NetName=ALU_11_ALU1 Pin=P?_ALU1-13
Added Pin To Net: NetName=ALU_11_ALU1 Pin=P?_ALU2-13
Added Pin To Net: NetName=ALU_11_ALU1 Pin=P?_ALU3-13
Added Pin To Net: NetName=ALU_11_ALU1 Pin=P?_ALU4-13
Added Pin To Net: NetName=ALU_11_ALU1 Pin=P?_ALU5-13
Added Net: Name=ALU_11_ALU1
Added Pin To Net: NetName=ALU_12_ALU1 Pin=P?_ALU1-12
Added Pin To Net: NetName=ALU_12_ALU1 Pin=P?_ALU2-12
Added Pin To Net: NetName=ALU_12_ALU1 Pin=P?_ALU3-12
Added Pin To Net: NetName=ALU_12_ALU1 Pin=P?_ALU4-12
Added Pin To Net: NetName=ALU_12_ALU1 Pin=P?_ALU5-12
Added Net: Name=ALU_12_ALU1
Added Pin To Net: NetName=ALU_13_ALU1 Pin=P?_ALU1-11
Added Pin To Net: NetName=ALU_13_ALU1 Pin=P?_ALU2-11
Added Pin To Net: NetName=ALU_13_ALU1 Pin=P?_ALU3-11
Added Pin To Net: NetName=ALU_13_ALU1 Pin=P?_ALU4-11
Added Pin To Net: NetName=ALU_13_ALU1 Pin=P?_ALU5-11
Added Net: Name=ALU_13_ALU1
Added Pin To Net: NetName=ALU_14_ALU1 Pin=P?_ALU1-10
Added Pin To Net: NetName=ALU_14_ALU1 Pin=P?_ALU2-10
Added Pin To Net: NetName=ALU_14_ALU1 Pin=P?_ALU3-10
Added Pin To Net: NetName=ALU_14_ALU1 Pin=P?_ALU4-10
Added Pin To Net: NetName=ALU_14_ALU1 Pin=P?_ALU5-10
Added Net: Name=ALU_14_ALU1
Added Pin To Net: NetName=ALU_15_ALU1 Pin=P?_ALU1-9
Added Pin To Net: NetName=ALU_15_ALU1 Pin=P?_ALU2-9
Added Pin To Net: NetName=ALU_15_ALU1 Pin=P?_ALU3-9
Added Pin To Net: NetName=ALU_15_ALU1 Pin=P?_ALU4-9
Added Pin To Net: NetName=ALU_15_ALU1 Pin=P?_ALU5-9
Added Net: Name=ALU_15_ALU1
Added Pin To Net: NetName=B_0_ALU1 Pin=P?_ALU1-24
Added Pin To Net: NetName=B_0_ALU1 Pin=P?_ALU2-24
Added Pin To Net: NetName=B_0_ALU1 Pin=P?_ALU3-24
Added Pin To Net: NetName=B_0_ALU1 Pin=P?_ALU4-24
Added Pin To Net: NetName=B_0_ALU1 Pin=P?_ALU5-24
Added Net: Name=B_0_ALU1
Added Pin To Net: NetName=B_1_ALU1 Pin=P?_ALU1-23
Added Pin To Net: NetName=B_1_ALU1 Pin=P?_ALU2-23
Added Pin To Net: NetName=B_1_ALU1 Pin=P?_ALU3-23
Added Pin To Net: NetName=B_1_ALU1 Pin=P?_ALU4-23
Added Pin To Net: NetName=B_1_ALU1 Pin=P?_ALU5-23
Added Net: Name=B_1_ALU1
Added Pin To Net: NetName=B_2_ALU1 Pin=P?_ALU1-22
Added Pin To Net: NetName=B_2_ALU1 Pin=P?_ALU2-22
Added Pin To Net: NetName=B_2_ALU1 Pin=P?_ALU3-22
Added Pin To Net: NetName=B_2_ALU1 Pin=P?_ALU4-22
Added Pin To Net: NetName=B_2_ALU1 Pin=P?_ALU5-22
Added Net: Name=B_2_ALU1
Added Pin To Net: NetName=B_3_ALU1 Pin=P?_ALU1-21
Added Pin To Net: NetName=B_3_ALU1 Pin=P?_ALU2-21
Added Pin To Net: NetName=B_3_ALU1 Pin=P?_ALU3-21
Added Pin To Net: NetName=B_3_ALU1 Pin=P?_ALU4-21
Added Pin To Net: NetName=B_3_ALU1 Pin=P?_ALU5-21
Added Net: Name=B_3_ALU1
Added Pin To Net: NetName=B_4_ALU1 Pin=P?_ALU1-20
Added Pin To Net: NetName=B_4_ALU1 Pin=P?_ALU2-20
Added Pin To Net: NetName=B_4_ALU1 Pin=P?_ALU3-20
Added Pin To Net: NetName=B_4_ALU1 Pin=P?_ALU4-20
Added Pin To Net: NetName=B_4_ALU1 Pin=P?_ALU5-20
Added Net: Name=B_4_ALU1
Added Pin To Net: NetName=B_5_ALU1 Pin=P?_ALU1-19
Added Pin To Net: NetName=B_5_ALU1 Pin=P?_ALU2-19
Added Pin To Net: NetName=B_5_ALU1 Pin=P?_ALU3-19
Added Pin To Net: NetName=B_5_ALU1 Pin=P?_ALU4-19
Added Pin To Net: NetName=B_5_ALU1 Pin=P?_ALU5-19
Added Net: Name=B_5_ALU1
Added Pin To Net: NetName=B_6_ALU1 Pin=P?_ALU1-18
Added Pin To Net: NetName=B_6_ALU1 Pin=P?_ALU2-18
Added Pin To Net: NetName=B_6_ALU1 Pin=P?_ALU3-18
Added Pin To Net: NetName=B_6_ALU1 Pin=P?_ALU4-18
Added Pin To Net: NetName=B_6_ALU1 Pin=P?_ALU5-18
Added Net: Name=B_6_ALU1
Added Pin To Net: NetName=B_7_ALU1 Pin=P?_ALU1-17
Added Pin To Net: NetName=B_7_ALU1 Pin=P?_ALU2-17
Added Pin To Net: NetName=B_7_ALU1 Pin=P?_ALU3-17
Added Pin To Net: NetName=B_7_ALU1 Pin=P?_ALU4-17
Added Pin To Net: NetName=B_7_ALU1 Pin=P?_ALU5-17
Added Net: Name=B_7_ALU1
Added Pin To Net: NetName=B_8_ALU1 Pin=P?_ALU1-16
Added Pin To Net: NetName=B_8_ALU1 Pin=P?_ALU2-16
Added Pin To Net: NetName=B_8_ALU1 Pin=P?_ALU3-16
Added Pin To Net: NetName=B_8_ALU1 Pin=P?_ALU4-16
Added Pin To Net: NetName=B_8_ALU1 Pin=P?_ALU5-16
Added Net: Name=B_8_ALU1
Added Pin To Net: NetName=B_9_ALU1 Pin=P?_ALU1-15
Added Pin To Net: NetName=B_9_ALU1 Pin=P?_ALU2-15
Added Pin To Net: NetName=B_9_ALU1 Pin=P?_ALU3-15
Added Pin To Net: NetName=B_9_ALU1 Pin=P?_ALU4-15
Added Pin To Net: NetName=B_9_ALU1 Pin=P?_ALU5-15
Added Net: Name=B_9_ALU1
Added Pin To Net: NetName=B_10_ALU1 Pin=P?_ALU1-14
Added Pin To Net: NetName=B_10_ALU1 Pin=P?_ALU2-14
Added Pin To Net: NetName=B_10_ALU1 Pin=P?_ALU3-14
Added Pin To Net: NetName=B_10_ALU1 Pin=P?_ALU4-14
Added Pin To Net: NetName=B_10_ALU1 Pin=P?_ALU5-14
Added Net: Name=B_10_ALU1
Added Pin To Net: NetName=B_11_ALU1 Pin=P?_ALU1-13
Added Pin To Net: NetName=B_11_ALU1 Pin=P?_ALU2-13
Added Pin To Net: NetName=B_11_ALU1 Pin=P?_ALU3-13
Added Pin To Net: NetName=B_11_ALU1 Pin=P?_ALU4-13
Added Pin To Net: NetName=B_11_ALU1 Pin=P?_ALU5-13
Added Net: Name=B_11_ALU1
Added Pin To Net: NetName=B_12_ALU1 Pin=P?_ALU1-12
Added Pin To Net: NetName=B_12_ALU1 Pin=P?_ALU2-12
Added Pin To Net: NetName=B_12_ALU1 Pin=P?_ALU3-12
Added Pin To Net: NetName=B_12_ALU1 Pin=P?_ALU4-12
Added Pin To Net: NetName=B_12_ALU1 Pin=P?_ALU5-12
Added Net: Name=B_12_ALU1
Added Pin To Net: NetName=B_13_ALU1 Pin=P?_ALU1-11
Added Pin To Net: NetName=B_13_ALU1 Pin=P?_ALU2-11
Added Pin To Net: NetName=B_13_ALU1 Pin=P?_ALU3-11
Added Pin To Net: NetName=B_13_ALU1 Pin=P?_ALU4-11
Added Pin To Net: NetName=B_13_ALU1 Pin=P?_ALU5-11
Added Net: Name=B_13_ALU1
Added Pin To Net: NetName=B_14_ALU1 Pin=P?_ALU1-10
Added Pin To Net: NetName=B_14_ALU1 Pin=P?_ALU2-10
Added Pin To Net: NetName=B_14_ALU1 Pin=P?_ALU3-10
Added Pin To Net: NetName=B_14_ALU1 Pin=P?_ALU4-10
Added Pin To Net: NetName=B_14_ALU1 Pin=P?_ALU5-10
Added Net: Name=B_14_ALU1
Added Pin To Net: NetName=B_15_ALU1 Pin=P?_ALU1-9
Added Pin To Net: NetName=B_15_ALU1 Pin=P?_ALU2-9
Added Pin To Net: NetName=B_15_ALU1 Pin=P?_ALU3-9
Added Pin To Net: NetName=B_15_ALU1 Pin=P?_ALU4-9
Added Pin To Net: NetName=B_15_ALU1 Pin=P?_ALU5-9
Added Net: Name=B_15_ALU1
Added Pin To Net: NetName=CO_ALU1 Pin=P?_ALU1-3
Added Pin To Net: NetName=CO_ALU1 Pin=P?_ALU2-3
Added Pin To Net: NetName=CO_ALU1 Pin=P?_ALU3-3
Added Pin To Net: NetName=CO_ALU1 Pin=P?_ALU4-3
Added Pin To Net: NetName=CO_ALU1 Pin=P?_ALU5-3
Added Net: Name=CO_ALU1
Added Pin To Net: NetName=LEFT_ALU1 Pin=P?_ALU1-3
Added Pin To Net: NetName=LEFT_ALU1 Pin=P?_ALU2-3
Added Pin To Net: NetName=LEFT_ALU1 Pin=P?_ALU3-3
Added Pin To Net: NetName=LEFT_ALU1 Pin=P?_ALU4-3
Added Pin To Net: NetName=LEFT_ALU1 Pin=P?_ALU5-3
Added Net: Name=LEFT_ALU1
Added Pin To Net: NetName=O\N\E\S\_\O\U\T\_ALU1 Pin=P?_ALU1-5
Added Pin To Net: NetName=O\N\E\S\_\O\U\T\_ALU1 Pin=P?_ALU2-5
Added Pin To Net: NetName=O\N\E\S\_\O\U\T\_ALU1 Pin=P?_ALU3-5
Added Pin To Net: NetName=O\N\E\S\_\O\U\T\_ALU1 Pin=P?_ALU4-5
Added Pin To Net: NetName=O\N\E\S\_\O\U\T\_ALU1 Pin=P?_ALU5-5
Added Net: Name=O\N\E\S\_\O\U\T\_ALU1
Added Pin To Net: NetName=O\R\_\O\U\T\_ALU1 Pin=P?_ALU1-6
Added Pin To Net: NetName=O\R\_\O\U\T\_ALU1 Pin=P?_ALU2-6
Added Pin To Net: NetName=O\R\_\O\U\T\_ALU1 Pin=P?_ALU3-6
Added Pin To Net: NetName=O\R\_\O\U\T\_ALU1 Pin=P?_ALU4-6
Added Pin To Net: NetName=O\R\_\O\U\T\_ALU1 Pin=P?_ALU5-6
Added Net: Name=O\R\_\O\U\T\_ALU1
Added Pin To Net: NetName=RIGHT_ALU1 Pin=P?_ALU1-4
Added Pin To Net: NetName=RIGHT_ALU1 Pin=P?_ALU2-4
Added Pin To Net: NetName=RIGHT_ALU1 Pin=P?_ALU3-4
Added Pin To Net: NetName=RIGHT_ALU1 Pin=P?_ALU4-4
Added Pin To Net: NetName=RIGHT_ALU1 Pin=P?_ALU5-4
Added Net: Name=RIGHT_ALU1
Added Pin To Net: NetName=S\H\I\F\T\_\O\U\T\_ALU1 Pin=P?_ALU1-8
Added Pin To Net: NetName=S\H\I\F\T\_\O\U\T\_ALU1 Pin=P?_ALU2-8
Added Pin To Net: NetName=S\H\I\F\T\_\O\U\T\_ALU1 Pin=P?_ALU3-8
Added Pin To Net: NetName=S\H\I\F\T\_\O\U\T\_ALU1 Pin=P?_ALU4-8
Added Pin To Net: NetName=S\H\I\F\T\_\O\U\T\_ALU1 Pin=P?_ALU5-8
Added Net: Name=S\H\I\F\T\_\O\U\T\_ALU1
Added Pin To Net: NetName=SUB_ALU1 Pin=P?_ALU1-4
Added Pin To Net: NetName=SUB_ALU1 Pin=P?_ALU2-4
Added Pin To Net: NetName=SUB_ALU1 Pin=P?_ALU3-4
Added Pin To Net: NetName=SUB_ALU1 Pin=P?_ALU4-4
Added Pin To Net: NetName=SUB_ALU1 Pin=P?_ALU5-4
Added Net: Name=SUB_ALU1
Added Pin To Net: NetName=X\O\R\_\O\U\T\_ALU1 Pin=P?_ALU1-7
Added Pin To Net: NetName=X\O\R\_\O\U\T\_ALU1 Pin=P?_ALU2-7
Added Pin To Net: NetName=X\O\R\_\O\U\T\_ALU1 Pin=P?_ALU3-7
Added Pin To Net: NetName=X\O\R\_\O\U\T\_ALU1 Pin=P?_ALU4-7
Added Pin To Net: NetName=X\O\R\_\O\U\T\_ALU1 Pin=P?_ALU5-7
Added Net: Name=X\O\R\_\O\U\T\_ALU1
Added Pin To Net: NetName=Z\F\_ALU1 Pin=P?_ALU1-4
Added Pin To Net: NetName=Z\F\_ALU1 Pin=P?_ALU2-4
Added Pin To Net: NetName=Z\F\_ALU1 Pin=P?_ALU3-4
Added Pin To Net: NetName=Z\F\_ALU1 Pin=P?_ALU4-4
Added Pin To Net: NetName=Z\F\_ALU1 Pin=P?_ALU5-4
Added Net: Name=Z\F\_ALU1
Added Class: Name=ALU1
Added Class: Name=ALU2
Added Class: Name=ALU3
Added Class: Name=ALU4
Added Class: Name=ALU5
Added Class: Name=ALU Connector
