Removed Pin From Net: NetName=VCC Pin=U33-1
Removed Pin From Net: NetName=REG_0 Pin=U33-2
Removed Pin From Net: NetName=REG_1 Pin=U33-3
Removed Pin From Net: NetName=REG_2 Pin=U33-4
Removed Pin From Net: NetName=REG_3 Pin=U33-5
Removed Pin From Net: NetName=REG_4 Pin=U33-6
Removed Pin From Net: NetName=REG_5 Pin=U33-7
Removed Pin From Net: NetName=REG_6 Pin=U33-8
Removed Pin From Net: NetName=REG_7 Pin=U33-9
Removed Pin From Net: NetName=GND Pin=U33-10
Removed Pin From Net: NetName=OUT_7 Pin=U33-11
Removed Pin From Net: NetName=OUT_6 Pin=U33-12
Removed Pin From Net: NetName=OUT_5 Pin=U33-13
Removed Pin From Net: NetName=OUT_4 Pin=U33-14
Removed Pin From Net: NetName=OUT_3 Pin=U33-15
Removed Pin From Net: NetName=OUT_2 Pin=U33-16
Removed Pin From Net: NetName=OUT_1 Pin=U33-17
Removed Pin From Net: NetName=OUT_0 Pin=U33-18
Removed Pin From Net: NetName=A\N\D\_\O\U\T\ Pin=U33-19
Removed Pin From Net: NetName=VCC Pin=U33-20
Removed Pin From Net: NetName=VCC Pin=U34-1
Removed Pin From Net: NetName=REG_8 Pin=U34-2
Removed Pin From Net: NetName=REG_9 Pin=U34-3
Removed Pin From Net: NetName=REG_10 Pin=U34-4
Removed Pin From Net: NetName=REG_11 Pin=U34-5
Removed Pin From Net: NetName=REG_12 Pin=U34-6
Removed Pin From Net: NetName=REG_13 Pin=U34-7
Removed Pin From Net: NetName=REG_14 Pin=U34-8
Removed Pin From Net: NetName=REG_15 Pin=U34-9
Removed Pin From Net: NetName=GND Pin=U34-10
Removed Pin From Net: NetName=OUT_15 Pin=U34-11
Removed Pin From Net: NetName=OUT_14 Pin=U34-12
Removed Pin From Net: NetName=OUT_13 Pin=U34-13
Removed Pin From Net: NetName=OUT_12 Pin=U34-14
Removed Pin From Net: NetName=OUT_11 Pin=U34-15
Removed Pin From Net: NetName=OUT_10 Pin=U34-16
Removed Pin From Net: NetName=OUT_9 Pin=U34-17
Removed Pin From Net: NetName=OUT_8 Pin=U34-18
Removed Pin From Net: NetName=A\N\D\_\O\U\T\ Pin=U34-19
Removed Pin From Net: NetName=VCC Pin=U34-20
Removed Pin From Net: NetName=A_0 Pin=U35-1
Removed Pin From Net: NetName=B_0 Pin=U35-2
Removed Pin From Net: NetName=REG_0 Pin=U35-3
Removed Pin From Net: NetName=A_1 Pin=U35-4
Removed Pin From Net: NetName=B_1 Pin=U35-5
Removed Pin From Net: NetName=REG_1 Pin=U35-6
Removed Pin From Net: NetName=GND Pin=U35-7
Removed Pin From Net: NetName=REG_2 Pin=U35-8
Removed Pin From Net: NetName=A_2 Pin=U35-9
Removed Pin From Net: NetName=B_2 Pin=U35-10
Removed Pin From Net: NetName=REG_3 Pin=U35-11
Removed Pin From Net: NetName=A_3 Pin=U35-12
Removed Pin From Net: NetName=B_3 Pin=U35-13
Removed Pin From Net: NetName=VCC Pin=U35-14
Removed Pin From Net: NetName=A_4 Pin=U36-1
Removed Pin From Net: NetName=B_4 Pin=U36-2
Removed Pin From Net: NetName=REG_4 Pin=U36-3
Removed Pin From Net: NetName=A_5 Pin=U36-4
Removed Pin From Net: NetName=B_5 Pin=U36-5
Removed Pin From Net: NetName=REG_5 Pin=U36-6
Removed Pin From Net: NetName=GND Pin=U36-7
Removed Pin From Net: NetName=REG_6 Pin=U36-8
Removed Pin From Net: NetName=A_6 Pin=U36-9
Removed Pin From Net: NetName=B_6 Pin=U36-10
Removed Pin From Net: NetName=REG_7 Pin=U36-11
Removed Pin From Net: NetName=A_7 Pin=U36-12
Removed Pin From Net: NetName=B_7 Pin=U36-13
Removed Pin From Net: NetName=VCC Pin=U36-14
Removed Pin From Net: NetName=A_8 Pin=U37-1
Removed Pin From Net: NetName=B_8 Pin=U37-2
Removed Pin From Net: NetName=REG_8 Pin=U37-3
Removed Pin From Net: NetName=A_9 Pin=U37-4
Removed Pin From Net: NetName=B_9 Pin=U37-5
Removed Pin From Net: NetName=REG_9 Pin=U37-6
Removed Pin From Net: NetName=GND Pin=U37-7
Removed Pin From Net: NetName=REG_10 Pin=U37-8
Removed Pin From Net: NetName=A_10 Pin=U37-9
Removed Pin From Net: NetName=B_10 Pin=U37-10
Removed Pin From Net: NetName=REG_11 Pin=U37-11
Removed Pin From Net: NetName=A_11 Pin=U37-12
Removed Pin From Net: NetName=B_11 Pin=U37-13
Removed Pin From Net: NetName=VCC Pin=U37-14
Removed Pin From Net: NetName=A_12 Pin=U38-1
Removed Pin From Net: NetName=B_12 Pin=U38-2
Removed Pin From Net: NetName=REG_12 Pin=U38-3
Removed Pin From Net: NetName=A_13 Pin=U38-4
Removed Pin From Net: NetName=B_13 Pin=U38-5
Removed Pin From Net: NetName=REG_13 Pin=U38-6
Removed Pin From Net: NetName=GND Pin=U38-7
Removed Pin From Net: NetName=REG_14 Pin=U38-8
Removed Pin From Net: NetName=A_14 Pin=U38-9
Removed Pin From Net: NetName=B_14 Pin=U38-10
Removed Pin From Net: NetName=REG_15 Pin=U38-11
Removed Pin From Net: NetName=A_15 Pin=U38-12
Removed Pin From Net: NetName=B_15 Pin=U38-13
Removed Pin From Net: NetName=VCC Pin=U38-14
Added Component: Designator=U52(N020)
Add component (AddParameter): Name = "ComponentLink1Description"; Value = "Manufacturer Link"; VariantName = "[No Variations]"
Add component (AddParameter): Name = "ComponentLink1URL"; Value = "http://www.ti.com/"; VariantName = "[No Variations]"
Add component (AddParameter): Name = "ComponentLink2Description"; Value = "Datasheet"; VariantName = "[No Variations]"
Add component (AddParameter): Name = "ComponentLink2URL"; Value = "http://www-s.ti.com/sc/ds/sn74ls245.pdf"; VariantName = "[No Variations]"
Add component (AddParameter): Name = "DatasheetVersion"; Value = "Mar-1988"; VariantName = "[No Variations]"
Add component (AddParameter): Name = "LatestRevisionDate"; Value = "04-Mar-2005"; VariantName = "[No Variations]"
Add component (AddParameter): Name = "LatestRevisionNote"; Value = "Stylized 3D Model Added."; VariantName = "[No Variations]"
Add component (AddParameter): Name = "PackageDescription"; Value = "DIP; 20 Leads; Row Spacing 7.62 mm; Pitch 2.54 mm"; VariantName = "[No Variations]"
Add component (AddParameter): Name = "PackageReference"; Value = "N020"; VariantName = "[No Variations]"
Add component (AddParameter): Name = "PackageVersion"; Value = "Oct-1995"; VariantName = "[No Variations]"
Add component (AddParameter): Name = "Published"; Value = "8-Jun-2000"; VariantName = "[No Variations]"
Add component (AddParameter): Name = "Publisher"; Value = "Altium Limited"; VariantName = "[No Variations]"
Added Component: Designator=U53(N020)
Add component (AddParameter): Name = "ComponentLink1Description"; Value = "Manufacturer Link"; VariantName = "[No Variations]"
Add component (AddParameter): Name = "ComponentLink1URL"; Value = "http://www.ti.com/"; VariantName = "[No Variations]"
Add component (AddParameter): Name = "ComponentLink2Description"; Value = "Datasheet"; VariantName = "[No Variations]"
Add component (AddParameter): Name = "ComponentLink2URL"; Value = "http://www-s.ti.com/sc/ds/sn74ls245.pdf"; VariantName = "[No Variations]"
Add component (AddParameter): Name = "DatasheetVersion"; Value = "Mar-1988"; VariantName = "[No Variations]"
Add component (AddParameter): Name = "LatestRevisionDate"; Value = "04-Mar-2005"; VariantName = "[No Variations]"
Add component (AddParameter): Name = "LatestRevisionNote"; Value = "Stylized 3D Model Added."; VariantName = "[No Variations]"
Add component (AddParameter): Name = "PackageDescription"; Value = "DIP; 20 Leads; Row Spacing 7.62 mm; Pitch 2.54 mm"; VariantName = "[No Variations]"
Add component (AddParameter): Name = "PackageReference"; Value = "N020"; VariantName = "[No Variations]"
Add component (AddParameter): Name = "PackageVersion"; Value = "Oct-1995"; VariantName = "[No Variations]"
Add component (AddParameter): Name = "Published"; Value = "8-Jun-2000"; VariantName = "[No Variations]"
Add component (AddParameter): Name = "Publisher"; Value = "Altium Limited"; VariantName = "[No Variations]"
Added Component: Designator=U54(N014)
Add component (AddParameter): Name = "ComponentLink1Description"; Value = "Manufacturer Link"; VariantName = "[No Variations]"
Add component (AddParameter): Name = "ComponentLink1URL"; Value = "http://www.ti.com/"; VariantName = "[No Variations]"
Add component (AddParameter): Name = "ComponentLink2Description"; Value = "Datasheet"; VariantName = "[No Variations]"
Add component (AddParameter): Name = "ComponentLink2URL"; Value = "http://www-s.ti.com/sc/ds/SN74LS08.pdf"; VariantName = "[No Variations]"
Add component (AddParameter): Name = "DatasheetVersion"; Value = "Mar-1988"; VariantName = "[No Variations]"
Add component (AddParameter): Name = "LatestRevisionDate"; Value = "04-Mar-2005"; VariantName = "[No Variations]"
Add component (AddParameter): Name = "LatestRevisionNote"; Value = "Stylized 3D Model Added."; VariantName = "[No Variations]"
Add component (AddParameter): Name = "PackageDescription"; Value = "DIP; 14 Leads; Row Spacing 7.62 mm; Pitch 2.54 mm"; VariantName = "[No Variations]"
Add component (AddParameter): Name = "PackageReference"; Value = "N014"; VariantName = "[No Variations]"
Add component (AddParameter): Name = "PackageVersion"; Value = "Oct-1995"; VariantName = "[No Variations]"
Add component (AddParameter): Name = "Published"; Value = "8-Jun-2000"; VariantName = "[No Variations]"
Add component (AddParameter): Name = "Publisher"; Value = "Altium Limited"; VariantName = "[No Variations]"
Added Component: Designator=U55(N014)
Add component (AddParameter): Name = "ComponentLink1Description"; Value = "Manufacturer Link"; VariantName = "[No Variations]"
Add component (AddParameter): Name = "ComponentLink1URL"; Value = "http://www.ti.com/"; VariantName = "[No Variations]"
Add component (AddParameter): Name = "ComponentLink2Description"; Value = "Datasheet"; VariantName = "[No Variations]"
Add component (AddParameter): Name = "ComponentLink2URL"; Value = "http://www-s.ti.com/sc/ds/SN74LS08.pdf"; VariantName = "[No Variations]"
Add component (AddParameter): Name = "DatasheetVersion"; Value = "Mar-1988"; VariantName = "[No Variations]"
Add component (AddParameter): Name = "LatestRevisionDate"; Value = "04-Mar-2005"; VariantName = "[No Variations]"
Add component (AddParameter): Name = "LatestRevisionNote"; Value = "Stylized 3D Model Added."; VariantName = "[No Variations]"
Add component (AddParameter): Name = "PackageDescription"; Value = "DIP; 14 Leads; Row Spacing 7.62 mm; Pitch 2.54 mm"; VariantName = "[No Variations]"
Add component (AddParameter): Name = "PackageReference"; Value = "N014"; VariantName = "[No Variations]"
Add component (AddParameter): Name = "PackageVersion"; Value = "Oct-1995"; VariantName = "[No Variations]"
Add component (AddParameter): Name = "Published"; Value = "8-Jun-2000"; VariantName = "[No Variations]"
Add component (AddParameter): Name = "Publisher"; Value = "Altium Limited"; VariantName = "[No Variations]"
Added Component: Designator=U56(N014)
Add component (AddParameter): Name = "ComponentLink1Description"; Value = "Manufacturer Link"; VariantName = "[No Variations]"
Add component (AddParameter): Name = "ComponentLink1URL"; Value = "http://www.ti.com/"; VariantName = "[No Variations]"
Add component (AddParameter): Name = "ComponentLink2Description"; Value = "Datasheet"; VariantName = "[No Variations]"
Add component (AddParameter): Name = "ComponentLink2URL"; Value = "http://www-s.ti.com/sc/ds/SN74LS08.pdf"; VariantName = "[No Variations]"
Add component (AddParameter): Name = "DatasheetVersion"; Value = "Mar-1988"; VariantName = "[No Variations]"
Add component (AddParameter): Name = "LatestRevisionDate"; Value = "04-Mar-2005"; VariantName = "[No Variations]"
Add component (AddParameter): Name = "LatestRevisionNote"; Value = "Stylized 3D Model Added."; VariantName = "[No Variations]"
Add component (AddParameter): Name = "PackageDescription"; Value = "DIP; 14 Leads; Row Spacing 7.62 mm; Pitch 2.54 mm"; VariantName = "[No Variations]"
Add component (AddParameter): Name = "PackageReference"; Value = "N014"; VariantName = "[No Variations]"
Add component (AddParameter): Name = "PackageVersion"; Value = "Oct-1995"; VariantName = "[No Variations]"
Add component (AddParameter): Name = "Published"; Value = "8-Jun-2000"; VariantName = "[No Variations]"
Add component (AddParameter): Name = "Publisher"; Value = "Altium Limited"; VariantName = "[No Variations]"
Added Component: Designator=U57(N014)
Add component (AddParameter): Name = "ComponentLink1Description"; Value = "Manufacturer Link"; VariantName = "[No Variations]"
Add component (AddParameter): Name = "ComponentLink1URL"; Value = "http://www.ti.com/"; VariantName = "[No Variations]"
Add component (AddParameter): Name = "ComponentLink2Description"; Value = "Datasheet"; VariantName = "[No Variations]"
Add component (AddParameter): Name = "ComponentLink2URL"; Value = "http://www-s.ti.com/sc/ds/SN74LS08.pdf"; VariantName = "[No Variations]"
Add component (AddParameter): Name = "DatasheetVersion"; Value = "Mar-1988"; VariantName = "[No Variations]"
Add component (AddParameter): Name = "LatestRevisionDate"; Value = "04-Mar-2005"; VariantName = "[No Variations]"
Add component (AddParameter): Name = "LatestRevisionNote"; Value = "Stylized 3D Model Added."; VariantName = "[No Variations]"
Add component (AddParameter): Name = "PackageDescription"; Value = "DIP; 14 Leads; Row Spacing 7.62 mm; Pitch 2.54 mm"; VariantName = "[No Variations]"
Add component (AddParameter): Name = "PackageReference"; Value = "N014"; VariantName = "[No Variations]"
Add component (AddParameter): Name = "PackageVersion"; Value = "Oct-1995"; VariantName = "[No Variations]"
Add component (AddParameter): Name = "Published"; Value = "8-Jun-2000"; VariantName = "[No Variations]"
Add component (AddParameter): Name = "Publisher"; Value = "Altium Limited"; VariantName = "[No Variations]"
Added Component: Designator=U58(N014)
Add component (AddParameter): Name = "ComponentLink1Description"; Value = "Manufacturer Link"; VariantName = "[No Variations]"
Add component (AddParameter): Name = "ComponentLink1URL"; Value = "http://www.ti.com/"; VariantName = "[No Variations]"
Add component (AddParameter): Name = "ComponentLink2Description"; Value = "Datasheet"; VariantName = "[No Variations]"
Add component (AddParameter): Name = "ComponentLink2URL"; Value = "http://www-s.ti.com/sc/ds/sn74ls32.pdf"; VariantName = "[No Variations]"
Add component (AddParameter): Name = "DatasheetVersion"; Value = "Mar-1988"; VariantName = "[No Variations]"
Add component (AddParameter): Name = "LatestRevisionDate"; Value = "04-Mar-2005"; VariantName = "[No Variations]"
Add component (AddParameter): Name = "LatestRevisionNote"; Value = "Stylized 3D Model Added."; VariantName = "[No Variations]"
Add component (AddParameter): Name = "PackageDescription"; Value = "DIP; 14 Leads; Row Spacing 7.62 mm; Pitch 2.54 mm"; VariantName = "[No Variations]"
Add component (AddParameter): Name = "PackageReference"; Value = "N014"; VariantName = "[No Variations]"
Add component (AddParameter): Name = "PackageVersion"; Value = "Oct-1995"; VariantName = "[No Variations]"
Add component (AddParameter): Name = "Published"; Value = "8-Jun-2000"; VariantName = "[No Variations]"
Add component (AddParameter): Name = "Publisher"; Value = "Altium Limited"; VariantName = "[No Variations]"
Added Component: Designator=U59(N014)
Add component (AddParameter): Name = "ComponentLink1Description"; Value = "Manufacturer Link"; VariantName = "[No Variations]"
Add component (AddParameter): Name = "ComponentLink1URL"; Value = "http://www.ti.com/"; VariantName = "[No Variations]"
Add component (AddParameter): Name = "ComponentLink2Description"; Value = "Datasheet"; VariantName = "[No Variations]"
Add component (AddParameter): Name = "ComponentLink2URL"; Value = "http://www-s.ti.com/sc/ds/sn74ls32.pdf"; VariantName = "[No Variations]"
Add component (AddParameter): Name = "DatasheetVersion"; Value = "Mar-1988"; VariantName = "[No Variations]"
Add component (AddParameter): Name = "LatestRevisionDate"; Value = "04-Mar-2005"; VariantName = "[No Variations]"
Add component (AddParameter): Name = "LatestRevisionNote"; Value = "Stylized 3D Model Added."; VariantName = "[No Variations]"
Add component (AddParameter): Name = "PackageDescription"; Value = "DIP; 14 Leads; Row Spacing 7.62 mm; Pitch 2.54 mm"; VariantName = "[No Variations]"
Add component (AddParameter): Name = "PackageReference"; Value = "N014"; VariantName = "[No Variations]"
Add component (AddParameter): Name = "PackageVersion"; Value = "Oct-1995"; VariantName = "[No Variations]"
Add component (AddParameter): Name = "Published"; Value = "8-Jun-2000"; VariantName = "[No Variations]"
Add component (AddParameter): Name = "Publisher"; Value = "Altium Limited"; VariantName = "[No Variations]"
Added Component: Designator=U60(N014)
Add component (AddParameter): Name = "ComponentLink1Description"; Value = "Manufacturer Link"; VariantName = "[No Variations]"
Add component (AddParameter): Name = "ComponentLink1URL"; Value = "http://www.ti.com/"; VariantName = "[No Variations]"
Add component (AddParameter): Name = "ComponentLink2Description"; Value = "Datasheet"; VariantName = "[No Variations]"
Add component (AddParameter): Name = "ComponentLink2URL"; Value = "http://www-s.ti.com/sc/ds/SN74LS08.pdf"; VariantName = "[No Variations]"
Add component (AddParameter): Name = "DatasheetVersion"; Value = "Mar-1988"; VariantName = "[No Variations]"
Add component (AddParameter): Name = "LatestRevisionDate"; Value = "04-Mar-2005"; VariantName = "[No Variations]"
Add component (AddParameter): Name = "LatestRevisionNote"; Value = "Stylized 3D Model Added."; VariantName = "[No Variations]"
Add component (AddParameter): Name = "PackageDescription"; Value = "DIP; 14 Leads; Row Spacing 7.62 mm; Pitch 2.54 mm"; VariantName = "[No Variations]"
Add component (AddParameter): Name = "PackageReference"; Value = "N014"; VariantName = "[No Variations]"
Add component (AddParameter): Name = "PackageVersion"; Value = "Oct-1995"; VariantName = "[No Variations]"
Add component (AddParameter): Name = "Published"; Value = "8-Jun-2000"; VariantName = "[No Variations]"
Add component (AddParameter): Name = "Publisher"; Value = "Altium Limited"; VariantName = "[No Variations]"
Added Component: Designator=U61(N014)
Add component (AddParameter): Name = "ComponentLink1Description"; Value = "Manufacturer Link"; VariantName = "[No Variations]"
Add component (AddParameter): Name = "ComponentLink1URL"; Value = "http://www.ti.com/"; VariantName = "[No Variations]"
Add component (AddParameter): Name = "ComponentLink2Description"; Value = "Datasheet"; VariantName = "[No Variations]"
Add component (AddParameter): Name = "ComponentLink2URL"; Value = "http://www-s.ti.com/sc/ds/SN74LS08.pdf"; VariantName = "[No Variations]"
Add component (AddParameter): Name = "DatasheetVersion"; Value = "Mar-1988"; VariantName = "[No Variations]"
Add component (AddParameter): Name = "LatestRevisionDate"; Value = "04-Mar-2005"; VariantName = "[No Variations]"
Add component (AddParameter): Name = "LatestRevisionNote"; Value = "Stylized 3D Model Added."; VariantName = "[No Variations]"
Add component (AddParameter): Name = "PackageDescription"; Value = "DIP; 14 Leads; Row Spacing 7.62 mm; Pitch 2.54 mm"; VariantName = "[No Variations]"
Add component (AddParameter): Name = "PackageReference"; Value = "N014"; VariantName = "[No Variations]"
Add component (AddParameter): Name = "PackageVersion"; Value = "Oct-1995"; VariantName = "[No Variations]"
Add component (AddParameter): Name = "Published"; Value = "8-Jun-2000"; VariantName = "[No Variations]"
Add component (AddParameter): Name = "Publisher"; Value = "Altium Limited"; VariantName = "[No Variations]"
Added Component: Designator=U62(N014)
Add component (AddParameter): Name = "ComponentLink1Description"; Value = "Manufacturer Link"; VariantName = "[No Variations]"
Add component (AddParameter): Name = "ComponentLink1URL"; Value = "http://www.ti.com/"; VariantName = "[No Variations]"
Add component (AddParameter): Name = "ComponentLink2Description"; Value = "Datasheet"; VariantName = "[No Variations]"
Add component (AddParameter): Name = "ComponentLink2URL"; Value = "http://www-s.ti.com/sc/ds/SN74LS08.pdf"; VariantName = "[No Variations]"
Add component (AddParameter): Name = "DatasheetVersion"; Value = "Mar-1988"; VariantName = "[No Variations]"
Add component (AddParameter): Name = "LatestRevisionDate"; Value = "04-Mar-2005"; VariantName = "[No Variations]"
Add component (AddParameter): Name = "LatestRevisionNote"; Value = "Stylized 3D Model Added."; VariantName = "[No Variations]"
Add component (AddParameter): Name = "PackageDescription"; Value = "DIP; 14 Leads; Row Spacing 7.62 mm; Pitch 2.54 mm"; VariantName = "[No Variations]"
Add component (AddParameter): Name = "PackageReference"; Value = "N014"; VariantName = "[No Variations]"
Add component (AddParameter): Name = "PackageVersion"; Value = "Oct-1995"; VariantName = "[No Variations]"
Add component (AddParameter): Name = "Published"; Value = "8-Jun-2000"; VariantName = "[No Variations]"
Add component (AddParameter): Name = "Publisher"; Value = "Altium Limited"; VariantName = "[No Variations]"
Added Component: Designator=U63(N014)
Add component (AddParameter): Name = "ComponentLink1Description"; Value = "Manufacturer Link"; VariantName = "[No Variations]"
Add component (AddParameter): Name = "ComponentLink1URL"; Value = "http://www.ti.com/"; VariantName = "[No Variations]"
Add component (AddParameter): Name = "ComponentLink2Description"; Value = "Datasheet"; VariantName = "[No Variations]"
Add component (AddParameter): Name = "ComponentLink2URL"; Value = "http://www-s.ti.com/sc/ds/SN74LS08.pdf"; VariantName = "[No Variations]"
Add component (AddParameter): Name = "DatasheetVersion"; Value = "Mar-1988"; VariantName = "[No Variations]"
Add component (AddParameter): Name = "LatestRevisionDate"; Value = "04-Mar-2005"; VariantName = "[No Variations]"
Add component (AddParameter): Name = "LatestRevisionNote"; Value = "Stylized 3D Model Added."; VariantName = "[No Variations]"
Add component (AddParameter): Name = "PackageDescription"; Value = "DIP; 14 Leads; Row Spacing 7.62 mm; Pitch 2.54 mm"; VariantName = "[No Variations]"
Add component (AddParameter): Name = "PackageReference"; Value = "N014"; VariantName = "[No Variations]"
Add component (AddParameter): Name = "PackageVersion"; Value = "Oct-1995"; VariantName = "[No Variations]"
Add component (AddParameter): Name = "Published"; Value = "8-Jun-2000"; VariantName = "[No Variations]"
Add component (AddParameter): Name = "Publisher"; Value = "Altium Limited"; VariantName = "[No Variations]"
Added Component: Designator=U64(N014)
Add component (AddParameter): Name = "ComponentLink1Description"; Value = "Manufacturer Link"; VariantName = "[No Variations]"
Add component (AddParameter): Name = "ComponentLink1URL"; Value = "http://www.ti.com/"; VariantName = "[No Variations]"
Add component (AddParameter): Name = "ComponentLink2Description"; Value = "Datasheet"; VariantName = "[No Variations]"
Add component (AddParameter): Name = "ComponentLink2URL"; Value = "http://www-s.ti.com/sc/ds/sn74ls32.pdf"; VariantName = "[No Variations]"
Add component (AddParameter): Name = "DatasheetVersion"; Value = "Mar-1988"; VariantName = "[No Variations]"
Add component (AddParameter): Name = "LatestRevisionDate"; Value = "04-Mar-2005"; VariantName = "[No Variations]"
Add component (AddParameter): Name = "LatestRevisionNote"; Value = "Stylized 3D Model Added."; VariantName = "[No Variations]"
Add component (AddParameter): Name = "PackageDescription"; Value = "DIP; 14 Leads; Row Spacing 7.62 mm; Pitch 2.54 mm"; VariantName = "[No Variations]"
Add component (AddParameter): Name = "PackageReference"; Value = "N014"; VariantName = "[No Variations]"
Add component (AddParameter): Name = "PackageVersion"; Value = "Oct-1995"; VariantName = "[No Variations]"
Add component (AddParameter): Name = "Published"; Value = "8-Jun-2000"; VariantName = "[No Variations]"
Add component (AddParameter): Name = "Publisher"; Value = "Altium Limited"; VariantName = "[No Variations]"
Added Component: Designator=U65(N014)
Add component (AddParameter): Name = "ComponentLink1Description"; Value = "Manufacturer Link"; VariantName = "[No Variations]"
Add component (AddParameter): Name = "ComponentLink1URL"; Value = "http://www.ti.com/"; VariantName = "[No Variations]"
Add component (AddParameter): Name = "ComponentLink2Description"; Value = "Datasheet"; VariantName = "[No Variations]"
Add component (AddParameter): Name = "ComponentLink2URL"; Value = "http://www-s.ti.com/sc/ds/sn74ls32.pdf"; VariantName = "[No Variations]"
Add component (AddParameter): Name = "DatasheetVersion"; Value = "Mar-1988"; VariantName = "[No Variations]"
Add component (AddParameter): Name = "LatestRevisionDate"; Value = "04-Mar-2005"; VariantName = "[No Variations]"
Add component (AddParameter): Name = "LatestRevisionNote"; Value = "Stylized 3D Model Added."; VariantName = "[No Variations]"
Add component (AddParameter): Name = "PackageDescription"; Value = "DIP; 14 Leads; Row Spacing 7.62 mm; Pitch 2.54 mm"; VariantName = "[No Variations]"
Add component (AddParameter): Name = "PackageReference"; Value = "N014"; VariantName = "[No Variations]"
Add component (AddParameter): Name = "PackageVersion"; Value = "Oct-1995"; VariantName = "[No Variations]"
Add component (AddParameter): Name = "Published"; Value = "8-Jun-2000"; VariantName = "[No Variations]"
Add component (AddParameter): Name = "Publisher"; Value = "Altium Limited"; VariantName = "[No Variations]"
Added Pin To Net: NetName=VCC Pin=U52-1
Added Pin To Net: NetName=REG_0 Pin=U52-2
Added Pin To Net: NetName=REG_1 Pin=U52-3
Added Pin To Net: NetName=REG_2 Pin=U52-4
Added Pin To Net: NetName=REG_3 Pin=U52-5
Added Pin To Net: NetName=REG_4 Pin=U52-6
Added Pin To Net: NetName=REG_5 Pin=U52-7
Added Pin To Net: NetName=REG_6 Pin=U52-8
Added Pin To Net: NetName=REG_7 Pin=U52-9
Added Pin To Net: NetName=GND Pin=U52-10
Added Pin To Net: NetName=OUT_7 Pin=U52-11
Added Pin To Net: NetName=OUT_6 Pin=U52-12
Added Pin To Net: NetName=OUT_5 Pin=U52-13
Added Pin To Net: NetName=OUT_4 Pin=U52-14
Added Pin To Net: NetName=OUT_3 Pin=U52-15
Added Pin To Net: NetName=OUT_2 Pin=U52-16
Added Pin To Net: NetName=OUT_1 Pin=U52-17
Added Pin To Net: NetName=OUT_0 Pin=U52-18
Added Pin To Net: NetName=VCC Pin=U52-20
Added Pin To Net: NetName=VCC Pin=U53-1
Added Pin To Net: NetName=REG_8 Pin=U53-2
Added Pin To Net: NetName=REG_9 Pin=U53-3
Added Pin To Net: NetName=REG_10 Pin=U53-4
Added Pin To Net: NetName=REG_11 Pin=U53-5
Added Pin To Net: NetName=REG_12 Pin=U53-6
Added Pin To Net: NetName=REG_13 Pin=U53-7
Added Pin To Net: NetName=REG_14 Pin=U53-8
Added Pin To Net: NetName=REG_15 Pin=U53-9
Added Pin To Net: NetName=GND Pin=U53-10
Added Pin To Net: NetName=OUT_15 Pin=U53-11
Added Pin To Net: NetName=OUT_14 Pin=U53-12
Added Pin To Net: NetName=OUT_13 Pin=U53-13
Added Pin To Net: NetName=OUT_12 Pin=U53-14
Added Pin To Net: NetName=OUT_11 Pin=U53-15
Added Pin To Net: NetName=OUT_10 Pin=U53-16
Added Pin To Net: NetName=OUT_9 Pin=U53-17
Added Pin To Net: NetName=OUT_8 Pin=U53-18
Added Pin To Net: NetName=VCC Pin=U53-20
Added Pin To Net: NetName=RIGHT Pin=U54-1
Added Pin To Net: NetName=A_0 Pin=U54-2
Added Pin To Net: NetName=A_0 Pin=U54-4
Added Pin To Net: NetName=LEFT Pin=U54-5
Added Pin To Net: NetName=GND Pin=U54-7
Added Pin To Net: NetName=REG_0 Pin=U54-8
Added Pin To Net: NetName=RIGHT Pin=U54-9
Added Pin To Net: NetName=A_1 Pin=U54-10
Added Pin To Net: NetName=A_1 Pin=U54-12
Added Pin To Net: NetName=LEFT Pin=U54-13
Added Pin To Net: NetName=VCC Pin=U54-14
Added Pin To Net: NetName=RIGHT Pin=U55-1
Added Pin To Net: NetName=A_2 Pin=U55-2
Added Pin To Net: NetName=A_2 Pin=U55-4
Added Pin To Net: NetName=LEFT Pin=U55-5
Added Pin To Net: NetName=GND Pin=U55-7
Added Pin To Net: NetName=RIGHT Pin=U55-9
Added Pin To Net: NetName=A_3 Pin=U55-10
Added Pin To Net: NetName=A_3 Pin=U55-12
Added Pin To Net: NetName=LEFT Pin=U55-13
Added Pin To Net: NetName=VCC Pin=U55-14
Added Pin To Net: NetName=RIGHT Pin=U56-1
Added Pin To Net: NetName=A_4 Pin=U56-2
Added Pin To Net: NetName=A_4 Pin=U56-4
Added Pin To Net: NetName=LEFT Pin=U56-5
Added Pin To Net: NetName=GND Pin=U56-7
Added Pin To Net: NetName=RIGHT Pin=U56-9
Added Pin To Net: NetName=A_5 Pin=U56-10
Added Pin To Net: NetName=A_5 Pin=U56-12
Added Pin To Net: NetName=LEFT Pin=U56-13
Added Pin To Net: NetName=VCC Pin=U56-14
Added Pin To Net: NetName=RIGHT Pin=U57-1
Added Pin To Net: NetName=A_6 Pin=U57-2
Added Pin To Net: NetName=A_6 Pin=U57-4
Added Pin To Net: NetName=LEFT Pin=U57-5
Added Pin To Net: NetName=GND Pin=U57-7
Added Pin To Net: NetName=RIGHT Pin=U57-9
Added Pin To Net: NetName=A_7 Pin=U57-10
Added Pin To Net: NetName=A_7 Pin=U57-12
Added Pin To Net: NetName=LEFT Pin=U57-13
Added Pin To Net: NetName=VCC Pin=U57-14
Added Pin To Net: NetName=REG_1 Pin=U58-3
Added Pin To Net: NetName=REG_2 Pin=U58-6
Added Pin To Net: NetName=GND Pin=U58-7
Added Pin To Net: NetName=REG_3 Pin=U58-8
Added Pin To Net: NetName=REG_4 Pin=U58-11
Added Pin To Net: NetName=VCC Pin=U58-14
Added Pin To Net: NetName=REG_5 Pin=U59-3
Added Pin To Net: NetName=REG_6 Pin=U59-6
Added Pin To Net: NetName=GND Pin=U59-7
Added Pin To Net: NetName=REG_7 Pin=U59-8
Added Pin To Net: NetName=REG_8 Pin=U59-11
Added Pin To Net: NetName=VCC Pin=U59-14
Added Pin To Net: NetName=RIGHT Pin=U60-1
Added Pin To Net: NetName=A_8 Pin=U60-2
Added Pin To Net: NetName=A_8 Pin=U60-4
Added Pin To Net: NetName=LEFT Pin=U60-5
Added Pin To Net: NetName=GND Pin=U60-7
Added Pin To Net: NetName=RIGHT Pin=U60-9
Added Pin To Net: NetName=A_9 Pin=U60-10
Added Pin To Net: NetName=A_9 Pin=U60-12
Added Pin To Net: NetName=LEFT Pin=U60-13
Added Pin To Net: NetName=VCC Pin=U60-14
Added Pin To Net: NetName=RIGHT Pin=U61-1
Added Pin To Net: NetName=A_10 Pin=U61-2
Added Pin To Net: NetName=A_10 Pin=U61-4
Added Pin To Net: NetName=LEFT Pin=U61-5
Added Pin To Net: NetName=GND Pin=U61-7
Added Pin To Net: NetName=RIGHT Pin=U61-9
Added Pin To Net: NetName=A_11 Pin=U61-10
Added Pin To Net: NetName=A_11 Pin=U61-12
Added Pin To Net: NetName=LEFT Pin=U61-13
Added Pin To Net: NetName=VCC Pin=U61-14
Added Pin To Net: NetName=RIGHT Pin=U62-1
Added Pin To Net: NetName=A_12 Pin=U62-2
Added Pin To Net: NetName=A_12 Pin=U62-4
Added Pin To Net: NetName=LEFT Pin=U62-5
Added Pin To Net: NetName=GND Pin=U62-7
Added Pin To Net: NetName=RIGHT Pin=U62-9
Added Pin To Net: NetName=A_13 Pin=U62-10
Added Pin To Net: NetName=A_13 Pin=U62-12
Added Pin To Net: NetName=LEFT Pin=U62-13
Added Pin To Net: NetName=VCC Pin=U62-14
Added Pin To Net: NetName=RIGHT Pin=U63-1
Added Pin To Net: NetName=A_14 Pin=U63-2
Added Pin To Net: NetName=A_14 Pin=U63-4
Added Pin To Net: NetName=LEFT Pin=U63-5
Added Pin To Net: NetName=REG_15 Pin=U63-6
Added Pin To Net: NetName=GND Pin=U63-7
Added Pin To Net: NetName=RIGHT Pin=U63-9
Added Pin To Net: NetName=A_15 Pin=U63-10
Added Pin To Net: NetName=A_15 Pin=U63-12
Added Pin To Net: NetName=LEFT Pin=U63-13
Added Pin To Net: NetName=VCC Pin=U63-14
Added Pin To Net: NetName=REG_9 Pin=U64-3
Added Pin To Net: NetName=REG_10 Pin=U64-6
Added Pin To Net: NetName=GND Pin=U64-7
Added Pin To Net: NetName=REG_11 Pin=U64-8
Added Pin To Net: NetName=REG_12 Pin=U64-11
Added Pin To Net: NetName=VCC Pin=U64-14
Added Pin To Net: NetName=REG_13 Pin=U65-3
Added Pin To Net: NetName=REG_14 Pin=U65-6
Added Pin To Net: NetName=GND Pin=U65-7
Added Pin To Net: NetName=CO Pin=U65-8
Added Pin To Net: NetName=VCC Pin=U65-14
Added Pin To Net: NetName=A0_RS Pin=U54-3
Added Pin To Net: NetName=A0_RS Pin=U65-9
Added Net: Name=A0_RS
Added Pin To Net: NetName=A7_LS Pin=U57-11
Added Pin To Net: NetName=A7_LS Pin=U59-12
Added Net: Name=A7_LS
Added Pin To Net: NetName=A8_RS Pin=U59-10
Added Pin To Net: NetName=A8_RS Pin=U60-3
Added Net: Name=A8_RS
Added Pin To Net: NetName=A15_LS Pin=U63-11
Added Pin To Net: NetName=A15_LS Pin=U65-10
Added Net: Name=A15_LS
Added Pin To Net: NetName=NetU54_6 Pin=U54-6
Added Pin To Net: NetName=NetU54_6 Pin=U58-1
Added Net: Name=NetU54_6
Added Pin To Net: NetName=NetU54_11 Pin=U54-11
Added Pin To Net: NetName=NetU54_11 Pin=U58-4
Added Net: Name=NetU54_11
Added Pin To Net: NetName=NetU55_3 Pin=U55-3
Added Pin To Net: NetName=NetU55_3 Pin=U58-2
Added Net: Name=NetU55_3
Added Pin To Net: NetName=NetU55_6 Pin=U55-6
Added Pin To Net: NetName=NetU55_6 Pin=U58-9
Added Net: Name=NetU55_6
Added Pin To Net: NetName=NetU55_8 Pin=U55-8
Added Pin To Net: NetName=NetU55_8 Pin=U58-5
Added Net: Name=NetU55_8
Added Pin To Net: NetName=NetU55_11 Pin=U55-11
Added Pin To Net: NetName=NetU55_11 Pin=U58-12
Added Net: Name=NetU55_11
Added Pin To Net: NetName=NetU56_3 Pin=U56-3
Added Pin To Net: NetName=NetU56_3 Pin=U58-10
Added Net: Name=NetU56_3
Added Pin To Net: NetName=NetU56_6 Pin=U56-6
Added Pin To Net: NetName=NetU56_6 Pin=U59-1
Added Net: Name=NetU56_6
Added Pin To Net: NetName=NetU56_8 Pin=U56-8
Added Pin To Net: NetName=NetU56_8 Pin=U58-13
Added Net: Name=NetU56_8
Added Pin To Net: NetName=NetU56_11 Pin=U56-11
Added Pin To Net: NetName=NetU56_11 Pin=U59-4
Added Net: Name=NetU56_11
Added Pin To Net: NetName=NetU57_3 Pin=U57-3
Added Pin To Net: NetName=NetU57_3 Pin=U59-2
Added Net: Name=NetU57_3
Added Pin To Net: NetName=NetU57_6 Pin=U57-6
Added Pin To Net: NetName=NetU57_6 Pin=U59-9
Added Net: Name=NetU57_6
Added Pin To Net: NetName=NetU57_8 Pin=U57-8
Added Pin To Net: NetName=NetU57_8 Pin=U59-5
Added Net: Name=NetU57_8
Added Pin To Net: NetName=NetU59_13 Pin=U59-13
Added Pin To Net: NetName=NetU59_13 Pin=U60-8
Added Net: Name=NetU59_13
Added Pin To Net: NetName=NetU60_6 Pin=U60-6
Added Pin To Net: NetName=NetU60_6 Pin=U64-1
Added Net: Name=NetU60_6
Added Pin To Net: NetName=NetU60_11 Pin=U60-11
Added Pin To Net: NetName=NetU60_11 Pin=U64-4
Added Net: Name=NetU60_11
Added Pin To Net: NetName=NetU61_3 Pin=U61-3
Added Pin To Net: NetName=NetU61_3 Pin=U64-2
Added Net: Name=NetU61_3
Added Pin To Net: NetName=NetU61_6 Pin=U61-6
Added Pin To Net: NetName=NetU61_6 Pin=U64-9
Added Net: Name=NetU61_6
Added Pin To Net: NetName=NetU61_8 Pin=U61-8
Added Pin To Net: NetName=NetU61_8 Pin=U64-5
Added Net: Name=NetU61_8
Added Pin To Net: NetName=NetU61_11 Pin=U61-11
Added Pin To Net: NetName=NetU61_11 Pin=U64-12
Added Net: Name=NetU61_11
Added Pin To Net: NetName=NetU62_3 Pin=U62-3
Added Pin To Net: NetName=NetU62_3 Pin=U64-10
Added Net: Name=NetU62_3
Added Pin To Net: NetName=NetU62_6 Pin=U62-6
Added Pin To Net: NetName=NetU62_6 Pin=U65-1
Added Net: Name=NetU62_6
Added Pin To Net: NetName=NetU62_8 Pin=U62-8
Added Pin To Net: NetName=NetU62_8 Pin=U64-13
Added Net: Name=NetU62_8
Added Pin To Net: NetName=NetU62_11 Pin=U62-11
Added Pin To Net: NetName=NetU62_11 Pin=U65-4
Added Net: Name=NetU62_11
Added Pin To Net: NetName=NetU63_3 Pin=U63-3
Added Pin To Net: NetName=NetU63_3 Pin=U65-2
Added Net: Name=NetU63_3
Added Pin To Net: NetName=NetU63_8 Pin=U63-8
Added Pin To Net: NetName=NetU63_8 Pin=U65-5
Added Net: Name=NetU63_8
Added Pin To Net: NetName=O\U\T\ Pin=P1-7
Added Pin To Net: NetName=O\U\T\ Pin=U52-19
Added Pin To Net: NetName=O\U\T\ Pin=U53-19
Added Net: Name=O\U\T\
Added Class: Name=ALU_SHIFTER
Added Room: Name=ALU_SHIFTER
Added Room: Name=Connectors
