Removed Pin From Net: NetName=BUS_0 Pin=U1-3
Removed Pin From Net: NetName=BUS_1 Pin=U1-4
Removed Pin From Net: NetName=BUS_2 Pin=U1-5
Removed Pin From Net: NetName=BUS_3 Pin=U1-6
Removed Pin From Net: NetName=CE Pin=U1-10
Removed Pin From Net: NetName=BUS_4 Pin=U2-3
Removed Pin From Net: NetName=BUS_5 Pin=U2-4
Removed Pin From Net: NetName=BUS_6 Pin=U2-5
Removed Pin From Net: NetName=BUS_7 Pin=U2-6
Removed Pin From Net: NetName=LSB_MSB Pin=U6-4
Removed Pin From Net: NetName=L\S\B\_\M\S\B\ Pin=U6-9
Removed Pin From Net: NetName=L\O\A\D\_\M\S\B\ Pin=U6-11
Removed Pin From Net: NetName=J Pin=U6-12
Removed Pin From Net: NetName=LSB_MSB Pin=U6-13
Removed Pin From Net: NetName=VCC Pin=U6-14
Removed Pin From Net: NetName=VCC Pin=U7-1
Removed Pin From Net: NetName=BUS_7 Pin=U7-11
Removed Pin From Net: NetName=BUS_6 Pin=U7-12
Removed Pin From Net: NetName=BUS_5 Pin=U7-13
Removed Pin From Net: NetName=BUS_4 Pin=U7-14
Removed Pin From Net: NetName=BUS_3 Pin=U7-15
Removed Pin From Net: NetName=BUS_2 Pin=U7-16
Removed Pin From Net: NetName=BUS_1 Pin=U7-17
Removed Pin From Net: NetName=BUS_0 Pin=U7-18
Removed Pin From Net: NetName=VCC Pin=U7-20
Removed Pin From Net: NetName=VCC Pin=U8-1
Removed Pin From Net: NetName=BUS_7 Pin=U8-11
Removed Pin From Net: NetName=BUS_6 Pin=U8-12
Removed Pin From Net: NetName=BUS_5 Pin=U8-13
Removed Pin From Net: NetName=BUS_4 Pin=U8-14
Removed Pin From Net: NetName=BUS_3 Pin=U8-15
Removed Pin From Net: NetName=BUS_2 Pin=U8-16
Removed Pin From Net: NetName=BUS_1 Pin=U8-17
Removed Pin From Net: NetName=BUS_0 Pin=U8-18
Removed Pin From Net: NetName=VCC Pin=U8-20
Removed Member From Class: ClassName=PC Member=U6
Removed Member From Class: ClassName=PC Member=U7
Removed Member From Class: ClassName=PC Member=U8
Change Component Footprint: Designator=P1 Old Footprint=HDR1X20H New Footprint=HDR2X18H
Change Component Footprint: Designator=U1 Old Footprint=N016 New Footprint=N016D
Change Component Footprint: Designator=U2 Old Footprint=N016 New Footprint=N016D
Change Component Footprint: Designator=U3 Old Footprint=N016 New Footprint=N016D
Change Component Footprint: Designator=U4 Old Footprint=N016 New Footprint=N016D
Change Component Comment : Designator=P1 Old Comment=Header 20H New Comment=Header 18X2H
Change Component Comment : Designator=U1 Old Comment=SN74LS161AN New Comment=SN74LS173AN
Change Component Comment : Designator=U2 Old Comment=SN74LS161AN New Comment=SN74LS173AN
Change Component Comment : Designator=U3 Old Comment=SN74LS161AN New Comment=SN74LS173AN
Change Component Comment : Designator=U4 Old Comment=SN74LS161AN New Comment=SN74LS173AN
Change component parameters: Designator = "U1" ("U1"); Footprint = "N016"; UniqueID = "\GQOBOOLG\ZPOQRMBJ" ("\GQOBOOLG\ZPOQRMBJ")
Change component parameters (AddParameter): Name = "Code_JEDEC"; Value = "MS-001-BB"; VariantName = "[No Variations]"
Change component parameters (AddParameter): Name = "ComponentLink1Description"; Value = "Manufacturer Link"; VariantName = "[No Variations]"
Change component parameters (AddParameter): Name = "ComponentLink1URL"; Value = "http://www.ti.com/"; VariantName = "[No Variations]"
Change component parameters (AddParameter): Name = "ComponentLink2Description"; Value = "Datasheet"; VariantName = "[No Variations]"
Change component parameters (AddParameter): Name = "ComponentLink2URL"; Value = "http://www-s.ti.com/sc/ds/sn74ls173a.pdf"; VariantName = "[No Variations]"
Change component parameters (AddParameter): Name = "DatasheetVersion"; Value = "Mar-1988"; VariantName = "[No Variations]"
Change component parameters (AddParameter): Name = "LatestRevisionDate"; Value = "04-Mar-2005"; VariantName = "[No Variations]"
Change component parameters (AddParameter): Name = "LatestRevisionNote"; Value = "Stylized 3D Model Added."; VariantName = "[No Variations]"
Change component parameters (AddParameter): Name = "PackageDescription"; Value = "DIP; 16 Leads; Row Spacing 7.62 mm; Pitch 2.54 mm"; VariantName = "[No Variations]"
Change component parameters (AddParameter): Name = "PackageReference"; Value = "N016D"; VariantName = "[No Variations]"
Change component parameters (AddParameter): Name = "PackageVersion"; Value = "Oct-1995"; VariantName = "[No Variations]"
Change component parameters (AddParameter): Name = "Published"; Value = "8-Jun-2000"; VariantName = "[No Variations]"
Change component parameters (AddParameter): Name = "Publisher"; Value = "Altium Limited"; VariantName = "[No Variations]"
Change component parameters: Designator = "U2" ("U2"); Footprint = "N016"; UniqueID = "\GQOBOOLG\CHJCBHTH" ("\GQOBOOLG\CHJCBHTH")
Change component parameters (AddParameter): Name = "Code_JEDEC"; Value = "MS-001-BB"; VariantName = "[No Variations]"
Change component parameters (AddParameter): Name = "ComponentLink1Description"; Value = "Manufacturer Link"; VariantName = "[No Variations]"
Change component parameters (AddParameter): Name = "ComponentLink1URL"; Value = "http://www.ti.com/"; VariantName = "[No Variations]"
Change component parameters (AddParameter): Name = "ComponentLink2Description"; Value = "Datasheet"; VariantName = "[No Variations]"
Change component parameters (AddParameter): Name = "ComponentLink2URL"; Value = "http://www-s.ti.com/sc/ds/sn74ls173a.pdf"; VariantName = "[No Variations]"
Change component parameters (AddParameter): Name = "DatasheetVersion"; Value = "Mar-1988"; VariantName = "[No Variations]"
Change component parameters (AddParameter): Name = "LatestRevisionDate"; Value = "04-Mar-2005"; VariantName = "[No Variations]"
Change component parameters (AddParameter): Name = "LatestRevisionNote"; Value = "Stylized 3D Model Added."; VariantName = "[No Variations]"
Change component parameters (AddParameter): Name = "PackageDescription"; Value = "DIP; 16 Leads; Row Spacing 7.62 mm; Pitch 2.54 mm"; VariantName = "[No Variations]"
Change component parameters (AddParameter): Name = "PackageReference"; Value = "N016D"; VariantName = "[No Variations]"
Change component parameters (AddParameter): Name = "PackageVersion"; Value = "Oct-1995"; VariantName = "[No Variations]"
Change component parameters (AddParameter): Name = "Published"; Value = "8-Jun-2000"; VariantName = "[No Variations]"
Change component parameters (AddParameter): Name = "Publisher"; Value = "Altium Limited"; VariantName = "[No Variations]"
Change component parameters: Designator = "U3" ("U3"); Footprint = "N016"; UniqueID = "\GQOBOOLG\URVJTEUE" ("\GQOBOOLG\URVJTEUE")
Change component parameters (AddParameter): Name = "Code_JEDEC"; Value = "MS-001-BB"; VariantName = "[No Variations]"
Change component parameters (AddParameter): Name = "ComponentLink1Description"; Value = "Manufacturer Link"; VariantName = "[No Variations]"
Change component parameters (AddParameter): Name = "ComponentLink1URL"; Value = "http://www.ti.com/"; VariantName = "[No Variations]"
Change component parameters (AddParameter): Name = "ComponentLink2Description"; Value = "Datasheet"; VariantName = "[No Variations]"
Change component parameters (AddParameter): Name = "ComponentLink2URL"; Value = "http://www-s.ti.com/sc/ds/sn74ls173a.pdf"; VariantName = "[No Variations]"
Change component parameters (AddParameter): Name = "DatasheetVersion"; Value = "Mar-1988"; VariantName = "[No Variations]"
Change component parameters (AddParameter): Name = "LatestRevisionDate"; Value = "04-Mar-2005"; VariantName = "[No Variations]"
Change component parameters (AddParameter): Name = "LatestRevisionNote"; Value = "Stylized 3D Model Added."; VariantName = "[No Variations]"
Change component parameters (AddParameter): Name = "PackageDescription"; Value = "DIP; 16 Leads; Row Spacing 7.62 mm; Pitch 2.54 mm"; VariantName = "[No Variations]"
Change component parameters (AddParameter): Name = "PackageReference"; Value = "N016D"; VariantName = "[No Variations]"
Change component parameters (AddParameter): Name = "PackageVersion"; Value = "Oct-1995"; VariantName = "[No Variations]"
Change component parameters (AddParameter): Name = "Published"; Value = "8-Jun-2000"; VariantName = "[No Variations]"
Change component parameters (AddParameter): Name = "Publisher"; Value = "Altium Limited"; VariantName = "[No Variations]"
Change component parameters: Designator = "U4" ("U4"); Footprint = "N016"; UniqueID = "\GQOBOOLG\GCMURZVS" ("\GQOBOOLG\GCMURZVS")
Change component parameters (AddParameter): Name = "Code_JEDEC"; Value = "MS-001-BB"; VariantName = "[No Variations]"
Change component parameters (AddParameter): Name = "ComponentLink1Description"; Value = "Manufacturer Link"; VariantName = "[No Variations]"
Change component parameters (AddParameter): Name = "ComponentLink1URL"; Value = "http://www.ti.com/"; VariantName = "[No Variations]"
Change component parameters (AddParameter): Name = "ComponentLink2Description"; Value = "Datasheet"; VariantName = "[No Variations]"
Change component parameters (AddParameter): Name = "ComponentLink2URL"; Value = "http://www-s.ti.com/sc/ds/sn74ls173a.pdf"; VariantName = "[No Variations]"
Change component parameters (AddParameter): Name = "DatasheetVersion"; Value = "Mar-1988"; VariantName = "[No Variations]"
Change component parameters (AddParameter): Name = "LatestRevisionDate"; Value = "04-Mar-2005"; VariantName = "[No Variations]"
Change component parameters (AddParameter): Name = "LatestRevisionNote"; Value = "Stylized 3D Model Added."; VariantName = "[No Variations]"
Change component parameters (AddParameter): Name = "PackageDescription"; Value = "DIP; 16 Leads; Row Spacing 7.62 mm; Pitch 2.54 mm"; VariantName = "[No Variations]"
Change component parameters (AddParameter): Name = "PackageReference"; Value = "N016D"; VariantName = "[No Variations]"
Change component parameters (AddParameter): Name = "PackageVersion"; Value = "Oct-1995"; VariantName = "[No Variations]"
Change component parameters (AddParameter): Name = "Published"; Value = "8-Jun-2000"; VariantName = "[No Variations]"
Change component parameters (AddParameter): Name = "Publisher"; Value = "Altium Limited"; VariantName = "[No Variations]"
Added Pin To Net: NetName=VCC Pin=P1-1
Added Pin To Net: NetName=VCC Pin=P1-2
Added Pin To Net: NetName=CLK Pin=P1-3
Added Pin To Net: NetName=CLK Pin=P1-4
Added Pin To Net: NetName=CLK Pin=U1-1
Added Pin To Net: NetName=CLK Pin=U1-8
Added Pin To Net: NetName=L\O\A\D\_\L\S\B\ Pin=U1-10
Added Pin To Net: NetName=BUS_3 Pin=U1-11
Added Pin To Net: NetName=BUS_2 Pin=U1-12
Added Pin To Net: NetName=BUS_1 Pin=U1-13
Added Pin To Net: NetName=BUS_0 Pin=U1-14
Added Pin To Net: NetName=CLK Pin=U2-1
Added Pin To Net: NetName=CLK Pin=U2-8
Added Pin To Net: NetName=L\O\A\D\_\L\S\B\ Pin=U2-10
Added Pin To Net: NetName=BUS_7 Pin=U2-11
Added Pin To Net: NetName=BUS_6 Pin=U2-12
Added Pin To Net: NetName=BUS_5 Pin=U2-13
Added Pin To Net: NetName=BUS_4 Pin=U2-14
Added Pin To Net: NetName=CLK Pin=U3-1
Added Pin To Net: NetName=CLK Pin=U3-8
Added Pin To Net: NetName=L\O\A\D\_\M\S\B\ Pin=U3-10
Added Pin To Net: NetName=BUS_3 Pin=U3-11
Added Pin To Net: NetName=BUS_2 Pin=U3-12
Added Pin To Net: NetName=BUS_1 Pin=U3-13
Added Pin To Net: NetName=BUS_0 Pin=U3-14
Added Pin To Net: NetName=CLK Pin=U4-1
Added Pin To Net: NetName=CLK Pin=U4-8
Added Pin To Net: NetName=L\O\A\D\_\M\S\B\ Pin=U4-10
Added Pin To Net: NetName=BUS_7 Pin=U4-11
Added Pin To Net: NetName=BUS_6 Pin=U4-12
Added Pin To Net: NetName=BUS_5 Pin=U4-13
Added Pin To Net: NetName=BUS_4 Pin=U4-14
Added Pin To Net: NetName=CLK Pin=U5-7
Added Pin To Net: NetName=L\O\A\D\_\M\S\B\ Pin=U5-11
Added Pin To Net: NetName=J Pin=U5-12
Added Pin To Net: NetName=LSB_MSB Pin=U5-13
Change Net Name : Old Net Name=BUS_8 New Net Name=ADDR_8
Change Net Name : Old Net Name=BUS_9 New Net Name=ADDR_9
Change Net Name : Old Net Name=BUS_10 New Net Name=ADDR_10
Change Net Name : Old Net Name=BUS_11 New Net Name=ADDR_11
Change Net Name : Old Net Name=BUS_12 New Net Name=ADDR_12
Change Net Name : Old Net Name=BUS_13 New Net Name=ADDR_13
Change Net Name : Old Net Name=BUS_14 New Net Name=ADDR_14
Change Net Name : Old Net Name=BUS_15 New Net Name=ADDR_15
Change Net Name : Old Net Name=CE New Net Name=CLK
Change Net Name : Old Net Name=CLK New Net Name=GND
Change Net Name : Old Net Name=J\ New Net Name=L\O\A\D\
Added Pin To Net: NetName=ADDR_0 Pin=U1-3
Added Net: Name=ADDR_0
Added Pin To Net: NetName=ADDR_1 Pin=P1-8
Added Net: Name=ADDR_1
Added Pin To Net: NetName=ADDR_2 Pin=U1-5
Added Net: Name=ADDR_2
Added Pin To Net: NetName=ADDR_3 Pin=P1-12
Added Net: Name=ADDR_3
Added Pin To Net: NetName=ADDR_4 Pin=U2-3
Added Net: Name=ADDR_4
Added Pin To Net: NetName=ADDR_5 Pin=P1-16
Added Net: Name=ADDR_5
Added Pin To Net: NetName=ADDR_6 Pin=P1-18
Added Net: Name=ADDR_6
Added Pin To Net: NetName=ADDR_7 Pin=U2-6
Added Net: Name=ADDR_7
Added Pin To Net: NetName=LOAD Pin=P1-31
Added Net: Name=LOAD
Added Pin To Net: NetName=RST Pin=U1-15
Added Pin To Net: NetName=RST Pin=U2-15
Added Pin To Net: NetName=RST Pin=U3-15
Added Pin To Net: NetName=RST Pin=U4-15
Added Net: Name=RST
Change Class Name : Old Net Name=PC New Net Name=MAR
Change Class Name : Old Net Name=N000-1_[7..0] New Net Name=BUS_[7..0]
Added Class: Name=ADDR_[15..0]
Added Room: Name=MAR
Added Room: Name=Top
