Removed Pin From Net: NetName=PGND Pin=P1-2
Removed Pin From Net: NetName=PGND Pin=P1-4
Removed Pin From Net: NetName=+12VDC Pin=P1-5
Removed Pin From Net: NetName=+12VDC Pin=P1-7
Removed Pin From Net: NetName=GND Pin=P1-10
Removed Pin From Net: NetName=VCC Pin=P1-11
Added Pin To Net: NetName=+12VDC Pin=P1-2
Added Pin To Net: NetName=+12VDC Pin=P1-4
Added Pin To Net: NetName=PGND Pin=P1-5
Added Pin To Net: NetName=PGND Pin=P1-7
Added Pin To Net: NetName=VCC Pin=P1-10
Added Pin To Net: NetName=GND Pin=P1-11
Added Member To Class: ClassName=N000-2_[15..0] Member=Element[-1]: 
Added Member To Class: ClassName=N000-2_[15..0] Member=Element[-1]: 
Added Member To Class: ClassName=N000-2_[15..0] Member=Element[-1]: 
Added Member To Class: ClassName=N000-2_[15..0] Member=Element[-1]: 
Added Member To Class: ClassName=N000-2_[15..0] Member=Element[-1]: 
Added Member To Class: ClassName=N000-1_[15..0] Member=Element[-1]: 
Added Member To Class: ClassName=N000-1_[15..0] Member=Element[-1]: 
Added Room: Name=Designator
Added Room: Name=Top
