Removed Pin From Net: NetName=VCC Pin=P1-1
Removed Pin From Net: NetName=VCC Pin=P1-2
Removed Pin From Net: NetName=VCC Pin=P1-3
Removed Pin From Net: NetName=VCC Pin=P1-4
Removed Pin From Net: NetName=LOAD Pin=P1-29
Removed Pin From Net: NetName=RST Pin=P1-31
Removed Pin From Net: NetName=GND Pin=P1-37
Removed Pin From Net: NetName=GND Pin=P1-38
Removed Pin From Net: NetName=GND Pin=P1-39
Removed Pin From Net: NetName=GND Pin=P1-40
Change Component Footprint: Designator=P1 Old Footprint=HDR2X20H New Footprint=HDR2X22H
Change Component Comment : Designator=P1 Old Comment=Header 20X2H New Comment=Header 22X2H
Change component parameters: Designator = "P1" ("P1"); Footprint = "HDR2X20H"; UniqueID = "\ZKHWTXJH" ("\ZKHWTXJH")
Change component parameters (AddParameter): Name = "LatestRevisionDate"; Value = "17-Jul-2002"; VariantName = "[No Variations]"
Change component parameters (AddParameter): Name = "LatestRevisionNote"; Value = "Re-released for DXP Platform."; VariantName = "[No Variations]"
Change component parameters (AddParameter): Name = "Publisher"; Value = "Altium Limited"; VariantName = "[No Variations]"
Added Pin To Net: NetName=VCC Pin=P1-9
Added Pin To Net: NetName=GND Pin=P1-10
Added Pin To Net: NetName=VCC Pin=P1-11
Added Pin To Net: NetName=GND Pin=P1-12
Added Pin To Net: NetName=RST Pin=P1-39
Added Pin To Net: NetName=LOAD Pin=U2-1
Change Net Name : Old Net Name=ADDR_4 New Net Name=ADDR_0
Change Net Name : Old Net Name=ADDR_5 New Net Name=ADDR_1
Change Net Name : Old Net Name=ADDR_6 New Net Name=ADDR_2
Change Net Name : Old Net Name=ADDR_7 New Net Name=ADDR_3
Change Net Name : Old Net Name=ADDR_8 New Net Name=ADDR_4
Change Net Name : Old Net Name=ADDR_13 New Net Name=ADDR_9
Change Net Name : Old Net Name=ADDR_14 New Net Name=ADDR_10
Change Net Name : Old Net Name=ADDR_15 New Net Name=ADDR_11
Change Net Name : Old Net Name=BUS_5 New Net Name=BUS_1
Change Net Name : Old Net Name=BUS_6 New Net Name=BUS_2
Change Net Name : Old Net Name=LSB_MSB New Net Name=BUS_6
Added Pin To Net: NetName=+12VDC Pin=P1-1
Added Pin To Net: NetName=+12VDC Pin=P1-3
Added Pin To Net: NetName=+12VDC Pin=P1-5
Added Pin To Net: NetName=+12VDC Pin=P1-7
Added Net: Name=+12VDC
Added Pin To Net: NetName=ADDR_5 Pin=U1-5
Added Net: Name=ADDR_5
Added Pin To Net: NetName=ADDR_6 Pin=U1-4
Added Net: Name=ADDR_6
Added Pin To Net: NetName=ADDR_7 Pin=P1-28
Added Net: Name=ADDR_7
Added Pin To Net: NetName=ADDR_8 Pin=U1-25
Added Net: Name=ADDR_8
Added Pin To Net: NetName=ADDR_13 Pin=U1-26
Added Net: Name=ADDR_13
Added Pin To Net: NetName=ADDR_14 Pin=P1-42
Added Net: Name=ADDR_14
Added Pin To Net: NetName=ADDR_15 Pin=P1-44
Added Net: Name=ADDR_15
Added Pin To Net: NetName=BUS_5 Pin=U4-13
Added Net: Name=BUS_5
Added Pin To Net: NetName=LSB_MSB Pin=P1-33
Added Net: Name=LSB_MSB
Added Pin To Net: NetName=PGND Pin=P1-2
Added Pin To Net: NetName=PGND Pin=P1-4
Added Pin To Net: NetName=PGND Pin=P1-6
Added Pin To Net: NetName=PGND Pin=P1-8
Added Net: Name=PGND
Added Room: Name=Designator
Added Room: Name=Top
