Added Component: Designator=U1(N014)
Add component (AddParameter): Name = "ComponentLink1Description"; Value = "Manufacturer Link"; VariantName = "[No Variations]"
Add component (AddParameter): Name = "ComponentLink1URL"; Value = "http://www.ti.com/"; VariantName = "[No Variations]"
Add component (AddParameter): Name = "ComponentLink2Description"; Value = "Datasheet"; VariantName = "[No Variations]"
Add component (AddParameter): Name = "ComponentLink2URL"; Value = "http://www-s.ti.com/sc/ds/sn74ls00.pdf"; VariantName = "[No Variations]"
Add component (AddParameter): Name = "DatasheetVersion"; Value = "Mar-1988"; VariantName = "[No Variations]"
Add component (AddParameter): Name = "LatestRevisionDate"; Value = "04-Mar-2005"; VariantName = "[No Variations]"
Add component (AddParameter): Name = "LatestRevisionNote"; Value = "Stylized 3D Model Added."; VariantName = "[No Variations]"
Add component (AddParameter): Name = "PackageDescription"; Value = "DIP; 14 Leads; Row Spacing 7.62 mm; Pitch 2.54 mm"; VariantName = "[No Variations]"
Add component (AddParameter): Name = "PackageReference"; Value = "N014"; VariantName = "[No Variations]"
Add component (AddParameter): Name = "PackageVersion"; Value = "Oct-1995"; VariantName = "[No Variations]"
Add component (AddParameter): Name = "Published"; Value = "8-Jun-2000"; VariantName = "[No Variations]"
Add component (AddParameter): Name = "Publisher"; Value = "Altium Limited"; VariantName = "[No Variations]"
Added Component: Designator=U2(N016)
Add component (AddParameter): Name = "Code_JEDEC"; Value = "MS-001-BB"; VariantName = "[No Variations]"
Add component (AddParameter): Name = "ComponentLink1Description"; Value = "Manufacturer Link"; VariantName = "[No Variations]"
Add component (AddParameter): Name = "ComponentLink1URL"; Value = "http://www.ti.com/"; VariantName = "[No Variations]"
Add component (AddParameter): Name = "ComponentLink2Description"; Value = "Datasheet"; VariantName = "[No Variations]"
Add component (AddParameter): Name = "ComponentLink2URL"; Value = "http://www-s.ti.com/sc/ds/sn74ls161a.pdf"; VariantName = "[No Variations]"
Add component (AddParameter): Name = "ComponentLink3Description"; Value = "URL Link1"; VariantName = "[No Variations]"
Add component (AddParameter): Name = "ComponentLink3URL"; Value = "http://focus.ti.com/docs/prod/folders/print/sn74ls161a.html"; VariantName = "[No Variations]"
Add component (AddParameter): Name = "DatasheetVersion"; Value = "Mar-1988"; VariantName = "[No Variations]"
Add component (AddParameter): Name = "LatestRevisionDate"; Value = "04-Mar-2005"; VariantName = "[No Variations]"
Add component (AddParameter): Name = "LatestRevisionNote"; Value = "Stylized 3D Model Added."; VariantName = "[No Variations]"
Add component (AddParameter): Name = "PackageDescription"; Value = "DIP; 16 Leads; Row Spacing 7.62 mm; Pitch 2.54 mm"; VariantName = "[No Variations]"
Add component (AddParameter): Name = "PackageReference"; Value = "N016"; VariantName = "[No Variations]"
Add component (AddParameter): Name = "PackageVersion"; Value = "Oct-1995"; VariantName = "[No Variations]"
Add component (AddParameter): Name = "Published"; Value = "8-Jun-2000"; VariantName = "[No Variations]"
Add component (AddParameter): Name = "Publisher"; Value = "Altium Limited"; VariantName = "[No Variations]"
Added Component: Designator=U3(N014)
Add component (AddParameter): Name = "ComponentLink1Description"; Value = "Manufacturer Link"; VariantName = "[No Variations]"
Add component (AddParameter): Name = "ComponentLink1URL"; Value = "http://www.ti.com/"; VariantName = "[No Variations]"
Add component (AddParameter): Name = "ComponentLink2Description"; Value = "Datasheet"; VariantName = "[No Variations]"
Add component (AddParameter): Name = "ComponentLink2URL"; Value = "http://www-s.ti.com/sc/ds/sn74ls00.pdf"; VariantName = "[No Variations]"
Add component (AddParameter): Name = "DatasheetVersion"; Value = "Mar-1988"; VariantName = "[No Variations]"
Add component (AddParameter): Name = "LatestRevisionDate"; Value = "04-Mar-2005"; VariantName = "[No Variations]"
Add component (AddParameter): Name = "LatestRevisionNote"; Value = "Stylized 3D Model Added."; VariantName = "[No Variations]"
Add component (AddParameter): Name = "PackageDescription"; Value = "DIP; 14 Leads; Row Spacing 7.62 mm; Pitch 2.54 mm"; VariantName = "[No Variations]"
Add component (AddParameter): Name = "PackageReference"; Value = "N014"; VariantName = "[No Variations]"
Add component (AddParameter): Name = "PackageVersion"; Value = "Oct-1995"; VariantName = "[No Variations]"
Add component (AddParameter): Name = "Published"; Value = "8-Jun-2000"; VariantName = "[No Variations]"
Add component (AddParameter): Name = "Publisher"; Value = "Altium Limited"; VariantName = "[No Variations]"
Added Component: Designator=U4(N016)
Add component (AddParameter): Name = "Code_JEDEC"; Value = "MS-001-BB"; VariantName = "[No Variations]"
Add component (AddParameter): Name = "ComponentLink1Description"; Value = "Manufacturer Link"; VariantName = "[No Variations]"
Add component (AddParameter): Name = "ComponentLink1URL"; Value = "http://www.ti.com/"; VariantName = "[No Variations]"
Add component (AddParameter): Name = "ComponentLink2Description"; Value = "Datasheet"; VariantName = "[No Variations]"
Add component (AddParameter): Name = "ComponentLink2URL"; Value = "http://www-s.ti.com/sc/ds/sn74ls161a.pdf"; VariantName = "[No Variations]"
Add component (AddParameter): Name = "ComponentLink3Description"; Value = "URL Link1"; VariantName = "[No Variations]"
Add component (AddParameter): Name = "ComponentLink3URL"; Value = "http://focus.ti.com/docs/prod/folders/print/sn74ls161a.html"; VariantName = "[No Variations]"
Add component (AddParameter): Name = "DatasheetVersion"; Value = "Mar-1988"; VariantName = "[No Variations]"
Add component (AddParameter): Name = "LatestRevisionDate"; Value = "04-Mar-2005"; VariantName = "[No Variations]"
Add component (AddParameter): Name = "LatestRevisionNote"; Value = "Stylized 3D Model Added."; VariantName = "[No Variations]"
Add component (AddParameter): Name = "PackageDescription"; Value = "DIP; 16 Leads; Row Spacing 7.62 mm; Pitch 2.54 mm"; VariantName = "[No Variations]"
Add component (AddParameter): Name = "PackageReference"; Value = "N016"; VariantName = "[No Variations]"
Add component (AddParameter): Name = "PackageVersion"; Value = "Oct-1995"; VariantName = "[No Variations]"
Add component (AddParameter): Name = "Published"; Value = "8-Jun-2000"; VariantName = "[No Variations]"
Add component (AddParameter): Name = "Publisher"; Value = "Altium Limited"; VariantName = "[No Variations]"
Added Component: Designator=U5(N020)
Add component (AddParameter): Name = "ComponentLink1Description"; Value = "Manufacturer Link"; VariantName = "[No Variations]"
Add component (AddParameter): Name = "ComponentLink1URL"; Value = "http://www.ti.com/"; VariantName = "[No Variations]"
Add component (AddParameter): Name = "ComponentLink2Description"; Value = "Datasheet"; VariantName = "[No Variations]"
Add component (AddParameter): Name = "ComponentLink2URL"; Value = "http://www-s.ti.com/sc/ds/sn74ls245.pdf"; VariantName = "[No Variations]"
Add component (AddParameter): Name = "DatasheetVersion"; Value = "Mar-1988"; VariantName = "[No Variations]"
Add component (AddParameter): Name = "LatestRevisionDate"; Value = "04-Mar-2005"; VariantName = "[No Variations]"
Add component (AddParameter): Name = "LatestRevisionNote"; Value = "Stylized 3D Model Added."; VariantName = "[No Variations]"
Add component (AddParameter): Name = "PackageDescription"; Value = "DIP; 20 Leads; Row Spacing 7.62 mm; Pitch 2.54 mm"; VariantName = "[No Variations]"
Add component (AddParameter): Name = "PackageReference"; Value = "N020"; VariantName = "[No Variations]"
Add component (AddParameter): Name = "PackageVersion"; Value = "Oct-1995"; VariantName = "[No Variations]"
Add component (AddParameter): Name = "Published"; Value = "8-Jun-2000"; VariantName = "[No Variations]"
Add component (AddParameter): Name = "Publisher"; Value = "Altium Limited"; VariantName = "[No Variations]"
Added Component: Designator=U6(N016)
Add component (AddParameter): Name = "Code_JEDEC"; Value = "MS-001-BB"; VariantName = "[No Variations]"
Add component (AddParameter): Name = "ComponentLink1Description"; Value = "Manufacturer Link"; VariantName = "[No Variations]"
Add component (AddParameter): Name = "ComponentLink1URL"; Value = "http://www.ti.com/"; VariantName = "[No Variations]"
Add component (AddParameter): Name = "ComponentLink2Description"; Value = "Datasheet"; VariantName = "[No Variations]"
Add component (AddParameter): Name = "ComponentLink2URL"; Value = "http://www-s.ti.com/sc/ds/sn74ls161a.pdf"; VariantName = "[No Variations]"
Add component (AddParameter): Name = "ComponentLink3Description"; Value = "URL Link1"; VariantName = "[No Variations]"
Add component (AddParameter): Name = "ComponentLink3URL"; Value = "http://focus.ti.com/docs/prod/folders/print/sn74ls161a.html"; VariantName = "[No Variations]"
Add component (AddParameter): Name = "DatasheetVersion"; Value = "Mar-1988"; VariantName = "[No Variations]"
Add component (AddParameter): Name = "LatestRevisionDate"; Value = "04-Mar-2005"; VariantName = "[No Variations]"
Add component (AddParameter): Name = "LatestRevisionNote"; Value = "Stylized 3D Model Added."; VariantName = "[No Variations]"
Add component (AddParameter): Name = "PackageDescription"; Value = "DIP; 16 Leads; Row Spacing 7.62 mm; Pitch 2.54 mm"; VariantName = "[No Variations]"
Add component (AddParameter): Name = "PackageReference"; Value = "N016"; VariantName = "[No Variations]"
Add component (AddParameter): Name = "PackageVersion"; Value = "Oct-1995"; VariantName = "[No Variations]"
Add component (AddParameter): Name = "Published"; Value = "8-Jun-2000"; VariantName = "[No Variations]"
Add component (AddParameter): Name = "Publisher"; Value = "Altium Limited"; VariantName = "[No Variations]"
Added Component: Designator=U7(N020)
Add component (AddParameter): Name = "ComponentLink1Description"; Value = "Manufacturer Link"; VariantName = "[No Variations]"
Add component (AddParameter): Name = "ComponentLink1URL"; Value = "http://www.ti.com/"; VariantName = "[No Variations]"
Add component (AddParameter): Name = "ComponentLink2Description"; Value = "Datasheet"; VariantName = "[No Variations]"
Add component (AddParameter): Name = "ComponentLink2URL"; Value = "http://www-s.ti.com/sc/ds/sn74ls245.pdf"; VariantName = "[No Variations]"
Add component (AddParameter): Name = "DatasheetVersion"; Value = "Mar-1988"; VariantName = "[No Variations]"
Add component (AddParameter): Name = "LatestRevisionDate"; Value = "04-Mar-2005"; VariantName = "[No Variations]"
Add component (AddParameter): Name = "LatestRevisionNote"; Value = "Stylized 3D Model Added."; VariantName = "[No Variations]"
Add component (AddParameter): Name = "PackageDescription"; Value = "DIP; 20 Leads; Row Spacing 7.62 mm; Pitch 2.54 mm"; VariantName = "[No Variations]"
Add component (AddParameter): Name = "PackageReference"; Value = "N020"; VariantName = "[No Variations]"
Add component (AddParameter): Name = "PackageVersion"; Value = "Oct-1995"; VariantName = "[No Variations]"
Add component (AddParameter): Name = "Published"; Value = "8-Jun-2000"; VariantName = "[No Variations]"
Add component (AddParameter): Name = "Publisher"; Value = "Altium Limited"; VariantName = "[No Variations]"
Added Component: Designator=U8(N016)
Add component (AddParameter): Name = "Code_JEDEC"; Value = "MS-001-BB"; VariantName = "[No Variations]"
Add component (AddParameter): Name = "ComponentLink1Description"; Value = "Manufacturer Link"; VariantName = "[No Variations]"
Add component (AddParameter): Name = "ComponentLink1URL"; Value = "http://www.ti.com/"; VariantName = "[No Variations]"
Add component (AddParameter): Name = "ComponentLink2Description"; Value = "Datasheet"; VariantName = "[No Variations]"
Add component (AddParameter): Name = "ComponentLink2URL"; Value = "http://www-s.ti.com/sc/ds/sn74ls161a.pdf"; VariantName = "[No Variations]"
Add component (AddParameter): Name = "ComponentLink3Description"; Value = "URL Link1"; VariantName = "[No Variations]"
Add component (AddParameter): Name = "ComponentLink3URL"; Value = "http://focus.ti.com/docs/prod/folders/print/sn74ls161a.html"; VariantName = "[No Variations]"
Add component (AddParameter): Name = "DatasheetVersion"; Value = "Mar-1988"; VariantName = "[No Variations]"
Add component (AddParameter): Name = "LatestRevisionDate"; Value = "04-Mar-2005"; VariantName = "[No Variations]"
Add component (AddParameter): Name = "LatestRevisionNote"; Value = "Stylized 3D Model Added."; VariantName = "[No Variations]"
Add component (AddParameter): Name = "PackageDescription"; Value = "DIP; 16 Leads; Row Spacing 7.62 mm; Pitch 2.54 mm"; VariantName = "[No Variations]"
Add component (AddParameter): Name = "PackageReference"; Value = "N016"; VariantName = "[No Variations]"
Add component (AddParameter): Name = "PackageVersion"; Value = "Oct-1995"; VariantName = "[No Variations]"
Add component (AddParameter): Name = "Published"; Value = "8-Jun-2000"; VariantName = "[No Variations]"
Add component (AddParameter): Name = "Publisher"; Value = "Altium Limited"; VariantName = "[No Variations]"
Added Pin To Net: NetName=BUS_0 Pin=U2-3
Added Pin To Net: NetName=BUS_0 Pin=U5-18
Added Pin To Net: NetName=BUS_0 Pin=U7-18
Added Net: Name=BUS_0
Added Pin To Net: NetName=BUS_1 Pin=U2-4
Added Pin To Net: NetName=BUS_1 Pin=U5-17
Added Pin To Net: NetName=BUS_1 Pin=U7-17
Added Net: Name=BUS_1
Added Pin To Net: NetName=BUS_2 Pin=U2-5
Added Pin To Net: NetName=BUS_2 Pin=U5-16
Added Pin To Net: NetName=BUS_2 Pin=U7-16
Added Net: Name=BUS_2
Added Pin To Net: NetName=BUS_3 Pin=U2-6
Added Pin To Net: NetName=BUS_3 Pin=U5-15
Added Pin To Net: NetName=BUS_3 Pin=U7-15
Added Net: Name=BUS_3
Added Pin To Net: NetName=BUS_4 Pin=U4-3
Added Pin To Net: NetName=BUS_4 Pin=U5-14
Added Pin To Net: NetName=BUS_4 Pin=U7-14
Added Net: Name=BUS_4
Added Pin To Net: NetName=BUS_5 Pin=U4-4
Added Pin To Net: NetName=BUS_5 Pin=U5-13
Added Pin To Net: NetName=BUS_5 Pin=U7-13
Added Net: Name=BUS_5
Added Pin To Net: NetName=BUS_6 Pin=U4-5
Added Pin To Net: NetName=BUS_6 Pin=U5-12
Added Pin To Net: NetName=BUS_6 Pin=U7-12
Added Net: Name=BUS_6
Added Pin To Net: NetName=BUS_7 Pin=U4-6
Added Pin To Net: NetName=BUS_7 Pin=U5-11
Added Pin To Net: NetName=BUS_7 Pin=U7-11
Added Net: Name=BUS_7
Added Pin To Net: NetName=BUS_8 Pin=U6-3
Added Net: Name=BUS_8
Added Pin To Net: NetName=BUS_9 Pin=U6-4
Added Net: Name=BUS_9
Added Pin To Net: NetName=BUS_10 Pin=U6-5
Added Net: Name=BUS_10
Added Pin To Net: NetName=BUS_11 Pin=U6-6
Added Net: Name=BUS_11
Added Pin To Net: NetName=BUS_12 Pin=U8-3
Added Net: Name=BUS_12
Added Pin To Net: NetName=BUS_13 Pin=U8-4
Added Net: Name=BUS_13
Added Pin To Net: NetName=BUS_14 Pin=U8-5
Added Net: Name=BUS_14
Added Pin To Net: NetName=BUS_15 Pin=U8-6
Added Net: Name=BUS_15
Added Pin To Net: NetName=CE Pin=U2-7
Added Pin To Net: NetName=CE Pin=U2-10
Added Pin To Net: NetName=CE Pin=U4-7
Added Pin To Net: NetName=CE Pin=U6-7
Added Pin To Net: NetName=CE Pin=U8-7
Added Net: Name=CE
Added Pin To Net: NetName=CLK Pin=U2-2
Added Pin To Net: NetName=CLK Pin=U4-2
Added Pin To Net: NetName=CLK Pin=U6-2
Added Pin To Net: NetName=CLK Pin=U8-2
Added Net: Name=CLK
Added Pin To Net: NetName=CLR Pin=U1-12
Added Pin To Net: NetName=CLR Pin=U1-13
Added Net: Name=CLR
Added Pin To Net: NetName=GND Pin=U1-7
Added Pin To Net: NetName=GND Pin=U2-8
Added Pin To Net: NetName=GND Pin=U3-7
Added Pin To Net: NetName=GND Pin=U4-8
Added Pin To Net: NetName=GND Pin=U5-10
Added Pin To Net: NetName=GND Pin=U6-8
Added Pin To Net: NetName=GND Pin=U7-10
Added Pin To Net: NetName=GND Pin=U8-8
Added Net: Name=GND
Added Pin To Net: NetName=J\ Pin=U1-1
Added Pin To Net: NetName=J\ Pin=U1-2
Added Net: Name=J\
Added Pin To Net: NetName=J Pin=U1-3
Added Pin To Net: NetName=J Pin=U1-9
Added Pin To Net: NetName=J Pin=U3-12
Added Net: Name=J
Added Pin To Net: NetName=L\O\A\D\_\L\S\B\ Pin=U1-8
Added Pin To Net: NetName=L\O\A\D\_\L\S\B\ Pin=U2-9
Added Pin To Net: NetName=L\O\A\D\_\L\S\B\ Pin=U4-9
Added Net: Name=L\O\A\D\_\L\S\B\
Added Pin To Net: NetName=L\O\A\D\_\M\S\B\ Pin=U3-11
Added Pin To Net: NetName=L\O\A\D\_\M\S\B\ Pin=U6-9
Added Pin To Net: NetName=L\O\A\D\_\M\S\B\ Pin=U8-9
Added Net: Name=L\O\A\D\_\M\S\B\
Added Pin To Net: NetName=L\S\B\_\M\S\B\ Pin=U1-6
Added Pin To Net: NetName=L\S\B\_\M\S\B\ Pin=U1-10
Added Pin To Net: NetName=L\S\B\_\M\S\B\ Pin=U3-9
Added Net: Name=L\S\B\_\M\S\B\
Added Pin To Net: NetName=LSB_MSB Pin=U1-4
Added Pin To Net: NetName=LSB_MSB Pin=U1-5
Added Pin To Net: NetName=LSB_MSB Pin=U3-4
Added Pin To Net: NetName=LSB_MSB Pin=U3-13
Added Net: Name=LSB_MSB
Added Pin To Net: NetName=NetU1_11 Pin=U1-11
Added Pin To Net: NetName=NetU1_11 Pin=U2-1
Added Pin To Net: NetName=NetU1_11 Pin=U4-1
Added Pin To Net: NetName=NetU1_11 Pin=U6-1
Added Pin To Net: NetName=NetU1_11 Pin=U8-1
Added Net: Name=NetU1_11
Added Pin To Net: NetName=NetU2_15 Pin=U2-15
Added Pin To Net: NetName=NetU2_15 Pin=U4-10
Added Net: Name=NetU2_15
Added Pin To Net: NetName=NetU4_15 Pin=U4-15
Added Pin To Net: NetName=NetU4_15 Pin=U6-10
Added Net: Name=NetU4_15
Added Pin To Net: NetName=NetU6_15 Pin=U6-15
Added Pin To Net: NetName=NetU6_15 Pin=U8-10
Added Net: Name=NetU6_15
Added Pin To Net: NetName=O\U\T\_\L\S\B\ Pin=U3-8
Added Pin To Net: NetName=O\U\T\_\L\S\B\ Pin=U5-19
Added Net: Name=O\U\T\_\L\S\B\
Added Pin To Net: NetName=O\U\T\_\M\S\B\ Pin=U3-6
Added Pin To Net: NetName=O\U\T\_\M\S\B\ Pin=U7-19
Added Net: Name=O\U\T\_\M\S\B\
Added Pin To Net: NetName=O\U\T\ Pin=U3-1
Added Pin To Net: NetName=O\U\T\ Pin=U3-2
Added Net: Name=O\U\T\
Added Pin To Net: NetName=OUT Pin=U3-3
Added Pin To Net: NetName=OUT Pin=U3-5
Added Pin To Net: NetName=OUT Pin=U3-10
Added Net: Name=OUT
Added Pin To Net: NetName=REG_0 Pin=U2-14
Added Pin To Net: NetName=REG_0 Pin=U5-2
Added Net: Name=REG_0
Added Pin To Net: NetName=REG_1 Pin=U2-13
Added Pin To Net: NetName=REG_1 Pin=U5-3
Added Net: Name=REG_1
Added Pin To Net: NetName=REG_2 Pin=U2-12
Added Pin To Net: NetName=REG_2 Pin=U5-4
Added Net: Name=REG_2
Added Pin To Net: NetName=REG_3 Pin=U2-11
Added Pin To Net: NetName=REG_3 Pin=U5-5
Added Net: Name=REG_3
Added Pin To Net: NetName=REG_4 Pin=U4-14
Added Pin To Net: NetName=REG_4 Pin=U5-6
Added Pin To Net: NetName=REG_4 Pin=U6-14
Added Pin To Net: NetName=REG_4 Pin=U8-14
Added Net: Name=REG_4
Added Pin To Net: NetName=REG_5 Pin=U4-13
Added Pin To Net: NetName=REG_5 Pin=U5-7
Added Pin To Net: NetName=REG_5 Pin=U6-13
Added Pin To Net: NetName=REG_5 Pin=U8-13
Added Net: Name=REG_5
Added Pin To Net: NetName=REG_6 Pin=U4-12
Added Pin To Net: NetName=REG_6 Pin=U5-8
Added Pin To Net: NetName=REG_6 Pin=U6-12
Added Pin To Net: NetName=REG_6 Pin=U8-12
Added Net: Name=REG_6
Added Pin To Net: NetName=REG_7 Pin=U4-11
Added Pin To Net: NetName=REG_7 Pin=U5-9
Added Pin To Net: NetName=REG_7 Pin=U6-11
Added Pin To Net: NetName=REG_7 Pin=U8-11
Added Net: Name=REG_7
Added Pin To Net: NetName=REG_8 Pin=U7-2
Added Net: Name=REG_8
Added Pin To Net: NetName=REG_9 Pin=U7-3
Added Net: Name=REG_9
Added Pin To Net: NetName=REG_10 Pin=U7-4
Added Net: Name=REG_10
Added Pin To Net: NetName=REG_11 Pin=U7-5
Added Net: Name=REG_11
Added Pin To Net: NetName=REG_12 Pin=U7-6
Added Net: Name=REG_12
Added Pin To Net: NetName=REG_13 Pin=U7-7
Added Net: Name=REG_13
Added Pin To Net: NetName=REG_14 Pin=U7-8
Added Net: Name=REG_14
Added Pin To Net: NetName=REG_15 Pin=U7-9
Added Net: Name=REG_15
Added Pin To Net: NetName=VCC Pin=U1-14
Added Pin To Net: NetName=VCC Pin=U2-16
Added Pin To Net: NetName=VCC Pin=U3-14
Added Pin To Net: NetName=VCC Pin=U4-16
Added Pin To Net: NetName=VCC Pin=U5-1
Added Pin To Net: NetName=VCC Pin=U5-20
Added Pin To Net: NetName=VCC Pin=U6-16
Added Pin To Net: NetName=VCC Pin=U7-1
Added Pin To Net: NetName=VCC Pin=U7-20
Added Pin To Net: NetName=VCC Pin=U8-16
Added Net: Name=VCC
Added Class: Name=Program_Counter
Added Class: Name=N000-1_[7..0]
