Added Pin To Net: NetName=SUB Pin=P1-3
Added Pin To Net: NetName=A\D\D\_\O\U\T\ Pin=P1-2
Added Pin To Net: NetName=A\D\D\_\O\U\T\ Pin=U27-19
Added Pin To Net: NetName=A\D\D\_\O\U\T\ Pin=U28-19
Added Net: Name=A\D\D\_\O\U\T\
Added Pin To Net: NetName=A\N\D\_\O\U\T\ Pin=P1-4
Added Net: Name=A\N\D\_\O\U\T\
Added Pin To Net: NetName=CO Pin=P3-21
Added Pin To Net: NetName=CO Pin=U32-9
Added Net: Name=CO
Added Pin To Net: NetName=LEFT Pin=P3-2
Added Net: Name=LEFT
Added Pin To Net: NetName=O\R\_\O\U\T\ Pin=P2-2
Added Net: Name=O\R\_\O\U\T\
Added Pin To Net: NetName=RIGHT Pin=P3-3
Added Net: Name=RIGHT
Added Pin To Net: NetName=S\H\I\F\T\_\O\U\T\ Pin=P2-4
Added Net: Name=S\H\I\F\T\_\O\U\T\
Added Pin To Net: NetName=X\O\R\_\O\U\T\ Pin=P2-3
Added Net: Name=X\O\R\_\O\U\T\
Added Pin To Net: NetName=Z\F\ Pin=P3-22
Added Net: Name=Z\F\
Added Member To Class: ClassName=Connectors Member=Component P1 Header 24H
Added Member To Class: ClassName=Connectors Member=Component P2 Header 24H
Added Member To Class: ClassName=Connectors Member=Component P3 Header 24H
