Removed Member From Class: ClassName=Top Member=P2
Added Component: Designator=P1(HDR2X19H)
Add component (AddParameter): Name = "LatestRevisionDate"; Value = "17-Jul-2002"; VariantName = "[No Variations]"
Add component (AddParameter): Name = "LatestRevisionNote"; Value = "Re-released for DXP Platform."; VariantName = "[No Variations]"
Add component (AddParameter): Name = "Publisher"; Value = "Altium Limited"; VariantName = "[No Variations]"
Added Pin To Net: NetName=VCC Pin=P1-1
Added Pin To Net: NetName=VCC Pin=P1-2
Added Pin To Net: NetName=GND Pin=P1-3
Added Pin To Net: NetName=GND Pin=P1-4
Added Pin To Net: NetName=RFU17 Pin=P1-27
Added Net: Name=RFU17
Added Pin To Net: NetName=RFU18 Pin=P1-29
Added Net: Name=RFU18
Added Pin To Net: NetName=RFU19 Pin=P1-31
Added Net: Name=RFU19
Added Pin To Net: NetName=RFU20 Pin=P1-33
Added Net: Name=RFU20
Added Pin To Net: NetName=RFU21 Pin=P1-35
Added Net: Name=RFU21
Added Pin To Net: NetName=RFU22 Pin=P1-37
Added Net: Name=RFU22
Added Member To Class: ClassName=Top Member=Component P1 Header 19X2H
