Added Component: Designator=U9(N020)
Add component (AddParameter): Name = "ComponentAvailability"; Value = "Obsolete"; VariantName = "[No Variations]"
Add component (AddParameter): Name = "ComponentLink1Description"; Value = "Manufacturer Link"; VariantName = "[No Variations]"
Add component (AddParameter): Name = "ComponentLink1URL"; Value = "http://www.ti.com/"; VariantName = "[No Variations]"
Add component (AddParameter): Name = "ComponentLink2Description"; Value = "Datasheet"; VariantName = "[No Variations]"
Add component (AddParameter): Name = "ComponentLink2URL"; Value = "http://www-s.ti.com/sc/ds/sn74ls240.pdf"; VariantName = "[No Variations]"
Add component (AddParameter): Name = "DatasheetVersion"; Value = "Mar-1988"; VariantName = "[No Variations]"
Add component (AddParameter): Name = "LatestRevisionDate"; Value = "06-Jun-2005"; VariantName = "[No Variations]"
Add component (AddParameter): Name = "LatestRevisionNote"; Value = "Stylized 3D Model Added."; VariantName = "[No Variations]"
Add component (AddParameter): Name = "PackageDescription"; Value = "DIP; 20 Leads; Row Spacing 7.62 mm; Pitch 2.54 mm"; VariantName = "[No Variations]"
Add component (AddParameter): Name = "PackageReference"; Value = "N020"; VariantName = "[No Variations]"
Add component (AddParameter): Name = "PackageVersion"; Value = "Oct-1995"; VariantName = "[No Variations]"
Add component (AddParameter): Name = "Published"; Value = "8-Jun-2000"; VariantName = "[No Variations]"
Add component (AddParameter): Name = "Publisher"; Value = "Altium Limited"; VariantName = "[No Variations]"
Added Component: Designator=U10(N020)
Add component (AddParameter): Name = "ComponentAvailability"; Value = "Obsolete"; VariantName = "[No Variations]"
Add component (AddParameter): Name = "ComponentLink1Description"; Value = "Manufacturer Link"; VariantName = "[No Variations]"
Add component (AddParameter): Name = "ComponentLink1URL"; Value = "http://www.ti.com/"; VariantName = "[No Variations]"
Add component (AddParameter): Name = "ComponentLink2Description"; Value = "Datasheet"; VariantName = "[No Variations]"
Add component (AddParameter): Name = "ComponentLink2URL"; Value = "http://www-s.ti.com/sc/ds/sn74ls240.pdf"; VariantName = "[No Variations]"
Add component (AddParameter): Name = "DatasheetVersion"; Value = "Mar-1988"; VariantName = "[No Variations]"
Add component (AddParameter): Name = "LatestRevisionDate"; Value = "06-Jun-2005"; VariantName = "[No Variations]"
Add component (AddParameter): Name = "LatestRevisionNote"; Value = "Stylized 3D Model Added."; VariantName = "[No Variations]"
Add component (AddParameter): Name = "PackageDescription"; Value = "DIP; 20 Leads; Row Spacing 7.62 mm; Pitch 2.54 mm"; VariantName = "[No Variations]"
Add component (AddParameter): Name = "PackageReference"; Value = "N020"; VariantName = "[No Variations]"
Add component (AddParameter): Name = "PackageVersion"; Value = "Oct-1995"; VariantName = "[No Variations]"
Add component (AddParameter): Name = "Published"; Value = "8-Jun-2000"; VariantName = "[No Variations]"
Add component (AddParameter): Name = "Publisher"; Value = "Altium Limited"; VariantName = "[No Variations]"
Added Pin To Net: NetName=VCC Pin=P1-1
Added Pin To Net: NetName=VCC Pin=P1-2
Added Pin To Net: NetName=GND Pin=P1-3
Added Pin To Net: NetName=GND Pin=P1-4
Change Net Name : Old Net Name=CLR New Net Name=RST
Change Class Name : Old Net Name=N000-1_[7..0] New Net Name=N000-2_[7..0]
Added Class: Name=N000-1_[7..0]
Added Member To Class: ClassName=Top Member=Component U9 SN74LS240N
Added Member To Class: ClassName=Top Member=Component U10 SN74LS240N
