Removed Pin From Net: NetName=GND Pin=U9-1
Removed Pin From Net: NetName=REG_1 Pin=U9-4
Removed Pin From Net: NetName=REG_2 Pin=U9-6
Removed Pin From Net: NetName=REG_3 Pin=U9-8
Removed Pin From Net: NetName=REG_4 Pin=U9-11
Removed Pin From Net: NetName=REG_5 Pin=U9-13
Removed Pin From Net: NetName=REG_6 Pin=U9-15
Removed Pin From Net: NetName=REG_7 Pin=U9-17
Removed Pin From Net: NetName=GND Pin=U10-1
Removed Pin From Net: NetName=REG_9 Pin=U10-4
Removed Pin From Net: NetName=REG_10 Pin=U10-6
Removed Pin From Net: NetName=REG_11 Pin=U10-8
Removed Pin From Net: NetName=REG_12 Pin=U10-11
Removed Pin From Net: NetName=REG_13 Pin=U10-13
Removed Pin From Net: NetName=REG_14 Pin=U10-15
Removed Pin From Net: NetName=REG_15 Pin=U10-17
Change Component Comment : Designator=U9 Old Comment=SN74LS240N New Comment=SN74LS245N
Change Component Comment : Designator=U10 Old Comment=SN74LS240N New Comment=SN74LS245N
Change component parameters: Designator = "U9" ("U9"); Footprint = "N020"; UniqueID = "\VNDGIJHT" ("\VNDGIJHT")
Change component parameters (AddParameter): Name = "ComponentLink1Description"; Value = "Manufacturer Link"; VariantName = "[No Variations]"
Change component parameters (AddParameter): Name = "ComponentLink1URL"; Value = "http://www.ti.com/"; VariantName = "[No Variations]"
Change component parameters (AddParameter): Name = "ComponentLink2Description"; Value = "Datasheet"; VariantName = "[No Variations]"
Change component parameters (AddParameter): Name = "ComponentLink2URL"; Value = "http://www-s.ti.com/sc/ds/sn74ls245.pdf"; VariantName = "[No Variations]"
Change component parameters (AddParameter): Name = "DatasheetVersion"; Value = "Mar-1988"; VariantName = "[No Variations]"
Change component parameters (AddParameter): Name = "LatestRevisionDate"; Value = "04-Mar-2005"; VariantName = "[No Variations]"
Change component parameters (AddParameter): Name = "LatestRevisionNote"; Value = "Stylized 3D Model Added."; VariantName = "[No Variations]"
Change component parameters (AddParameter): Name = "PackageDescription"; Value = "DIP; 20 Leads; Row Spacing 7.62 mm; Pitch 2.54 mm"; VariantName = "[No Variations]"
Change component parameters (AddParameter): Name = "PackageReference"; Value = "N020"; VariantName = "[No Variations]"
Change component parameters (AddParameter): Name = "PackageVersion"; Value = "Oct-1995"; VariantName = "[No Variations]"
Change component parameters (AddParameter): Name = "Published"; Value = "8-Jun-2000"; VariantName = "[No Variations]"
Change component parameters (AddParameter): Name = "Publisher"; Value = "Altium Limited"; VariantName = "[No Variations]"
Change component parameters: Designator = "U10" ("U10"); Footprint = "N020"; UniqueID = "\KAMBXVBA" ("\KAMBXVBA")
Change component parameters (AddParameter): Name = "ComponentLink1Description"; Value = "Manufacturer Link"; VariantName = "[No Variations]"
Change component parameters (AddParameter): Name = "ComponentLink1URL"; Value = "http://www.ti.com/"; VariantName = "[No Variations]"
Change component parameters (AddParameter): Name = "ComponentLink2Description"; Value = "Datasheet"; VariantName = "[No Variations]"
Change component parameters (AddParameter): Name = "ComponentLink2URL"; Value = "http://www-s.ti.com/sc/ds/sn74ls245.pdf"; VariantName = "[No Variations]"
Change component parameters (AddParameter): Name = "DatasheetVersion"; Value = "Mar-1988"; VariantName = "[No Variations]"
Change component parameters (AddParameter): Name = "LatestRevisionDate"; Value = "04-Mar-2005"; VariantName = "[No Variations]"
Change component parameters (AddParameter): Name = "LatestRevisionNote"; Value = "Stylized 3D Model Added."; VariantName = "[No Variations]"
Change component parameters (AddParameter): Name = "PackageDescription"; Value = "DIP; 20 Leads; Row Spacing 7.62 mm; Pitch 2.54 mm"; VariantName = "[No Variations]"
Change component parameters (AddParameter): Name = "PackageReference"; Value = "N020"; VariantName = "[No Variations]"
Change component parameters (AddParameter): Name = "PackageVersion"; Value = "Oct-1995"; VariantName = "[No Variations]"
Change component parameters (AddParameter): Name = "Published"; Value = "8-Jun-2000"; VariantName = "[No Variations]"
Change component parameters (AddParameter): Name = "Publisher"; Value = "Altium Limited"; VariantName = "[No Variations]"
Added Pin To Net: NetName=VCC Pin=U9-1
Added Pin To Net: NetName=REG_1 Pin=U9-3
Added Pin To Net: NetName=REG_2 Pin=U9-4
Added Pin To Net: NetName=REG_3 Pin=U9-5
Added Pin To Net: NetName=REG_4 Pin=U9-6
Added Pin To Net: NetName=REG_5 Pin=U9-7
Added Pin To Net: NetName=REG_6 Pin=U9-8
Added Pin To Net: NetName=REG_7 Pin=U9-9
Added Pin To Net: NetName=VCC Pin=U10-1
Added Pin To Net: NetName=REG_9 Pin=U10-3
Added Pin To Net: NetName=REG_10 Pin=U10-4
Added Pin To Net: NetName=REG_11 Pin=U10-5
Added Pin To Net: NetName=REG_12 Pin=U10-6
Added Pin To Net: NetName=REG_13 Pin=U10-7
Added Pin To Net: NetName=REG_14 Pin=U10-8
Added Pin To Net: NetName=REG_15 Pin=U10-9
