Added Component: Designator=U75(N014)
Add component (AddParameter): Name = "ComponentLink1Description"; Value = "Manufacturer Link"; VariantName = "[No Variations]"
Add component (AddParameter): Name = "ComponentLink1URL"; Value = "http://www.ti.com/"; VariantName = "[No Variations]"
Add component (AddParameter): Name = "ComponentLink2Description"; Value = "Datasheet"; VariantName = "[No Variations]"
Add component (AddParameter): Name = "ComponentLink2URL"; Value = "http://www-s.ti.com/sc/ds/sn54s02.pdf"; VariantName = "[No Variations]"
Add component (AddParameter): Name = "DatasheetVersion"; Value = "Mar-1988"; VariantName = "[No Variations]"
Add component (AddParameter): Name = "LatestRevisionDate"; Value = "04-Mar-2005"; VariantName = "[No Variations]"
Add component (AddParameter): Name = "LatestRevisionNote"; Value = "Stylized 3D Model Added."; VariantName = "[No Variations]"
Add component (AddParameter): Name = "PackageDescription"; Value = "DIP; 14 Leads; Row Spacing 7.62 mm; Pitch 2.54 mm"; VariantName = "[No Variations]"
Add component (AddParameter): Name = "PackageReference"; Value = "N014"; VariantName = "[No Variations]"
Add component (AddParameter): Name = "PackageVersion"; Value = "Oct-1995"; VariantName = "[No Variations]"
Add component (AddParameter): Name = "Published"; Value = "8-Jun-2000"; VariantName = "[No Variations]"
Add component (AddParameter): Name = "Publisher"; Value = "Altium Limited"; VariantName = "[No Variations]"
Added Component: Designator=U76(N014)
Add component (AddParameter): Name = "ComponentLink1Description"; Value = "Manufacturer Link"; VariantName = "[No Variations]"
Add component (AddParameter): Name = "ComponentLink1URL"; Value = "http://www.ti.com/"; VariantName = "[No Variations]"
Add component (AddParameter): Name = "ComponentLink2Description"; Value = "Datasheet"; VariantName = "[No Variations]"
Add component (AddParameter): Name = "ComponentLink2URL"; Value = "http://www-s.ti.com/sc/ds/sn54s02.pdf"; VariantName = "[No Variations]"
Add component (AddParameter): Name = "DatasheetVersion"; Value = "Mar-1988"; VariantName = "[No Variations]"
Add component (AddParameter): Name = "LatestRevisionDate"; Value = "04-Mar-2005"; VariantName = "[No Variations]"
Add component (AddParameter): Name = "LatestRevisionNote"; Value = "Stylized 3D Model Added."; VariantName = "[No Variations]"
Add component (AddParameter): Name = "PackageDescription"; Value = "DIP; 14 Leads; Row Spacing 7.62 mm; Pitch 2.54 mm"; VariantName = "[No Variations]"
Add component (AddParameter): Name = "PackageReference"; Value = "N014"; VariantName = "[No Variations]"
Add component (AddParameter): Name = "PackageVersion"; Value = "Oct-1995"; VariantName = "[No Variations]"
Add component (AddParameter): Name = "Published"; Value = "8-Jun-2000"; VariantName = "[No Variations]"
Add component (AddParameter): Name = "Publisher"; Value = "Altium Limited"; VariantName = "[No Variations]"
Added Component: Designator=U77(N014)
Add component (AddParameter): Name = "ComponentLink1Description"; Value = "Manufacturer Link"; VariantName = "[No Variations]"
Add component (AddParameter): Name = "ComponentLink1URL"; Value = "http://www.ti.com/"; VariantName = "[No Variations]"
Add component (AddParameter): Name = "ComponentLink2Description"; Value = "Datasheet"; VariantName = "[No Variations]"
Add component (AddParameter): Name = "ComponentLink2URL"; Value = "http://www-s.ti.com/sc/ds/sn74s30.pdf"; VariantName = "[No Variations]"
Add component (AddParameter): Name = "DatasheetVersion"; Value = "Mar-1988"; VariantName = "[No Variations]"
Add component (AddParameter): Name = "LatestRevisionDate"; Value = "04-Mar-2005"; VariantName = "[No Variations]"
Add component (AddParameter): Name = "LatestRevisionNote"; Value = "Stylized 3D Model Added."; VariantName = "[No Variations]"
Add component (AddParameter): Name = "Note"; Value = "Pins 9, 10  and 13 are NC & not drawn."; VariantName = "[No Variations]"
Add component (AddParameter): Name = "PackageDescription"; Value = "DIP; 14 Leads; Row Spacing 7.62 mm; Pitch 2.54 mm"; VariantName = "[No Variations]"
Add component (AddParameter): Name = "PackageReference"; Value = "N014"; VariantName = "[No Variations]"
Add component (AddParameter): Name = "PackageVersion"; Value = "Oct-1995"; VariantName = "[No Variations]"
Add component (AddParameter): Name = "Published"; Value = "8-Jun-2000"; VariantName = "[No Variations]"
Add component (AddParameter): Name = "Publisher"; Value = "Altium Limited"; VariantName = "[No Variations]"
Added Pin To Net: NetName=OUT_0 Pin=U75-2
Added Pin To Net: NetName=OUT_1 Pin=U75-3
Added Pin To Net: NetName=OUT_2 Pin=U75-5
Added Pin To Net: NetName=OUT_3 Pin=U75-6
Added Pin To Net: NetName=GND Pin=U75-7
Added Pin To Net: NetName=OUT_4 Pin=U75-8
Added Pin To Net: NetName=OUT_5 Pin=U75-9
Added Pin To Net: NetName=OUT_6 Pin=U75-11
Added Pin To Net: NetName=OUT_7 Pin=U75-12
Added Pin To Net: NetName=VCC Pin=U75-14
Added Pin To Net: NetName=OUT_8 Pin=U76-2
Added Pin To Net: NetName=OUT_9 Pin=U76-3
Added Pin To Net: NetName=OUT_10 Pin=U76-5
Added Pin To Net: NetName=OUT_11 Pin=U76-6
Added Pin To Net: NetName=GND Pin=U76-7
Added Pin To Net: NetName=OUT_12 Pin=U76-8
Added Pin To Net: NetName=OUT_13 Pin=U76-9
Added Pin To Net: NetName=OUT_14 Pin=U76-11
Added Pin To Net: NetName=OUT_15 Pin=U76-12
Added Pin To Net: NetName=VCC Pin=U76-14
Added Pin To Net: NetName=GND Pin=U77-7
Added Pin To Net: NetName=Z\F\ Pin=U77-8
Added Pin To Net: NetName=VCC Pin=U77-14
Added Pin To Net: NetName=NetU75_1 Pin=U75-1
Added Pin To Net: NetName=NetU75_1 Pin=U77-1
Added Net: Name=NetU75_1
Added Pin To Net: NetName=NetU75_4 Pin=U75-4
Added Pin To Net: NetName=NetU75_4 Pin=U77-2
Added Net: Name=NetU75_4
Added Pin To Net: NetName=NetU75_10 Pin=U75-10
Added Pin To Net: NetName=NetU75_10 Pin=U77-3
Added Net: Name=NetU75_10
Added Pin To Net: NetName=NetU75_13 Pin=U75-13
Added Pin To Net: NetName=NetU75_13 Pin=U77-4
Added Net: Name=NetU75_13
Added Pin To Net: NetName=NetU76_1 Pin=U76-1
Added Pin To Net: NetName=NetU76_1 Pin=U77-5
Added Net: Name=NetU76_1
Added Pin To Net: NetName=NetU76_4 Pin=U76-4
Added Pin To Net: NetName=NetU76_4 Pin=U77-6
Added Net: Name=NetU76_4
Added Pin To Net: NetName=NetU76_10 Pin=U76-10
Added Pin To Net: NetName=NetU76_10 Pin=U77-11
Added Net: Name=NetU76_10
Added Pin To Net: NetName=NetU76_13 Pin=U76-13
Added Pin To Net: NetName=NetU76_13 Pin=U77-12
Added Net: Name=NetU76_13
Added Class: Name=ALU_ZF
