Added Component: Designator=U27(N020)
Add component (AddParameter): Name = "ComponentLink1Description"; Value = "Manufacturer Link"; VariantName = "[No Variations]"
Add component (AddParameter): Name = "ComponentLink1URL"; Value = "http://www.ti.com/"; VariantName = "[No Variations]"
Add component (AddParameter): Name = "ComponentLink2Description"; Value = "Datasheet"; VariantName = "[No Variations]"
Add component (AddParameter): Name = "ComponentLink2URL"; Value = "http://www-s.ti.com/sc/ds/sn74ls245.pdf"; VariantName = "[No Variations]"
Add component (AddParameter): Name = "DatasheetVersion"; Value = "Mar-1988"; VariantName = "[No Variations]"
Add component (AddParameter): Name = "LatestRevisionDate"; Value = "04-Mar-2005"; VariantName = "[No Variations]"
Add component (AddParameter): Name = "LatestRevisionNote"; Value = "Stylized 3D Model Added."; VariantName = "[No Variations]"
Add component (AddParameter): Name = "PackageDescription"; Value = "DIP; 20 Leads; Row Spacing 7.62 mm; Pitch 2.54 mm"; VariantName = "[No Variations]"
Add component (AddParameter): Name = "PackageReference"; Value = "N020"; VariantName = "[No Variations]"
Add component (AddParameter): Name = "PackageVersion"; Value = "Oct-1995"; VariantName = "[No Variations]"
Add component (AddParameter): Name = "Published"; Value = "8-Jun-2000"; VariantName = "[No Variations]"
Add component (AddParameter): Name = "Publisher"; Value = "Altium Limited"; VariantName = "[No Variations]"
Added Component: Designator=U28(N020)
Add component (AddParameter): Name = "ComponentLink1Description"; Value = "Manufacturer Link"; VariantName = "[No Variations]"
Add component (AddParameter): Name = "ComponentLink1URL"; Value = "http://www.ti.com/"; VariantName = "[No Variations]"
Add component (AddParameter): Name = "ComponentLink2Description"; Value = "Datasheet"; VariantName = "[No Variations]"
Add component (AddParameter): Name = "ComponentLink2URL"; Value = "http://www-s.ti.com/sc/ds/sn74ls245.pdf"; VariantName = "[No Variations]"
Add component (AddParameter): Name = "DatasheetVersion"; Value = "Mar-1988"; VariantName = "[No Variations]"
Add component (AddParameter): Name = "LatestRevisionDate"; Value = "04-Mar-2005"; VariantName = "[No Variations]"
Add component (AddParameter): Name = "LatestRevisionNote"; Value = "Stylized 3D Model Added."; VariantName = "[No Variations]"
Add component (AddParameter): Name = "PackageDescription"; Value = "DIP; 20 Leads; Row Spacing 7.62 mm; Pitch 2.54 mm"; VariantName = "[No Variations]"
Add component (AddParameter): Name = "PackageReference"; Value = "N020"; VariantName = "[No Variations]"
Add component (AddParameter): Name = "PackageVersion"; Value = "Oct-1995"; VariantName = "[No Variations]"
Add component (AddParameter): Name = "Published"; Value = "8-Jun-2000"; VariantName = "[No Variations]"
Add component (AddParameter): Name = "Publisher"; Value = "Altium Limited"; VariantName = "[No Variations]"
Added Component: Designator=U29(W016)
Add component (AddParameter): Name = "Code_JEDEC"; Value = "MO-092-AC"; VariantName = "[No Variations]"
Add component (AddParameter): Name = "ComponentLink1Description"; Value = "Manufacturer Link"; VariantName = "[No Variations]"
Add component (AddParameter): Name = "ComponentLink1URL"; Value = "http://www.ti.com"; VariantName = "[No Variations]"
Add component (AddParameter): Name = "ComponentLink2Description"; Value = "Datasheet"; VariantName = "[No Variations]"
Add component (AddParameter): Name = "ComponentLink2URL"; Value = "http://www-s.ti.com/sc/ds/sn54ls283.pdf"; VariantName = "[No Variations]"
Add component (AddParameter): Name = "DatasheetVersion"; Value = "Mar-1988"; VariantName = "[No Variations]"
Add component (AddParameter): Name = "LatestRevisionDate"; Value = "04-Mar-2005"; VariantName = "[No Variations]"
Add component (AddParameter): Name = "LatestRevisionNote"; Value = "Stylized 3D Model Added."; VariantName = "[No Variations]"
Add component (AddParameter): Name = "PackageDescription"; Value = "DFP; 16 Leads; Body 10.9 x 7.2 mm (LxW max); Pitch 1.27 mm"; VariantName = "[No Variations]"
Add component (AddParameter): Name = "PackageReference"; Value = "W016"; VariantName = "[No Variations]"
Add component (AddParameter): Name = "PackageVersion"; Value = "Jan-1995"; VariantName = "[No Variations]"
Add component (AddParameter): Name = "Published"; Value = "8-Jun-2000"; VariantName = "[No Variations]"
Add component (AddParameter): Name = "Publisher"; Value = "Altium Limited"; VariantName = "[No Variations]"
Added Component: Designator=U30(W016)
Add component (AddParameter): Name = "Code_JEDEC"; Value = "MO-092-AC"; VariantName = "[No Variations]"
Add component (AddParameter): Name = "ComponentLink1Description"; Value = "Manufacturer Link"; VariantName = "[No Variations]"
Add component (AddParameter): Name = "ComponentLink1URL"; Value = "http://www.ti.com"; VariantName = "[No Variations]"
Add component (AddParameter): Name = "ComponentLink2Description"; Value = "Datasheet"; VariantName = "[No Variations]"
Add component (AddParameter): Name = "ComponentLink2URL"; Value = "http://www-s.ti.com/sc/ds/sn54ls283.pdf"; VariantName = "[No Variations]"
Add component (AddParameter): Name = "DatasheetVersion"; Value = "Mar-1988"; VariantName = "[No Variations]"
Add component (AddParameter): Name = "LatestRevisionDate"; Value = "04-Mar-2005"; VariantName = "[No Variations]"
Add component (AddParameter): Name = "LatestRevisionNote"; Value = "Stylized 3D Model Added."; VariantName = "[No Variations]"
Add component (AddParameter): Name = "PackageDescription"; Value = "DFP; 16 Leads; Body 10.9 x 7.2 mm (LxW max); Pitch 1.27 mm"; VariantName = "[No Variations]"
Add component (AddParameter): Name = "PackageReference"; Value = "W016"; VariantName = "[No Variations]"
Add component (AddParameter): Name = "PackageVersion"; Value = "Jan-1995"; VariantName = "[No Variations]"
Add component (AddParameter): Name = "Published"; Value = "8-Jun-2000"; VariantName = "[No Variations]"
Add component (AddParameter): Name = "Publisher"; Value = "Altium Limited"; VariantName = "[No Variations]"
Added Component: Designator=U31(W016)
Add component (AddParameter): Name = "Code_JEDEC"; Value = "MO-092-AC"; VariantName = "[No Variations]"
Add component (AddParameter): Name = "ComponentLink1Description"; Value = "Manufacturer Link"; VariantName = "[No Variations]"
Add component (AddParameter): Name = "ComponentLink1URL"; Value = "http://www.ti.com"; VariantName = "[No Variations]"
Add component (AddParameter): Name = "ComponentLink2Description"; Value = "Datasheet"; VariantName = "[No Variations]"
Add component (AddParameter): Name = "ComponentLink2URL"; Value = "http://www-s.ti.com/sc/ds/sn54ls283.pdf"; VariantName = "[No Variations]"
Add component (AddParameter): Name = "DatasheetVersion"; Value = "Mar-1988"; VariantName = "[No Variations]"
Add component (AddParameter): Name = "LatestRevisionDate"; Value = "04-Mar-2005"; VariantName = "[No Variations]"
Add component (AddParameter): Name = "LatestRevisionNote"; Value = "Stylized 3D Model Added."; VariantName = "[No Variations]"
Add component (AddParameter): Name = "PackageDescription"; Value = "DFP; 16 Leads; Body 10.9 x 7.2 mm (LxW max); Pitch 1.27 mm"; VariantName = "[No Variations]"
Add component (AddParameter): Name = "PackageReference"; Value = "W016"; VariantName = "[No Variations]"
Add component (AddParameter): Name = "PackageVersion"; Value = "Jan-1995"; VariantName = "[No Variations]"
Add component (AddParameter): Name = "Published"; Value = "8-Jun-2000"; VariantName = "[No Variations]"
Add component (AddParameter): Name = "Publisher"; Value = "Altium Limited"; VariantName = "[No Variations]"
Added Component: Designator=U32(W016)
Add component (AddParameter): Name = "Code_JEDEC"; Value = "MO-092-AC"; VariantName = "[No Variations]"
Add component (AddParameter): Name = "ComponentLink1Description"; Value = "Manufacturer Link"; VariantName = "[No Variations]"
Add component (AddParameter): Name = "ComponentLink1URL"; Value = "http://www.ti.com"; VariantName = "[No Variations]"
Add component (AddParameter): Name = "ComponentLink2Description"; Value = "Datasheet"; VariantName = "[No Variations]"
Add component (AddParameter): Name = "ComponentLink2URL"; Value = "http://www-s.ti.com/sc/ds/sn54ls283.pdf"; VariantName = "[No Variations]"
Add component (AddParameter): Name = "DatasheetVersion"; Value = "Mar-1988"; VariantName = "[No Variations]"
Add component (AddParameter): Name = "LatestRevisionDate"; Value = "04-Mar-2005"; VariantName = "[No Variations]"
Add component (AddParameter): Name = "LatestRevisionNote"; Value = "Stylized 3D Model Added."; VariantName = "[No Variations]"
Add component (AddParameter): Name = "PackageDescription"; Value = "DFP; 16 Leads; Body 10.9 x 7.2 mm (LxW max); Pitch 1.27 mm"; VariantName = "[No Variations]"
Add component (AddParameter): Name = "PackageReference"; Value = "W016"; VariantName = "[No Variations]"
Add component (AddParameter): Name = "PackageVersion"; Value = "Jan-1995"; VariantName = "[No Variations]"
Add component (AddParameter): Name = "Published"; Value = "8-Jun-2000"; VariantName = "[No Variations]"
Add component (AddParameter): Name = "Publisher"; Value = "Altium Limited"; VariantName = "[No Variations]"
Added Pin To Net: NetName=A_0 Pin=U29-5
Added Net: Name=A_0
Added Pin To Net: NetName=A_1 Pin=U29-3
Added Net: Name=A_1
Added Pin To Net: NetName=A_2 Pin=U29-14
Added Net: Name=A_2
Added Pin To Net: NetName=A_3 Pin=U29-12
Added Net: Name=A_3
Added Pin To Net: NetName=A_4 Pin=U30-5
Added Net: Name=A_4
Added Pin To Net: NetName=A_5 Pin=U30-3
Added Net: Name=A_5
Added Pin To Net: NetName=A_6 Pin=U30-14
Added Net: Name=A_6
Added Pin To Net: NetName=A_7 Pin=U30-12
Added Net: Name=A_7
Added Pin To Net: NetName=A_8 Pin=U31-5
Added Net: Name=A_8
Added Pin To Net: NetName=A_9 Pin=U31-3
Added Net: Name=A_9
Added Pin To Net: NetName=A_10 Pin=U31-14
Added Net: Name=A_10
Added Pin To Net: NetName=A_11 Pin=U31-12
Added Net: Name=A_11
Added Pin To Net: NetName=A_12 Pin=U32-5
Added Net: Name=A_12
Added Pin To Net: NetName=A_13 Pin=U32-3
Added Net: Name=A_13
Added Pin To Net: NetName=A_14 Pin=U32-14
Added Net: Name=A_14
Added Pin To Net: NetName=A_15 Pin=U32-12
Added Net: Name=A_15
Added Pin To Net: NetName=B_0 Pin=U29-6
Added Net: Name=B_0
Added Pin To Net: NetName=B_1 Pin=U29-2
Added Net: Name=B_1
Added Pin To Net: NetName=B_2 Pin=U29-15
Added Net: Name=B_2
Added Pin To Net: NetName=B_3 Pin=U29-11
Added Net: Name=B_3
Added Pin To Net: NetName=B_4 Pin=U30-6
Added Net: Name=B_4
Added Pin To Net: NetName=B_5 Pin=U30-2
Added Net: Name=B_5
Added Pin To Net: NetName=B_6 Pin=U30-15
Added Net: Name=B_6
Added Pin To Net: NetName=B_7 Pin=U30-11
Added Net: Name=B_7
Added Pin To Net: NetName=B_8 Pin=U31-6
Added Net: Name=B_8
Added Pin To Net: NetName=B_9 Pin=U31-2
Added Net: Name=B_9
Added Pin To Net: NetName=B_10 Pin=U31-15
Added Net: Name=B_10
Added Pin To Net: NetName=B_11 Pin=U31-11
Added Net: Name=B_11
Added Pin To Net: NetName=B_12 Pin=U32-6
Added Net: Name=B_12
Added Pin To Net: NetName=B_13 Pin=U32-2
Added Net: Name=B_13
Added Pin To Net: NetName=B_14 Pin=U32-15
Added Net: Name=B_14
Added Pin To Net: NetName=B_15 Pin=U32-11
Added Net: Name=B_15
Added Pin To Net: NetName=GND Pin=U27-10
Added Pin To Net: NetName=GND Pin=U28-10
Added Pin To Net: NetName=GND Pin=U29-8
Added Pin To Net: NetName=GND Pin=U30-8
Added Pin To Net: NetName=GND Pin=U31-8
Added Pin To Net: NetName=GND Pin=U32-8
Added Net: Name=GND
Added Pin To Net: NetName=NetU29_9 Pin=U29-9
Added Pin To Net: NetName=NetU29_9 Pin=U30-7
Added Net: Name=NetU29_9
Added Pin To Net: NetName=NetU30_9 Pin=U30-9
Added Pin To Net: NetName=NetU30_9 Pin=U31-7
Added Net: Name=NetU30_9
Added Pin To Net: NetName=NetU31_9 Pin=U31-9
Added Pin To Net: NetName=NetU31_9 Pin=U32-7
Added Net: Name=NetU31_9
Added Pin To Net: NetName=NetU32_9 Pin=U32-9
Added Net: Name=NetU32_9
Added Pin To Net: NetName=O\U\T\ Pin=U27-19
Added Pin To Net: NetName=O\U\T\ Pin=U28-19
Added Net: Name=O\U\T\
Added Pin To Net: NetName=OUT_0 Pin=U27-18
Added Net: Name=OUT_0
Added Pin To Net: NetName=OUT_1 Pin=U27-17
Added Net: Name=OUT_1
Added Pin To Net: NetName=OUT_2 Pin=U27-16
Added Net: Name=OUT_2
Added Pin To Net: NetName=OUT_3 Pin=U27-15
Added Net: Name=OUT_3
Added Pin To Net: NetName=OUT_4 Pin=U27-14
Added Net: Name=OUT_4
Added Pin To Net: NetName=OUT_5 Pin=U27-13
Added Net: Name=OUT_5
Added Pin To Net: NetName=OUT_6 Pin=U27-12
Added Net: Name=OUT_6
Added Pin To Net: NetName=OUT_7 Pin=U27-11
Added Net: Name=OUT_7
Added Pin To Net: NetName=OUT_8 Pin=U28-18
Added Net: Name=OUT_8
Added Pin To Net: NetName=OUT_9 Pin=U28-17
Added Net: Name=OUT_9
Added Pin To Net: NetName=OUT_10 Pin=U28-16
Added Net: Name=OUT_10
Added Pin To Net: NetName=OUT_11 Pin=U28-15
Added Net: Name=OUT_11
Added Pin To Net: NetName=OUT_12 Pin=U28-14
Added Net: Name=OUT_12
Added Pin To Net: NetName=OUT_13 Pin=U28-13
Added Net: Name=OUT_13
Added Pin To Net: NetName=OUT_14 Pin=U28-12
Added Net: Name=OUT_14
Added Pin To Net: NetName=OUT_15 Pin=U28-11
Added Net: Name=OUT_15
Added Pin To Net: NetName=REG_0 Pin=U27-2
Added Pin To Net: NetName=REG_0 Pin=U29-4
Added Net: Name=REG_0
Added Pin To Net: NetName=REG_1 Pin=U27-3
Added Pin To Net: NetName=REG_1 Pin=U29-1
Added Net: Name=REG_1
Added Pin To Net: NetName=REG_2 Pin=U27-4
Added Pin To Net: NetName=REG_2 Pin=U29-13
Added Net: Name=REG_2
Added Pin To Net: NetName=REG_3 Pin=U27-5
Added Pin To Net: NetName=REG_3 Pin=U29-10
Added Net: Name=REG_3
Added Pin To Net: NetName=REG_4 Pin=U27-6
Added Pin To Net: NetName=REG_4 Pin=U30-4
Added Net: Name=REG_4
Added Pin To Net: NetName=REG_5 Pin=U27-7
Added Pin To Net: NetName=REG_5 Pin=U30-1
Added Net: Name=REG_5
Added Pin To Net: NetName=REG_6 Pin=U27-8
Added Pin To Net: NetName=REG_6 Pin=U30-13
Added Net: Name=REG_6
Added Pin To Net: NetName=REG_7 Pin=U27-9
Added Pin To Net: NetName=REG_7 Pin=U30-10
Added Net: Name=REG_7
Added Pin To Net: NetName=REG_8 Pin=U28-2
Added Pin To Net: NetName=REG_8 Pin=U31-4
Added Net: Name=REG_8
Added Pin To Net: NetName=REG_9 Pin=U28-3
Added Pin To Net: NetName=REG_9 Pin=U31-1
Added Net: Name=REG_9
Added Pin To Net: NetName=REG_10 Pin=U28-4
Added Pin To Net: NetName=REG_10 Pin=U31-13
Added Net: Name=REG_10
Added Pin To Net: NetName=REG_11 Pin=U28-5
Added Pin To Net: NetName=REG_11 Pin=U31-10
Added Net: Name=REG_11
Added Pin To Net: NetName=REG_12 Pin=U28-6
Added Pin To Net: NetName=REG_12 Pin=U32-4
Added Net: Name=REG_12
Added Pin To Net: NetName=REG_13 Pin=U28-7
Added Pin To Net: NetName=REG_13 Pin=U32-1
Added Net: Name=REG_13
Added Pin To Net: NetName=REG_14 Pin=U28-8
Added Pin To Net: NetName=REG_14 Pin=U32-13
Added Net: Name=REG_14
Added Pin To Net: NetName=REG_15 Pin=U28-9
Added Pin To Net: NetName=REG_15 Pin=U32-10
Added Net: Name=REG_15
Added Pin To Net: NetName=SUB Pin=U29-7
Added Net: Name=SUB
Added Pin To Net: NetName=VCC Pin=U27-1
Added Pin To Net: NetName=VCC Pin=U27-20
Added Pin To Net: NetName=VCC Pin=U28-1
Added Pin To Net: NetName=VCC Pin=U28-20
Added Pin To Net: NetName=VCC Pin=U29-16
Added Pin To Net: NetName=VCC Pin=U30-16
Added Pin To Net: NetName=VCC Pin=U31-16
Added Pin To Net: NetName=VCC Pin=U32-16
Added Net: Name=VCC
Added Class: Name=ALU_Adder
Added Class: Name=A_[15..0]
Added Class: Name=B_[15..0]
Added Class: Name=OUT_[15..0]
Added Room: Name=ALU_Adder
