Removed Pin From Net: NetName=VCC Pin=P1-1
Removed Pin From Net: NetName=A\D\D\_\O\U\T\ Pin=P1-2
Removed Pin From Net: NetName=SUB Pin=P1-3
Removed Pin From Net: NetName=A\N\D\_\O\U\T\ Pin=P1-4
Removed Pin From Net: NetName=A_15 Pin=P1-5
Removed Pin From Net: NetName=A_14 Pin=P1-6
Removed Pin From Net: NetName=A_13 Pin=P1-7
Removed Pin From Net: NetName=A_12 Pin=P1-8
Removed Pin From Net: NetName=A_11 Pin=P1-9
Removed Pin From Net: NetName=A_10 Pin=P1-10
Removed Pin From Net: NetName=A_9 Pin=P1-11
Removed Pin From Net: NetName=A_8 Pin=P1-12
Removed Pin From Net: NetName=A_7 Pin=P1-13
Removed Pin From Net: NetName=A_6 Pin=P1-14
Removed Pin From Net: NetName=A_5 Pin=P1-15
Removed Pin From Net: NetName=A_4 Pin=P1-16
Removed Pin From Net: NetName=A_3 Pin=P1-17
Removed Pin From Net: NetName=A_2 Pin=P1-18
Removed Pin From Net: NetName=A_1 Pin=P1-19
Removed Pin From Net: NetName=A_0 Pin=P1-20
Removed Pin From Net: NetName=GND Pin=P1-24
Removed Pin From Net: NetName=VCC Pin=P2-1
Removed Pin From Net: NetName=O\R\_\O\U\T\ Pin=P2-2
Removed Pin From Net: NetName=X\O\R\_\O\U\T\ Pin=P2-3
Removed Pin From Net: NetName=S\H\I\F\T\_\O\U\T\ Pin=P2-4
Removed Pin From Net: NetName=B_15 Pin=P2-5
Removed Pin From Net: NetName=B_14 Pin=P2-6
Removed Pin From Net: NetName=B_13 Pin=P2-7
Removed Pin From Net: NetName=B_12 Pin=P2-8
Removed Pin From Net: NetName=B_11 Pin=P2-9
Removed Pin From Net: NetName=B_10 Pin=P2-10
Removed Pin From Net: NetName=B_9 Pin=P2-11
Removed Pin From Net: NetName=B_8 Pin=P2-12
Removed Pin From Net: NetName=B_7 Pin=P2-13
Removed Pin From Net: NetName=B_6 Pin=P2-14
Removed Pin From Net: NetName=B_5 Pin=P2-15
Removed Pin From Net: NetName=B_4 Pin=P2-16
Removed Pin From Net: NetName=B_3 Pin=P2-17
Removed Pin From Net: NetName=B_2 Pin=P2-18
Removed Pin From Net: NetName=B_1 Pin=P2-19
Removed Pin From Net: NetName=B_0 Pin=P2-20
Removed Pin From Net: NetName=GND Pin=P2-24
Removed Pin From Net: NetName=VCC Pin=P3-1
Removed Pin From Net: NetName=LEFT Pin=P3-2
Removed Pin From Net: NetName=RIGHT Pin=P3-3
Removed Pin From Net: NetName=OUT_15 Pin=P3-5
Removed Pin From Net: NetName=OUT_14 Pin=P3-6
Removed Pin From Net: NetName=OUT_13 Pin=P3-7
Removed Pin From Net: NetName=OUT_12 Pin=P3-8
Removed Pin From Net: NetName=OUT_11 Pin=P3-9
Removed Pin From Net: NetName=OUT_10 Pin=P3-10
Removed Pin From Net: NetName=OUT_9 Pin=P3-11
Removed Pin From Net: NetName=OUT_8 Pin=P3-12
Removed Pin From Net: NetName=OUT_7 Pin=P3-13
Removed Pin From Net: NetName=OUT_6 Pin=P3-14
Removed Pin From Net: NetName=OUT_5 Pin=P3-15
Removed Pin From Net: NetName=OUT_4 Pin=P3-16
Removed Pin From Net: NetName=OUT_3 Pin=P3-17
Removed Pin From Net: NetName=OUT_2 Pin=P3-18
Removed Pin From Net: NetName=OUT_1 Pin=P3-19
Removed Pin From Net: NetName=OUT_0 Pin=P3-20
Removed Pin From Net: NetName=CO Pin=P3-21
Removed Pin From Net: NetName=Z\F\ Pin=P3-22
Removed Pin From Net: NetName=GND Pin=P3-24
Removed Member From Class: ClassName=Connectors Member=P1
Removed Member From Class: ClassName=Connectors Member=P2
Removed Member From Class: ClassName=Connectors Member=P3
Added Component: Designator=P?(HDR1X24H)
Add component (AddParameter): Name = "LatestRevisionDate"; Value = "17-Jul-2002"; VariantName = "[No Variations]"
Add component (AddParameter): Name = "LatestRevisionNote"; Value = "Re-released for DXP Platform."; VariantName = "[No Variations]"
Add component (AddParameter): Name = "Publisher"; Value = "Altium Limited"; VariantName = "[No Variations]"
Added Component: Designator=P?(HDR1X24H)
Add component (AddParameter): Name = "LatestRevisionDate"; Value = "17-Jul-2002"; VariantName = "[No Variations]"
Add component (AddParameter): Name = "LatestRevisionNote"; Value = "Re-released for DXP Platform."; VariantName = "[No Variations]"
Add component (AddParameter): Name = "Publisher"; Value = "Altium Limited"; VariantName = "[No Variations]"
Added Component: Designator=P?(HDR1X24H)
Add component (AddParameter): Name = "LatestRevisionDate"; Value = "17-Jul-2002"; VariantName = "[No Variations]"
Add component (AddParameter): Name = "LatestRevisionNote"; Value = "Re-released for DXP Platform."; VariantName = "[No Variations]"
Add component (AddParameter): Name = "Publisher"; Value = "Altium Limited"; VariantName = "[No Variations]"
Added Pin To Net: NetName=VCC Pin=P?-1
Added Pin To Net: NetName=VCC Pin=P?-1
Added Pin To Net: NetName=VCC Pin=P?-1
Added Pin To Net: NetName=A\D\D\_\O\U\T\ Pin=P?-2
Added Pin To Net: NetName=CO Pin=P?-2
Added Pin To Net: NetName=LEFT Pin=P?-2
Added Pin To Net: NetName=RIGHT Pin=P?-3
Added Pin To Net: NetName=SUB Pin=P?-3
Added Pin To Net: NetName=Z\F\ Pin=P?-3
Added Pin To Net: NetName=A\N\D\_\O\U\T\ Pin=P?-4
Added Pin To Net: NetName=O\R\_\O\U\T\ Pin=P?-5
Added Pin To Net: NetName=X\O\R\_\O\U\T\ Pin=P?-6
Added Pin To Net: NetName=S\H\I\F\T\_\O\U\T\ Pin=P?-7
Added Pin To Net: NetName=A_15 Pin=P?-8
Added Pin To Net: NetName=B_15 Pin=P?-8
Added Pin To Net: NetName=OUT_15 Pin=P?-8
Added Pin To Net: NetName=A_14 Pin=P?-9
Added Pin To Net: NetName=B_14 Pin=P?-9
Added Pin To Net: NetName=OUT_14 Pin=P?-9
Added Pin To Net: NetName=A_13 Pin=P?-10
Added Pin To Net: NetName=B_13 Pin=P?-10
Added Pin To Net: NetName=OUT_13 Pin=P?-10
Added Pin To Net: NetName=A_12 Pin=P?-11
Added Pin To Net: NetName=B_12 Pin=P?-11
Added Pin To Net: NetName=OUT_12 Pin=P?-11
Added Pin To Net: NetName=A_11 Pin=P?-12
Added Pin To Net: NetName=B_11 Pin=P?-12
Added Pin To Net: NetName=OUT_11 Pin=P?-12
Added Pin To Net: NetName=A_10 Pin=P?-13
Added Pin To Net: NetName=B_10 Pin=P?-13
Added Pin To Net: NetName=OUT_10 Pin=P?-13
Added Pin To Net: NetName=A_9 Pin=P?-14
Added Pin To Net: NetName=B_9 Pin=P?-14
Added Pin To Net: NetName=OUT_9 Pin=P?-14
Added Pin To Net: NetName=A_8 Pin=P?-15
Added Pin To Net: NetName=B_8 Pin=P?-15
Added Pin To Net: NetName=OUT_8 Pin=P?-15
Added Pin To Net: NetName=A_7 Pin=P?-16
Added Pin To Net: NetName=B_7 Pin=P?-16
Added Pin To Net: NetName=OUT_7 Pin=P?-16
Added Pin To Net: NetName=A_6 Pin=P?-17
Added Pin To Net: NetName=B_6 Pin=P?-17
Added Pin To Net: NetName=OUT_6 Pin=P?-17
Added Pin To Net: NetName=A_5 Pin=P?-18
Added Pin To Net: NetName=B_5 Pin=P?-18
Added Pin To Net: NetName=OUT_5 Pin=P?-18
Added Pin To Net: NetName=A_4 Pin=P?-19
Added Pin To Net: NetName=B_4 Pin=P?-19
Added Pin To Net: NetName=OUT_4 Pin=P?-19
Added Pin To Net: NetName=A_3 Pin=P?-20
Added Pin To Net: NetName=B_3 Pin=P?-20
Added Pin To Net: NetName=OUT_3 Pin=P?-20
Added Pin To Net: NetName=A_2 Pin=P?-21
Added Pin To Net: NetName=B_2 Pin=P?-21
Added Pin To Net: NetName=OUT_2 Pin=P?-21
Added Pin To Net: NetName=A_1 Pin=P?-22
Added Pin To Net: NetName=B_1 Pin=P?-22
Added Pin To Net: NetName=OUT_1 Pin=P?-22
Added Pin To Net: NetName=A_0 Pin=P?-23
Added Pin To Net: NetName=B_0 Pin=P?-23
Added Pin To Net: NetName=OUT_0 Pin=P?-23
Added Pin To Net: NetName=GND Pin=P?-24
Added Pin To Net: NetName=GND Pin=P?-24
Added Pin To Net: NetName=GND Pin=P?-24
Added Member To Class: ClassName=Connectors Member=Component P? Header 24H
Added Member To Class: ClassName=Connectors Member=Component P? Header 24H
Added Member To Class: ClassName=Connectors Member=Component P? Header 24H
