Removed Pin From Net: NetName=OUT_0 Pin=U75-2
Removed Pin From Net: NetName=OUT_1 Pin=U75-3
Removed Pin From Net: NetName=OUT_2 Pin=U75-5
Removed Pin From Net: NetName=OUT_3 Pin=U75-6
Removed Pin From Net: NetName=GND Pin=U75-7
Removed Pin From Net: NetName=OUT_4 Pin=U75-8
Removed Pin From Net: NetName=OUT_5 Pin=U75-9
Removed Pin From Net: NetName=OUT_6 Pin=U75-11
Removed Pin From Net: NetName=OUT_7 Pin=U75-12
Removed Pin From Net: NetName=VCC Pin=U75-14
Removed Pin From Net: NetName=OUT_8 Pin=U76-2
Removed Pin From Net: NetName=OUT_9 Pin=U76-3
Removed Pin From Net: NetName=OUT_10 Pin=U76-5
Removed Pin From Net: NetName=OUT_11 Pin=U76-6
Removed Pin From Net: NetName=GND Pin=U76-7
Removed Pin From Net: NetName=OUT_12 Pin=U76-8
Removed Pin From Net: NetName=OUT_13 Pin=U76-9
Removed Pin From Net: NetName=OUT_14 Pin=U76-11
Removed Pin From Net: NetName=OUT_15 Pin=U76-12
Removed Pin From Net: NetName=VCC Pin=U76-14
Removed Pin From Net: NetName=GND Pin=U77-7
Removed Pin From Net: NetName=Z\F\ Pin=U77-8
Removed Pin From Net: NetName=VCC Pin=U77-14
Added Component: Designator=U45(N020)
Add component (AddParameter): Name = "ComponentLink1Description"; Value = "Manufacturer Link"; VariantName = "[No Variations]"
Add component (AddParameter): Name = "ComponentLink1URL"; Value = "http://www.ti.com/"; VariantName = "[No Variations]"
Add component (AddParameter): Name = "ComponentLink2Description"; Value = "Datasheet"; VariantName = "[No Variations]"
Add component (AddParameter): Name = "ComponentLink2URL"; Value = "http://www-s.ti.com/sc/ds/sn74ls245.pdf"; VariantName = "[No Variations]"
Add component (AddParameter): Name = "DatasheetVersion"; Value = "Mar-1988"; VariantName = "[No Variations]"
Add component (AddParameter): Name = "LatestRevisionDate"; Value = "04-Mar-2005"; VariantName = "[No Variations]"
Add component (AddParameter): Name = "LatestRevisionNote"; Value = "Stylized 3D Model Added."; VariantName = "[No Variations]"
Add component (AddParameter): Name = "PackageDescription"; Value = "DIP; 20 Leads; Row Spacing 7.62 mm; Pitch 2.54 mm"; VariantName = "[No Variations]"
Add component (AddParameter): Name = "PackageReference"; Value = "N020"; VariantName = "[No Variations]"
Add component (AddParameter): Name = "PackageVersion"; Value = "Oct-1995"; VariantName = "[No Variations]"
Add component (AddParameter): Name = "Published"; Value = "8-Jun-2000"; VariantName = "[No Variations]"
Add component (AddParameter): Name = "Publisher"; Value = "Altium Limited"; VariantName = "[No Variations]"
Added Component: Designator=U46(N020)
Add component (AddParameter): Name = "ComponentLink1Description"; Value = "Manufacturer Link"; VariantName = "[No Variations]"
Add component (AddParameter): Name = "ComponentLink1URL"; Value = "http://www.ti.com/"; VariantName = "[No Variations]"
Add component (AddParameter): Name = "ComponentLink2Description"; Value = "Datasheet"; VariantName = "[No Variations]"
Add component (AddParameter): Name = "ComponentLink2URL"; Value = "http://www-s.ti.com/sc/ds/sn74ls245.pdf"; VariantName = "[No Variations]"
Add component (AddParameter): Name = "DatasheetVersion"; Value = "Mar-1988"; VariantName = "[No Variations]"
Add component (AddParameter): Name = "LatestRevisionDate"; Value = "04-Mar-2005"; VariantName = "[No Variations]"
Add component (AddParameter): Name = "LatestRevisionNote"; Value = "Stylized 3D Model Added."; VariantName = "[No Variations]"
Add component (AddParameter): Name = "PackageDescription"; Value = "DIP; 20 Leads; Row Spacing 7.62 mm; Pitch 2.54 mm"; VariantName = "[No Variations]"
Add component (AddParameter): Name = "PackageReference"; Value = "N020"; VariantName = "[No Variations]"
Add component (AddParameter): Name = "PackageVersion"; Value = "Oct-1995"; VariantName = "[No Variations]"
Add component (AddParameter): Name = "Published"; Value = "8-Jun-2000"; VariantName = "[No Variations]"
Add component (AddParameter): Name = "Publisher"; Value = "Altium Limited"; VariantName = "[No Variations]"
Added Component: Designator=U47(N014)
Add component (AddParameter): Name = "ComponentLink1Description"; Value = "Manufacturer Link"; VariantName = "[No Variations]"
Add component (AddParameter): Name = "ComponentLink1URL"; Value = "http://www.ti.com/"; VariantName = "[No Variations]"
Add component (AddParameter): Name = "ComponentLink2Description"; Value = "Datasheet"; VariantName = "[No Variations]"
Add component (AddParameter): Name = "ComponentLink2URL"; Value = "http://www-s.ti.com/sc/ds/sn74ls86a.pdf"; VariantName = "[No Variations]"
Add component (AddParameter): Name = "DatasheetVersion"; Value = "Mar-1988"; VariantName = "[No Variations]"
Add component (AddParameter): Name = "LatestRevisionDate"; Value = "04-Mar-2005"; VariantName = "[No Variations]"
Add component (AddParameter): Name = "LatestRevisionNote"; Value = "Stylized 3D Model Added."; VariantName = "[No Variations]"
Add component (AddParameter): Name = "PackageDescription"; Value = "DIP; 14 Leads; Row Spacing 7.62 mm; Pitch 2.54 mm"; VariantName = "[No Variations]"
Add component (AddParameter): Name = "PackageReference"; Value = "N014"; VariantName = "[No Variations]"
Add component (AddParameter): Name = "PackageVersion"; Value = "Oct-1995"; VariantName = "[No Variations]"
Add component (AddParameter): Name = "Published"; Value = "8-Jun-2000"; VariantName = "[No Variations]"
Add component (AddParameter): Name = "Publisher"; Value = "Altium Limited"; VariantName = "[No Variations]"
Added Component: Designator=U48(N014)
Add component (AddParameter): Name = "ComponentLink1Description"; Value = "Manufacturer Link"; VariantName = "[No Variations]"
Add component (AddParameter): Name = "ComponentLink1URL"; Value = "http://www.ti.com/"; VariantName = "[No Variations]"
Add component (AddParameter): Name = "ComponentLink2Description"; Value = "Datasheet"; VariantName = "[No Variations]"
Add component (AddParameter): Name = "ComponentLink2URL"; Value = "http://www-s.ti.com/sc/ds/sn74ls86a.pdf"; VariantName = "[No Variations]"
Add component (AddParameter): Name = "DatasheetVersion"; Value = "Mar-1988"; VariantName = "[No Variations]"
Add component (AddParameter): Name = "LatestRevisionDate"; Value = "04-Mar-2005"; VariantName = "[No Variations]"
Add component (AddParameter): Name = "LatestRevisionNote"; Value = "Stylized 3D Model Added."; VariantName = "[No Variations]"
Add component (AddParameter): Name = "PackageDescription"; Value = "DIP; 14 Leads; Row Spacing 7.62 mm; Pitch 2.54 mm"; VariantName = "[No Variations]"
Add component (AddParameter): Name = "PackageReference"; Value = "N014"; VariantName = "[No Variations]"
Add component (AddParameter): Name = "PackageVersion"; Value = "Oct-1995"; VariantName = "[No Variations]"
Add component (AddParameter): Name = "Published"; Value = "8-Jun-2000"; VariantName = "[No Variations]"
Add component (AddParameter): Name = "Publisher"; Value = "Altium Limited"; VariantName = "[No Variations]"
Added Component: Designator=U49(N014)
Add component (AddParameter): Name = "ComponentLink1Description"; Value = "Manufacturer Link"; VariantName = "[No Variations]"
Add component (AddParameter): Name = "ComponentLink1URL"; Value = "http://www.ti.com/"; VariantName = "[No Variations]"
Add component (AddParameter): Name = "ComponentLink2Description"; Value = "Datasheet"; VariantName = "[No Variations]"
Add component (AddParameter): Name = "ComponentLink2URL"; Value = "http://www-s.ti.com/sc/ds/sn74ls86a.pdf"; VariantName = "[No Variations]"
Add component (AddParameter): Name = "DatasheetVersion"; Value = "Mar-1988"; VariantName = "[No Variations]"
Add component (AddParameter): Name = "LatestRevisionDate"; Value = "04-Mar-2005"; VariantName = "[No Variations]"
Add component (AddParameter): Name = "LatestRevisionNote"; Value = "Stylized 3D Model Added."; VariantName = "[No Variations]"
Add component (AddParameter): Name = "PackageDescription"; Value = "DIP; 14 Leads; Row Spacing 7.62 mm; Pitch 2.54 mm"; VariantName = "[No Variations]"
Add component (AddParameter): Name = "PackageReference"; Value = "N014"; VariantName = "[No Variations]"
Add component (AddParameter): Name = "PackageVersion"; Value = "Oct-1995"; VariantName = "[No Variations]"
Add component (AddParameter): Name = "Published"; Value = "8-Jun-2000"; VariantName = "[No Variations]"
Add component (AddParameter): Name = "Publisher"; Value = "Altium Limited"; VariantName = "[No Variations]"
Added Component: Designator=U50(N014)
Add component (AddParameter): Name = "ComponentLink1Description"; Value = "Manufacturer Link"; VariantName = "[No Variations]"
Add component (AddParameter): Name = "ComponentLink1URL"; Value = "http://www.ti.com/"; VariantName = "[No Variations]"
Add component (AddParameter): Name = "ComponentLink2Description"; Value = "Datasheet"; VariantName = "[No Variations]"
Add component (AddParameter): Name = "ComponentLink2URL"; Value = "http://www-s.ti.com/sc/ds/sn74ls86a.pdf"; VariantName = "[No Variations]"
Add component (AddParameter): Name = "DatasheetVersion"; Value = "Mar-1988"; VariantName = "[No Variations]"
Add component (AddParameter): Name = "LatestRevisionDate"; Value = "04-Mar-2005"; VariantName = "[No Variations]"
Add component (AddParameter): Name = "LatestRevisionNote"; Value = "Stylized 3D Model Added."; VariantName = "[No Variations]"
Add component (AddParameter): Name = "PackageDescription"; Value = "DIP; 14 Leads; Row Spacing 7.62 mm; Pitch 2.54 mm"; VariantName = "[No Variations]"
Add component (AddParameter): Name = "PackageReference"; Value = "N014"; VariantName = "[No Variations]"
Add component (AddParameter): Name = "PackageVersion"; Value = "Oct-1995"; VariantName = "[No Variations]"
Add component (AddParameter): Name = "Published"; Value = "8-Jun-2000"; VariantName = "[No Variations]"
Add component (AddParameter): Name = "Publisher"; Value = "Altium Limited"; VariantName = "[No Variations]"
Added Component: Designator=U?(N020)
Add component (AddParameter): Name = "ComponentLink1Description"; Value = "Manufacturer Link"; VariantName = "[No Variations]"
Add component (AddParameter): Name = "ComponentLink1URL"; Value = "http://www.ti.com/"; VariantName = "[No Variations]"
Add component (AddParameter): Name = "ComponentLink2Description"; Value = "Datasheet"; VariantName = "[No Variations]"
Add component (AddParameter): Name = "ComponentLink2URL"; Value = "http://www-s.ti.com/sc/ds/sn74ls245.pdf"; VariantName = "[No Variations]"
Add component (AddParameter): Name = "DatasheetVersion"; Value = "Mar-1988"; VariantName = "[No Variations]"
Add component (AddParameter): Name = "LatestRevisionDate"; Value = "04-Mar-2005"; VariantName = "[No Variations]"
Add component (AddParameter): Name = "LatestRevisionNote"; Value = "Stylized 3D Model Added."; VariantName = "[No Variations]"
Add component (AddParameter): Name = "PackageDescription"; Value = "DIP; 20 Leads; Row Spacing 7.62 mm; Pitch 2.54 mm"; VariantName = "[No Variations]"
Add component (AddParameter): Name = "PackageReference"; Value = "N020"; VariantName = "[No Variations]"
Add component (AddParameter): Name = "PackageVersion"; Value = "Oct-1995"; VariantName = "[No Variations]"
Add component (AddParameter): Name = "Published"; Value = "8-Jun-2000"; VariantName = "[No Variations]"
Add component (AddParameter): Name = "Publisher"; Value = "Altium Limited"; VariantName = "[No Variations]"
Added Component: Designator=U?(N020)
Add component (AddParameter): Name = "ComponentLink1Description"; Value = "Manufacturer Link"; VariantName = "[No Variations]"
Add component (AddParameter): Name = "ComponentLink1URL"; Value = "http://www.ti.com/"; VariantName = "[No Variations]"
Add component (AddParameter): Name = "ComponentLink2Description"; Value = "Datasheet"; VariantName = "[No Variations]"
Add component (AddParameter): Name = "ComponentLink2URL"; Value = "http://www-s.ti.com/sc/ds/sn74ls245.pdf"; VariantName = "[No Variations]"
Add component (AddParameter): Name = "DatasheetVersion"; Value = "Mar-1988"; VariantName = "[No Variations]"
Add component (AddParameter): Name = "LatestRevisionDate"; Value = "04-Mar-2005"; VariantName = "[No Variations]"
Add component (AddParameter): Name = "LatestRevisionNote"; Value = "Stylized 3D Model Added."; VariantName = "[No Variations]"
Add component (AddParameter): Name = "PackageDescription"; Value = "DIP; 20 Leads; Row Spacing 7.62 mm; Pitch 2.54 mm"; VariantName = "[No Variations]"
Add component (AddParameter): Name = "PackageReference"; Value = "N020"; VariantName = "[No Variations]"
Add component (AddParameter): Name = "PackageVersion"; Value = "Oct-1995"; VariantName = "[No Variations]"
Add component (AddParameter): Name = "Published"; Value = "8-Jun-2000"; VariantName = "[No Variations]"
Add component (AddParameter): Name = "Publisher"; Value = "Altium Limited"; VariantName = "[No Variations]"
Added Pin To Net: NetName=VCC Pin=U45-1
Added Pin To Net: NetName=GND Pin=U45-10
Added Pin To Net: NetName=OUT_7 Pin=U45-11
Added Pin To Net: NetName=OUT_6 Pin=U45-12
Added Pin To Net: NetName=OUT_5 Pin=U45-13
Added Pin To Net: NetName=OUT_4 Pin=U45-14
Added Pin To Net: NetName=OUT_3 Pin=U45-15
Added Pin To Net: NetName=OUT_2 Pin=U45-16
Added Pin To Net: NetName=OUT_1 Pin=U45-17
Added Pin To Net: NetName=OUT_0 Pin=U45-18
Added Pin To Net: NetName=VCC Pin=U45-20
Added Pin To Net: NetName=VCC Pin=U46-1
Added Pin To Net: NetName=GND Pin=U46-10
Added Pin To Net: NetName=OUT_15 Pin=U46-11
Added Pin To Net: NetName=OUT_14 Pin=U46-12
Added Pin To Net: NetName=OUT_13 Pin=U46-13
Added Pin To Net: NetName=OUT_12 Pin=U46-14
Added Pin To Net: NetName=OUT_11 Pin=U46-15
Added Pin To Net: NetName=OUT_10 Pin=U46-16
Added Pin To Net: NetName=OUT_9 Pin=U46-17
Added Pin To Net: NetName=OUT_8 Pin=U46-18
Added Pin To Net: NetName=VCC Pin=U46-20
Added Pin To Net: NetName=A_0 Pin=U47-1
Added Pin To Net: NetName=B_0 Pin=U47-2
Added Pin To Net: NetName=A_1 Pin=U47-4
Added Pin To Net: NetName=B_1 Pin=U47-5
Added Pin To Net: NetName=GND Pin=U47-7
Added Pin To Net: NetName=A_2 Pin=U47-9
Added Pin To Net: NetName=B_2 Pin=U47-10
Added Pin To Net: NetName=A_3 Pin=U47-12
Added Pin To Net: NetName=B_3 Pin=U47-13
Added Pin To Net: NetName=VCC Pin=U47-14
Added Pin To Net: NetName=A_4 Pin=U48-1
Added Pin To Net: NetName=B_4 Pin=U48-2
Added Pin To Net: NetName=A_5 Pin=U48-4
Added Pin To Net: NetName=B_5 Pin=U48-5
Added Pin To Net: NetName=GND Pin=U48-7
Added Pin To Net: NetName=A_6 Pin=U48-9
Added Pin To Net: NetName=B_6 Pin=U48-10
Added Pin To Net: NetName=A_7 Pin=U48-12
Added Pin To Net: NetName=B_7 Pin=U48-13
Added Pin To Net: NetName=VCC Pin=U48-14
Added Pin To Net: NetName=A_8 Pin=U49-1
Added Pin To Net: NetName=B_8 Pin=U49-2
Added Pin To Net: NetName=A_9 Pin=U49-4
Added Pin To Net: NetName=B_9 Pin=U49-5
Added Pin To Net: NetName=GND Pin=U49-7
Added Pin To Net: NetName=A_10 Pin=U49-9
Added Pin To Net: NetName=B_10 Pin=U49-10
Added Pin To Net: NetName=A_11 Pin=U49-12
Added Pin To Net: NetName=B_11 Pin=U49-13
Added Pin To Net: NetName=VCC Pin=U49-14
Added Pin To Net: NetName=A_12 Pin=U50-1
Added Pin To Net: NetName=B_12 Pin=U50-2
Added Pin To Net: NetName=A_13 Pin=U50-4
Added Pin To Net: NetName=B_13 Pin=U50-5
Added Pin To Net: NetName=GND Pin=U50-7
Added Pin To Net: NetName=A_14 Pin=U50-9
Added Pin To Net: NetName=B_14 Pin=U50-10
Added Pin To Net: NetName=A_15 Pin=U50-12
Added Pin To Net: NetName=B_15 Pin=U50-13
Added Pin To Net: NetName=VCC Pin=U50-14
Added Pin To Net: NetName=VCC Pin=U?-1
Added Pin To Net: NetName=VCC Pin=U?-1
Added Pin To Net: NetName=VCC Pin=U?-2
Added Pin To Net: NetName=VCC Pin=U?-2
Added Pin To Net: NetName=VCC Pin=U?-3
Added Pin To Net: NetName=VCC Pin=U?-3
Added Pin To Net: NetName=VCC Pin=U?-4
Added Pin To Net: NetName=VCC Pin=U?-4
Added Pin To Net: NetName=VCC Pin=U?-5
Added Pin To Net: NetName=VCC Pin=U?-5
Added Pin To Net: NetName=VCC Pin=U?-6
Added Pin To Net: NetName=VCC Pin=U?-6
Added Pin To Net: NetName=VCC Pin=U?-7
Added Pin To Net: NetName=VCC Pin=U?-7
Added Pin To Net: NetName=VCC Pin=U?-8
Added Pin To Net: NetName=VCC Pin=U?-8
Added Pin To Net: NetName=VCC Pin=U?-9
Added Pin To Net: NetName=VCC Pin=U?-9
Added Pin To Net: NetName=GND Pin=U?-10
Added Pin To Net: NetName=GND Pin=U?-10
Added Pin To Net: NetName=OUT_7 Pin=U?-11
Added Pin To Net: NetName=OUT_15 Pin=U?-11
Added Pin To Net: NetName=OUT_6 Pin=U?-12
Added Pin To Net: NetName=OUT_14 Pin=U?-12
Added Pin To Net: NetName=OUT_5 Pin=U?-13
Added Pin To Net: NetName=OUT_13 Pin=U?-13
Added Pin To Net: NetName=OUT_4 Pin=U?-14
Added Pin To Net: NetName=OUT_12 Pin=U?-14
Added Pin To Net: NetName=OUT_3 Pin=U?-15
Added Pin To Net: NetName=OUT_11 Pin=U?-15
Added Pin To Net: NetName=OUT_2 Pin=U?-16
Added Pin To Net: NetName=OUT_10 Pin=U?-16
Added Pin To Net: NetName=OUT_1 Pin=U?-17
Added Pin To Net: NetName=OUT_9 Pin=U?-17
Added Pin To Net: NetName=OUT_0 Pin=U?-18
Added Pin To Net: NetName=OUT_8 Pin=U?-18
Added Pin To Net: NetName=VCC Pin=U?-20
Added Pin To Net: NetName=VCC Pin=U?-20
Added Pin To Net: NetName=O\N\E\S\_\O\U\T\ Pin=P2-4
Added Pin To Net: NetName=O\N\E\S\_\O\U\T\ Pin=U?-19
Added Pin To Net: NetName=O\N\E\S\_\O\U\T\ Pin=U?-19
Added Net: Name=O\N\E\S\_\O\U\T\
Added Pin To Net: NetName=O\U\T\ Pin=P1-6
Added Pin To Net: NetName=O\U\T\ Pin=U45-19
Added Pin To Net: NetName=O\U\T\ Pin=U46-19
Added Net: Name=O\U\T\
Added Pin To Net: NetName=REG_0 Pin=U45-2
Added Pin To Net: NetName=REG_0 Pin=U47-3
Added Net: Name=REG_0
Added Pin To Net: NetName=REG_1 Pin=U45-3
Added Pin To Net: NetName=REG_1 Pin=U47-6
Added Net: Name=REG_1
Added Pin To Net: NetName=REG_2 Pin=U45-4
Added Pin To Net: NetName=REG_2 Pin=U47-8
Added Net: Name=REG_2
Added Pin To Net: NetName=REG_3 Pin=U45-5
Added Pin To Net: NetName=REG_3 Pin=U47-11
Added Net: Name=REG_3
Added Pin To Net: NetName=REG_4 Pin=U45-6
Added Pin To Net: NetName=REG_4 Pin=U48-3
Added Net: Name=REG_4
Added Pin To Net: NetName=REG_5 Pin=U45-7
Added Pin To Net: NetName=REG_5 Pin=U48-6
Added Net: Name=REG_5
Added Pin To Net: NetName=REG_6 Pin=U45-8
Added Pin To Net: NetName=REG_6 Pin=U48-8
Added Net: Name=REG_6
Added Pin To Net: NetName=REG_7 Pin=U45-9
Added Pin To Net: NetName=REG_7 Pin=U48-11
Added Net: Name=REG_7
Added Pin To Net: NetName=REG_8 Pin=U46-2
Added Pin To Net: NetName=REG_8 Pin=U49-3
Added Net: Name=REG_8
Added Pin To Net: NetName=REG_9 Pin=U46-3
Added Pin To Net: NetName=REG_9 Pin=U49-6
Added Net: Name=REG_9
Added Pin To Net: NetName=REG_10 Pin=U46-4
Added Pin To Net: NetName=REG_10 Pin=U49-8
Added Net: Name=REG_10
Added Pin To Net: NetName=REG_11 Pin=U46-5
Added Pin To Net: NetName=REG_11 Pin=U49-11
Added Net: Name=REG_11
Added Pin To Net: NetName=REG_12 Pin=U46-6
Added Pin To Net: NetName=REG_12 Pin=U50-3
Added Net: Name=REG_12
Added Pin To Net: NetName=REG_13 Pin=U46-7
Added Pin To Net: NetName=REG_13 Pin=U50-6
Added Net: Name=REG_13
Added Pin To Net: NetName=REG_14 Pin=U46-8
Added Pin To Net: NetName=REG_14 Pin=U50-8
Added Net: Name=REG_14
Added Pin To Net: NetName=REG_15 Pin=U46-9
Added Pin To Net: NetName=REG_15 Pin=U50-11
Added Net: Name=REG_15
Added Class: Name=ALU_ONES
Added Class: Name=ALU_XOR
