Added Component: Designator=J1_M0(HDR2X20)
Add component (AddParameter): Name = "LatestRevisionDate"; Value = "17-Jul-2002"; VariantName = "[No Variations]"
Add component (AddParameter): Name = "LatestRevisionNote"; Value = "Re-released for DXP Platform."; VariantName = "[No Variations]"
Add component (AddParameter): Name = "Publisher"; Value = "Altium Limited"; VariantName = "[No Variations]"
Added Component: Designator=J1_M1(HDR2X20)
Add component (AddParameter): Name = "LatestRevisionDate"; Value = "17-Jul-2002"; VariantName = "[No Variations]"
Add component (AddParameter): Name = "LatestRevisionNote"; Value = "Re-released for DXP Platform."; VariantName = "[No Variations]"
Add component (AddParameter): Name = "Publisher"; Value = "Altium Limited"; VariantName = "[No Variations]"
Added Component: Designator=J1_M2(HDR2X20)
Add component (AddParameter): Name = "LatestRevisionDate"; Value = "17-Jul-2002"; VariantName = "[No Variations]"
Add component (AddParameter): Name = "LatestRevisionNote"; Value = "Re-released for DXP Platform."; VariantName = "[No Variations]"
Add component (AddParameter): Name = "Publisher"; Value = "Altium Limited"; VariantName = "[No Variations]"
Added Component: Designator=J1_M3(HDR2X20)
Add component (AddParameter): Name = "LatestRevisionDate"; Value = "17-Jul-2002"; VariantName = "[No Variations]"
Add component (AddParameter): Name = "LatestRevisionNote"; Value = "Re-released for DXP Platform."; VariantName = "[No Variations]"
Add component (AddParameter): Name = "Publisher"; Value = "Altium Limited"; VariantName = "[No Variations]"
Added Component: Designator=J1_M4(HDR2X20)
Add component (AddParameter): Name = "LatestRevisionDate"; Value = "17-Jul-2002"; VariantName = "[No Variations]"
Add component (AddParameter): Name = "LatestRevisionNote"; Value = "Re-released for DXP Platform."; VariantName = "[No Variations]"
Add component (AddParameter): Name = "Publisher"; Value = "Altium Limited"; VariantName = "[No Variations]"
Added Component: Designator=J1_M5(HDR2X20)
Add component (AddParameter): Name = "LatestRevisionDate"; Value = "17-Jul-2002"; VariantName = "[No Variations]"
Add component (AddParameter): Name = "LatestRevisionNote"; Value = "Re-released for DXP Platform."; VariantName = "[No Variations]"
Add component (AddParameter): Name = "Publisher"; Value = "Altium Limited"; VariantName = "[No Variations]"
Added Component: Designator=J1_M6(HDR2X20)
Add component (AddParameter): Name = "LatestRevisionDate"; Value = "17-Jul-2002"; VariantName = "[No Variations]"
Add component (AddParameter): Name = "LatestRevisionNote"; Value = "Re-released for DXP Platform."; VariantName = "[No Variations]"
Add component (AddParameter): Name = "Publisher"; Value = "Altium Limited"; VariantName = "[No Variations]"
Added Component: Designator=J1_M7(HDR2X20)
Add component (AddParameter): Name = "LatestRevisionDate"; Value = "17-Jul-2002"; VariantName = "[No Variations]"
Add component (AddParameter): Name = "LatestRevisionNote"; Value = "Re-released for DXP Platform."; VariantName = "[No Variations]"
Add component (AddParameter): Name = "Publisher"; Value = "Altium Limited"; VariantName = "[No Variations]"
Added Component: Designator=J1_M8(HDR2X20)
Add component (AddParameter): Name = "LatestRevisionDate"; Value = "17-Jul-2002"; VariantName = "[No Variations]"
Add component (AddParameter): Name = "LatestRevisionNote"; Value = "Re-released for DXP Platform."; VariantName = "[No Variations]"
Add component (AddParameter): Name = "Publisher"; Value = "Altium Limited"; VariantName = "[No Variations]"
Added Component: Designator=J1_M9(HDR2X20)
Add component (AddParameter): Name = "LatestRevisionDate"; Value = "17-Jul-2002"; VariantName = "[No Variations]"
Add component (AddParameter): Name = "LatestRevisionNote"; Value = "Re-released for DXP Platform."; VariantName = "[No Variations]"
Add component (AddParameter): Name = "Publisher"; Value = "Altium Limited"; VariantName = "[No Variations]"
Added Component: Designator=J1_M10(HDR2X20)
Add component (AddParameter): Name = "LatestRevisionDate"; Value = "17-Jul-2002"; VariantName = "[No Variations]"
Add component (AddParameter): Name = "LatestRevisionNote"; Value = "Re-released for DXP Platform."; VariantName = "[No Variations]"
Add component (AddParameter): Name = "Publisher"; Value = "Altium Limited"; VariantName = "[No Variations]"
Added Component: Designator=J1_M11(HDR2X20)
Add component (AddParameter): Name = "LatestRevisionDate"; Value = "17-Jul-2002"; VariantName = "[No Variations]"
Add component (AddParameter): Name = "LatestRevisionNote"; Value = "Re-released for DXP Platform."; VariantName = "[No Variations]"
Add component (AddParameter): Name = "Publisher"; Value = "Altium Limited"; VariantName = "[No Variations]"
Added Pin To Net: NetName=VCC Pin=J1_M0-1
Added Pin To Net: NetName=VCC Pin=J1_M0-2
Added Pin To Net: NetName=VCC Pin=J1_M0-3
Added Pin To Net: NetName=VCC Pin=J1_M0-4
Added Pin To Net: NetName=GND Pin=J1_M0-37
Added Pin To Net: NetName=GND Pin=J1_M0-38
Added Pin To Net: NetName=GND Pin=J1_M0-39
Added Pin To Net: NetName=GND Pin=J1_M0-40
Added Pin To Net: NetName=VCC Pin=J1_M1-1
Added Pin To Net: NetName=VCC Pin=J1_M1-2
Added Pin To Net: NetName=VCC Pin=J1_M1-3
Added Pin To Net: NetName=VCC Pin=J1_M1-4
Added Pin To Net: NetName=GND Pin=J1_M1-37
Added Pin To Net: NetName=GND Pin=J1_M1-38
Added Pin To Net: NetName=GND Pin=J1_M1-39
Added Pin To Net: NetName=GND Pin=J1_M1-40
Added Pin To Net: NetName=VCC Pin=J1_M2-1
Added Pin To Net: NetName=VCC Pin=J1_M2-2
Added Pin To Net: NetName=VCC Pin=J1_M2-3
Added Pin To Net: NetName=VCC Pin=J1_M2-4
Added Pin To Net: NetName=GND Pin=J1_M2-37
Added Pin To Net: NetName=GND Pin=J1_M2-38
Added Pin To Net: NetName=GND Pin=J1_M2-39
Added Pin To Net: NetName=GND Pin=J1_M2-40
Added Pin To Net: NetName=VCC Pin=J1_M3-1
Added Pin To Net: NetName=VCC Pin=J1_M3-2
Added Pin To Net: NetName=VCC Pin=J1_M3-3
Added Pin To Net: NetName=VCC Pin=J1_M3-4
Added Pin To Net: NetName=GND Pin=J1_M3-37
Added Pin To Net: NetName=GND Pin=J1_M3-38
Added Pin To Net: NetName=GND Pin=J1_M3-39
Added Pin To Net: NetName=GND Pin=J1_M3-40
Added Pin To Net: NetName=VCC Pin=J1_M4-1
Added Pin To Net: NetName=VCC Pin=J1_M4-2
Added Pin To Net: NetName=VCC Pin=J1_M4-3
Added Pin To Net: NetName=VCC Pin=J1_M4-4
Added Pin To Net: NetName=GND Pin=J1_M4-37
Added Pin To Net: NetName=GND Pin=J1_M4-38
Added Pin To Net: NetName=GND Pin=J1_M4-39
Added Pin To Net: NetName=GND Pin=J1_M4-40
Added Pin To Net: NetName=VCC Pin=J1_M5-1
Added Pin To Net: NetName=VCC Pin=J1_M5-2
Added Pin To Net: NetName=VCC Pin=J1_M5-3
Added Pin To Net: NetName=VCC Pin=J1_M5-4
Added Pin To Net: NetName=GND Pin=J1_M5-37
Added Pin To Net: NetName=GND Pin=J1_M5-38
Added Pin To Net: NetName=GND Pin=J1_M5-39
Added Pin To Net: NetName=GND Pin=J1_M5-40
Added Pin To Net: NetName=VCC Pin=J1_M6-1
Added Pin To Net: NetName=VCC Pin=J1_M6-2
Added Pin To Net: NetName=VCC Pin=J1_M6-3
Added Pin To Net: NetName=VCC Pin=J1_M6-4
Added Pin To Net: NetName=GND Pin=J1_M6-37
Added Pin To Net: NetName=GND Pin=J1_M6-38
Added Pin To Net: NetName=GND Pin=J1_M6-39
Added Pin To Net: NetName=GND Pin=J1_M6-40
Added Pin To Net: NetName=VCC Pin=J1_M7-1
Added Pin To Net: NetName=VCC Pin=J1_M7-2
Added Pin To Net: NetName=VCC Pin=J1_M7-3
Added Pin To Net: NetName=VCC Pin=J1_M7-4
Added Pin To Net: NetName=GND Pin=J1_M7-37
Added Pin To Net: NetName=GND Pin=J1_M7-38
Added Pin To Net: NetName=GND Pin=J1_M7-39
Added Pin To Net: NetName=GND Pin=J1_M7-40
Added Pin To Net: NetName=VCC Pin=J1_M8-1
Added Pin To Net: NetName=VCC Pin=J1_M8-2
Added Pin To Net: NetName=VCC Pin=J1_M8-3
Added Pin To Net: NetName=VCC Pin=J1_M8-4
Added Pin To Net: NetName=GND Pin=J1_M8-37
Added Pin To Net: NetName=GND Pin=J1_M8-38
Added Pin To Net: NetName=GND Pin=J1_M8-39
Added Pin To Net: NetName=GND Pin=J1_M8-40
Added Pin To Net: NetName=VCC Pin=J1_M9-1
Added Pin To Net: NetName=VCC Pin=J1_M9-2
Added Pin To Net: NetName=VCC Pin=J1_M9-3
Added Pin To Net: NetName=VCC Pin=J1_M9-4
Added Pin To Net: NetName=GND Pin=J1_M9-37
Added Pin To Net: NetName=GND Pin=J1_M9-38
Added Pin To Net: NetName=GND Pin=J1_M9-39
Added Pin To Net: NetName=GND Pin=J1_M9-40
Added Pin To Net: NetName=VCC Pin=J1_M10-1
Added Pin To Net: NetName=VCC Pin=J1_M10-2
Added Pin To Net: NetName=VCC Pin=J1_M10-3
Added Pin To Net: NetName=VCC Pin=J1_M10-4
Added Pin To Net: NetName=GND Pin=J1_M10-37
Added Pin To Net: NetName=GND Pin=J1_M10-38
Added Pin To Net: NetName=GND Pin=J1_M10-39
Added Pin To Net: NetName=GND Pin=J1_M10-40
Added Pin To Net: NetName=VCC Pin=J1_M11-1
Added Pin To Net: NetName=VCC Pin=J1_M11-2
Added Pin To Net: NetName=VCC Pin=J1_M11-3
Added Pin To Net: NetName=VCC Pin=J1_M11-4
Added Pin To Net: NetName=GND Pin=J1_M11-37
Added Pin To Net: NetName=GND Pin=J1_M11-38
Added Pin To Net: NetName=GND Pin=J1_M11-39
Added Pin To Net: NetName=GND Pin=J1_M11-40
Added Member To Class: ClassName=M0 Member=Component J1_M0 (J1) Header 20X2
Added Member To Class: ClassName=M1 Member=Component J1_M1 (J1) Header 20X2
Added Member To Class: ClassName=M2 Member=Component J1_M2 (J1) Header 20X2
Added Member To Class: ClassName=M3 Member=Component J1_M3 (J1) Header 20X2
Added Member To Class: ClassName=M4 Member=Component J1_M4 (J1) Header 20X2
Added Member To Class: ClassName=M5 Member=Component J1_M5 (J1) Header 20X2
Added Member To Class: ClassName=M6 Member=Component J1_M6 (J1) Header 20X2
Added Member To Class: ClassName=M7 Member=Component J1_M7 (J1) Header 20X2
Added Member To Class: ClassName=M8 Member=Component J1_M8 (J1) Header 20X2
Added Member To Class: ClassName=M9 Member=Component J1_M9 (J1) Header 20X2
Added Member To Class: ClassName=M10 Member=Component J1_M10 (J1) Header 20X2
Added Member To Class: ClassName=M11 Member=Component J1_M11 (J1) Header 20X2
