Removed Pin From Net: NetName=VCC Pin=J1_M12-1
Removed Pin From Net: NetName=VCC Pin=J1_M12-2
Removed Pin From Net: NetName=VCC Pin=J1_M12-3
Removed Pin From Net: NetName=VCC Pin=J1_M12-4
Removed Pin From Net: NetName=BUS_0 Pin=J1_M12-5
Removed Pin From Net: NetName=ADDR_0 Pin=J1_M12-6
Removed Pin From Net: NetName=BUS_1 Pin=J1_M12-7
Removed Pin From Net: NetName=ADDR_1 Pin=J1_M12-8
Removed Pin From Net: NetName=BUS_2 Pin=J1_M12-9
Removed Pin From Net: NetName=ADDR_2 Pin=J1_M12-10
Removed Pin From Net: NetName=BUS_3 Pin=J1_M12-11
Removed Pin From Net: NetName=ADDR_3 Pin=J1_M12-12
Removed Pin From Net: NetName=BUS_4 Pin=J1_M12-13
Removed Pin From Net: NetName=ADDR_4 Pin=J1_M12-14
Removed Pin From Net: NetName=BUS_5 Pin=J1_M12-15
Removed Pin From Net: NetName=ADDR_5 Pin=J1_M12-16
Removed Pin From Net: NetName=BUS_6 Pin=J1_M12-17
Removed Pin From Net: NetName=ADDR_6 Pin=J1_M12-18
Removed Pin From Net: NetName=BUS_7 Pin=J1_M12-19
Removed Pin From Net: NetName=ADDR_7 Pin=J1_M12-20
Removed Pin From Net: NetName=ADDR_8 Pin=J1_M12-22
Removed Pin From Net: NetName=ADDR_9 Pin=J1_M12-24
Removed Pin From Net: NetName=CLK Pin=J1_M12-25
Removed Pin From Net: NetName=ADDR_10 Pin=J1_M12-26
Removed Pin From Net: NetName=MO Pin=J1_M12-27
Removed Pin From Net: NetName=ADDR_11 Pin=J1_M12-28
Removed Pin From Net: NetName=LOAD_M1 Pin=J1_M12-29
Removed Pin From Net: NetName=ADDR_12 Pin=J1_M12-30
Removed Pin From Net: NetName=RST Pin=J1_M12-31
Removed Pin From Net: NetName=ADDR_13 Pin=J1_M12-32
Removed Pin From Net: NetName=CLK Pin=J1_M12-33
Removed Pin From Net: NetName=ADDR_14 Pin=J1_M12-34
Removed Pin From Net: NetName=ADDR_15 Pin=J1_M12-36
Removed Pin From Net: NetName=GND Pin=J1_M12-37
Removed Pin From Net: NetName=GND Pin=J1_M12-38
Removed Pin From Net: NetName=GND Pin=J1_M12-39
Removed Pin From Net: NetName=GND Pin=J1_M12-40
Added Component: Designator=J1_M0(HDR2X20)
Add component (AddParameter): Name = "LatestRevisionDate"; Value = "17-Jul-2002"; VariantName = "[No Variations]"
Add component (AddParameter): Name = "LatestRevisionNote"; Value = "Re-released for DXP Platform."; VariantName = "[No Variations]"
Add component (AddParameter): Name = "Publisher"; Value = "Altium Limited"; VariantName = "[No Variations]"
Added Component: Designator=J1_M8(HDR2X20)
Add component (AddParameter): Name = "LatestRevisionDate"; Value = "17-Jul-2002"; VariantName = "[No Variations]"
Add component (AddParameter): Name = "LatestRevisionNote"; Value = "Re-released for DXP Platform."; VariantName = "[No Variations]"
Add component (AddParameter): Name = "Publisher"; Value = "Altium Limited"; VariantName = "[No Variations]"
Added Component: Designator=J1_M9(HDR2X20)
Add component (AddParameter): Name = "LatestRevisionDate"; Value = "17-Jul-2002"; VariantName = "[No Variations]"
Add component (AddParameter): Name = "LatestRevisionNote"; Value = "Re-released for DXP Platform."; VariantName = "[No Variations]"
Add component (AddParameter): Name = "Publisher"; Value = "Altium Limited"; VariantName = "[No Variations]"
Added Pin To Net: NetName=VCC Pin=J1_M0-1
Added Pin To Net: NetName=VCC Pin=J1_M0-2
Added Pin To Net: NetName=VCC Pin=J1_M0-3
Added Pin To Net: NetName=VCC Pin=J1_M0-4
Added Pin To Net: NetName=BUS_0 Pin=J1_M0-5
Added Pin To Net: NetName=ADDR_0 Pin=J1_M0-6
Added Pin To Net: NetName=BUS_1 Pin=J1_M0-7
Added Pin To Net: NetName=ADDR_1 Pin=J1_M0-8
Added Pin To Net: NetName=BUS_2 Pin=J1_M0-9
Added Pin To Net: NetName=ADDR_2 Pin=J1_M0-10
Added Pin To Net: NetName=BUS_3 Pin=J1_M0-11
Added Pin To Net: NetName=ADDR_3 Pin=J1_M0-12
Added Pin To Net: NetName=BUS_4 Pin=J1_M0-13
Added Pin To Net: NetName=ADDR_4 Pin=J1_M0-14
Added Pin To Net: NetName=BUS_5 Pin=J1_M0-15
Added Pin To Net: NetName=ADDR_5 Pin=J1_M0-16
Added Pin To Net: NetName=BUS_6 Pin=J1_M0-17
Added Pin To Net: NetName=ADDR_6 Pin=J1_M0-18
Added Pin To Net: NetName=BUS_7 Pin=J1_M0-19
Added Pin To Net: NetName=ADDR_7 Pin=J1_M0-20
Added Pin To Net: NetName=ADDR_8 Pin=J1_M0-22
Added Pin To Net: NetName=ADDR_9 Pin=J1_M0-24
Added Pin To Net: NetName=CLK Pin=J1_M0-25
Added Pin To Net: NetName=ADDR_10 Pin=J1_M0-26
Added Pin To Net: NetName=MO Pin=J1_M0-27
Added Pin To Net: NetName=ADDR_11 Pin=J1_M0-28
Added Pin To Net: NetName=LOAD_M1 Pin=J1_M0-29
Added Pin To Net: NetName=ADDR_12 Pin=J1_M0-30
Added Pin To Net: NetName=RST Pin=J1_M0-31
Added Pin To Net: NetName=ADDR_13 Pin=J1_M0-32
Added Pin To Net: NetName=CLK Pin=J1_M0-33
Added Pin To Net: NetName=ADDR_14 Pin=J1_M0-34
Added Pin To Net: NetName=ADDR_15 Pin=J1_M0-36
Added Pin To Net: NetName=GND Pin=J1_M0-37
Added Pin To Net: NetName=GND Pin=J1_M0-38
Added Pin To Net: NetName=GND Pin=J1_M0-39
Added Pin To Net: NetName=GND Pin=J1_M0-40
Added Pin To Net: NetName=VCC Pin=J1_M8-1
Added Pin To Net: NetName=VCC Pin=J1_M8-2
Added Pin To Net: NetName=VCC Pin=J1_M8-3
Added Pin To Net: NetName=VCC Pin=J1_M8-4
Added Pin To Net: NetName=BUS_0 Pin=J1_M8-5
Added Pin To Net: NetName=ADDR_0 Pin=J1_M8-6
Added Pin To Net: NetName=BUS_1 Pin=J1_M8-7
Added Pin To Net: NetName=ADDR_1 Pin=J1_M8-8
Added Pin To Net: NetName=BUS_2 Pin=J1_M8-9
Added Pin To Net: NetName=ADDR_2 Pin=J1_M8-10
Added Pin To Net: NetName=BUS_3 Pin=J1_M8-11
Added Pin To Net: NetName=ADDR_3 Pin=J1_M8-12
Added Pin To Net: NetName=BUS_4 Pin=J1_M8-13
Added Pin To Net: NetName=ADDR_4 Pin=J1_M8-14
Added Pin To Net: NetName=BUS_5 Pin=J1_M8-15
Added Pin To Net: NetName=ADDR_5 Pin=J1_M8-16
Added Pin To Net: NetName=BUS_6 Pin=J1_M8-17
Added Pin To Net: NetName=ADDR_6 Pin=J1_M8-18
Added Pin To Net: NetName=BUS_7 Pin=J1_M8-19
Added Pin To Net: NetName=ADDR_7 Pin=J1_M8-20
Added Pin To Net: NetName=ADDR_8 Pin=J1_M8-22
Added Pin To Net: NetName=ADDR_9 Pin=J1_M8-24
Added Pin To Net: NetName=CLK Pin=J1_M8-25
Added Pin To Net: NetName=ADDR_10 Pin=J1_M8-26
Added Pin To Net: NetName=MO Pin=J1_M8-27
Added Pin To Net: NetName=ADDR_11 Pin=J1_M8-28
Added Pin To Net: NetName=LOAD_M1 Pin=J1_M8-29
Added Pin To Net: NetName=ADDR_12 Pin=J1_M8-30
Added Pin To Net: NetName=RST Pin=J1_M8-31
Added Pin To Net: NetName=ADDR_13 Pin=J1_M8-32
Added Pin To Net: NetName=CLK Pin=J1_M8-33
Added Pin To Net: NetName=ADDR_14 Pin=J1_M8-34
Added Pin To Net: NetName=EN_M8 Pin=J1_M8-35
Added Pin To Net: NetName=ADDR_15 Pin=J1_M8-36
Added Pin To Net: NetName=GND Pin=J1_M8-37
Added Pin To Net: NetName=GND Pin=J1_M8-38
Added Pin To Net: NetName=GND Pin=J1_M8-39
Added Pin To Net: NetName=GND Pin=J1_M8-40
Added Pin To Net: NetName=VCC Pin=J1_M9-1
Added Pin To Net: NetName=VCC Pin=J1_M9-2
Added Pin To Net: NetName=VCC Pin=J1_M9-3
Added Pin To Net: NetName=VCC Pin=J1_M9-4
Added Pin To Net: NetName=BUS_0 Pin=J1_M9-5
Added Pin To Net: NetName=ADDR_0 Pin=J1_M9-6
Added Pin To Net: NetName=BUS_1 Pin=J1_M9-7
Added Pin To Net: NetName=ADDR_1 Pin=J1_M9-8
Added Pin To Net: NetName=BUS_2 Pin=J1_M9-9
Added Pin To Net: NetName=ADDR_2 Pin=J1_M9-10
Added Pin To Net: NetName=BUS_3 Pin=J1_M9-11
Added Pin To Net: NetName=ADDR_3 Pin=J1_M9-12
Added Pin To Net: NetName=BUS_4 Pin=J1_M9-13
Added Pin To Net: NetName=ADDR_4 Pin=J1_M9-14
Added Pin To Net: NetName=BUS_5 Pin=J1_M9-15
Added Pin To Net: NetName=ADDR_5 Pin=J1_M9-16
Added Pin To Net: NetName=BUS_6 Pin=J1_M9-17
Added Pin To Net: NetName=ADDR_6 Pin=J1_M9-18
Added Pin To Net: NetName=BUS_7 Pin=J1_M9-19
Added Pin To Net: NetName=ADDR_7 Pin=J1_M9-20
Added Pin To Net: NetName=ADDR_8 Pin=J1_M9-22
Added Pin To Net: NetName=ADDR_9 Pin=J1_M9-24
Added Pin To Net: NetName=CLK Pin=J1_M9-25
Added Pin To Net: NetName=ADDR_10 Pin=J1_M9-26
Added Pin To Net: NetName=MO Pin=J1_M9-27
Added Pin To Net: NetName=ADDR_11 Pin=J1_M9-28
Added Pin To Net: NetName=LOAD_M1 Pin=J1_M9-29
Added Pin To Net: NetName=ADDR_12 Pin=J1_M9-30
Added Pin To Net: NetName=RST Pin=J1_M9-31
Added Pin To Net: NetName=ADDR_13 Pin=J1_M9-32
Added Pin To Net: NetName=CLK Pin=J1_M9-33
Added Pin To Net: NetName=ADDR_14 Pin=J1_M9-34
Added Pin To Net: NetName=EN_M9 Pin=J1_M9-35
Added Pin To Net: NetName=ADDR_15 Pin=J1_M9-36
Added Pin To Net: NetName=GND Pin=J1_M9-37
Added Pin To Net: NetName=GND Pin=J1_M9-38
Added Pin To Net: NetName=GND Pin=J1_M9-39
Added Pin To Net: NetName=GND Pin=J1_M9-40
Change Net Name : Old Net Name=LOAD_M1 New Net Name=LOAD_M0
Added Pin To Net: NetName=EN_M0 Pin=J1_M0-35
Added Net: Name=EN_M0
Added Class: Name=M0
Added Member To Class: ClassName=M8 Member=Component J1_M8 (J1) Header 20X2
Added Member To Class: ClassName=M9 Member=Component J1_M9 (J1) Header 20X2
Change Room Name: Old Name=M12 New Name=M0
Change Room Scope: Old Scope=InComponentClass('M12') New Scope=InComponentClass('M0')
