Removed Pin From Net: NetName=CLK Pin=J1_M0-33
Removed Pin From Net: NetName=CLK Pin=J1_M1-33
Removed Pin From Net: NetName=CLK Pin=J1_M2-33
Removed Pin From Net: NetName=CLK Pin=J1_M3-33
Removed Pin From Net: NetName=CLK Pin=J1_M4-33
Removed Pin From Net: NetName=CLK Pin=J1_M5-33
Removed Pin From Net: NetName=CLK Pin=J1_M6-33
Removed Pin From Net: NetName=CLK Pin=J1_M7-33
Removed Pin From Net: NetName=CLK Pin=J1_M8-33
Removed Pin From Net: NetName=CLK Pin=J1_M9-33
Removed Pin From Net: NetName=CLK Pin=J1_M10-33
Removed Pin From Net: NetName=CLK Pin=J1_M11-33
Added Component: Designator=J1(HDR1X20)
Add component (AddParameter): Name = "LatestRevisionDate"; Value = "17-Jul-2002"; VariantName = "[No Variations]"
Add component (AddParameter): Name = "LatestRevisionNote"; Value = "Re-released for DXP Platform."; VariantName = "[No Variations]"
Add component (AddParameter): Name = "Publisher"; Value = "Altium Limited"; VariantName = "[No Variations]"
Added Pin To Net: NetName=VCC Pin=J1-1
Added Pin To Net: NetName=VCC Pin=J1-2
Added Pin To Net: NetName=GND Pin=J1-3
Added Pin To Net: NetName=GND Pin=J1-4
Added Pin To Net: NetName=BUS_0 Pin=J1-5
Added Pin To Net: NetName=BUS_1 Pin=J1-6
Added Pin To Net: NetName=BUS_2 Pin=J1-7
Added Pin To Net: NetName=BUS_3 Pin=J1-8
Added Pin To Net: NetName=BUS_4 Pin=J1-9
Added Pin To Net: NetName=BUS_5 Pin=J1-10
Added Pin To Net: NetName=BUS_6 Pin=J1-11
Added Pin To Net: NetName=BUS_7 Pin=J1-12
Added Pin To Net: NetName=RST Pin=J1-14
Added Pin To Net: NetName=CLK Pin=J1-20
Added Pin To Net: NetName=CE Pin=J1-15
Added Net: Name=CE
Added Pin To Net: NetName=CLR Pin=J1-19
Added Net: Name=CLR
Added Pin To Net: NetName=J\ Pin=J1-18
Added Net: Name=J\
Added Pin To Net: NetName=LSB_MSB Pin=J1-16
Added Pin To Net: NetName=LSB_MSB Pin=J1_M0-33
Added Pin To Net: NetName=LSB_MSB Pin=J1_M1-33
Added Pin To Net: NetName=LSB_MSB Pin=J1_M2-33
Added Pin To Net: NetName=LSB_MSB Pin=J1_M3-33
Added Pin To Net: NetName=LSB_MSB Pin=J1_M4-33
Added Pin To Net: NetName=LSB_MSB Pin=J1_M5-33
Added Pin To Net: NetName=LSB_MSB Pin=J1_M6-33
Added Pin To Net: NetName=LSB_MSB Pin=J1_M7-33
Added Pin To Net: NetName=LSB_MSB Pin=J1_M8-33
Added Pin To Net: NetName=LSB_MSB Pin=J1_M9-33
Added Pin To Net: NetName=LSB_MSB Pin=J1_M10-33
Added Pin To Net: NetName=LSB_MSB Pin=J1_M11-33
Added Net: Name=LSB_MSB
Added Pin To Net: NetName=O\U\T\ Pin=J1-17
Added Net: Name=O\U\T\
Added Class: Name=PC
