Removed Pin From Net: NetName=VCC Pin=J1_ALU5-1
Removed Pin From Net: NetName=GND Pin=J1_ALU5-2
Removed Pin From Net: NetName=A\D\D\_\O\U\T\_ALU1 Pin=J1_ALU5-3
Removed Pin From Net: NetName=SUB_ALU1 Pin=J1_ALU5-4
Removed Pin From Net: NetName=A\N\D\_\O\U\T\_ALU1 Pin=J1_ALU5-5
Removed Pin From Net: NetName=O\R\_\O\U\T\_ALU1 Pin=J1_ALU5-6
Removed Pin From Net: NetName=X\O\R\_\O\U\T\_ALU1 Pin=J1_ALU5-7
Removed Pin From Net: NetName=S\H\I\F\T\_\O\U\T\_ALU1 Pin=J1_ALU5-8
Removed Pin From Net: NetName=A_0 Pin=J1_ALU5-9
Removed Pin From Net: NetName=A_1 Pin=J1_ALU5-10
Removed Pin From Net: NetName=A_2 Pin=J1_ALU5-11
Removed Pin From Net: NetName=A_3 Pin=J1_ALU5-12
Removed Pin From Net: NetName=A_4 Pin=J1_ALU5-13
Removed Pin From Net: NetName=A_5 Pin=J1_ALU5-14
Removed Pin From Net: NetName=A_6 Pin=J1_ALU5-15
Removed Pin From Net: NetName=A_7 Pin=J1_ALU5-16
Removed Pin From Net: NetName=A_8 Pin=J1_ALU5-17
Removed Pin From Net: NetName=A_9 Pin=J1_ALU5-18
Removed Pin From Net: NetName=A_10 Pin=J1_ALU5-19
Removed Pin From Net: NetName=A_11 Pin=J1_ALU5-20
Removed Pin From Net: NetName=A_12 Pin=J1_ALU5-21
Removed Pin From Net: NetName=A_13 Pin=J1_ALU5-22
Removed Pin From Net: NetName=A_14 Pin=J1_ALU5-23
Removed Pin From Net: NetName=A_15 Pin=J1_ALU5-24
Removed Pin From Net: NetName=VCC Pin=J2_ALU5-1
Removed Pin From Net: NetName=GND Pin=J2_ALU5-2
Removed Pin From Net: NetName=LEFT_ALU1 Pin=J2_ALU5-3
Removed Pin From Net: NetName=RIGHT_ALU1 Pin=J2_ALU5-4
Removed Pin From Net: NetName=O\N\E\S\_\O\U\T\_ALU1 Pin=J2_ALU5-5
Removed Pin From Net: NetName=B_0_ALU1 Pin=J2_ALU5-9
Removed Pin From Net: NetName=B_1_ALU1 Pin=J2_ALU5-10
Removed Pin From Net: NetName=B_2_ALU1 Pin=J2_ALU5-11
Removed Pin From Net: NetName=B_3_ALU1 Pin=J2_ALU5-12
Removed Pin From Net: NetName=B_4_ALU1 Pin=J2_ALU5-13
Removed Pin From Net: NetName=B_5_ALU1 Pin=J2_ALU5-14
Removed Pin From Net: NetName=B_6_ALU1 Pin=J2_ALU5-15
Removed Pin From Net: NetName=B_7_ALU1 Pin=J2_ALU5-16
Removed Pin From Net: NetName=B_8_ALU1 Pin=J2_ALU5-17
Removed Pin From Net: NetName=B_9_ALU1 Pin=J2_ALU5-18
Removed Pin From Net: NetName=B_10_ALU1 Pin=J2_ALU5-19
Removed Pin From Net: NetName=B_11_ALU1 Pin=J2_ALU5-20
Removed Pin From Net: NetName=B_12_ALU1 Pin=J2_ALU5-21
Removed Pin From Net: NetName=B_13_ALU1 Pin=J2_ALU5-22
Removed Pin From Net: NetName=B_14_ALU1 Pin=J2_ALU5-23
Removed Pin From Net: NetName=B_15_ALU1 Pin=J2_ALU5-24
Removed Pin From Net: NetName=VCC Pin=J3_ALU5-1
Removed Pin From Net: NetName=GND Pin=J3_ALU5-2
Removed Pin From Net: NetName=CO_ALU1 Pin=J3_ALU5-3
Removed Pin From Net: NetName=Z\F\_ALU1 Pin=J3_ALU5-4
Removed Pin From Net: NetName=ALU_15_ALU1 Pin=J3_ALU5-9
Removed Pin From Net: NetName=ALU_14_ALU1 Pin=J3_ALU5-10
Removed Pin From Net: NetName=ALU_13_ALU1 Pin=J3_ALU5-11
Removed Pin From Net: NetName=ALU_12_ALU1 Pin=J3_ALU5-12
Removed Pin From Net: NetName=ALU_11_ALU1 Pin=J3_ALU5-13
Removed Pin From Net: NetName=ALU_10_ALU1 Pin=J3_ALU5-14
Removed Pin From Net: NetName=ALU_9_ALU1 Pin=J3_ALU5-15
Removed Pin From Net: NetName=ALU_8_ALU1 Pin=J3_ALU5-16
Removed Pin From Net: NetName=ALU_7_ALU1 Pin=J3_ALU5-17
Removed Pin From Net: NetName=ALU_6_ALU1 Pin=J3_ALU5-18
Removed Pin From Net: NetName=ALU_5_ALU1 Pin=J3_ALU5-19
Removed Pin From Net: NetName=ALU_4_ALU1 Pin=J3_ALU5-20
Removed Pin From Net: NetName=ALU_3_ALU1 Pin=J3_ALU5-21
Removed Pin From Net: NetName=ALU_2_ALU1 Pin=J3_ALU5-22
Removed Pin From Net: NetName=ALU_1_ALU1 Pin=J3_ALU5-23
Removed Pin From Net: NetName=ALU_0_ALU1 Pin=J3_ALU5-24
Removed Member From Class: ClassName=A_[15..0] Member=A\N\D\_\O\U\T\_ALU1
Added Member To Class: ClassName=A_[15..0] Member=Element[13]: A_
Added Member To Class: ClassName=A_[15..0] Member=Element[12]: A_
Added Member To Class: ClassName=A_[15..0] Member=Element[8]: A_
Added Member To Class: ClassName=A_[15..0] Member=Element[3]: A_
Added Member To Class: ClassName=A_[15..0] Member=Element[1]: A_
Added Member To Class: ClassName=A_[15..0] Member=Element[0]: A_
