Added Component: Designator=J1(HDR2X24)
Add component (AddParameter): Name = "LatestRevisionDate"; Value = "17-Jul-2002"; VariantName = "[No Variations]"
Add component (AddParameter): Name = "LatestRevisionNote"; Value = "Re-released for DXP Platform."; VariantName = "[No Variations]"
Add component (AddParameter): Name = "Publisher"; Value = "Altium Limited"; VariantName = "[No Variations]"
Added Pin To Net: NetName=VCC Pin=J1-1
Added Pin To Net: NetName=VCC Pin=J1-2
Added Pin To Net: NetName=GND Pin=J1-3
Added Pin To Net: NetName=GND Pin=J1-4
Added Pin To Net: NetName=A\I\ Pin=J1-14
Added Net: Name=A\I\
Added Pin To Net: NetName=A\O\ Pin=J1-16
Added Net: Name=A\O\
Added Pin To Net: NetName=B\I\ Pin=J1-18
Added Net: Name=B\I\
Added Pin To Net: NetName=C\E\ Pin=J1-10
Added Net: Name=C\E\
Added Pin To Net: NetName=CO Pin=J1-21
Added Net: Name=CO
Added Pin To Net: NetName=F\I\ Pin=J1-20
Added Net: Name=F\I\
Added Pin To Net: NetName=HT Pin=J1-40
Added Net: Name=HT
Added Pin To Net: NetName=I\I\ Pin=J1-12
Added Net: Name=I\I\
Added Pin To Net: NetName=INST_0 Pin=J1-5
Added Net: Name=INST_0
Added Pin To Net: NetName=INST_1 Pin=J1-7
Added Net: Name=INST_1
Added Pin To Net: NetName=INST_2 Pin=J1-9
Added Net: Name=INST_2
Added Pin To Net: NetName=INST_3 Pin=J1-11
Added Net: Name=INST_3
Added Pin To Net: NetName=INST_4 Pin=J1-13
Added Net: Name=INST_4
Added Pin To Net: NetName=INST_5 Pin=J1-15
Added Net: Name=INST_5
Added Pin To Net: NetName=INST_6 Pin=J1-17
Added Net: Name=INST_6
Added Pin To Net: NetName=INST_7 Pin=J1-19
Added Net: Name=INST_7
Added Pin To Net: NetName=LM Pin=J1-36
Added Net: Name=LM
Added Pin To Net: NetName=M0 Pin=J1-22
Added Net: Name=M0
Added Pin To Net: NetName=M1 Pin=J1-24
Added Net: Name=M1
Added Pin To Net: NetName=M2 Pin=J1-26
Added Net: Name=M2
Added Pin To Net: NetName=M3 Pin=J1-28
Added Net: Name=M3
Added Pin To Net: NetName=M\A\ Pin=J1-30
Added Net: Name=M\A\
Added Pin To Net: NetName=M\O\ Pin=J1-34
Added Net: Name=M\O\
Added Pin To Net: NetName=MI Pin=J1-32
Added Net: Name=MI
Added Pin To Net: NetName=P\I\ Pin=J1-8
Added Net: Name=P\I\
Added Pin To Net: NetName=P\O\ Pin=J1-6
Added Net: Name=P\O\
Added Pin To Net: NetName=RFU18 Pin=J1-42
Added Net: Name=RFU18
Added Pin To Net: NetName=RFU19 Pin=J1-44
Added Net: Name=RFU19
Added Pin To Net: NetName=RFU20 Pin=J1-46
Added Net: Name=RFU20
Added Pin To Net: NetName=RFU21 Pin=J1-48
Added Net: Name=RFU21
Added Pin To Net: NetName=RFU22 Pin=J1-45
Added Net: Name=RFU22
Added Pin To Net: NetName=RU Pin=J1-47
Added Net: Name=RU
Added Pin To Net: NetName=T\O\ Pin=J1-38
Added Net: Name=T\O\
Added Pin To Net: NetName=ZF Pin=J1-23
Added Net: Name=ZF
Added Class: Name=CTRL
