Removed Pin From Net: NetName=A_0 Pin=J1-6
Removed Pin From Net: NetName=A_1 Pin=J1-8
Removed Pin From Net: NetName=A_2 Pin=J1-10
Removed Pin From Net: NetName=A_3 Pin=J1-12
Removed Pin From Net: NetName=A_4 Pin=J1-14
Removed Pin From Net: NetName=A_5 Pin=J1-16
Removed Pin From Net: NetName=A_6 Pin=J1-18
Removed Pin From Net: NetName=A_7 Pin=J1-20
Removed Pin From Net: NetName=A_8 Pin=J1-22
Removed Pin From Net: NetName=A_9 Pin=J1-24
Removed Pin From Net: NetName=A_10 Pin=J1-26
Removed Pin From Net: NetName=A_11 Pin=J1-28
Removed Pin From Net: NetName=A_12 Pin=J1-30
Removed Pin From Net: NetName=A_13 Pin=J1-32
Removed Pin From Net: NetName=A_14 Pin=J1-34
Removed Pin From Net: NetName=A_15 Pin=J1-36
Added Pin To Net: NetName=A_15 Pin=J1-6
Added Pin To Net: NetName=A_14 Pin=J1-8
Added Pin To Net: NetName=A_13 Pin=J1-10
Added Pin To Net: NetName=A_12 Pin=J1-12
Added Pin To Net: NetName=A_11 Pin=J1-14
Added Pin To Net: NetName=A_10 Pin=J1-16
Added Pin To Net: NetName=A_9 Pin=J1-18
Added Pin To Net: NetName=A_8 Pin=J1-20
Added Pin To Net: NetName=A_7 Pin=J1-22
Added Pin To Net: NetName=A_6 Pin=J1-24
Added Pin To Net: NetName=A_5 Pin=J1-26
Added Pin To Net: NetName=A_4 Pin=J1-28
Added Pin To Net: NetName=A_3 Pin=J1-30
Added Pin To Net: NetName=A_2 Pin=J1-32
Added Pin To Net: NetName=A_1 Pin=J1-34
Added Pin To Net: NetName=A_0 Pin=J1-36
Change Net Name : Old Net Name=A_0 New Net Name=A_15
Change Net Name : Old Net Name=A_1 New Net Name=A_14
Change Net Name : Old Net Name=A_2 New Net Name=A_13
Change Net Name : Old Net Name=A_3 New Net Name=A_12
Change Net Name : Old Net Name=A_4 New Net Name=A_11
Change Net Name : Old Net Name=A_5 New Net Name=A_10
Change Net Name : Old Net Name=A_6 New Net Name=A_9
Change Net Name : Old Net Name=A_7 New Net Name=A_8
Change Net Name : Old Net Name=A_8 New Net Name=A_7
Change Net Name : Old Net Name=A_9 New Net Name=A_6
Change Net Name : Old Net Name=A_10 New Net Name=A_5
Change Net Name : Old Net Name=A_11 New Net Name=A_4
Change Net Name : Old Net Name=A_12 New Net Name=A_3
Change Net Name : Old Net Name=A_13 New Net Name=A_2
Change Net Name : Old Net Name=A_14 New Net Name=A_1
Change Net Name : Old Net Name=A_15 New Net Name=A_0
Change Net Name : Old Net Name=B_0_ALU1 New Net Name=B_15_ALU1
Change Net Name : Old Net Name=B_1_ALU1 New Net Name=B_14_ALU1
Change Net Name : Old Net Name=B_2_ALU1 New Net Name=B_13_ALU1
Change Net Name : Old Net Name=B_3_ALU1 New Net Name=B_12_ALU1
Change Net Name : Old Net Name=B_4_ALU1 New Net Name=B_11_ALU1
Change Net Name : Old Net Name=B_5_ALU1 New Net Name=B_10_ALU1
Change Net Name : Old Net Name=B_6_ALU1 New Net Name=B_9_ALU1
Change Net Name : Old Net Name=B_7_ALU1 New Net Name=B_8_ALU1
Change Net Name : Old Net Name=B_8_ALU1 New Net Name=B_7_ALU1
Change Net Name : Old Net Name=B_9_ALU1 New Net Name=B_6_ALU1
Change Net Name : Old Net Name=B_10_ALU1 New Net Name=B_5_ALU1
Change Net Name : Old Net Name=B_11_ALU1 New Net Name=B_4_ALU1
Change Net Name : Old Net Name=B_12_ALU1 New Net Name=B_3_ALU1
Change Net Name : Old Net Name=B_13_ALU1 New Net Name=B_2_ALU1
Change Net Name : Old Net Name=B_14_ALU1 New Net Name=B_1_ALU1
Change Net Name : Old Net Name=B_15_ALU1 New Net Name=B_0_ALU1
Added Member To Class: ClassName=ALU1 Member=Component J1_ALU1 (J1) Header 24
Added Member To Class: ClassName=ALU2 Member=Component J1_ALU2 (J1) Header 24
Added Member To Class: ClassName=ALU3 Member=Component J1_ALU3 (J1) Header 24
Added Member To Class: ClassName=ALU4 Member=Component J2_ALU4 (J2) Header 24
Added Member To Class: ClassName=ALU5 Member=Component J3_ALU5 (J3) Header 24
