Remove Pin=J1-5 From Net=BUS_
Remove Pin=J1-6 From Net=ADDR_
Remove Pin=J1-7 From Net=BUS_
Remove Pin=J1-8 From Net=ADDR_
Remove Pin=J1-9 From Net=BUS_
Remove Pin=J1-10 From Net=ADDR_
Remove Pin=J1-11 From Net=BUS_
Remove Pin=J1-12 From Net=ADDR_
Remove Pin=J1-13 From Net=BUS_
Remove Pin=J1-14 From Net=ADDR_
Remove Pin=J1-15 From Net=BUS_
Remove Pin=J1-16 From Net=ADDR_
Remove Pin=J1-17 From Net=BUS_
Remove Pin=J1-18 From Net=ADDR_
Remove Pin=J1-19 From Net=BUS_
Remove Pin=J1-20 From Net=ADDR_
Remove Pin=J1-22 From Net=ADDR_
Remove Pin=J1-24 From Net=ADDR_
Remove Pin=J1-25 From Net=LSB_MSB
Remove Pin=J1-26 From Net=ADDR_
Remove Pin=J1-27 From Net=O\U\T\
Remove Pin=J1-28 From Net=ADDR_
Remove Pin=J1-29 From Net=LOAD
Remove Pin=J1-30 From Net=ADDR_
Remove Pin=J1-31 From Net=RST
Remove Pin=J1-32 From Net=ADDR_
Remove Pin=J1-33 From Net=CLK
Remove Pin=J1-34 From Net=ADDR_
Remove Pin=J1-35 From Net=EN
Remove Pin=J1-36 From Net=ADDR_
