Removed Pin From Net: NetName=VCC Pin=U33-1
Removed Pin From Net: NetName=GND Pin=U33-10
Removed Pin From Net: NetName=OUT_7 Pin=U33-11
Removed Pin From Net: NetName=OUT_6 Pin=U33-12
Removed Pin From Net: NetName=OUT_5 Pin=U33-13
Removed Pin From Net: NetName=OUT_4 Pin=U33-14
Removed Pin From Net: NetName=OUT_3 Pin=U33-15
Removed Pin From Net: NetName=OUT_2 Pin=U33-16
Removed Pin From Net: NetName=OUT_1 Pin=U33-17
Removed Pin From Net: NetName=OUT_0 Pin=U33-18
Removed Pin From Net: NetName=A\N\D\_\O\U\T\ Pin=U33-19
Removed Pin From Net: NetName=VCC Pin=U33-20
Removed Pin From Net: NetName=VCC Pin=U34-1
Removed Pin From Net: NetName=GND Pin=U34-10
Removed Pin From Net: NetName=OUT_15 Pin=U34-11
Removed Pin From Net: NetName=OUT_14 Pin=U34-12
Removed Pin From Net: NetName=OUT_13 Pin=U34-13
Removed Pin From Net: NetName=OUT_12 Pin=U34-14
Removed Pin From Net: NetName=OUT_11 Pin=U34-15
Removed Pin From Net: NetName=OUT_10 Pin=U34-16
Removed Pin From Net: NetName=OUT_9 Pin=U34-17
Removed Pin From Net: NetName=OUT_8 Pin=U34-18
Removed Pin From Net: NetName=A\N\D\_\O\U\T\ Pin=U34-19
Removed Pin From Net: NetName=VCC Pin=U34-20
Removed Pin From Net: NetName=A_0 Pin=U35-1
Removed Pin From Net: NetName=B_0 Pin=U35-2
Removed Pin From Net: NetName=A_1 Pin=U35-4
Removed Pin From Net: NetName=B_1 Pin=U35-5
Removed Pin From Net: NetName=GND Pin=U35-7
Removed Pin From Net: NetName=A_2 Pin=U35-9
Removed Pin From Net: NetName=B_2 Pin=U35-10
Removed Pin From Net: NetName=A_3 Pin=U35-12
Removed Pin From Net: NetName=B_3 Pin=U35-13
Removed Pin From Net: NetName=VCC Pin=U35-14
Removed Pin From Net: NetName=A_4 Pin=U36-1
Removed Pin From Net: NetName=B_4 Pin=U36-2
Removed Pin From Net: NetName=A_5 Pin=U36-4
Removed Pin From Net: NetName=B_5 Pin=U36-5
Removed Pin From Net: NetName=GND Pin=U36-7
Removed Pin From Net: NetName=A_6 Pin=U36-9
Removed Pin From Net: NetName=B_6 Pin=U36-10
Removed Pin From Net: NetName=A_7 Pin=U36-12
Removed Pin From Net: NetName=B_7 Pin=U36-13
Removed Pin From Net: NetName=VCC Pin=U36-14
Removed Pin From Net: NetName=A_8 Pin=U37-1
Removed Pin From Net: NetName=B_8 Pin=U37-2
Removed Pin From Net: NetName=A_9 Pin=U37-4
Removed Pin From Net: NetName=B_9 Pin=U37-5
Removed Pin From Net: NetName=GND Pin=U37-7
Removed Pin From Net: NetName=A_10 Pin=U37-9
Removed Pin From Net: NetName=B_10 Pin=U37-10
Removed Pin From Net: NetName=A_11 Pin=U37-12
Removed Pin From Net: NetName=B_11 Pin=U37-13
Removed Pin From Net: NetName=VCC Pin=U37-14
Removed Pin From Net: NetName=A_12 Pin=U38-1
Removed Pin From Net: NetName=B_12 Pin=U38-2
Removed Pin From Net: NetName=A_13 Pin=U38-4
Removed Pin From Net: NetName=B_13 Pin=U38-5
Removed Pin From Net: NetName=GND Pin=U38-7
Removed Pin From Net: NetName=A_14 Pin=U38-9
Removed Pin From Net: NetName=B_14 Pin=U38-10
Removed Pin From Net: NetName=A_15 Pin=U38-12
Removed Pin From Net: NetName=B_15 Pin=U38-13
Removed Pin From Net: NetName=VCC Pin=U38-14
Added Component: Designator=U75(N014)
Add component (AddParameter): Name = "ComponentLink1Description"; Value = "Manufacturer Link"; VariantName = "[No Variations]"
Add component (AddParameter): Name = "ComponentLink1URL"; Value = "http://www.ti.com/"; VariantName = "[No Variations]"
Add component (AddParameter): Name = "ComponentLink2Description"; Value = "Datasheet"; VariantName = "[No Variations]"
Add component (AddParameter): Name = "ComponentLink2URL"; Value = "http://www-s.ti.com/sc/ds/sn54s02.pdf"; VariantName = "[No Variations]"
Add component (AddParameter): Name = "DatasheetVersion"; Value = "Mar-1988"; VariantName = "[No Variations]"
Add component (AddParameter): Name = "LatestRevisionDate"; Value = "04-Mar-2005"; VariantName = "[No Variations]"
Add component (AddParameter): Name = "LatestRevisionNote"; Value = "Stylized 3D Model Added."; VariantName = "[No Variations]"
Add component (AddParameter): Name = "PackageDescription"; Value = "DIP; 14 Leads; Row Spacing 7.62 mm; Pitch 2.54 mm"; VariantName = "[No Variations]"
Add component (AddParameter): Name = "PackageReference"; Value = "N014"; VariantName = "[No Variations]"
Add component (AddParameter): Name = "PackageVersion"; Value = "Oct-1995"; VariantName = "[No Variations]"
Add component (AddParameter): Name = "Published"; Value = "8-Jun-2000"; VariantName = "[No Variations]"
Add component (AddParameter): Name = "Publisher"; Value = "Altium Limited"; VariantName = "[No Variations]"
Added Component: Designator=U76(N014)
Add component (AddParameter): Name = "ComponentLink1Description"; Value = "Manufacturer Link"; VariantName = "[No Variations]"
Add component (AddParameter): Name = "ComponentLink1URL"; Value = "http://www.ti.com/"; VariantName = "[No Variations]"
Add component (AddParameter): Name = "ComponentLink2Description"; Value = "Datasheet"; VariantName = "[No Variations]"
Add component (AddParameter): Name = "ComponentLink2URL"; Value = "http://www-s.ti.com/sc/ds/sn54s02.pdf"; VariantName = "[No Variations]"
Add component (AddParameter): Name = "DatasheetVersion"; Value = "Mar-1988"; VariantName = "[No Variations]"
Add component (AddParameter): Name = "LatestRevisionDate"; Value = "04-Mar-2005"; VariantName = "[No Variations]"
Add component (AddParameter): Name = "LatestRevisionNote"; Value = "Stylized 3D Model Added."; VariantName = "[No Variations]"
Add component (AddParameter): Name = "PackageDescription"; Value = "DIP; 14 Leads; Row Spacing 7.62 mm; Pitch 2.54 mm"; VariantName = "[No Variations]"
Add component (AddParameter): Name = "PackageReference"; Value = "N014"; VariantName = "[No Variations]"
Add component (AddParameter): Name = "PackageVersion"; Value = "Oct-1995"; VariantName = "[No Variations]"
Add component (AddParameter): Name = "Published"; Value = "8-Jun-2000"; VariantName = "[No Variations]"
Add component (AddParameter): Name = "Publisher"; Value = "Altium Limited"; VariantName = "[No Variations]"
Added Component: Designator=U77(N014)
Add component (AddParameter): Name = "ComponentLink1Description"; Value = "Manufacturer Link"; VariantName = "[No Variations]"
Add component (AddParameter): Name = "ComponentLink1URL"; Value = "http://www.ti.com/"; VariantName = "[No Variations]"
Add component (AddParameter): Name = "ComponentLink2Description"; Value = "Datasheet"; VariantName = "[No Variations]"
Add component (AddParameter): Name = "ComponentLink2URL"; Value = "http://www-s.ti.com/sc/ds/sn74s30.pdf"; VariantName = "[No Variations]"
Add component (AddParameter): Name = "DatasheetVersion"; Value = "Mar-1988"; VariantName = "[No Variations]"
Add component (AddParameter): Name = "LatestRevisionDate"; Value = "04-Mar-2005"; VariantName = "[No Variations]"
Add component (AddParameter): Name = "LatestRevisionNote"; Value = "Stylized 3D Model Added."; VariantName = "[No Variations]"
Add component (AddParameter): Name = "Note"; Value = "Pins 9, 10  and 13 are NC & not drawn."; VariantName = "[No Variations]"
Add component (AddParameter): Name = "PackageDescription"; Value = "DIP; 14 Leads; Row Spacing 7.62 mm; Pitch 2.54 mm"; VariantName = "[No Variations]"
Add component (AddParameter): Name = "PackageReference"; Value = "N014"; VariantName = "[No Variations]"
Add component (AddParameter): Name = "PackageVersion"; Value = "Oct-1995"; VariantName = "[No Variations]"
Add component (AddParameter): Name = "Published"; Value = "8-Jun-2000"; VariantName = "[No Variations]"
Add component (AddParameter): Name = "Publisher"; Value = "Altium Limited"; VariantName = "[No Variations]"
Added Pin To Net: NetName=OUT_0 Pin=U75-2
Added Pin To Net: NetName=OUT_1 Pin=U75-3
Added Pin To Net: NetName=OUT_2 Pin=U75-5
Added Pin To Net: NetName=OUT_3 Pin=U75-6
Added Pin To Net: NetName=GND Pin=U75-7
Added Pin To Net: NetName=OUT_4 Pin=U75-8
Added Pin To Net: NetName=OUT_5 Pin=U75-9
Added Pin To Net: NetName=OUT_6 Pin=U75-11
Added Pin To Net: NetName=OUT_7 Pin=U75-12
Added Pin To Net: NetName=VCC Pin=U75-14
Added Pin To Net: NetName=OUT_8 Pin=U76-2
Added Pin To Net: NetName=OUT_9 Pin=U76-3
Added Pin To Net: NetName=OUT_10 Pin=U76-5
Added Pin To Net: NetName=OUT_11 Pin=U76-6
Added Pin To Net: NetName=GND Pin=U76-7
Added Pin To Net: NetName=OUT_12 Pin=U76-8
Added Pin To Net: NetName=OUT_13 Pin=U76-9
Added Pin To Net: NetName=OUT_14 Pin=U76-11
Added Pin To Net: NetName=OUT_15 Pin=U76-12
Added Pin To Net: NetName=VCC Pin=U76-14
Added Pin To Net: NetName=GND Pin=U77-7
Added Pin To Net: NetName=Z\F\ Pin=U77-8
Added Pin To Net: NetName=VCC Pin=U77-14
Added Pin To Net: NetName=NetU75_1 Pin=U75-1
Added Pin To Net: NetName=NetU75_1 Pin=U77-1
Added Net: Name=NetU75_1
Added Pin To Net: NetName=NetU75_4 Pin=U75-4
Added Pin To Net: NetName=NetU75_4 Pin=U77-2
Added Net: Name=NetU75_4
Added Pin To Net: NetName=NetU75_10 Pin=U75-10
Added Pin To Net: NetName=NetU75_10 Pin=U77-3
Added Net: Name=NetU75_10
Added Pin To Net: NetName=NetU75_13 Pin=U75-13
Added Pin To Net: NetName=NetU75_13 Pin=U77-4
Added Net: Name=NetU75_13
Added Pin To Net: NetName=NetU76_1 Pin=U76-1
Added Pin To Net: NetName=NetU76_1 Pin=U77-5
Added Net: Name=NetU76_1
Added Pin To Net: NetName=NetU76_4 Pin=U76-4
Added Pin To Net: NetName=NetU76_4 Pin=U77-6
Added Net: Name=NetU76_4
Added Pin To Net: NetName=NetU76_10 Pin=U76-10
Added Pin To Net: NetName=NetU76_10 Pin=U77-11
Added Net: Name=NetU76_10
Added Pin To Net: NetName=NetU76_13 Pin=U76-13
Added Pin To Net: NetName=NetU76_13 Pin=U77-12
Added Net: Name=NetU76_13
Added Class: Name=ALU_ZF
