Removed Pin From Net: NetName=CO Pin=U26-8
Added Component: Designator=U25(N014)
Add component (AddParameter): Name = "ComponentLink1Description"; Value = "Manufacturer Link"; VariantName = "[No Variations]"
Add component (AddParameter): Name = "ComponentLink1URL"; Value = "http://www.ti.com/"; VariantName = "[No Variations]"
Add component (AddParameter): Name = "ComponentLink2Description"; Value = "Datasheet"; VariantName = "[No Variations]"
Add component (AddParameter): Name = "ComponentLink2URL"; Value = "http://www-s.ti.com/sc/ds/sn74ls04.pdf"; VariantName = "[No Variations]"
Add component (AddParameter): Name = "DatasheetVersion"; Value = "Mar-1988"; VariantName = "[No Variations]"
Add component (AddParameter): Name = "LatestRevisionDate"; Value = "04-Mar-2005"; VariantName = "[No Variations]"
Add component (AddParameter): Name = "LatestRevisionNote"; Value = "Stylized 3D Model Added."; VariantName = "[No Variations]"
Add component (AddParameter): Name = "PackageDescription"; Value = "DIP; 14 Leads; Row Spacing 7.62 mm; Pitch 2.54 mm"; VariantName = "[No Variations]"
Add component (AddParameter): Name = "PackageReference"; Value = "N014"; VariantName = "[No Variations]"
Add component (AddParameter): Name = "PackageVersion"; Value = "Oct-1995"; VariantName = "[No Variations]"
Add component (AddParameter): Name = "Published"; Value = "8-Jun-2000"; VariantName = "[No Variations]"
Add component (AddParameter): Name = "Publisher"; Value = "Altium Limited"; VariantName = "[No Variations]"
Added Component: Designator=U78(N016D)
Add component (AddParameter): Name = "Code_JEDEC"; Value = "MS-001-BB"; VariantName = "[No Variations]"
Add component (AddParameter): Name = "ComponentLink1Description"; Value = "Manufacturer Link"; VariantName = "[No Variations]"
Add component (AddParameter): Name = "ComponentLink1URL"; Value = "http://www.ti.com/"; VariantName = "[No Variations]"
Add component (AddParameter): Name = "ComponentLink2Description"; Value = "Datasheet"; VariantName = "[No Variations]"
Add component (AddParameter): Name = "ComponentLink2URL"; Value = "http://www-s.ti.com/sc/ds/sn74ls173a.pdf"; VariantName = "[No Variations]"
Add component (AddParameter): Name = "DatasheetVersion"; Value = "Mar-1988"; VariantName = "[No Variations]"
Add component (AddParameter): Name = "LatestRevisionDate"; Value = "04-Mar-2005"; VariantName = "[No Variations]"
Add component (AddParameter): Name = "LatestRevisionNote"; Value = "Stylized 3D Model Added."; VariantName = "[No Variations]"
Add component (AddParameter): Name = "PackageDescription"; Value = "DIP; 16 Leads; Row Spacing 7.62 mm; Pitch 2.54 mm"; VariantName = "[No Variations]"
Add component (AddParameter): Name = "PackageReference"; Value = "N016D"; VariantName = "[No Variations]"
Add component (AddParameter): Name = "PackageVersion"; Value = "Oct-1995"; VariantName = "[No Variations]"
Add component (AddParameter): Name = "Published"; Value = "8-Jun-2000"; VariantName = "[No Variations]"
Add component (AddParameter): Name = "Publisher"; Value = "Altium Limited"; VariantName = "[No Variations]"
Added Component: Designator=U79(N016D)
Add component (AddParameter): Name = "Code_JEDEC"; Value = "MS-001-BB"; VariantName = "[No Variations]"
Add component (AddParameter): Name = "ComponentLink1Description"; Value = "Manufacturer Link"; VariantName = "[No Variations]"
Add component (AddParameter): Name = "ComponentLink1URL"; Value = "http://www.ti.com/"; VariantName = "[No Variations]"
Add component (AddParameter): Name = "ComponentLink2Description"; Value = "Datasheet"; VariantName = "[No Variations]"
Add component (AddParameter): Name = "ComponentLink2URL"; Value = "http://www-s.ti.com/sc/ds/sn74ls173a.pdf"; VariantName = "[No Variations]"
Add component (AddParameter): Name = "DatasheetVersion"; Value = "Mar-1988"; VariantName = "[No Variations]"
Add component (AddParameter): Name = "LatestRevisionDate"; Value = "04-Mar-2005"; VariantName = "[No Variations]"
Add component (AddParameter): Name = "LatestRevisionNote"; Value = "Stylized 3D Model Added."; VariantName = "[No Variations]"
Add component (AddParameter): Name = "PackageDescription"; Value = "DIP; 16 Leads; Row Spacing 7.62 mm; Pitch 2.54 mm"; VariantName = "[No Variations]"
Add component (AddParameter): Name = "PackageReference"; Value = "N016D"; VariantName = "[No Variations]"
Add component (AddParameter): Name = "PackageVersion"; Value = "Oct-1995"; VariantName = "[No Variations]"
Add component (AddParameter): Name = "Published"; Value = "8-Jun-2000"; VariantName = "[No Variations]"
Add component (AddParameter): Name = "Publisher"; Value = "Altium Limited"; VariantName = "[No Variations]"
Added Component: Designator=U80(N016D)
Add component (AddParameter): Name = "Code_JEDEC"; Value = "MS-001-BB"; VariantName = "[No Variations]"
Add component (AddParameter): Name = "ComponentLink1Description"; Value = "Manufacturer Link"; VariantName = "[No Variations]"
Add component (AddParameter): Name = "ComponentLink1URL"; Value = "http://www.ti.com/"; VariantName = "[No Variations]"
Add component (AddParameter): Name = "ComponentLink2Description"; Value = "Datasheet"; VariantName = "[No Variations]"
Add component (AddParameter): Name = "ComponentLink2URL"; Value = "http://www-s.ti.com/sc/ds/sn74ls173a.pdf"; VariantName = "[No Variations]"
Add component (AddParameter): Name = "DatasheetVersion"; Value = "Mar-1988"; VariantName = "[No Variations]"
Add component (AddParameter): Name = "LatestRevisionDate"; Value = "04-Mar-2005"; VariantName = "[No Variations]"
Add component (AddParameter): Name = "LatestRevisionNote"; Value = "Stylized 3D Model Added."; VariantName = "[No Variations]"
Add component (AddParameter): Name = "PackageDescription"; Value = "DIP; 16 Leads; Row Spacing 7.62 mm; Pitch 2.54 mm"; VariantName = "[No Variations]"
Add component (AddParameter): Name = "PackageReference"; Value = "N016D"; VariantName = "[No Variations]"
Add component (AddParameter): Name = "PackageVersion"; Value = "Oct-1995"; VariantName = "[No Variations]"
Add component (AddParameter): Name = "Published"; Value = "8-Jun-2000"; VariantName = "[No Variations]"
Add component (AddParameter): Name = "Publisher"; Value = "Altium Limited"; VariantName = "[No Variations]"
Added Component: Designator=U81_OUT_0(N014)
Add component (AddParameter): Name = "ComponentLink1Description"; Value = "Manufacturer Link"; VariantName = "[No Variations]"
Add component (AddParameter): Name = "ComponentLink1URL"; Value = "http://www.ti.com/"; VariantName = "[No Variations]"
Add component (AddParameter): Name = "ComponentLink2Description"; Value = "Datasheet"; VariantName = "[No Variations]"
Add component (AddParameter): Name = "ComponentLink2URL"; Value = "http://www-s.ti.com/sc/ds/sn74ls00.pdf"; VariantName = "[No Variations]"
Add component (AddParameter): Name = "DatasheetVersion"; Value = "Mar-1988"; VariantName = "[No Variations]"
Add component (AddParameter): Name = "LatestRevisionDate"; Value = "04-Mar-2005"; VariantName = "[No Variations]"
Add component (AddParameter): Name = "LatestRevisionNote"; Value = "Stylized 3D Model Added."; VariantName = "[No Variations]"
Add component (AddParameter): Name = "PackageDescription"; Value = "DIP; 14 Leads; Row Spacing 7.62 mm; Pitch 2.54 mm"; VariantName = "[No Variations]"
Add component (AddParameter): Name = "PackageReference"; Value = "N014"; VariantName = "[No Variations]"
Add component (AddParameter): Name = "PackageVersion"; Value = "Oct-1995"; VariantName = "[No Variations]"
Add component (AddParameter): Name = "Published"; Value = "8-Jun-2000"; VariantName = "[No Variations]"
Add component (AddParameter): Name = "Publisher"; Value = "Altium Limited"; VariantName = "[No Variations]"
Added Component: Designator=U81_OUT_1(N014)
Add component (AddParameter): Name = "ComponentLink1Description"; Value = "Manufacturer Link"; VariantName = "[No Variations]"
Add component (AddParameter): Name = "ComponentLink1URL"; Value = "http://www.ti.com/"; VariantName = "[No Variations]"
Add component (AddParameter): Name = "ComponentLink2Description"; Value = "Datasheet"; VariantName = "[No Variations]"
Add component (AddParameter): Name = "ComponentLink2URL"; Value = "http://www-s.ti.com/sc/ds/sn74ls00.pdf"; VariantName = "[No Variations]"
Add component (AddParameter): Name = "DatasheetVersion"; Value = "Mar-1988"; VariantName = "[No Variations]"
Add component (AddParameter): Name = "LatestRevisionDate"; Value = "04-Mar-2005"; VariantName = "[No Variations]"
Add component (AddParameter): Name = "LatestRevisionNote"; Value = "Stylized 3D Model Added."; VariantName = "[No Variations]"
Add component (AddParameter): Name = "PackageDescription"; Value = "DIP; 14 Leads; Row Spacing 7.62 mm; Pitch 2.54 mm"; VariantName = "[No Variations]"
Add component (AddParameter): Name = "PackageReference"; Value = "N014"; VariantName = "[No Variations]"
Add component (AddParameter): Name = "PackageVersion"; Value = "Oct-1995"; VariantName = "[No Variations]"
Add component (AddParameter): Name = "Published"; Value = "8-Jun-2000"; VariantName = "[No Variations]"
Add component (AddParameter): Name = "Publisher"; Value = "Altium Limited"; VariantName = "[No Variations]"
Added Component: Designator=U82_OUT_0(N020)
Add component (AddParameter): Name = "ComponentLink1Description"; Value = "Manufacturer Link"; VariantName = "[No Variations]"
Add component (AddParameter): Name = "ComponentLink1URL"; Value = "http://www.ti.com/"; VariantName = "[No Variations]"
Add component (AddParameter): Name = "ComponentLink2Description"; Value = "Datasheet"; VariantName = "[No Variations]"
Add component (AddParameter): Name = "ComponentLink2URL"; Value = "http://www-s.ti.com/sc/ds/sn74ls245.pdf"; VariantName = "[No Variations]"
Add component (AddParameter): Name = "DatasheetVersion"; Value = "Mar-1988"; VariantName = "[No Variations]"
Add component (AddParameter): Name = "LatestRevisionDate"; Value = "04-Mar-2005"; VariantName = "[No Variations]"
Add component (AddParameter): Name = "LatestRevisionNote"; Value = "Stylized 3D Model Added."; VariantName = "[No Variations]"
Add component (AddParameter): Name = "PackageDescription"; Value = "DIP; 20 Leads; Row Spacing 7.62 mm; Pitch 2.54 mm"; VariantName = "[No Variations]"
Add component (AddParameter): Name = "PackageReference"; Value = "N020"; VariantName = "[No Variations]"
Add component (AddParameter): Name = "PackageVersion"; Value = "Oct-1995"; VariantName = "[No Variations]"
Add component (AddParameter): Name = "Published"; Value = "8-Jun-2000"; VariantName = "[No Variations]"
Add component (AddParameter): Name = "Publisher"; Value = "Altium Limited"; VariantName = "[No Variations]"
Added Component: Designator=U82_OUT_1(N020)
Add component (AddParameter): Name = "ComponentLink1Description"; Value = "Manufacturer Link"; VariantName = "[No Variations]"
Add component (AddParameter): Name = "ComponentLink1URL"; Value = "http://www.ti.com/"; VariantName = "[No Variations]"
Add component (AddParameter): Name = "ComponentLink2Description"; Value = "Datasheet"; VariantName = "[No Variations]"
Add component (AddParameter): Name = "ComponentLink2URL"; Value = "http://www-s.ti.com/sc/ds/sn74ls245.pdf"; VariantName = "[No Variations]"
Add component (AddParameter): Name = "DatasheetVersion"; Value = "Mar-1988"; VariantName = "[No Variations]"
Add component (AddParameter): Name = "LatestRevisionDate"; Value = "04-Mar-2005"; VariantName = "[No Variations]"
Add component (AddParameter): Name = "LatestRevisionNote"; Value = "Stylized 3D Model Added."; VariantName = "[No Variations]"
Add component (AddParameter): Name = "PackageDescription"; Value = "DIP; 20 Leads; Row Spacing 7.62 mm; Pitch 2.54 mm"; VariantName = "[No Variations]"
Add component (AddParameter): Name = "PackageReference"; Value = "N020"; VariantName = "[No Variations]"
Add component (AddParameter): Name = "PackageVersion"; Value = "Oct-1995"; VariantName = "[No Variations]"
Add component (AddParameter): Name = "Published"; Value = "8-Jun-2000"; VariantName = "[No Variations]"
Add component (AddParameter): Name = "Publisher"; Value = "Altium Limited"; VariantName = "[No Variations]"
Added Component: Designator=U83_OUT_0(N016D)
Add component (AddParameter): Name = "Code_JEDEC"; Value = "MS-001-BB"; VariantName = "[No Variations]"
Add component (AddParameter): Name = "ComponentLink1Description"; Value = "Manufacturer Link"; VariantName = "[No Variations]"
Add component (AddParameter): Name = "ComponentLink1URL"; Value = "http://www.ti.com/"; VariantName = "[No Variations]"
Add component (AddParameter): Name = "ComponentLink2Description"; Value = "Datasheet"; VariantName = "[No Variations]"
Add component (AddParameter): Name = "ComponentLink2URL"; Value = "http://www-s.ti.com/sc/ds/sn74ls173a.pdf"; VariantName = "[No Variations]"
Add component (AddParameter): Name = "DatasheetVersion"; Value = "Mar-1988"; VariantName = "[No Variations]"
Add component (AddParameter): Name = "LatestRevisionDate"; Value = "04-Mar-2005"; VariantName = "[No Variations]"
Add component (AddParameter): Name = "LatestRevisionNote"; Value = "Stylized 3D Model Added."; VariantName = "[No Variations]"
Add component (AddParameter): Name = "PackageDescription"; Value = "DIP; 16 Leads; Row Spacing 7.62 mm; Pitch 2.54 mm"; VariantName = "[No Variations]"
Add component (AddParameter): Name = "PackageReference"; Value = "N016D"; VariantName = "[No Variations]"
Add component (AddParameter): Name = "PackageVersion"; Value = "Oct-1995"; VariantName = "[No Variations]"
Add component (AddParameter): Name = "Published"; Value = "8-Jun-2000"; VariantName = "[No Variations]"
Add component (AddParameter): Name = "Publisher"; Value = "Altium Limited"; VariantName = "[No Variations]"
Added Component: Designator=U83_OUT_1(N016D)
Add component (AddParameter): Name = "Code_JEDEC"; Value = "MS-001-BB"; VariantName = "[No Variations]"
Add component (AddParameter): Name = "ComponentLink1Description"; Value = "Manufacturer Link"; VariantName = "[No Variations]"
Add component (AddParameter): Name = "ComponentLink1URL"; Value = "http://www.ti.com/"; VariantName = "[No Variations]"
Add component (AddParameter): Name = "ComponentLink2Description"; Value = "Datasheet"; VariantName = "[No Variations]"
Add component (AddParameter): Name = "ComponentLink2URL"; Value = "http://www-s.ti.com/sc/ds/sn74ls173a.pdf"; VariantName = "[No Variations]"
Add component (AddParameter): Name = "DatasheetVersion"; Value = "Mar-1988"; VariantName = "[No Variations]"
Add component (AddParameter): Name = "LatestRevisionDate"; Value = "04-Mar-2005"; VariantName = "[No Variations]"
Add component (AddParameter): Name = "LatestRevisionNote"; Value = "Stylized 3D Model Added."; VariantName = "[No Variations]"
Add component (AddParameter): Name = "PackageDescription"; Value = "DIP; 16 Leads; Row Spacing 7.62 mm; Pitch 2.54 mm"; VariantName = "[No Variations]"
Add component (AddParameter): Name = "PackageReference"; Value = "N016D"; VariantName = "[No Variations]"
Add component (AddParameter): Name = "PackageVersion"; Value = "Oct-1995"; VariantName = "[No Variations]"
Add component (AddParameter): Name = "Published"; Value = "8-Jun-2000"; VariantName = "[No Variations]"
Add component (AddParameter): Name = "Publisher"; Value = "Altium Limited"; VariantName = "[No Variations]"
Added Component: Designator=U84_OUT_0(N016D)
Add component (AddParameter): Name = "Code_JEDEC"; Value = "MS-001-BB"; VariantName = "[No Variations]"
Add component (AddParameter): Name = "ComponentLink1Description"; Value = "Manufacturer Link"; VariantName = "[No Variations]"
Add component (AddParameter): Name = "ComponentLink1URL"; Value = "http://www.ti.com/"; VariantName = "[No Variations]"
Add component (AddParameter): Name = "ComponentLink2Description"; Value = "Datasheet"; VariantName = "[No Variations]"
Add component (AddParameter): Name = "ComponentLink2URL"; Value = "http://www-s.ti.com/sc/ds/sn74ls173a.pdf"; VariantName = "[No Variations]"
Add component (AddParameter): Name = "DatasheetVersion"; Value = "Mar-1988"; VariantName = "[No Variations]"
Add component (AddParameter): Name = "LatestRevisionDate"; Value = "04-Mar-2005"; VariantName = "[No Variations]"
Add component (AddParameter): Name = "LatestRevisionNote"; Value = "Stylized 3D Model Added."; VariantName = "[No Variations]"
Add component (AddParameter): Name = "PackageDescription"; Value = "DIP; 16 Leads; Row Spacing 7.62 mm; Pitch 2.54 mm"; VariantName = "[No Variations]"
Add component (AddParameter): Name = "PackageReference"; Value = "N016D"; VariantName = "[No Variations]"
Add component (AddParameter): Name = "PackageVersion"; Value = "Oct-1995"; VariantName = "[No Variations]"
Add component (AddParameter): Name = "Published"; Value = "8-Jun-2000"; VariantName = "[No Variations]"
Add component (AddParameter): Name = "Publisher"; Value = "Altium Limited"; VariantName = "[No Variations]"
Added Component: Designator=U84_OUT_1(N016D)
Add component (AddParameter): Name = "Code_JEDEC"; Value = "MS-001-BB"; VariantName = "[No Variations]"
Add component (AddParameter): Name = "ComponentLink1Description"; Value = "Manufacturer Link"; VariantName = "[No Variations]"
Add component (AddParameter): Name = "ComponentLink1URL"; Value = "http://www.ti.com/"; VariantName = "[No Variations]"
Add component (AddParameter): Name = "ComponentLink2Description"; Value = "Datasheet"; VariantName = "[No Variations]"
Add component (AddParameter): Name = "ComponentLink2URL"; Value = "http://www-s.ti.com/sc/ds/sn74ls173a.pdf"; VariantName = "[No Variations]"
Add component (AddParameter): Name = "DatasheetVersion"; Value = "Mar-1988"; VariantName = "[No Variations]"
Add component (AddParameter): Name = "LatestRevisionDate"; Value = "04-Mar-2005"; VariantName = "[No Variations]"
Add component (AddParameter): Name = "LatestRevisionNote"; Value = "Stylized 3D Model Added."; VariantName = "[No Variations]"
Add component (AddParameter): Name = "PackageDescription"; Value = "DIP; 16 Leads; Row Spacing 7.62 mm; Pitch 2.54 mm"; VariantName = "[No Variations]"
Add component (AddParameter): Name = "PackageReference"; Value = "N016D"; VariantName = "[No Variations]"
Add component (AddParameter): Name = "PackageVersion"; Value = "Oct-1995"; VariantName = "[No Variations]"
Add component (AddParameter): Name = "Published"; Value = "8-Jun-2000"; VariantName = "[No Variations]"
Add component (AddParameter): Name = "Publisher"; Value = "Altium Limited"; VariantName = "[No Variations]"
Added Component: Designator=U85(N020)
Add component (AddParameter): Name = "ComponentLink1Description"; Value = "Manufacturer Link"; VariantName = "[No Variations]"
Add component (AddParameter): Name = "ComponentLink1URL"; Value = "http://www.ti.com/"; VariantName = "[No Variations]"
Add component (AddParameter): Name = "ComponentLink2Description"; Value = "Datasheet"; VariantName = "[No Variations]"
Add component (AddParameter): Name = "ComponentLink2URL"; Value = "http://www-s.ti.com/sc/ds/sn74ls245.pdf"; VariantName = "[No Variations]"
Add component (AddParameter): Name = "DatasheetVersion"; Value = "Mar-1988"; VariantName = "[No Variations]"
Add component (AddParameter): Name = "LatestRevisionDate"; Value = "04-Mar-2005"; VariantName = "[No Variations]"
Add component (AddParameter): Name = "LatestRevisionNote"; Value = "Stylized 3D Model Added."; VariantName = "[No Variations]"
Add component (AddParameter): Name = "PackageDescription"; Value = "DIP; 20 Leads; Row Spacing 7.62 mm; Pitch 2.54 mm"; VariantName = "[No Variations]"
Add component (AddParameter): Name = "PackageReference"; Value = "N020"; VariantName = "[No Variations]"
Add component (AddParameter): Name = "PackageVersion"; Value = "Oct-1995"; VariantName = "[No Variations]"
Add component (AddParameter): Name = "Published"; Value = "8-Jun-2000"; VariantName = "[No Variations]"
Add component (AddParameter): Name = "Publisher"; Value = "Altium Limited"; VariantName = "[No Variations]"
Added Component: Designator=U86(N020)
Add component (AddParameter): Name = "ComponentLink1Description"; Value = "Manufacturer Link"; VariantName = "[No Variations]"
Add component (AddParameter): Name = "ComponentLink1URL"; Value = "http://www.ti.com/"; VariantName = "[No Variations]"
Add component (AddParameter): Name = "ComponentLink2Description"; Value = "Datasheet"; VariantName = "[No Variations]"
Add component (AddParameter): Name = "ComponentLink2URL"; Value = "http://www-s.ti.com/sc/ds/sn74ls245.pdf"; VariantName = "[No Variations]"
Add component (AddParameter): Name = "DatasheetVersion"; Value = "Mar-1988"; VariantName = "[No Variations]"
Add component (AddParameter): Name = "LatestRevisionDate"; Value = "04-Mar-2005"; VariantName = "[No Variations]"
Add component (AddParameter): Name = "LatestRevisionNote"; Value = "Stylized 3D Model Added."; VariantName = "[No Variations]"
Add component (AddParameter): Name = "PackageDescription"; Value = "DIP; 20 Leads; Row Spacing 7.62 mm; Pitch 2.54 mm"; VariantName = "[No Variations]"
Add component (AddParameter): Name = "PackageReference"; Value = "N020"; VariantName = "[No Variations]"
Add component (AddParameter): Name = "PackageVersion"; Value = "Oct-1995"; VariantName = "[No Variations]"
Add component (AddParameter): Name = "Published"; Value = "8-Jun-2000"; VariantName = "[No Variations]"
Add component (AddParameter): Name = "Publisher"; Value = "Altium Limited"; VariantName = "[No Variations]"
Added Component: Designator=U87(N016)
Add component (AddParameter): Name = "Code_JEDEC"; Value = "MS-001-BB"; VariantName = "[No Variations]"
Add component (AddParameter): Name = "ComponentLink1Description"; Value = "Manufacturer Link"; VariantName = "[No Variations]"
Add component (AddParameter): Name = "ComponentLink1URL"; Value = "http://www.ti.com/"; VariantName = "[No Variations]"
Add component (AddParameter): Name = "ComponentLink2Description"; Value = "Datasheet"; VariantName = "[No Variations]"
Add component (AddParameter): Name = "ComponentLink2URL"; Value = "http://www-s.ti.com/sc/ds/sn74ls161a.pdf"; VariantName = "[No Variations]"
Add component (AddParameter): Name = "ComponentLink3Description"; Value = "URL Link1"; VariantName = "[No Variations]"
Add component (AddParameter): Name = "ComponentLink3URL"; Value = "http://focus.ti.com/docs/prod/folders/print/sn74ls161a.html"; VariantName = "[No Variations]"
Add component (AddParameter): Name = "DatasheetVersion"; Value = "Mar-1988"; VariantName = "[No Variations]"
Add component (AddParameter): Name = "LatestRevisionDate"; Value = "04-Mar-2005"; VariantName = "[No Variations]"
Add component (AddParameter): Name = "LatestRevisionNote"; Value = "Stylized 3D Model Added."; VariantName = "[No Variations]"
Add component (AddParameter): Name = "PackageDescription"; Value = "DIP; 16 Leads; Row Spacing 7.62 mm; Pitch 2.54 mm"; VariantName = "[No Variations]"
Add component (AddParameter): Name = "PackageReference"; Value = "N016"; VariantName = "[No Variations]"
Add component (AddParameter): Name = "PackageVersion"; Value = "Oct-1995"; VariantName = "[No Variations]"
Add component (AddParameter): Name = "Published"; Value = "8-Jun-2000"; VariantName = "[No Variations]"
Add component (AddParameter): Name = "Publisher"; Value = "Altium Limited"; VariantName = "[No Variations]"
Added Component: Designator=U88(N016)
Add component (AddParameter): Name = "Code_JEDEC"; Value = "MS-001-BB"; VariantName = "[No Variations]"
Add component (AddParameter): Name = "ComponentLink1Description"; Value = "Manufacturer Link"; VariantName = "[No Variations]"
Add component (AddParameter): Name = "ComponentLink1URL"; Value = "http://www.ti.com/"; VariantName = "[No Variations]"
Add component (AddParameter): Name = "ComponentLink2Description"; Value = "Datasheet"; VariantName = "[No Variations]"
Add component (AddParameter): Name = "ComponentLink2URL"; Value = "http://www-s.ti.com/sc/ds/sn74ls161a.pdf"; VariantName = "[No Variations]"
Add component (AddParameter): Name = "ComponentLink3Description"; Value = "URL Link1"; VariantName = "[No Variations]"
Add component (AddParameter): Name = "ComponentLink3URL"; Value = "http://focus.ti.com/docs/prod/folders/print/sn74ls161a.html"; VariantName = "[No Variations]"
Add component (AddParameter): Name = "DatasheetVersion"; Value = "Mar-1988"; VariantName = "[No Variations]"
Add component (AddParameter): Name = "LatestRevisionDate"; Value = "04-Mar-2005"; VariantName = "[No Variations]"
Add component (AddParameter): Name = "LatestRevisionNote"; Value = "Stylized 3D Model Added."; VariantName = "[No Variations]"
Add component (AddParameter): Name = "PackageDescription"; Value = "DIP; 16 Leads; Row Spacing 7.62 mm; Pitch 2.54 mm"; VariantName = "[No Variations]"
Add component (AddParameter): Name = "PackageReference"; Value = "N016"; VariantName = "[No Variations]"
Add component (AddParameter): Name = "PackageVersion"; Value = "Oct-1995"; VariantName = "[No Variations]"
Add component (AddParameter): Name = "Published"; Value = "8-Jun-2000"; VariantName = "[No Variations]"
Add component (AddParameter): Name = "Publisher"; Value = "Altium Limited"; VariantName = "[No Variations]"
Added Component: Designator=U89(N016)
Add component (AddParameter): Name = "Code_JEDEC"; Value = "MS-001-BB"; VariantName = "[No Variations]"
Add component (AddParameter): Name = "ComponentLink1Description"; Value = "Manufacturer Link"; VariantName = "[No Variations]"
Add component (AddParameter): Name = "ComponentLink1URL"; Value = "http://www.ti.com/"; VariantName = "[No Variations]"
Add component (AddParameter): Name = "ComponentLink2Description"; Value = "Datasheet"; VariantName = "[No Variations]"
Add component (AddParameter): Name = "ComponentLink2URL"; Value = "http://www-s.ti.com/sc/ds/sn74ls161a.pdf"; VariantName = "[No Variations]"
Add component (AddParameter): Name = "ComponentLink3Description"; Value = "URL Link1"; VariantName = "[No Variations]"
Add component (AddParameter): Name = "ComponentLink3URL"; Value = "http://focus.ti.com/docs/prod/folders/print/sn74ls161a.html"; VariantName = "[No Variations]"
Add component (AddParameter): Name = "DatasheetVersion"; Value = "Mar-1988"; VariantName = "[No Variations]"
Add component (AddParameter): Name = "LatestRevisionDate"; Value = "04-Mar-2005"; VariantName = "[No Variations]"
Add component (AddParameter): Name = "LatestRevisionNote"; Value = "Stylized 3D Model Added."; VariantName = "[No Variations]"
Add component (AddParameter): Name = "PackageDescription"; Value = "DIP; 16 Leads; Row Spacing 7.62 mm; Pitch 2.54 mm"; VariantName = "[No Variations]"
Add component (AddParameter): Name = "PackageReference"; Value = "N016"; VariantName = "[No Variations]"
Add component (AddParameter): Name = "PackageVersion"; Value = "Oct-1995"; VariantName = "[No Variations]"
Add component (AddParameter): Name = "Published"; Value = "8-Jun-2000"; VariantName = "[No Variations]"
Add component (AddParameter): Name = "Publisher"; Value = "Altium Limited"; VariantName = "[No Variations]"
Added Component: Designator=U90(N016)
Add component (AddParameter): Name = "Code_JEDEC"; Value = "MS-001-BB"; VariantName = "[No Variations]"
Add component (AddParameter): Name = "ComponentLink1Description"; Value = "Manufacturer Link"; VariantName = "[No Variations]"
Add component (AddParameter): Name = "ComponentLink1URL"; Value = "http://www.ti.com/"; VariantName = "[No Variations]"
Add component (AddParameter): Name = "ComponentLink2Description"; Value = "Datasheet"; VariantName = "[No Variations]"
Add component (AddParameter): Name = "ComponentLink2URL"; Value = "http://www-s.ti.com/sc/ds/sn74ls161a.pdf"; VariantName = "[No Variations]"
Add component (AddParameter): Name = "ComponentLink3Description"; Value = "URL Link1"; VariantName = "[No Variations]"
Add component (AddParameter): Name = "ComponentLink3URL"; Value = "http://focus.ti.com/docs/prod/folders/print/sn74ls161a.html"; VariantName = "[No Variations]"
Add component (AddParameter): Name = "DatasheetVersion"; Value = "Mar-1988"; VariantName = "[No Variations]"
Add component (AddParameter): Name = "LatestRevisionDate"; Value = "04-Mar-2005"; VariantName = "[No Variations]"
Add component (AddParameter): Name = "LatestRevisionNote"; Value = "Stylized 3D Model Added."; VariantName = "[No Variations]"
Add component (AddParameter): Name = "PackageDescription"; Value = "DIP; 16 Leads; Row Spacing 7.62 mm; Pitch 2.54 mm"; VariantName = "[No Variations]"
Add component (AddParameter): Name = "PackageReference"; Value = "N016"; VariantName = "[No Variations]"
Add component (AddParameter): Name = "PackageVersion"; Value = "Oct-1995"; VariantName = "[No Variations]"
Add component (AddParameter): Name = "Published"; Value = "8-Jun-2000"; VariantName = "[No Variations]"
Add component (AddParameter): Name = "Publisher"; Value = "Altium Limited"; VariantName = "[No Variations]"
Added Component: Designator=U91(N016)
Add component (AddParameter): Name = "Code_JEDEC"; Value = "MS-001-BB"; VariantName = "[No Variations]"
Add component (AddParameter): Name = "ComponentLink1Description"; Value = "Manufacturer Link"; VariantName = "[No Variations]"
Add component (AddParameter): Name = "ComponentLink1URL"; Value = "http://www.ti.com/"; VariantName = "[No Variations]"
Add component (AddParameter): Name = "ComponentLink2Description"; Value = "Datasheet"; VariantName = "[No Variations]"
Add component (AddParameter): Name = "ComponentLink2URL"; Value = "http://www-s.ti.com/sc/ds/sn74ls161a.pdf"; VariantName = "[No Variations]"
Add component (AddParameter): Name = "ComponentLink3Description"; Value = "URL Link1"; VariantName = "[No Variations]"
Add component (AddParameter): Name = "ComponentLink3URL"; Value = "http://focus.ti.com/docs/prod/folders/print/sn74ls161a.html"; VariantName = "[No Variations]"
Add component (AddParameter): Name = "DatasheetVersion"; Value = "Mar-1988"; VariantName = "[No Variations]"
Add component (AddParameter): Name = "LatestRevisionDate"; Value = "04-Mar-2005"; VariantName = "[No Variations]"
Add component (AddParameter): Name = "LatestRevisionNote"; Value = "Stylized 3D Model Added."; VariantName = "[No Variations]"
Add component (AddParameter): Name = "PackageDescription"; Value = "DIP; 16 Leads; Row Spacing 7.62 mm; Pitch 2.54 mm"; VariantName = "[No Variations]"
Add component (AddParameter): Name = "PackageReference"; Value = "N016"; VariantName = "[No Variations]"
Add component (AddParameter): Name = "PackageVersion"; Value = "Oct-1995"; VariantName = "[No Variations]"
Add component (AddParameter): Name = "Published"; Value = "8-Jun-2000"; VariantName = "[No Variations]"
Add component (AddParameter): Name = "Publisher"; Value = "Altium Limited"; VariantName = "[No Variations]"
Added Pin To Net: NetName=GND Pin=U25-7
Added Pin To Net: NetName=VCC Pin=U25-14
Added Pin To Net: NetName=GND Pin=U78-1
Added Pin To Net: NetName=GND Pin=U78-2
Added Pin To Net: NetName=CLK Pin=U78-7
Added Pin To Net: NetName=GND Pin=U78-8
Added Pin To Net: NetName=CLR Pin=U78-15
Added Pin To Net: NetName=VCC Pin=U78-16
Added Pin To Net: NetName=GND Pin=U79-1
Added Pin To Net: NetName=GND Pin=U79-2
Added Pin To Net: NetName=CLK Pin=U79-7
Added Pin To Net: NetName=GND Pin=U79-8
Added Pin To Net: NetName=CLR Pin=U79-15
Added Pin To Net: NetName=VCC Pin=U79-16
Added Pin To Net: NetName=GND Pin=U80-1
Added Pin To Net: NetName=GND Pin=U80-2
Added Pin To Net: NetName=CLK Pin=U80-7
Added Pin To Net: NetName=GND Pin=U80-8
Added Pin To Net: NetName=CLR Pin=U80-15
Added Pin To Net: NetName=VCC Pin=U80-16
Added Pin To Net: NetName=GND Pin=U81_OUT_0-7
Added Pin To Net: NetName=VCC Pin=U81_OUT_0-14
Added Pin To Net: NetName=GND Pin=U81_OUT_1-7
Added Pin To Net: NetName=VCC Pin=U81_OUT_1-14
Added Pin To Net: NetName=VCC Pin=U82_OUT_0-1
Added Pin To Net: NetName=GND Pin=U82_OUT_0-10
Added Pin To Net: NetName=BUS_7 Pin=U82_OUT_0-11
Added Pin To Net: NetName=BUS_6 Pin=U82_OUT_0-12
Added Pin To Net: NetName=BUS_5 Pin=U82_OUT_0-13
Added Pin To Net: NetName=BUS_4 Pin=U82_OUT_0-14
Added Pin To Net: NetName=BUS_3 Pin=U82_OUT_0-15
Added Pin To Net: NetName=BUS_2 Pin=U82_OUT_0-16
Added Pin To Net: NetName=BUS_1 Pin=U82_OUT_0-17
Added Pin To Net: NetName=BUS_0 Pin=U82_OUT_0-18
Added Pin To Net: NetName=VCC Pin=U82_OUT_0-20
Added Pin To Net: NetName=VCC Pin=U82_OUT_1-1
Added Pin To Net: NetName=GND Pin=U82_OUT_1-10
Added Pin To Net: NetName=BUS_7 Pin=U82_OUT_1-11
Added Pin To Net: NetName=BUS_6 Pin=U82_OUT_1-12
Added Pin To Net: NetName=BUS_5 Pin=U82_OUT_1-13
Added Pin To Net: NetName=BUS_4 Pin=U82_OUT_1-14
Added Pin To Net: NetName=BUS_3 Pin=U82_OUT_1-15
Added Pin To Net: NetName=BUS_2 Pin=U82_OUT_1-16
Added Pin To Net: NetName=BUS_1 Pin=U82_OUT_1-17
Added Pin To Net: NetName=BUS_0 Pin=U82_OUT_1-18
Added Pin To Net: NetName=VCC Pin=U82_OUT_1-20
Added Pin To Net: NetName=GND Pin=U83_OUT_0-1
Added Pin To Net: NetName=GND Pin=U83_OUT_0-2
Added Pin To Net: NetName=CLK Pin=U83_OUT_0-7
Added Pin To Net: NetName=GND Pin=U83_OUT_0-8
Added Pin To Net: NetName=BUS_3 Pin=U83_OUT_0-11
Added Pin To Net: NetName=BUS_2 Pin=U83_OUT_0-12
Added Pin To Net: NetName=BUS_1 Pin=U83_OUT_0-13
Added Pin To Net: NetName=BUS_0 Pin=U83_OUT_0-14
Added Pin To Net: NetName=CLR Pin=U83_OUT_0-15
Added Pin To Net: NetName=VCC Pin=U83_OUT_0-16
Added Pin To Net: NetName=GND Pin=U83_OUT_1-1
Added Pin To Net: NetName=GND Pin=U83_OUT_1-2
Added Pin To Net: NetName=CLK Pin=U83_OUT_1-7
Added Pin To Net: NetName=GND Pin=U83_OUT_1-8
Added Pin To Net: NetName=BUS_3 Pin=U83_OUT_1-11
Added Pin To Net: NetName=BUS_2 Pin=U83_OUT_1-12
Added Pin To Net: NetName=BUS_1 Pin=U83_OUT_1-13
Added Pin To Net: NetName=BUS_0 Pin=U83_OUT_1-14
Added Pin To Net: NetName=CLR Pin=U83_OUT_1-15
Added Pin To Net: NetName=VCC Pin=U83_OUT_1-16
Added Pin To Net: NetName=GND Pin=U84_OUT_0-1
Added Pin To Net: NetName=GND Pin=U84_OUT_0-2
Added Pin To Net: NetName=CLK Pin=U84_OUT_0-7
Added Pin To Net: NetName=GND Pin=U84_OUT_0-8
Added Pin To Net: NetName=BUS_7 Pin=U84_OUT_0-11
Added Pin To Net: NetName=BUS_6 Pin=U84_OUT_0-12
Added Pin To Net: NetName=BUS_5 Pin=U84_OUT_0-13
Added Pin To Net: NetName=BUS_4 Pin=U84_OUT_0-14
Added Pin To Net: NetName=CLR Pin=U84_OUT_0-15
Added Pin To Net: NetName=VCC Pin=U84_OUT_0-16
Added Pin To Net: NetName=GND Pin=U84_OUT_1-1
Added Pin To Net: NetName=GND Pin=U84_OUT_1-2
Added Pin To Net: NetName=CLK Pin=U84_OUT_1-7
Added Pin To Net: NetName=GND Pin=U84_OUT_1-8
Added Pin To Net: NetName=BUS_7 Pin=U84_OUT_1-11
Added Pin To Net: NetName=BUS_6 Pin=U84_OUT_1-12
Added Pin To Net: NetName=BUS_5 Pin=U84_OUT_1-13
Added Pin To Net: NetName=BUS_4 Pin=U84_OUT_1-14
Added Pin To Net: NetName=CLR Pin=U84_OUT_1-15
Added Pin To Net: NetName=VCC Pin=U84_OUT_1-16
Added Pin To Net: NetName=VCC Pin=U85-1
Added Pin To Net: NetName=GND Pin=U85-10
Added Pin To Net: NetName=BUS_7 Pin=U85-11
Added Pin To Net: NetName=BUS_6 Pin=U85-12
Added Pin To Net: NetName=BUS_5 Pin=U85-13
Added Pin To Net: NetName=BUS_4 Pin=U85-14
Added Pin To Net: NetName=BUS_3 Pin=U85-15
Added Pin To Net: NetName=BUS_2 Pin=U85-16
Added Pin To Net: NetName=BUS_1 Pin=U85-17
Added Pin To Net: NetName=BUS_0 Pin=U85-18
Added Pin To Net: NetName=VCC Pin=U85-20
Added Pin To Net: NetName=VCC Pin=U86-1
Added Pin To Net: NetName=GND Pin=U86-10
Added Pin To Net: NetName=BUS_15 Pin=U86-11
Added Pin To Net: NetName=BUS_14 Pin=U86-12
Added Pin To Net: NetName=BUS_13 Pin=U86-13
Added Pin To Net: NetName=BUS_12 Pin=U86-14
Added Pin To Net: NetName=BUS_11 Pin=U86-15
Added Pin To Net: NetName=BUS_10 Pin=U86-16
Added Pin To Net: NetName=BUS_9 Pin=U86-17
Added Pin To Net: NetName=BUS_8 Pin=U86-18
Added Pin To Net: NetName=VCC Pin=U86-20
Added Pin To Net: NetName=CLR Pin=U87-1
Added Pin To Net: NetName=GND Pin=U87-3
Added Pin To Net: NetName=GND Pin=U87-4
Added Pin To Net: NetName=GND Pin=U87-5
Added Pin To Net: NetName=GND Pin=U87-6
Added Pin To Net: NetName=VCC Pin=U87-7
Added Pin To Net: NetName=GND Pin=U87-8
Added Pin To Net: NetName=VCC Pin=U87-9
Added Pin To Net: NetName=VCC Pin=U87-10
Added Pin To Net: NetName=VCC Pin=U87-16
Added Pin To Net: NetName=CLR Pin=U88-1
Added Pin To Net: NetName=GND Pin=U88-3
Added Pin To Net: NetName=GND Pin=U88-4
Added Pin To Net: NetName=GND Pin=U88-5
Added Pin To Net: NetName=GND Pin=U88-6
Added Pin To Net: NetName=VCC Pin=U88-7
Added Pin To Net: NetName=GND Pin=U88-8
Added Pin To Net: NetName=VCC Pin=U88-9
Added Pin To Net: NetName=VCC Pin=U88-16
Added Pin To Net: NetName=CLR Pin=U89-1
Added Pin To Net: NetName=GND Pin=U89-3
Added Pin To Net: NetName=GND Pin=U89-4
Added Pin To Net: NetName=GND Pin=U89-5
Added Pin To Net: NetName=GND Pin=U89-6
Added Pin To Net: NetName=VCC Pin=U89-7
Added Pin To Net: NetName=GND Pin=U89-8
Added Pin To Net: NetName=VCC Pin=U89-9
Added Pin To Net: NetName=VCC Pin=U89-16
Added Pin To Net: NetName=CLR Pin=U90-1
Added Pin To Net: NetName=GND Pin=U90-3
Added Pin To Net: NetName=GND Pin=U90-4
Added Pin To Net: NetName=GND Pin=U90-5
Added Pin To Net: NetName=GND Pin=U90-6
Added Pin To Net: NetName=VCC Pin=U90-7
Added Pin To Net: NetName=GND Pin=U90-8
Added Pin To Net: NetName=VCC Pin=U90-9
Added Pin To Net: NetName=VCC Pin=U90-16
Added Pin To Net: NetName=GND Pin=U91-3
Added Pin To Net: NetName=GND Pin=U91-4
Added Pin To Net: NetName=GND Pin=U91-5
Added Pin To Net: NetName=GND Pin=U91-6
Added Pin To Net: NetName=VCC Pin=U91-7
Added Pin To Net: NetName=GND Pin=U91-8
Added Pin To Net: NetName=VCC Pin=U91-9
Added Pin To Net: NetName=VCC Pin=U91-10
Added Pin To Net: NetName=VCC Pin=U91-16
Change Net Name : Old Net Name=CE New Net Name=C\E\
Change Net Name : Old Net Name=L\O\A\D\_REG_A New Net Name=A\I\
Change Net Name : Old Net Name=L\O\A\D\_REG_B New Net Name=B\I\
Change Net Name : Old Net Name=LSB_MSB New Net Name=LM
Added Pin To Net: NetName=A\O\ Pin=U17_REG_A-19
Added Pin To Net: NetName=A\O\ Pin=U18_REG_A-19
Added Net: Name=A\O\
Added Pin To Net: NetName=CO_IM Pin=U26-8
Added Pin To Net: NetName=CO_IM Pin=U78-14
Added Net: Name=CO_IM
Added Pin To Net: NetName=EN_OUT_0 Pin=U72-6
Added Pin To Net: NetName=EN_OUT_0 Pin=U81_OUT_0-4
Added Pin To Net: NetName=EN_OUT_0 Pin=U81_OUT_0-12
Added Net: Name=EN_OUT_0
Added Pin To Net: NetName=EN_OUT_1 Pin=U72-8
Added Pin To Net: NetName=EN_OUT_1 Pin=U81_OUT_1-4
Added Pin To Net: NetName=EN_OUT_1 Pin=U81_OUT_1-12
Added Net: Name=EN_OUT_1
Added Pin To Net: NetName=F\I\ Pin=U78-9
Added Pin To Net: NetName=F\I\ Pin=U78-10
Added Net: Name=F\I\
Added Pin To Net: NetName=I\I\ Pin=U79-9
Added Pin To Net: NetName=I\I\ Pin=U79-10
Added Pin To Net: NetName=I\I\ Pin=U80-9
Added Pin To Net: NetName=I\I\ Pin=U80-10
Added Net: Name=I\I\
Added Pin To Net: NetName=INST_0 Pin=U79-3
Added Net: Name=INST_0
Added Pin To Net: NetName=INST_1 Pin=U79-4
Added Net: Name=INST_1
Added Pin To Net: NetName=INST_2 Pin=U79-5
Added Net: Name=INST_2
Added Pin To Net: NetName=INST_3 Pin=U79-6
Added Net: Name=INST_3
Added Net: Name=INST_4
Added Net: Name=INST_5
Added Pin To Net: NetName=L\O\A\D\_OUT_0 Pin=U12-4
Added Pin To Net: NetName=L\O\A\D\_OUT_0 Pin=U81_OUT_0-1
Added Pin To Net: NetName=L\O\A\D\_OUT_0 Pin=U81_OUT_0-2
Added Pin To Net: NetName=L\O\A\D\_OUT_0 Pin=U81_OUT_1-1
Added Pin To Net: NetName=L\O\A\D\_OUT_0 Pin=U81_OUT_1-2
Added Net: Name=L\O\A\D\_OUT_0
Added Net: Name=M0
Added Net: Name=M1
Added Net: Name=M2
Added Net: Name=M3
Added Pin To Net: NetName=M\O\ Pin=U11-1
Added Pin To Net: NetName=M\O\ Pin=U67-1
Added Pin To Net: NetName=M\O\ Pin=U81_OUT_0-9
Added Pin To Net: NetName=M\O\ Pin=U81_OUT_0-10
Added Pin To Net: NetName=M\O\ Pin=U81_OUT_1-9
Added Pin To Net: NetName=M\O\ Pin=U81_OUT_1-10
Added Net: Name=M\O\
Added Pin To Net: NetName=M\U\L\T\ Pin=U24-15
Added Net: Name=M\U\L\T\
Added Pin To Net: NetName=NetU81_OUT_0_3 Pin=U81_OUT_0-3
Added Pin To Net: NetName=NetU81_OUT_0_3 Pin=U81_OUT_0-5
Added Net: Name=NetU81_OUT_0_3
Added Pin To Net: NetName=NetU81_OUT_0_6 Pin=U81_OUT_0-6
Added Pin To Net: NetName=NetU81_OUT_0_6 Pin=U83_OUT_0-9
Added Pin To Net: NetName=NetU81_OUT_0_6 Pin=U83_OUT_0-10
Added Pin To Net: NetName=NetU81_OUT_0_6 Pin=U84_OUT_0-9
Added Pin To Net: NetName=NetU81_OUT_0_6 Pin=U84_OUT_0-10
Added Net: Name=NetU81_OUT_0_6
Added Pin To Net: NetName=NetU81_OUT_0_8 Pin=U81_OUT_0-8
Added Pin To Net: NetName=NetU81_OUT_0_8 Pin=U81_OUT_0-13
Added Net: Name=NetU81_OUT_0_8
Added Pin To Net: NetName=NetU81_OUT_0_11 Pin=U81_OUT_0-11
Added Pin To Net: NetName=NetU81_OUT_0_11 Pin=U82_OUT_0-19
Added Net: Name=NetU81_OUT_0_11
Added Pin To Net: NetName=NetU81_OUT_1_3 Pin=U81_OUT_1-3
Added Pin To Net: NetName=NetU81_OUT_1_3 Pin=U81_OUT_1-5
Added Net: Name=NetU81_OUT_1_3
Added Pin To Net: NetName=NetU81_OUT_1_6 Pin=U81_OUT_1-6
Added Pin To Net: NetName=NetU81_OUT_1_6 Pin=U83_OUT_1-9
Added Pin To Net: NetName=NetU81_OUT_1_6 Pin=U83_OUT_1-10
Added Pin To Net: NetName=NetU81_OUT_1_6 Pin=U84_OUT_1-9
Added Pin To Net: NetName=NetU81_OUT_1_6 Pin=U84_OUT_1-10
Added Net: Name=NetU81_OUT_1_6
Added Pin To Net: NetName=NetU81_OUT_1_8 Pin=U81_OUT_1-8
Added Pin To Net: NetName=NetU81_OUT_1_8 Pin=U81_OUT_1-13
Added Net: Name=NetU81_OUT_1_8
Added Pin To Net: NetName=NetU81_OUT_1_11 Pin=U81_OUT_1-11
Added Pin To Net: NetName=NetU81_OUT_1_11 Pin=U82_OUT_1-19
Added Net: Name=NetU81_OUT_1_11
Added Pin To Net: NetName=NetU87_15 Pin=U87-15
Added Pin To Net: NetName=NetU87_15 Pin=U88-10
Added Net: Name=NetU87_15
Added Pin To Net: NetName=NetU88_15 Pin=U88-15
Added Pin To Net: NetName=NetU88_15 Pin=U89-10
Added Net: Name=NetU88_15
Added Pin To Net: NetName=NetU89_15 Pin=U89-15
Added Pin To Net: NetName=NetU89_15 Pin=U90-10
Added Net: Name=NetU89_15
Added Pin To Net: NetName=NetU91_2 Pin=U91-2
Added Net: Name=NetU91_2
Added Pin To Net: NetName=REG_0_OUT_0 Pin=U82_OUT_0-2
Added Pin To Net: NetName=REG_0_OUT_0 Pin=U83_OUT_0-3
Added Net: Name=REG_0_OUT_0
Added Pin To Net: NetName=REG_0_OUT_1 Pin=U82_OUT_1-2
Added Pin To Net: NetName=REG_0_OUT_1 Pin=U83_OUT_1-3
Added Net: Name=REG_0_OUT_1
Added Pin To Net: NetName=REG_1_OUT_0 Pin=U82_OUT_0-3
Added Pin To Net: NetName=REG_1_OUT_0 Pin=U83_OUT_0-4
Added Net: Name=REG_1_OUT_0
Added Pin To Net: NetName=REG_1_OUT_1 Pin=U82_OUT_1-3
Added Pin To Net: NetName=REG_1_OUT_1 Pin=U83_OUT_1-4
Added Net: Name=REG_1_OUT_1
Added Pin To Net: NetName=REG_2_OUT_0 Pin=U82_OUT_0-4
Added Pin To Net: NetName=REG_2_OUT_0 Pin=U83_OUT_0-5
Added Net: Name=REG_2_OUT_0
Added Pin To Net: NetName=REG_2_OUT_1 Pin=U82_OUT_1-4
Added Pin To Net: NetName=REG_2_OUT_1 Pin=U83_OUT_1-5
Added Net: Name=REG_2_OUT_1
Added Pin To Net: NetName=REG_3_OUT_0 Pin=U82_OUT_0-5
Added Pin To Net: NetName=REG_3_OUT_0 Pin=U83_OUT_0-6
Added Net: Name=REG_3_OUT_0
Added Pin To Net: NetName=REG_3_OUT_1 Pin=U82_OUT_1-5
Added Pin To Net: NetName=REG_3_OUT_1 Pin=U83_OUT_1-6
Added Net: Name=REG_3_OUT_1
Added Pin To Net: NetName=REG_4_OUT_0 Pin=U82_OUT_0-6
Added Pin To Net: NetName=REG_4_OUT_0 Pin=U84_OUT_0-3
Added Net: Name=REG_4_OUT_0
Added Pin To Net: NetName=REG_4_OUT_1 Pin=U82_OUT_1-6
Added Pin To Net: NetName=REG_4_OUT_1 Pin=U84_OUT_1-3
Added Net: Name=REG_4_OUT_1
Added Pin To Net: NetName=REG_5_OUT_0 Pin=U82_OUT_0-7
Added Pin To Net: NetName=REG_5_OUT_0 Pin=U84_OUT_0-4
Added Net: Name=REG_5_OUT_0
Added Pin To Net: NetName=REG_5_OUT_1 Pin=U82_OUT_1-7
Added Pin To Net: NetName=REG_5_OUT_1 Pin=U84_OUT_1-4
Added Net: Name=REG_5_OUT_1
Added Pin To Net: NetName=REG_6_OUT_0 Pin=U82_OUT_0-8
Added Pin To Net: NetName=REG_6_OUT_0 Pin=U84_OUT_0-5
Added Net: Name=REG_6_OUT_0
Added Pin To Net: NetName=REG_6_OUT_1 Pin=U82_OUT_1-8
Added Pin To Net: NetName=REG_6_OUT_1 Pin=U84_OUT_1-5
Added Net: Name=REG_6_OUT_1
Added Pin To Net: NetName=REG_7_OUT_0 Pin=U82_OUT_0-9
Added Pin To Net: NetName=REG_7_OUT_0 Pin=U84_OUT_0-6
Added Net: Name=REG_7_OUT_0
Added Pin To Net: NetName=REG_7_OUT_1 Pin=U82_OUT_1-9
Added Pin To Net: NetName=REG_7_OUT_1 Pin=U84_OUT_1-6
Added Net: Name=REG_7_OUT_1
Added Net: Name=RU
Added Pin To Net: NetName=UC_0 Pin=U91-14
Added Net: Name=UC_0
Added Pin To Net: NetName=UC_1 Pin=U91-13
Added Net: Name=UC_1
Added Pin To Net: NetName=UC_2 Pin=U91-12
Added Net: Name=UC_2
Added Pin To Net: NetName=UC_3 Pin=U91-11
Added Net: Name=UC_3
Added Pin To Net: NetName=ZF_IM Pin=U25-12
Added Pin To Net: NetName=ZF_IM Pin=U78-13
Added Net: Name=ZF_IM
Added Pin To Net: NetName=ZF Pin=U78-4
Added Net: Name=ZF
Change Class Name : Old Net Name=ADDER New Net Name=ALU_ADDER
Change Class Name : Old Net Name=AND New Net Name=ALU_AND
Change Class Name : Old Net Name=OR New Net Name=ALU_OR
Change Class Name : Old Net Name=SHIFTER New Net Name=ALU_SHIFTER
Change Class Name : Old Net Name=XOR New Net Name=ALU_XOR
Change Class Name : Old Net Name=ZF New Net Name=ALU_ZF
Added Class: Name=CTRL
Added Class: Name=OUT_0
Added Class: Name=OUT_1
Added Class: Name=REG_INST
Added Class: Name=TIMER
Added Class: Name=N000-1_[5..0]
Added Class: Name=N000-2_[15..0]
Added Class: Name=N000-3_[5..0]
Added Class: Name=REG_[7..0]
Added Class: Name=Output_Register
Added Member To Class: ClassName=ALU Member=Component U25 SN74LS04N
Added Member To Class: ClassName=ALU Member=Component U78 SN74LS173AN
Change Room Name: Old Name=ZF New Name=OUT_0
Change Room Scope: Old Scope=InComponentClass('ZF') New Scope=InComponentClass('OUT_0')
Added Room: Name=ALU_ADDER
Added Room: Name=ALU_AND
Added Room: Name=ALU_OR
Added Room: Name=ALU_SHIFTER
Added Room: Name=ALU_XOR
Added Room: Name=ALU_ZF
Added Room: Name=CTRL
Added Room: Name=OUT_1
Added Room: Name=REG_INST
Added Room: Name=TIMER
